[ 2016-05-11T01:56:32+08:00 ] ::1 /rongfei/
INFO: [ app_init ] --START--
INFO: Run Behavior\BuildLiteBehavior [ RunTime:0.000000s ]
INFO: [ app_init ] --END-- [ RunTime:0.000000s ]
INFO: [ app_begin ] --START--
INFO: Run Behavior\ReadHtmlCacheBehavior [ RunTime:0.000000s ]
INFO: [ app_begin ] --END-- [ RunTime:0.000000s ]
SQL: SHOW COLUMNS FROM `lazy_category` [ RunTime:0.0020s ]
SQL: SELECT * FROM `lazy_category` ORDER BY sort asc  [ RunTime:0.0010s ]
SQL: SELECT * FROM `lazy_category` WHERE ( pid = 0 )  [ RunTime:0.0000s ]
NOTIC: [8] Undefined offset: 1 F:\workplace\rongfei\Apps\Home\Controller\IndexController.class.php 第 17 行.
INFO: [ view_parse ] --START--
INFO: [ template_filter ] --START--
INFO: Run Behavior\ContentReplaceBehavior [ RunTime:0.000000s ]
INFO: [ template_filter ] --END-- [ RunTime:0.001000s ]
INFO: Run Behavior\ParseTemplateBehavior [ RunTime:0.008001s ]
INFO: [ view_parse ] --END-- [ RunTime:0.008001s ]
INFO: [ view_filter ] --START--
INFO: Run Behavior\WriteHtmlCacheBehavior [ RunTime:0.001000s ]
INFO: [ view_filter ] --END-- [ RunTime:0.001000s ]
INFO: [ app_end ] --START--
INFO: Run Behavior\ShowPageTraceBehavior [ RunTime:0.000000s ]
INFO: [ app_end ] --END-- [ RunTime:0.000000s ]

[ 2016-05-11T01:56:32+08:00 ] ::1 /rongfei/Home/List/index/type/1.html
INFO: [ app_init ] --START--
INFO: Run Behavior\BuildLiteBehavior [ RunTime:0.000000s ]
INFO: [ app_init ] --END-- [ RunTime:0.000000s ]
INFO: [ app_begin ] --START--
INFO: Run Behavior\ReadHtmlCacheBehavior [ RunTime:0.000000s ]
INFO: [ app_begin ] --END-- [ RunTime:0.000000s ]
SQL: SHOW COLUMNS FROM `lazy_category` [ RunTime:0.0020s ]
SQL: SELECT `cat_id` FROM `lazy_category` WHERE `pid` = 1  [ RunTime:0.0000s ]
SQL: SELECT `cat_id` FROM `lazy_category` WHERE `pid` = 1  [ RunTime:0.0000s ]
NOTIC: [8] Use of undefined constant in - assumed 'in' F:\workplace\rongfei\Apps\Home\Controller\ListController.class.php 第 13 行.
SQL: SHOW COLUMNS FROM `lazy_news` [ RunTime:0.0030s ]
SQL: SELECT * FROM `lazy_news` ORDER BY pubtime desc LIMIT 0,15   [ RunTime:0.0000s ]
SQL: SHOW COLUMNS FROM `lazy_category` [ RunTime:0.0020s ]
SQL: SELECT `name` FROM `lazy_category` WHERE ( 1=1 AND cat_id='30' ) LIMIT 1   [ RunTime:0.0000s ]
SQL: SELECT COUNT(*) AS tp_count FROM `lazy_news` LIMIT 1   [ RunTime:0.0000s ]
INFO: [ view_parse ] --START--
INFO: [ template_filter ] --START--
INFO: Run Behavior\ContentReplaceBehavior [ RunTime:0.000000s ]
INFO: [ template_filter ] --END-- [ RunTime:0.000000s ]
INFO: Run Behavior\ParseTemplateBehavior [ RunTime:0.005000s ]
INFO: [ view_parse ] --END-- [ RunTime:0.005000s ]
INFO: [ view_filter ] --START--
INFO: Run Behavior\WriteHtmlCacheBehavior [ RunTime:0.000000s ]
INFO: [ view_filter ] --END-- [ RunTime:0.001001s ]
INFO: [ app_end ] --START--
INFO: Run Behavior\ShowPageTraceBehavior [ RunTime:0.000000s ]
INFO: [ app_end ] --END-- [ RunTime:0.000000s ]

[ 2016-05-11T01:56:34+08:00 ] ::1 /rongfei/Home/List/index/cat_id/30/type/1.html
INFO: [ app_init ] --START--
INFO: Run Behavior\BuildLiteBehavior [ RunTime:0.000000s ]
INFO: [ app_init ] --END-- [ RunTime:0.001000s ]
INFO: [ app_begin ] --START--
INFO: Run Behavior\ReadHtmlCacheBehavior [ RunTime:0.001000s ]
INFO: [ app_begin ] --END-- [ RunTime:0.001000s ]
SQL: SHOW COLUMNS FROM `lazy_category` [ RunTime:0.0020s ]
SQL: SELECT `cat_id` FROM `lazy_category` WHERE `pid` = 30  [ RunTime:0.0000s ]
SQL: SHOW COLUMNS FROM `lazy_news` [ RunTime:0.0010s ]
SQL: SELECT * FROM `lazy_news` WHERE `cat_id` = 30 ORDER BY pubtime desc LIMIT 0,15   [ RunTime:0.0010s ]
SQL: SHOW COLUMNS FROM `lazy_category` [ RunTime:0.0010s ]
SQL: SELECT `name` FROM `lazy_category` WHERE ( 1=1 AND cat_id='30' ) LIMIT 1   [ RunTime:0.0000s ]
SQL: SELECT COUNT(*) AS tp_count FROM `lazy_news` WHERE `cat_id` = 30 LIMIT 1   [ RunTime:0.0000s ]
INFO: [ view_parse ] --START--
INFO: [ template_filter ] --START--
INFO: Run Behavior\ContentReplaceBehavior [ RunTime:0.000000s ]
INFO: [ template_filter ] --END-- [ RunTime:0.000000s ]
INFO: Run Behavior\ParseTemplateBehavior [ RunTime:0.006001s ]
INFO: [ view_parse ] --END-- [ RunTime:0.006001s ]
INFO: [ view_filter ] --START--
INFO: Run Behavior\WriteHtmlCacheBehavior [ RunTime:0.000000s ]
INFO: [ view_filter ] --END-- [ RunTime:0.000000s ]
INFO: [ app_end ] --START--
INFO: Run Behavior\ShowPageTraceBehavior [ RunTime:0.001000s ]
INFO: [ app_end ] --END-- [ RunTime:0.001000s ]

[ 2016-05-11T01:56:35+08:00 ] ::1 /rongfei/Home/List/index/cat_id/31/type/1.html
INFO: [ app_init ] --START--
INFO: Run Behavior\BuildLiteBehavior [ RunTime:0.000000s ]
INFO: [ app_init ] --END-- [ RunTime:0.001000s ]
INFO: [ app_begin ] --START--
INFO: Run Behavior\ReadHtmlCacheBehavior [ RunTime:0.001000s ]
INFO: [ app_begin ] --END-- [ RunTime:0.001000s ]
SQL: SHOW COLUMNS FROM `lazy_category` [ RunTime:0.0010s ]
SQL: SELECT `cat_id` FROM `lazy_category` WHERE `pid` = 31  [ RunTime:0.0000s ]
SQL: SHOW COLUMNS FROM `lazy_news` [ RunTime:0.0010s ]
SQL: SELECT * FROM `lazy_news` WHERE `cat_id` = 31 ORDER BY pubtime desc LIMIT 0,15   [ RunTime:0.0010s ]
SQL: SELECT COUNT(*) AS tp_count FROM `lazy_news` WHERE `cat_id` = 31 LIMIT 1   [ RunTime:0.0000s ]
INFO: [ view_parse ] --START--
INFO: [ template_filter ] --START--
INFO: Run Behavior\ContentReplaceBehavior [ RunTime:0.000000s ]
INFO: [ template_filter ] --END-- [ RunTime:0.000000s ]
INFO: Run Behavior\ParseTemplateBehavior [ RunTime:0.005000s ]
INFO: [ view_parse ] --END-- [ RunTime:0.005000s ]
INFO: [ view_filter ] --START--
INFO: Run Behavior\WriteHtmlCacheBehavior [ RunTime:0.000000s ]
INFO: [ view_filter ] --END-- [ RunTime:0.000000s ]
INFO: [ app_end ] --START--
INFO: Run Behavior\ShowPageTraceBehavior [ RunTime:0.000000s ]
INFO: [ app_end ] --END-- [ RunTime:0.000000s ]

[ 2016-05-11T01:56:36+08:00 ] ::1 /rongfei/Home/List/index/cat_id/25/type/1.html
INFO: [ app_init ] --START--
INFO: Run Behavior\BuildLiteBehavior [ RunTime:0.000000s ]
INFO: [ app_init ] --END-- [ RunTime:0.000000s ]
INFO: [ app_begin ] --START--
INFO: Run Behavior\ReadHtmlCacheBehavior [ RunTime:0.001000s ]
INFO: [ app_begin ] --END-- [ RunTime:0.001000s ]
SQL: SHOW COLUMNS FROM `lazy_category` [ RunTime:0.0020s ]
SQL: SELECT `cat_id` FROM `lazy_category` WHERE `pid` = 25  [ RunTime:0.0000s ]
SQL: SELECT `cat_id` FROM `lazy_category` WHERE `pid` = 25  [ RunTime:0.0010s ]
NOTIC: [8] Use of undefined constant in - assumed 'in' F:\workplace\rongfei\Apps\Home\Controller\ListController.class.php 第 13 行.
SQL: SHOW COLUMNS FROM `lazy_news` [ RunTime:0.0020s ]
SQL: SELECT * FROM `lazy_news` WHERE `cat_id` IN ('30','31') ORDER BY pubtime desc LIMIT 0,15   [ RunTime:0.0000s ]
SQL: SHOW COLUMNS FROM `lazy_category` [ RunTime:0.0020s ]
SQL: SELECT `name` FROM `lazy_category` WHERE ( 1=1 AND cat_id='30' ) LIMIT 1   [ RunTime:0.0000s ]
SQL: SELECT COUNT(*) AS tp_count FROM `lazy_news` WHERE `cat_id` IN ('30','31') LIMIT 1   [ RunTime:0.0010s ]
INFO: [ view_parse ] --START--
INFO: [ template_filter ] --START--
INFO: Run Behavior\ContentReplaceBehavior [ RunTime:0.000000s ]
INFO: [ template_filter ] --END-- [ RunTime:0.000000s ]
INFO: Run Behavior\ParseTemplateBehavior [ RunTime:0.006000s ]
INFO: [ view_parse ] --END-- [ RunTime:0.006000s ]
INFO: [ view_filter ] --START--
INFO: Run Behavior\WriteHtmlCacheBehavior [ RunTime:0.000000s ]
INFO: [ view_filter ] --END-- [ RunTime:0.000000s ]
INFO: [ app_end ] --START--
INFO: Run Behavior\ShowPageTraceBehavior [ RunTime:0.001001s ]
INFO: [ app_end ] --END-- [ RunTime:0.001001s ]

[ 2016-05-11T01:56:37+08:00 ] ::1 /rongfei/Home/List/index/cat_id/30/type/1.html
INFO: [ app_init ] --START--
INFO: Run Behavior\BuildLiteBehavior [ RunTime:0.000000s ]
INFO: [ app_init ] --END-- [ RunTime:0.001000s ]
INFO: [ app_begin ] --START--
INFO: Run Behavior\ReadHtmlCacheBehavior [ RunTime:0.001000s ]
INFO: [ app_begin ] --END-- [ RunTime:0.001000s ]
SQL: SHOW COLUMNS FROM `lazy_category` [ RunTime:0.0020s ]
SQL: SELECT `cat_id` FROM `lazy_category` WHERE `pid` = 30  [ RunTime:0.0000s ]
SQL: SHOW COLUMNS FROM `lazy_news` [ RunTime:0.0020s ]
SQL: SELECT * FROM `lazy_news` WHERE `cat_id` = 30 ORDER BY pubtime desc LIMIT 0,15   [ RunTime:0.0010s ]
SQL: SHOW COLUMNS FROM `lazy_category` [ RunTime:0.0020s ]
SQL: SELECT `name` FROM `lazy_category` WHERE ( 1=1 AND cat_id='30' ) LIMIT 1   [ RunTime:0.0000s ]
SQL: SELECT COUNT(*) AS tp_count FROM `lazy_news` WHERE `cat_id` = 30 LIMIT 1   [ RunTime:0.0000s ]
INFO: [ view_parse ] --START--
INFO: [ template_filter ] --START--
INFO: Run Behavior\ContentReplaceBehavior [ RunTime:0.000000s ]
INFO: [ template_filter ] --END-- [ RunTime:0.000000s ]
INFO: Run Behavior\ParseTemplateBehavior [ RunTime:0.006001s ]
INFO: [ view_parse ] --END-- [ RunTime:0.006001s ]
INFO: [ view_filter ] --START--
INFO: Run Behavior\WriteHtmlCacheBehavior [ RunTime:0.000000s ]
INFO: [ view_filter ] --END-- [ RunTime:0.000000s ]
INFO: [ app_end ] --START--
INFO: Run Behavior\ShowPageTraceBehavior [ RunTime:0.000000s ]
INFO: [ app_end ] --END-- [ RunTime:0.000000s ]

[ 2016-05-11T01:56:41+08:00 ] ::1 /rongfei/Home/List/index/cat_id/31/type/1.html
INFO: [ app_init ] --START--
INFO: Run Behavior\BuildLiteBehavior [ RunTime:0.000000s ]
INFO: [ app_init ] --END-- [ RunTime:0.000000s ]
INFO: [ app_begin ] --START--
INFO: Run Behavior\ReadHtmlCacheBehavior [ RunTime:0.001000s ]
INFO: [ app_begin ] --END-- [ RunTime:0.001000s ]
SQL: SHOW COLUMNS FROM `lazy_category` [ RunTime:0.0020s ]
SQL: SELECT `cat_id` FROM `lazy_category` WHERE `pid` = 31  [ RunTime:0.0000s ]
SQL: SHOW COLUMNS FROM `lazy_news` [ RunTime:0.0020s ]
SQL: SELECT * FROM `lazy_news` WHERE `cat_id` = 31 ORDER BY pubtime desc LIMIT 0,15   [ RunTime:0.0000s ]
SQL: SELECT COUNT(*) AS tp_count FROM `lazy_news` WHERE `cat_id` = 31 LIMIT 1   [ RunTime:0.0000s ]
INFO: [ view_parse ] --START--
INFO: [ template_filter ] --START--
INFO: Run Behavior\ContentReplaceBehavior [ RunTime:0.000000s ]
INFO: [ template_filter ] --END-- [ RunTime:0.000000s ]
INFO: Run Behavior\ParseTemplateBehavior [ RunTime:0.006000s ]
INFO: [ view_parse ] --END-- [ RunTime:0.006000s ]
INFO: [ view_filter ] --START--
INFO: Run Behavior\WriteHtmlCacheBehavior [ RunTime:0.000000s ]
INFO: [ view_filter ] --END-- [ RunTime:0.000000s ]
INFO: [ app_end ] --START--
INFO: Run Behavior\ShowPageTraceBehavior [ RunTime:0.001000s ]
INFO: [ app_end ] --END-- [ RunTime:0.001000s ]

[ 2016-05-11T01:56:54+08:00 ] ::1 /rongfei/Home/Index/index.html
INFO: [ app_init ] --START--
INFO: Run Behavior\BuildLiteBehavior [ RunTime:0.000000s ]
INFO: [ app_init ] --END-- [ RunTime:0.001000s ]
INFO: [ app_begin ] --START--
INFO: Run Behavior\ReadHtmlCacheBehavior [ RunTime:0.001000s ]
INFO: [ app_begin ] --END-- [ RunTime:0.001000s ]
SQL: SHOW COLUMNS FROM `lazy_category` [ RunTime:0.0020s ]
SQL: SELECT * FROM `lazy_category` ORDER BY sort asc  [ RunTime:0.0000s ]
SQL: SELECT * FROM `lazy_category` WHERE ( pid = 0 )  [ RunTime:0.0000s ]
NOTIC: [8] Undefined offset: 1 F:\workplace\rongfei\Apps\Home\Controller\IndexController.class.php 第 17 行.
INFO: [ view_parse ] --START--
INFO: [ template_filter ] --START--
INFO: Run Behavior\ContentReplaceBehavior [ RunTime:0.000000s ]
INFO: [ template_filter ] --END-- [ RunTime:0.000000s ]
INFO: Run Behavior\ParseTemplateBehavior [ RunTime:0.006001s ]
INFO: [ view_parse ] --END-- [ RunTime:0.006001s ]
INFO: [ view_filter ] --START--
INFO: Run Behavior\WriteHtmlCacheBehavior [ RunTime:0.000000s ]
INFO: [ view_filter ] --END-- [ RunTime:0.000000s ]
INFO: [ app_end ] --START--
INFO: Run Behavior\ShowPageTraceBehavior [ RunTime:0.000000s ]
INFO: [ app_end ] --END-- [ RunTime:0.000000s ]

[ 2016-05-11T01:56:54+08:00 ] ::1 /rongfei/Home/List/index/type/1.html
INFO: [ app_init ] --START--
INFO: Run Behavior\BuildLiteBehavior [ RunTime:0.000000s ]
INFO: [ app_init ] --END-- [ RunTime:0.000000s ]
INFO: [ app_begin ] --START--
INFO: Run Behavior\ReadHtmlCacheBehavior [ RunTime:0.001000s ]
INFO: [ app_begin ] --END-- [ RunTime:0.001000s ]
SQL: SHOW COLUMNS FROM `lazy_category` [ RunTime:0.0010s ]
SQL: SELECT `cat_id` FROM `lazy_category` WHERE `pid` = 1  [ RunTime:0.0010s ]
SQL: SELECT `cat_id` FROM `lazy_category` WHERE `pid` = 1  [ RunTime:0.0000s ]
NOTIC: [8] Use of undefined constant in - assumed 'in' F:\workplace\rongfei\Apps\Home\Controller\ListController.class.php 第 13 行.
SQL: SHOW COLUMNS FROM `lazy_news` [ RunTime:0.0020s ]
SQL: SELECT * FROM `lazy_news` ORDER BY pubtime desc LIMIT 0,15   [ RunTime:0.0000s ]
SQL: SELECT COUNT(*) AS tp_count FROM `lazy_news` LIMIT 1   [ RunTime:0.0000s ]
INFO: [ view_parse ] --START--
INFO: [ template_filter ] --START--
INFO: Run Behavior\ContentReplaceBehavior [ RunTime:0.001000s ]
INFO: [ template_filter ] --END-- [ RunTime:0.001000s ]
INFO: Run Behavior\ParseTemplateBehavior [ RunTime:0.005000s ]
INFO: [ view_parse ] --END-- [ RunTime:0.005000s ]
INFO: [ view_filter ] --START--
INFO: Run Behavior\WriteHtmlCacheBehavior [ RunTime:0.001000s ]
INFO: [ view_filter ] --END-- [ RunTime:0.001000s ]
INFO: [ app_end ] --START--
INFO: Run Behavior\ShowPageTraceBehavior [ RunTime:0.000000s ]
INFO: [ app_end ] --END-- [ RunTime:0.000000s ]

[ 2016-05-11T01:56:56+08:00 ] ::1 /rongfei/Home/List/index/cat_id/31/type/1.html
INFO: [ app_init ] --START--
INFO: Run Behavior\BuildLiteBehavior [ RunTime:0.000000s ]
INFO: [ app_init ] --END-- [ RunTime:0.001000s ]
INFO: [ app_begin ] --START--
INFO: Run Behavior\ReadHtmlCacheBehavior [ RunTime:0.000000s ]
INFO: [ app_begin ] --END-- [ RunTime:0.000000s ]
SQL: SHOW COLUMNS FROM `lazy_category` [ RunTime:0.0020s ]
SQL: SELECT `cat_id` FROM `lazy_category` WHERE `pid` = 31  [ RunTime:0.0000s ]
SQL: SHOW COLUMNS FROM `lazy_news` [ RunTime:0.0020s ]
SQL: SELECT * FROM `lazy_news` WHERE `cat_id` = 31 ORDER BY pubtime desc LIMIT 0,15   [ RunTime:0.0000s ]
SQL: SELECT COUNT(*) AS tp_count FROM `lazy_news` WHERE `cat_id` = 31 LIMIT 1   [ RunTime:0.0000s ]
INFO: [ view_parse ] --START--
INFO: [ template_filter ] --START--
INFO: Run Behavior\ContentReplaceBehavior [ RunTime:0.000000s ]
INFO: [ template_filter ] --END-- [ RunTime:0.000000s ]
INFO: Run Behavior\ParseTemplateBehavior [ RunTime:0.005001s ]
INFO: [ view_parse ] --END-- [ RunTime:0.005001s ]
INFO: [ view_filter ] --START--
INFO: Run Behavior\WriteHtmlCacheBehavior [ RunTime:0.001000s ]
INFO: [ view_filter ] --END-- [ RunTime:0.001000s ]
INFO: [ app_end ] --START--
INFO: Run Behavior\ShowPageTraceBehavior [ RunTime:0.000000s ]
INFO: [ app_end ] --END-- [ RunTime:0.000000s ]

[ 2016-05-11T01:56:56+08:00 ] ::1 /rongfei/Home/List/index/cat_id/30/type/1.html
INFO: [ app_init ] --START--
INFO: Run Behavior\BuildLiteBehavior [ RunTime:0.000000s ]
INFO: [ app_init ] --END-- [ RunTime:0.000000s ]
INFO: [ app_begin ] --START--
INFO: Run Behavior\ReadHtmlCacheBehavior [ RunTime:0.000000s ]
INFO: [ app_begin ] --END-- [ RunTime:0.000000s ]
SQL: SHOW COLUMNS FROM `lazy_category` [ RunTime:0.0020s ]
SQL: SELECT `cat_id` FROM `lazy_category` WHERE `pid` = 30  [ RunTime:0.0000s ]
SQL: SHOW COLUMNS FROM `lazy_news` [ RunTime:0.0020s ]
SQL: SELECT * FROM `lazy_news` WHERE `cat_id` = 30 ORDER BY pubtime desc LIMIT 0,15   [ RunTime:0.0000s ]
SQL: SELECT COUNT(*) AS tp_count FROM `lazy_news` WHERE `cat_id` = 30 LIMIT 1   [ RunTime:0.0000s ]
INFO: [ view_parse ] --START--
INFO: [ template_filter ] --START--
INFO: Run Behavior\ContentReplaceBehavior [ RunTime:0.000000s ]
INFO: [ template_filter ] --END-- [ RunTime:0.000000s ]
INFO: Run Behavior\ParseTemplateBehavior [ RunTime:0.005001s ]
INFO: [ view_parse ] --END-- [ RunTime:0.005001s ]
INFO: [ view_filter ] --START--
INFO: Run Behavior\WriteHtmlCacheBehavior [ RunTime:0.000000s ]
INFO: [ view_filter ] --END-- [ RunTime:0.000000s ]
INFO: [ app_end ] --START--
INFO: Run Behavior\ShowPageTraceBehavior [ RunTime:0.001000s ]
INFO: [ app_end ] --END-- [ RunTime:0.001000s ]

[ 2016-05-11T01:56:57+08:00 ] ::1 /rongfei/Home/List/index/cat_id/25/type/1.html
INFO: [ app_init ] --START--
INFO: Run Behavior\BuildLiteBehavior [ RunTime:0.000000s ]
INFO: [ app_init ] --END-- [ RunTime:0.001000s ]
INFO: [ app_begin ] --START--
INFO: Run Behavior\ReadHtmlCacheBehavior [ RunTime:0.001000s ]
INFO: [ app_begin ] --END-- [ RunTime:0.001000s ]
SQL: SHOW COLUMNS FROM `lazy_category` [ RunTime:0.0020s ]
SQL: SELECT `cat_id` FROM `lazy_category` WHERE `pid` = 25  [ RunTime:0.0000s ]
SQL: SELECT `cat_id` FROM `lazy_category` WHERE `pid` = 25  [ RunTime:0.0000s ]
NOTIC: [8] Use of undefined constant in - assumed 'in' F:\workplace\rongfei\Apps\Home\Controller\ListController.class.php 第 13 行.
SQL: SHOW COLUMNS FROM `lazy_news` [ RunTime:0.0020s ]
SQL: SELECT * FROM `lazy_news` WHERE `cat_id` IN ('30','31') ORDER BY pubtime desc LIMIT 0,15   [ RunTime:0.0000s ]
SQL: SELECT COUNT(*) AS tp_count FROM `lazy_news` WHERE `cat_id` IN ('30','31') LIMIT 1   [ RunTime:0.0000s ]
INFO: [ view_parse ] --START--
INFO: [ template_filter ] --START--
INFO: Run Behavior\ContentReplaceBehavior [ RunTime:0.000000s ]
INFO: [ template_filter ] --END-- [ RunTime:0.000000s ]
INFO: Run Behavior\ParseTemplateBehavior [ RunTime:0.005000s ]
INFO: [ view_parse ] --END-- [ RunTime:0.006001s ]
INFO: [ view_filter ] --START--
INFO: Run Behavior\WriteHtmlCacheBehavior [ RunTime:0.000000s ]
INFO: [ view_filter ] --END-- [ RunTime:0.000000s ]
INFO: [ app_end ] --START--
INFO: Run Behavior\ShowPageTraceBehavior [ RunTime:0.000000s ]
INFO: [ app_end ] --END-- [ RunTime:0.000000s ]

[ 2016-05-11T01:58:04+08:00 ] ::1 /rongfei/Home/Index/index.html
INFO: [ app_init ] --START--
INFO: Run Behavior\BuildLiteBehavior [ RunTime:0.000000s ]
INFO: [ app_init ] --END-- [ RunTime:0.001000s ]
INFO: [ app_begin ] --START--
INFO: Run Behavior\ReadHtmlCacheBehavior [ RunTime:0.000000s ]
INFO: [ app_begin ] --END-- [ RunTime:0.000000s ]
SQL: SHOW COLUMNS FROM `lazy_category` [ RunTime:0.0020s ]
SQL: SELECT * FROM `lazy_category` ORDER BY sort asc  [ RunTime:0.0000s ]
SQL: SELECT * FROM `lazy_category` WHERE ( pid = 0 )  [ RunTime:0.0010s ]
NOTIC: [8] Undefined offset: 1 F:\workplace\rongfei\Apps\Home\Controller\IndexController.class.php 第 17 行.
INFO: [ view_parse ] --START--
INFO: [ template_filter ] --START--
INFO: Run Behavior\ContentReplaceBehavior [ RunTime:0.000000s ]
INFO: [ template_filter ] --END-- [ RunTime:0.000000s ]
INFO: Run Behavior\ParseTemplateBehavior [ RunTime:0.007001s ]
INFO: [ view_parse ] --END-- [ RunTime:0.007001s ]
INFO: [ view_filter ] --START--
INFO: Run Behavior\WriteHtmlCacheBehavior [ RunTime:0.001000s ]
INFO: [ view_filter ] --END-- [ RunTime:0.001000s ]
INFO: [ app_end ] --START--
INFO: Run Behavior\ShowPageTraceBehavior [ RunTime:0.000000s ]
INFO: [ app_end ] --END-- [ RunTime:0.000000s ]

[ 2016-05-11T01:58:04+08:00 ] ::1 /rongfei/Home/List/index/type/1.html
INFO: [ app_init ] --START--
INFO: Run Behavior\BuildLiteBehavior [ RunTime:0.000000s ]
INFO: [ app_init ] --END-- [ RunTime:0.001000s ]
INFO: [ app_begin ] --START--
INFO: Run Behavior\ReadHtmlCacheBehavior [ RunTime:0.001000s ]
INFO: [ app_begin ] --END-- [ RunTime:0.001000s ]
SQL: SHOW COLUMNS FROM `lazy_category` [ RunTime:0.0020s ]
SQL: SELECT `cat_id` FROM `lazy_category` WHERE `pid` = 1  [ RunTime:0.0010s ]
SQL: SELECT `cat_id` FROM `lazy_category` WHERE `pid` = 1  [ RunTime:0.0000s ]
NOTIC: [8] Use of undefined constant in - assumed 'in' F:\workplace\rongfei\Apps\Home\Controller\ListController.class.php 第 13 行.
SQL: SHOW COLUMNS FROM `lazy_news` [ RunTime:0.0020s ]
SQL: SELECT * FROM `lazy_news` ORDER BY pubtime desc LIMIT 0,15   [ RunTime:0.0010s ]
SQL: SELECT COUNT(*) AS tp_count FROM `lazy_news` LIMIT 1   [ RunTime:0.0000s ]
INFO: [ view_parse ] --START--
INFO: [ template_filter ] --START--
INFO: Run Behavior\ContentReplaceBehavior [ RunTime:0.000000s ]
INFO: [ template_filter ] --END-- [ RunTime:0.000000s ]
INFO: Run Behavior\ParseTemplateBehavior [ RunTime:0.006001s ]
INFO: [ view_parse ] --END-- [ RunTime:0.006001s ]
INFO: [ view_filter ] --START--
INFO: Run Behavior\WriteHtmlCacheBehavior [ RunTime:0.000000s ]
INFO: [ view_filter ] --END-- [ RunTime:0.000000s ]
INFO: [ app_end ] --START--
INFO: Run Behavior\ShowPageTraceBehavior [ RunTime:0.000000s ]
INFO: [ app_end ] --END-- [ RunTime:0.000000s ]

[ 2016-05-11T01:58:05+08:00 ] ::1 /rongfei/Home/List/index/cat_id/30/type/1.html
INFO: [ app_init ] --START--
INFO: Run Behavior\BuildLiteBehavior [ RunTime:0.000000s ]
INFO: [ app_init ] --END-- [ RunTime:0.000000s ]
INFO: [ app_begin ] --START--
INFO: Run Behavior\ReadHtmlCacheBehavior [ RunTime:0.000000s ]
INFO: [ app_begin ] --END-- [ RunTime:0.000000s ]
SQL: SHOW COLUMNS FROM `lazy_category` [ RunTime:0.0020s ]
SQL: SELECT `cat_id` FROM `lazy_category` WHERE `pid` = 30  [ RunTime:0.0010s ]
SQL: SHOW COLUMNS FROM `lazy_news` [ RunTime:0.0020s ]
SQL: SELECT * FROM `lazy_news` WHERE `cat_id` = 30 ORDER BY pubtime desc LIMIT 0,15   [ RunTime:0.0010s ]
SQL: SELECT COUNT(*) AS tp_count FROM `lazy_news` WHERE `cat_id` = 30 LIMIT 1   [ RunTime:0.0000s ]
INFO: [ view_parse ] --START--
INFO: [ template_filter ] --START--
INFO: Run Behavior\ContentReplaceBehavior [ RunTime:0.000000s ]
INFO: [ template_filter ] --END-- [ RunTime:0.000000s ]
INFO: Run Behavior\ParseTemplateBehavior [ RunTime:0.007001s ]
INFO: [ view_parse ] --END-- [ RunTime:0.007001s ]
INFO: [ view_filter ] --START--
INFO: Run Behavior\WriteHtmlCacheBehavior [ RunTime:0.000000s ]
INFO: [ view_filter ] --END-- [ RunTime:0.000000s ]
INFO: [ app_end ] --START--
INFO: Run Behavior\ShowPageTraceBehavior [ RunTime:0.000000s ]
INFO: [ app_end ] --END-- [ RunTime:0.000000s ]

[ 2016-05-11T01:58:06+08:00 ] ::1 /rongfei/Home/List/index/cat_id/31/type/1.html
INFO: [ app_init ] --START--
INFO: Run Behavior\BuildLiteBehavior [ RunTime:0.000000s ]
INFO: [ app_init ] --END-- [ RunTime:0.000000s ]
INFO: [ app_begin ] --START--
INFO: Run Behavior\ReadHtmlCacheBehavior [ RunTime:0.000000s ]
INFO: [ app_begin ] --END-- [ RunTime:0.000000s ]
SQL: SHOW COLUMNS FROM `lazy_category` [ RunTime:0.0020s ]
SQL: SELECT `cat_id` FROM `lazy_category` WHERE `pid` = 31  [ RunTime:0.0010s ]
SQL: SHOW COLUMNS FROM `lazy_news` [ RunTime:0.0020s ]
SQL: SELECT * FROM `lazy_news` WHERE `cat_id` = 31 ORDER BY pubtime desc LIMIT 0,15   [ RunTime:0.0000s ]
SQL: SELECT COUNT(*) AS tp_count FROM `lazy_news` WHERE `cat_id` = 31 LIMIT 1   [ RunTime:0.0000s ]
INFO: [ view_parse ] --START--
INFO: [ template_filter ] --START--
INFO: Run Behavior\ContentReplaceBehavior [ RunTime:0.000000s ]
INFO: [ template_filter ] --END-- [ RunTime:0.000000s ]
INFO: Run Behavior\ParseTemplateBehavior [ RunTime:0.006000s ]
INFO: [ view_parse ] --END-- [ RunTime:0.006000s ]
INFO: [ view_filter ] --START--
INFO: Run Behavior\WriteHtmlCacheBehavior [ RunTime:0.000000s ]
INFO: [ view_filter ] --END-- [ RunTime:0.000000s ]
INFO: [ app_end ] --START--
INFO: Run Behavior\ShowPageTraceBehavior [ RunTime:0.000000s ]
INFO: [ app_end ] --END-- [ RunTime:0.001000s ]

[ 2016-05-11T02:18:22+08:00 ] ::1 /rongfei/Home/Index/index.html
INFO: [ app_init ] --START--
INFO: Run Behavior\BuildLiteBehavior [ RunTime:0.000000s ]
INFO: [ app_init ] --END-- [ RunTime:0.000000s ]
INFO: [ app_begin ] --START--
INFO: Run Behavior\ReadHtmlCacheBehavior [ RunTime:0.000000s ]
INFO: [ app_begin ] --END-- [ RunTime:0.001000s ]
SQL: SHOW COLUMNS FROM `lazy_category` [ RunTime:0.0020s ]
SQL: SELECT * FROM `lazy_category` ORDER BY sort asc  [ RunTime:0.0000s ]
SQL: SELECT * FROM `lazy_category` WHERE ( pid = 0 )  [ RunTime:0.0000s ]
NOTIC: [8] Undefined offset: 35 F:\workplace\rongfei\Apps\Home\Controller\IndexController.class.php 第 17 行.
NOTIC: [8] Undefined offset: 34 F:\workplace\rongfei\Apps\Home\Controller\IndexController.class.php 第 19 行.
INFO: [ view_parse ] --START--
INFO: [ template_filter ] --START--
INFO: Run Behavior\ContentReplaceBehavior [ RunTime:0.000000s ]
INFO: [ template_filter ] --END-- [ RunTime:0.000000s ]
INFO: Run Behavior\ParseTemplateBehavior [ RunTime:0.007000s ]
INFO: [ view_parse ] --END-- [ RunTime:0.007000s ]
INFO: [ view_filter ] --START--
INFO: Run Behavior\WriteHtmlCacheBehavior [ RunTime:0.000000s ]
INFO: [ view_filter ] --END-- [ RunTime:0.000000s ]
INFO: [ app_end ] --START--
INFO: Run Behavior\ShowPageTraceBehavior [ RunTime:0.001000s ]
INFO: [ app_end ] --END-- [ RunTime:0.001000s ]

[ 2016-05-11T02:18:22+08:00 ] ::1 /rongfei/Home/List/index.html
INFO: [ app_init ] --START--
INFO: Run Behavior\BuildLiteBehavior [ RunTime:0.000000s ]
INFO: [ app_init ] --END-- [ RunTime:0.000000s ]
INFO: [ app_begin ] --START--
INFO: Run Behavior\ReadHtmlCacheBehavior [ RunTime:0.001000s ]
INFO: [ app_begin ] --END-- [ RunTime:0.001000s ]
SQL: SHOW COLUMNS FROM `lazy_category` [ RunTime:0.0020s ]
SQL: SELECT `cat_id` FROM `lazy_category` WHERE `pid` = 1  [ RunTime:0.0000s ]
INFO: [ view_parse ] --START--
INFO: [ template_filter ] --START--
INFO: Run Behavior\ContentReplaceBehavior [ RunTime:0.000000s ]
INFO: [ template_filter ] --END-- [ RunTime:0.000000s ]
INFO: Run Behavior\ParseTemplateBehavior [ RunTime:0.004001s ]
INFO: [ view_parse ] --END-- [ RunTime:0.005001s ]
INFO: [ view_filter ] --START--
INFO: Run Behavior\WriteHtmlCacheBehavior [ RunTime:0.000000s ]
INFO: [ view_filter ] --END-- [ RunTime:0.000000s ]

[ 2016-05-11T02:18:23+08:00 ] ::1 /rongfei/Home/List/index/cat_id/40.html
INFO: [ app_init ] --START--
INFO: Run Behavior\BuildLiteBehavior [ RunTime:0.000000s ]
INFO: [ app_init ] --END-- [ RunTime:0.001000s ]
INFO: [ app_begin ] --START--
INFO: Run Behavior\ReadHtmlCacheBehavior [ RunTime:0.001000s ]
INFO: [ app_begin ] --END-- [ RunTime:0.001000s ]
SQL: SHOW COLUMNS FROM `lazy_category` [ RunTime:0.0030s ]
SQL: SELECT `cat_id` FROM `lazy_category` WHERE `pid` = 40  [ RunTime:0.0000s ]
INFO: [ view_parse ] --START--
INFO: [ template_filter ] --START--
INFO: Run Behavior\ContentReplaceBehavior [ RunTime:0.000000s ]
INFO: [ template_filter ] --END-- [ RunTime:0.000000s ]
INFO: Run Behavior\ParseTemplateBehavior [ RunTime:0.008001s ]
INFO: [ view_parse ] --END-- [ RunTime:0.008001s ]
INFO: [ view_filter ] --START--
INFO: Run Behavior\WriteHtmlCacheBehavior [ RunTime:0.001000s ]
INFO: [ view_filter ] --END-- [ RunTime:0.001000s ]

[ 2016-05-11T02:18:24+08:00 ] ::1 /rongfei/Home/List/index/cat_id/41.html
INFO: [ app_init ] --START--
INFO: Run Behavior\BuildLiteBehavior [ RunTime:0.000000s ]
INFO: [ app_init ] --END-- [ RunTime:0.001000s ]
INFO: [ app_begin ] --START--
INFO: Run Behavior\ReadHtmlCacheBehavior [ RunTime:0.001000s ]
INFO: [ app_begin ] --END-- [ RunTime:0.001000s ]
SQL: SHOW COLUMNS FROM `lazy_category` [ RunTime:0.0030s ]
SQL: SELECT `cat_id` FROM `lazy_category` WHERE `pid` = 41  [ RunTime:0.0000s ]
INFO: [ view_parse ] --START--
INFO: [ template_filter ] --START--
INFO: Run Behavior\ContentReplaceBehavior [ RunTime:0.000000s ]
INFO: [ template_filter ] --END-- [ RunTime:0.000000s ]
INFO: Run Behavior\ParseTemplateBehavior [ RunTime:0.005000s ]
INFO: [ view_parse ] --END-- [ RunTime:0.005000s ]
INFO: [ view_filter ] --START--
INFO: Run Behavior\WriteHtmlCacheBehavior [ RunTime:0.000000s ]
INFO: [ view_filter ] --END-- [ RunTime:0.000000s ]

[ 2016-05-11T02:25:40+08:00 ] ::1 /rongfei/
INFO: [ app_init ] --START--
INFO: Run Behavior\BuildLiteBehavior [ RunTime:0.000000s ]
INFO: [ app_init ] --END-- [ RunTime:0.001000s ]
INFO: [ app_begin ] --START--
INFO: Run Behavior\ReadHtmlCacheBehavior [ RunTime:0.001000s ]
INFO: [ app_begin ] --END-- [ RunTime:0.001000s ]
SQL: SHOW COLUMNS FROM `lazy_category` [ RunTime:0.0020s ]
SQL: SELECT * FROM `lazy_category` ORDER BY sort asc  [ RunTime:0.0000s ]
SQL: SELECT * FROM `lazy_category` WHERE ( pid = 0 )  [ RunTime:0.0000s ]
SQL: SELECT `type` FROM `lazy_category` WHERE ( cat_id =35 ) LIMIT 1   [ RunTime:0.0010s ]
NOTIC: [8] Undefined offset: 34 F:\workplace\rongfei\Apps\Home\Controller\IndexController.class.php 第 17 行.
NOTIC: [8] Undefined variable: catsList F:\workplace\rongfei\Apps\Home\Controller\IndexController.class.php 第 21 行.
INFO: [ view_parse ] --START--
INFO: [ template_filter ] --START--
INFO: Run Behavior\ContentReplaceBehavior [ RunTime:0.000000s ]
INFO: [ template_filter ] --END-- [ RunTime:0.000000s ]
INFO: Run Behavior\ParseTemplateBehavior [ RunTime:0.007001s ]
INFO: [ view_parse ] --END-- [ RunTime:0.007001s ]
INFO: [ view_filter ] --START--
INFO: Run Behavior\WriteHtmlCacheBehavior [ RunTime:0.000000s ]
INFO: [ view_filter ] --END-- [ RunTime:0.000000s ]
INFO: [ app_end ] --START--
INFO: Run Behavior\ShowPageTraceBehavior [ RunTime:0.000000s ]
INFO: [ app_end ] --END-- [ RunTime:0.000000s ]

[ 2016-05-11T02:25:40+08:00 ] ::1 /rongfei/Home/List/index.html
INFO: [ app_init ] --START--
INFO: Run Behavior\BuildLiteBehavior [ RunTime:0.000000s ]
INFO: [ app_init ] --END-- [ RunTime:0.000000s ]
INFO: [ app_begin ] --START--
INFO: Run Behavior\ReadHtmlCacheBehavior [ RunTime:0.000000s ]
INFO: [ app_begin ] --END-- [ RunTime:0.000000s ]
SQL: SHOW COLUMNS FROM `lazy_category` [ RunTime:0.0010s ]
SQL: SELECT `cat_id` FROM `lazy_category` WHERE `pid` = 1  [ RunTime:0.0000s ]
INFO: [ view_parse ] --START--
INFO: [ template_filter ] --START--
INFO: Run Behavior\ContentReplaceBehavior [ RunTime:0.000000s ]
INFO: [ template_filter ] --END-- [ RunTime:0.001000s ]
INFO: Run Behavior\ParseTemplateBehavior [ RunTime:0.003000s ]
INFO: [ view_parse ] --END-- [ RunTime:0.004000s ]
INFO: [ view_filter ] --START--
INFO: Run Behavior\WriteHtmlCacheBehavior [ RunTime:0.000000s ]
INFO: [ view_filter ] --END-- [ RunTime:0.000000s ]

[ 2016-05-11T02:25:57+08:00 ] ::1 /rongfei/Home/Index/index.html
INFO: [ app_init ] --START--
INFO: Run Behavior\BuildLiteBehavior [ RunTime:0.000000s ]
INFO: [ app_init ] --END-- [ RunTime:0.000000s ]
INFO: [ app_begin ] --START--
INFO: Run Behavior\ReadHtmlCacheBehavior [ RunTime:0.000000s ]
INFO: [ app_begin ] --END-- [ RunTime:0.000000s ]
SQL: SHOW COLUMNS FROM `lazy_category` [ RunTime:0.0020s ]
SQL: SELECT * FROM `lazy_category` ORDER BY sort asc  [ RunTime:0.0000s ]
SQL: SELECT * FROM `lazy_category` WHERE ( pid = 0 )  [ RunTime:0.0000s ]
SQL: SELECT `type` FROM `lazy_category` WHERE ( cat_id =35 ) LIMIT 1   [ RunTime:0.0000s ]
NOTIC: [8] Undefined offset: 34 F:\workplace\rongfei\Apps\Home\Controller\IndexController.class.php 第 17 行.
NOTIC: [8] Undefined variable: catsList F:\workplace\rongfei\Apps\Home\Controller\IndexController.class.php 第 21 行.
INFO: [ view_parse ] --START--
INFO: [ template_filter ] --START--
INFO: Run Behavior\ContentReplaceBehavior [ RunTime:0.000000s ]
INFO: [ template_filter ] --END-- [ RunTime:0.000000s ]
INFO: Run Behavior\ParseTemplateBehavior [ RunTime:0.007000s ]
INFO: [ view_parse ] --END-- [ RunTime:0.007000s ]
INFO: [ view_filter ] --START--
INFO: Run Behavior\WriteHtmlCacheBehavior [ RunTime:0.000000s ]
INFO: [ view_filter ] --END-- [ RunTime:0.001000s ]
INFO: [ app_end ] --START--
INFO: Run Behavior\ShowPageTraceBehavior [ RunTime:0.000000s ]
INFO: [ app_end ] --END-- [ RunTime:0.000000s ]

[ 2016-05-11T02:25:57+08:00 ] ::1 /rongfei/Home/List/index.html
INFO: [ app_init ] --START--
INFO: Run Behavior\BuildLiteBehavior [ RunTime:0.000000s ]
INFO: [ app_init ] --END-- [ RunTime:0.000000s ]
INFO: [ app_begin ] --START--
INFO: Run Behavior\ReadHtmlCacheBehavior [ RunTime:0.001000s ]
INFO: [ app_begin ] --END-- [ RunTime:0.001000s ]
SQL: SHOW COLUMNS FROM `lazy_category` [ RunTime:0.0010s ]
SQL: SELECT `cat_id` FROM `lazy_category` WHERE `pid` = 1  [ RunTime:0.0010s ]
INFO: [ view_parse ] --START--
INFO: [ template_filter ] --START--
INFO: Run Behavior\ContentReplaceBehavior [ RunTime:0.000000s ]
INFO: [ template_filter ] --END-- [ RunTime:0.000000s ]
INFO: Run Behavior\ParseTemplateBehavior [ RunTime:0.005000s ]
INFO: [ view_parse ] --END-- [ RunTime:0.005000s ]
INFO: [ view_filter ] --START--
INFO: Run Behavior\WriteHtmlCacheBehavior [ RunTime:0.000000s ]
INFO: [ view_filter ] --END-- [ RunTime:0.000000s ]

[ 2016-05-11T02:26:35+08:00 ] ::1 /rongfei/Home/Index/index.html
INFO: [ app_init ] --START--
INFO: Run Behavior\BuildLiteBehavior [ RunTime:0.000000s ]
INFO: [ app_init ] --END-- [ RunTime:0.001000s ]
INFO: [ app_begin ] --START--
INFO: Run Behavior\ReadHtmlCacheBehavior [ RunTime:0.001000s ]
INFO: [ app_begin ] --END-- [ RunTime:0.001000s ]
SQL: SHOW COLUMNS FROM `lazy_category` [ RunTime:0.0020s ]
SQL: SELECT * FROM `lazy_category` ORDER BY sort asc  [ RunTime:0.0000s ]
SQL: SELECT * FROM `lazy_category` WHERE ( pid = 0 )  [ RunTime:0.0000s ]
SQL: SELECT `type` FROM `lazy_category` WHERE ( cat_id =35 ) LIMIT 1   [ RunTime:0.0010s ]
NOTIC: [8] Undefined variable: catsList F:\workplace\rongfei\Apps\Home\Controller\IndexController.class.php 第 19 行.
INFO: [ view_parse ] --START--
INFO: [ template_filter ] --START--
INFO: Run Behavior\ContentReplaceBehavior [ RunTime:0.000000s ]
INFO: [ template_filter ] --END-- [ RunTime:0.000000s ]
INFO: Run Behavior\ParseTemplateBehavior [ RunTime:0.007000s ]
INFO: [ view_parse ] --END-- [ RunTime:0.007000s ]
INFO: [ view_filter ] --START--
INFO: Run Behavior\WriteHtmlCacheBehavior [ RunTime:0.000000s ]
INFO: [ view_filter ] --END-- [ RunTime:0.000000s ]
INFO: [ app_end ] --START--
INFO: Run Behavior\ShowPageTraceBehavior [ RunTime:0.001000s ]
INFO: [ app_end ] --END-- [ RunTime:0.001000s ]

[ 2016-05-11T02:26:35+08:00 ] ::1 /rongfei/Home/List/index/type/1.html
INFO: [ app_init ] --START--
INFO: Run Behavior\BuildLiteBehavior [ RunTime:0.000000s ]
INFO: [ app_init ] --END-- [ RunTime:0.001000s ]
INFO: [ app_begin ] --START--
INFO: Run Behavior\ReadHtmlCacheBehavior [ RunTime:0.000000s ]
INFO: [ app_begin ] --END-- [ RunTime:0.000000s ]
SQL: SHOW COLUMNS FROM `lazy_category` [ RunTime:0.0010s ]
SQL: SELECT `cat_id` FROM `lazy_category` WHERE `pid` = 1  [ RunTime:0.0000s ]
SQL: SHOW COLUMNS FROM `lazy_news` [ RunTime:0.0020s ]
SQL: SELECT `pid` FROM `lazy_category` WHERE ( cat_id =1 ) LIMIT 1   [ RunTime:0.0000s ]
SQL: SELECT * FROM `lazy_news` ORDER BY pubtime desc LIMIT 0,15   [ RunTime:0.0000s ]
SQL: SELECT COUNT(*) AS tp_count FROM `lazy_news` LIMIT 1   [ RunTime:0.0010s ]
INFO: [ view_parse ] --START--
INFO: [ template_filter ] --START--
INFO: Run Behavior\ContentReplaceBehavior [ RunTime:0.000000s ]
INFO: [ template_filter ] --END-- [ RunTime:0.000000s ]
INFO: Run Behavior\ParseTemplateBehavior [ RunTime:0.007000s ]
INFO: [ view_parse ] --END-- [ RunTime:0.007000s ]
INFO: [ view_filter ] --START--
INFO: Run Behavior\WriteHtmlCacheBehavior [ RunTime:0.000000s ]
INFO: [ view_filter ] --END-- [ RunTime:0.000000s ]
INFO: [ app_end ] --START--
INFO: Run Behavior\ShowPageTraceBehavior [ RunTime:0.000000s ]
INFO: [ app_end ] --END-- [ RunTime:0.000000s ]

[ 2016-05-11T02:26:38+08:00 ] ::1 /rongfei/Home/Index/index/cat_id/35.html
INFO: [ app_init ] --START--
INFO: Run Behavior\BuildLiteBehavior [ RunTime:0.000000s ]
INFO: [ app_init ] --END-- [ RunTime:0.000000s ]
INFO: [ app_begin ] --START--
INFO: Run Behavior\ReadHtmlCacheBehavior [ RunTime:0.001000s ]
INFO: [ app_begin ] --END-- [ RunTime:0.001000s ]
SQL: SHOW COLUMNS FROM `lazy_category` [ RunTime:0.0020s ]
SQL: SELECT * FROM `lazy_category` ORDER BY sort asc  [ RunTime:0.0000s ]
SQL: SELECT * FROM `lazy_category` WHERE ( pid = 0 )  [ RunTime:0.0000s ]
SQL: SELECT `type` FROM `lazy_category` WHERE ( cat_id =35 ) LIMIT 1   [ RunTime:0.0000s ]
NOTIC: [8] Undefined variable: catsList F:\workplace\rongfei\Apps\Home\Controller\IndexController.class.php 第 19 行.
INFO: [ view_parse ] --START--
INFO: [ template_filter ] --START--
INFO: Run Behavior\ContentReplaceBehavior [ RunTime:0.000000s ]
INFO: [ template_filter ] --END-- [ RunTime:0.000000s ]
INFO: Run Behavior\ParseTemplateBehavior [ RunTime:0.011001s ]
INFO: [ view_parse ] --END-- [ RunTime:0.011001s ]
INFO: [ view_filter ] --START--
INFO: Run Behavior\WriteHtmlCacheBehavior [ RunTime:0.000000s ]
INFO: [ view_filter ] --END-- [ RunTime:0.000000s ]
INFO: [ app_end ] --START--
INFO: Run Behavior\ShowPageTraceBehavior [ RunTime:0.001000s ]
INFO: [ app_end ] --END-- [ RunTime:0.001000s ]

[ 2016-05-11T02:26:38+08:00 ] ::1 /rongfei/Home/List/index/type/1.html
INFO: [ app_init ] --START--
INFO: Run Behavior\BuildLiteBehavior [ RunTime:0.000000s ]
INFO: [ app_init ] --END-- [ RunTime:0.000000s ]
INFO: [ app_begin ] --START--
INFO: Run Behavior\ReadHtmlCacheBehavior [ RunTime:0.000000s ]
INFO: [ app_begin ] --END-- [ RunTime:0.000000s ]
SQL: SHOW COLUMNS FROM `lazy_category` [ RunTime:0.0020s ]
SQL: SELECT `cat_id` FROM `lazy_category` WHERE `pid` = 1  [ RunTime:0.0000s ]
SQL: SHOW COLUMNS FROM `lazy_news` [ RunTime:0.0020s ]
SQL: SELECT `pid` FROM `lazy_category` WHERE ( cat_id =1 ) LIMIT 1   [ RunTime:0.0000s ]
SQL: SELECT * FROM `lazy_news` ORDER BY pubtime desc LIMIT 0,15   [ RunTime:0.0000s ]
SQL: SELECT COUNT(*) AS tp_count FROM `lazy_news` LIMIT 1   [ RunTime:0.0000s ]
INFO: [ view_parse ] --START--
INFO: [ template_filter ] --START--
INFO: Run Behavior\ContentReplaceBehavior [ RunTime:0.000000s ]
INFO: [ template_filter ] --END-- [ RunTime:0.000000s ]
INFO: Run Behavior\ParseTemplateBehavior [ RunTime:0.006000s ]
INFO: [ view_parse ] --END-- [ RunTime:0.006000s ]
INFO: [ view_filter ] --START--
INFO: Run Behavior\WriteHtmlCacheBehavior [ RunTime:0.000000s ]
INFO: [ view_filter ] --END-- [ RunTime:0.000000s ]
INFO: [ app_end ] --START--
INFO: Run Behavior\ShowPageTraceBehavior [ RunTime:0.001000s ]
INFO: [ app_end ] --END-- [ RunTime:0.001000s ]

[ 2016-05-11T02:27:05+08:00 ] ::1 /rongfei/Home/Index/index/cat_id/35.html
INFO: [ app_init ] --START--
INFO: Run Behavior\BuildLiteBehavior [ RunTime:0.000000s ]
INFO: [ app_init ] --END-- [ RunTime:0.000000s ]
INFO: [ app_begin ] --START--
INFO: Run Behavior\ReadHtmlCacheBehavior [ RunTime:0.000000s ]
INFO: [ app_begin ] --END-- [ RunTime:0.000000s ]
SQL: SHOW COLUMNS FROM `lazy_category` [ RunTime:0.0030s ]
SQL: SELECT * FROM `lazy_category` ORDER BY sort asc  [ RunTime:0.0010s ]
SQL: SELECT * FROM `lazy_category` WHERE ( pid = 0 )  [ RunTime:0.0000s ]
SQL: SELECT `type` FROM `lazy_category` WHERE ( cat_id =35 ) LIMIT 1   [ RunTime:0.0000s ]
INFO: [ view_parse ] --START--
INFO: [ template_filter ] --START--
INFO: Run Behavior\ContentReplaceBehavior [ RunTime:0.000000s ]
INFO: [ template_filter ] --END-- [ RunTime:0.000000s ]
INFO: Run Behavior\ParseTemplateBehavior [ RunTime:0.007000s ]
INFO: [ view_parse ] --END-- [ RunTime:0.007000s ]
INFO: [ view_filter ] --START--
INFO: Run Behavior\WriteHtmlCacheBehavior [ RunTime:0.000000s ]
INFO: [ view_filter ] --END-- [ RunTime:0.000000s ]
INFO: [ app_end ] --START--
INFO: Run Behavior\ShowPageTraceBehavior [ RunTime:0.001000s ]
INFO: [ app_end ] --END-- [ RunTime:0.001000s ]

[ 2016-05-11T02:27:05+08:00 ] ::1 /rongfei/Home/List/index/type/1.html
INFO: [ app_init ] --START--
INFO: Run Behavior\BuildLiteBehavior [ RunTime:0.000000s ]
INFO: [ app_init ] --END-- [ RunTime:0.000000s ]
INFO: [ app_begin ] --START--
INFO: Run Behavior\ReadHtmlCacheBehavior [ RunTime:0.000000s ]
INFO: [ app_begin ] --END-- [ RunTime:0.000000s ]
SQL: SHOW COLUMNS FROM `lazy_category` [ RunTime:0.0020s ]
SQL: SELECT `cat_id` FROM `lazy_category` WHERE `pid` = 1  [ RunTime:0.0000s ]
SQL: SHOW COLUMNS FROM `lazy_news` [ RunTime:0.0010s ]
SQL: SELECT `pid` FROM `lazy_category` WHERE ( cat_id =1 ) LIMIT 1   [ RunTime:0.0010s ]
SQL: SELECT * FROM `lazy_news` ORDER BY pubtime desc LIMIT 0,15   [ RunTime:0.0000s ]
SQL: SELECT COUNT(*) AS tp_count FROM `lazy_news` LIMIT 1   [ RunTime:0.0000s ]
INFO: [ view_parse ] --START--
INFO: [ template_filter ] --START--
INFO: Run Behavior\ContentReplaceBehavior [ RunTime:0.000000s ]
INFO: [ template_filter ] --END-- [ RunTime:0.000000s ]
INFO: Run Behavior\ParseTemplateBehavior [ RunTime:0.005000s ]
INFO: [ view_parse ] --END-- [ RunTime:0.005000s ]
INFO: [ view_filter ] --START--
INFO: Run Behavior\WriteHtmlCacheBehavior [ RunTime:0.000000s ]
INFO: [ view_filter ] --END-- [ RunTime:0.000000s ]
INFO: [ app_end ] --START--
INFO: Run Behavior\ShowPageTraceBehavior [ RunTime:0.001000s ]
INFO: [ app_end ] --END-- [ RunTime:0.001000s ]

[ 2016-05-11T02:27:07+08:00 ] ::1 /rongfei/Home/List/index/cat_id/40/type/1.html
INFO: [ app_init ] --START--
INFO: Run Behavior\BuildLiteBehavior [ RunTime:0.000000s ]
INFO: [ app_init ] --END-- [ RunTime:0.000000s ]
INFO: [ app_begin ] --START--
INFO: Run Behavior\ReadHtmlCacheBehavior [ RunTime:0.001000s ]
INFO: [ app_begin ] --END-- [ RunTime:0.001000s ]
SQL: SHOW COLUMNS FROM `lazy_category` [ RunTime:0.0030s ]
SQL: SELECT `cat_id` FROM `lazy_category` WHERE `pid` = 40  [ RunTime:0.0000s ]
SQL: SHOW COLUMNS FROM `lazy_news` [ RunTime:0.0030s ]
SQL: SELECT `pid` FROM `lazy_category` WHERE ( cat_id =40 ) LIMIT 1   [ RunTime:0.0010s ]
SQL: SELECT * FROM `lazy_news` WHERE `cat_id` = 40 ORDER BY pubtime desc LIMIT 0,15   [ RunTime:0.0000s ]
SQL: SELECT COUNT(*) AS tp_count FROM `lazy_news` WHERE `cat_id` = 40 LIMIT 1   [ RunTime:0.0010s ]
INFO: [ view_parse ] --START--
INFO: [ template_filter ] --START--
INFO: Run Behavior\ContentReplaceBehavior [ RunTime:0.000000s ]
INFO: [ template_filter ] --END-- [ RunTime:0.000000s ]
INFO: Run Behavior\ParseTemplateBehavior [ RunTime:0.006000s ]
INFO: [ view_parse ] --END-- [ RunTime:0.006000s ]
INFO: [ view_filter ] --START--
INFO: Run Behavior\WriteHtmlCacheBehavior [ RunTime:0.000000s ]
INFO: [ view_filter ] --END-- [ RunTime:0.000000s ]
INFO: [ app_end ] --START--
INFO: Run Behavior\ShowPageTraceBehavior [ RunTime:0.000000s ]
INFO: [ app_end ] --END-- [ RunTime:0.000000s ]

[ 2016-05-11T02:27:08+08:00 ] ::1 /rongfei/Home/List/index/cat_id/41/type/1.html
INFO: [ app_init ] --START--
INFO: Run Behavior\BuildLiteBehavior [ RunTime:0.000000s ]
INFO: [ app_init ] --END-- [ RunTime:0.001000s ]
INFO: [ app_begin ] --START--
INFO: Run Behavior\ReadHtmlCacheBehavior [ RunTime:0.001000s ]
INFO: [ app_begin ] --END-- [ RunTime:0.001000s ]
SQL: SHOW COLUMNS FROM `lazy_category` [ RunTime:0.0020s ]
SQL: SELECT `cat_id` FROM `lazy_category` WHERE `pid` = 41  [ RunTime:0.0000s ]
SQL: SHOW COLUMNS FROM `lazy_news` [ RunTime:0.0020s ]
SQL: SELECT `pid` FROM `lazy_category` WHERE ( cat_id =41 ) LIMIT 1   [ RunTime:0.0000s ]
SQL: SELECT * FROM `lazy_news` WHERE `cat_id` = 41 ORDER BY pubtime desc LIMIT 0,15   [ RunTime:0.0000s ]
SQL: SELECT COUNT(*) AS tp_count FROM `lazy_news` WHERE `cat_id` = 41 LIMIT 1   [ RunTime:0.0000s ]
INFO: [ view_parse ] --START--
INFO: [ template_filter ] --START--
INFO: Run Behavior\ContentReplaceBehavior [ RunTime:0.000000s ]
INFO: [ template_filter ] --END-- [ RunTime:0.000000s ]
INFO: Run Behavior\ParseTemplateBehavior [ RunTime:0.007000s ]
INFO: [ view_parse ] --END-- [ RunTime:0.007000s ]
INFO: [ view_filter ] --START--
INFO: Run Behavior\WriteHtmlCacheBehavior [ RunTime:0.000000s ]
INFO: [ view_filter ] --END-- [ RunTime:0.000000s ]
INFO: [ app_end ] --START--
INFO: Run Behavior\ShowPageTraceBehavior [ RunTime:0.001000s ]
INFO: [ app_end ] --END-- [ RunTime:0.001000s ]

[ 2016-05-11T02:37:17+08:00 ] ::1 /rongfei/Home/Index/index.html
INFO: [ app_init ] --START--
INFO: Run Behavior\BuildLiteBehavior [ RunTime:0.000000s ]
INFO: [ app_init ] --END-- [ RunTime:0.001000s ]
INFO: [ app_begin ] --START--
INFO: Run Behavior\ReadHtmlCacheBehavior [ RunTime:0.000000s ]
INFO: [ app_begin ] --END-- [ RunTime:0.000000s ]
SQL: SHOW COLUMNS FROM `lazy_category` [ RunTime:0.0030s ]
SQL: SELECT * FROM `lazy_category` ORDER BY sort asc  [ RunTime:0.0000s ]
SQL: SELECT * FROM `lazy_category` WHERE ( pid = 0 )  [ RunTime:0.0010s ]
SQL: SELECT `type` FROM `lazy_category` WHERE ( cat_id =35 ) LIMIT 1   [ RunTime:0.0000s ]
INFO: [ view_parse ] --START--
INFO: [ template_filter ] --START--
INFO: Run Behavior\ContentReplaceBehavior [ RunTime:0.000000s ]
INFO: [ template_filter ] --END-- [ RunTime:0.000000s ]
INFO: Run Behavior\ParseTemplateBehavior [ RunTime:0.011001s ]
INFO: [ view_parse ] --END-- [ RunTime:0.011001s ]
INFO: [ view_filter ] --START--
INFO: Run Behavior\WriteHtmlCacheBehavior [ RunTime:0.001000s ]
INFO: [ view_filter ] --END-- [ RunTime:0.001000s ]
INFO: [ app_end ] --START--
INFO: Run Behavior\ShowPageTraceBehavior [ RunTime:0.000000s ]
INFO: [ app_end ] --END-- [ RunTime:0.000000s ]

[ 2016-05-11T02:37:17+08:00 ] ::1 /rongfei/Home/List/index/type/1.html
INFO: [ app_init ] --START--
INFO: Run Behavior\BuildLiteBehavior [ RunTime:0.000000s ]
INFO: [ app_init ] --END-- [ RunTime:0.000000s ]
INFO: [ app_begin ] --START--
INFO: Run Behavior\ReadHtmlCacheBehavior [ RunTime:0.000000s ]
INFO: [ app_begin ] --END-- [ RunTime:0.000000s ]
SQL: SHOW COLUMNS FROM `lazy_category` [ RunTime:0.0020s ]
SQL: SELECT `cat_id` FROM `lazy_category` WHERE `pid` = 1  [ RunTime:0.0000s ]
SQL: SHOW COLUMNS FROM `lazy_news` [ RunTime:0.0020s ]
SQL: SELECT `pid` FROM `lazy_category` WHERE ( cat_id =1 ) LIMIT 1   [ RunTime:0.0000s ]
SQL: SELECT * FROM `lazy_news` ORDER BY pubtime desc LIMIT 0,15   [ RunTime:0.0000s ]
SQL: SELECT COUNT(*) AS tp_count FROM `lazy_news` LIMIT 1   [ RunTime:0.0000s ]
INFO: [ view_parse ] --START--
INFO: [ template_filter ] --START--
INFO: Run Behavior\ContentReplaceBehavior [ RunTime:0.000000s ]
INFO: [ template_filter ] --END-- [ RunTime:0.000000s ]
INFO: Run Behavior\ParseTemplateBehavior [ RunTime:0.006001s ]
INFO: [ view_parse ] --END-- [ RunTime:0.006001s ]
INFO: [ view_filter ] --START--
INFO: Run Behavior\WriteHtmlCacheBehavior [ RunTime:0.000000s ]
INFO: [ view_filter ] --END-- [ RunTime:0.000000s ]
INFO: [ app_end ] --START--
INFO: Run Behavior\ShowPageTraceBehavior [ RunTime:0.000000s ]
INFO: [ app_end ] --END-- [ RunTime:0.000000s ]

[ 2016-05-11T02:37:18+08:00 ] ::1 /rongfei/Home/List/index/cat_id/41/type/1.html
INFO: [ app_init ] --START--
INFO: Run Behavior\BuildLiteBehavior [ RunTime:0.000000s ]
INFO: [ app_init ] --END-- [ RunTime:0.001000s ]
INFO: [ app_begin ] --START--
INFO: Run Behavior\ReadHtmlCacheBehavior [ RunTime:0.001000s ]
INFO: [ app_begin ] --END-- [ RunTime:0.001000s ]
SQL: SHOW COLUMNS FROM `lazy_category` [ RunTime:0.0030s ]
SQL: SELECT `cat_id` FROM `lazy_category` WHERE `pid` = 41  [ RunTime:0.0000s ]
SQL: SHOW COLUMNS FROM `lazy_news` [ RunTime:0.0020s ]
SQL: SELECT `pid` FROM `lazy_category` WHERE ( cat_id =41 ) LIMIT 1   [ RunTime:0.0000s ]
SQL: SELECT * FROM `lazy_news` WHERE `cat_id` = 41 ORDER BY pubtime desc LIMIT 0,15   [ RunTime:0.0010s ]
SQL: SELECT COUNT(*) AS tp_count FROM `lazy_news` WHERE `cat_id` = 41 LIMIT 1   [ RunTime:0.0000s ]
INFO: [ view_parse ] --START--
INFO: [ template_filter ] --START--
INFO: Run Behavior\ContentReplaceBehavior [ RunTime:0.000000s ]
INFO: [ template_filter ] --END-- [ RunTime:0.000000s ]
INFO: Run Behavior\ParseTemplateBehavior [ RunTime:0.010000s ]
INFO: [ view_parse ] --END-- [ RunTime:0.010000s ]
INFO: [ view_filter ] --START--
INFO: Run Behavior\WriteHtmlCacheBehavior [ RunTime:0.000000s ]
INFO: [ view_filter ] --END-- [ RunTime:0.000000s ]
INFO: [ app_end ] --START--
INFO: Run Behavior\ShowPageTraceBehavior [ RunTime:0.001000s ]
INFO: [ app_end ] --END-- [ RunTime:0.001000s ]

[ 2016-05-11T02:37:20+08:00 ] ::1 /rongfei/Home/List/index/cat_id/40/type/1.html
INFO: [ app_init ] --START--
INFO: Run Behavior\BuildLiteBehavior [ RunTime:0.000000s ]
INFO: [ app_init ] --END-- [ RunTime:0.000000s ]
INFO: [ app_begin ] --START--
INFO: Run Behavior\ReadHtmlCacheBehavior [ RunTime:0.000000s ]
INFO: [ app_begin ] --END-- [ RunTime:0.000000s ]
SQL: SHOW COLUMNS FROM `lazy_category` [ RunTime:0.0020s ]
SQL: SELECT `cat_id` FROM `lazy_category` WHERE `pid` = 40  [ RunTime:0.0010s ]
SQL: SHOW COLUMNS FROM `lazy_news` [ RunTime:0.0020s ]
SQL: SELECT `pid` FROM `lazy_category` WHERE ( cat_id =40 ) LIMIT 1   [ RunTime:0.0000s ]
SQL: SELECT * FROM `lazy_news` WHERE `cat_id` = 40 ORDER BY pubtime desc LIMIT 0,15   [ RunTime:0.0000s ]
SQL: SELECT COUNT(*) AS tp_count FROM `lazy_news` WHERE `cat_id` = 40 LIMIT 1   [ RunTime:0.0000s ]
INFO: [ view_parse ] --START--
INFO: [ template_filter ] --START--
INFO: Run Behavior\ContentReplaceBehavior [ RunTime:0.000000s ]
INFO: [ template_filter ] --END-- [ RunTime:0.000000s ]
INFO: Run Behavior\ParseTemplateBehavior [ RunTime:0.007001s ]
INFO: [ view_parse ] --END-- [ RunTime:0.007001s ]
INFO: [ view_filter ] --START--
INFO: Run Behavior\WriteHtmlCacheBehavior [ RunTime:0.000000s ]
INFO: [ view_filter ] --END-- [ RunTime:0.000000s ]
INFO: [ app_end ] --START--
INFO: Run Behavior\ShowPageTraceBehavior [ RunTime:0.001000s ]
INFO: [ app_end ] --END-- [ RunTime:0.001000s ]

[ 2016-05-11T02:37:21+08:00 ] ::1 /rongfei/Home/List/index/cat_id/39/type/1.html
INFO: [ app_init ] --START--
INFO: Run Behavior\BuildLiteBehavior [ RunTime:0.000000s ]
INFO: [ app_init ] --END-- [ RunTime:0.001000s ]
INFO: [ app_begin ] --START--
INFO: Run Behavior\ReadHtmlCacheBehavior [ RunTime:0.001000s ]
INFO: [ app_begin ] --END-- [ RunTime:0.001000s ]
SQL: SHOW COLUMNS FROM `lazy_category` [ RunTime:0.0020s ]
SQL: SELECT `cat_id` FROM `lazy_category` WHERE `pid` = 39  [ RunTime:0.0000s ]
SQL: SELECT `cat_id` FROM `lazy_category` WHERE `pid` = 39  [ RunTime:0.0000s ]
NOTIC: [8] Use of undefined constant in - assumed 'in' F:\workplace\rongfei\Apps\Home\Controller\ListController.class.php 第 13 行.
SQL: SHOW COLUMNS FROM `lazy_news` [ RunTime:0.0020s ]
SQL: SELECT `pid` FROM `lazy_category` WHERE ( cat_id =39 ) LIMIT 1   [ RunTime:0.0000s ]
SQL: SELECT * FROM `lazy_news` WHERE `cat_id` IN ('40','41') ORDER BY pubtime desc LIMIT 0,15   [ RunTime:0.0000s ]
SQL: SELECT COUNT(*) AS tp_count FROM `lazy_news` WHERE `cat_id` IN ('40','41') LIMIT 1   [ RunTime:0.0010s ]
INFO: [ view_parse ] --START--
INFO: [ template_filter ] --START--
INFO: Run Behavior\ContentReplaceBehavior [ RunTime:0.000000s ]
INFO: [ template_filter ] --END-- [ RunTime:0.000000s ]
INFO: Run Behavior\ParseTemplateBehavior [ RunTime:0.007000s ]
INFO: [ view_parse ] --END-- [ RunTime:0.007000s ]
INFO: [ view_filter ] --START--
INFO: Run Behavior\WriteHtmlCacheBehavior [ RunTime:0.001000s ]
INFO: [ view_filter ] --END-- [ RunTime:0.001000s ]
INFO: [ app_end ] --START--
INFO: Run Behavior\ShowPageTraceBehavior [ RunTime:0.000000s ]
INFO: [ app_end ] --END-- [ RunTime:0.000000s ]

