[ 2016-05-09T00:11:00+08:00 ] ::1 /rongfei/Home/Index/index.html
INFO: [ app_init ] --START--
INFO: Run Behavior\BuildLiteBehavior [ RunTime:0.000000s ]
INFO: [ app_init ] --END-- [ RunTime:0.001000s ]
INFO: [ app_begin ] --START--
INFO: Run Behavior\ReadHtmlCacheBehavior [ RunTime:0.001000s ]
INFO: [ app_begin ] --END-- [ RunTime:0.001000s ]
SQL: SHOW COLUMNS FROM `lazy_category` [ RunTime:0.0030s ]
SQL: SELECT * FROM `lazy_category` ORDER BY sort asc  [ RunTime:0.0000s ]
SQL: SELECT * FROM `lazy_category` WHERE ( pid = 0 )  [ RunTime:0.0010s ]
INFO: [ view_parse ] --START--
INFO: [ template_filter ] --START--
INFO: Run Behavior\ContentReplaceBehavior [ RunTime:0.000000s ]
INFO: [ template_filter ] --END-- [ RunTime:0.000000s ]
INFO: Run Behavior\ParseTemplateBehavior [ RunTime:0.007000s ]
INFO: [ view_parse ] --END-- [ RunTime:0.007000s ]
INFO: [ view_filter ] --START--
INFO: Run Behavior\WriteHtmlCacheBehavior [ RunTime:0.001000s ]
INFO: [ view_filter ] --END-- [ RunTime:0.001000s ]
INFO: [ app_end ] --START--
INFO: Run Behavior\ShowPageTraceBehavior [ RunTime:0.001000s ]
INFO: [ app_end ] --END-- [ RunTime:0.001000s ]

[ 2016-05-09T00:11:00+08:00 ] ::1 /rongfei/Home/List/index/type/1.html
INFO: [ app_init ] --START--
INFO: Run Behavior\BuildLiteBehavior [ RunTime:0.000000s ]
INFO: [ app_init ] --END-- [ RunTime:0.001000s ]
INFO: [ app_begin ] --START--
INFO: Run Behavior\ReadHtmlCacheBehavior [ RunTime:0.001000s ]
INFO: [ app_begin ] --END-- [ RunTime:0.001000s ]
SQL: SHOW COLUMNS FROM `lazy_category` [ RunTime:0.0020s ]
SQL: SELECT `cat_id` FROM `lazy_category` WHERE `pid` = 1  [ RunTime:0.0000s ]
SQL: SELECT `cat_id` FROM `lazy_category` WHERE `pid` = 1  [ RunTime:0.0000s ]
NOTIC: [8] Use of undefined constant in - assumed 'in' F:\workplace\rongfei\Apps\Home\Controller\ListController.class.php 第 13 行.
SQL: SHOW COLUMNS FROM `lazy_news` [ RunTime:0.0020s ]
SQL: SELECT * FROM `lazy_news` ORDER BY pubtime desc LIMIT 0,15   [ RunTime:0.0000s ]
SQL: SHOW COLUMNS FROM `lazy_category` [ RunTime:0.0020s ]
SQL: SELECT `name` FROM `lazy_category` WHERE ( 1=1 AND cat_id='28' ) LIMIT 1   [ RunTime:0.0010s ]
SQL: SELECT `name` FROM `lazy_category` WHERE ( 1=1 AND cat_id='28' ) LIMIT 1   [ RunTime:0.0000s ]
SQL: SELECT `name` FROM `lazy_category` WHERE ( 1=1 AND cat_id='28' ) LIMIT 1   [ RunTime:0.0000s ]
SQL: SELECT COUNT(*) AS tp_count FROM `lazy_news` LIMIT 1   [ RunTime:0.0000s ]

[ 2016-05-09T00:11:42+08:00 ] ::1 /rongfei/Home/Index/index.html
INFO: [ app_init ] --START--
INFO: Run Behavior\BuildLiteBehavior [ RunTime:0.000000s ]
INFO: [ app_init ] --END-- [ RunTime:0.001000s ]
INFO: [ app_begin ] --START--
INFO: Run Behavior\ReadHtmlCacheBehavior [ RunTime:0.001000s ]
INFO: [ app_begin ] --END-- [ RunTime:0.001000s ]
SQL: SHOW COLUMNS FROM `lazy_category` [ RunTime:0.0030s ]
SQL: SELECT * FROM `lazy_category` ORDER BY sort asc  [ RunTime:0.0010s ]
SQL: SELECT * FROM `lazy_category` WHERE ( pid = 0 )  [ RunTime:0.0000s ]
INFO: [ view_parse ] --START--
INFO: [ template_filter ] --START--
INFO: Run Behavior\ContentReplaceBehavior [ RunTime:0.000000s ]
INFO: [ template_filter ] --END-- [ RunTime:0.000000s ]
INFO: Run Behavior\ParseTemplateBehavior [ RunTime:0.011000s ]
INFO: [ view_parse ] --END-- [ RunTime:0.011000s ]
INFO: [ view_filter ] --START--
INFO: Run Behavior\WriteHtmlCacheBehavior [ RunTime:0.000000s ]
INFO: [ view_filter ] --END-- [ RunTime:0.000000s ]
INFO: [ app_end ] --START--
INFO: Run Behavior\ShowPageTraceBehavior [ RunTime:0.001000s ]
INFO: [ app_end ] --END-- [ RunTime:0.001000s ]

[ 2016-05-09T00:11:42+08:00 ] ::1 /rongfei/Home/List/index/type/1.html
INFO: [ app_init ] --START--
INFO: Run Behavior\BuildLiteBehavior [ RunTime:0.000000s ]
INFO: [ app_init ] --END-- [ RunTime:0.000000s ]
INFO: [ app_begin ] --START--
INFO: Run Behavior\ReadHtmlCacheBehavior [ RunTime:0.000000s ]
INFO: [ app_begin ] --END-- [ RunTime:0.000000s ]
SQL: SHOW COLUMNS FROM `lazy_category` [ RunTime:0.0020s ]
SQL: SELECT `cat_id` FROM `lazy_category` WHERE `pid` = 1  [ RunTime:0.0000s ]
SQL: SELECT `cat_id` FROM `lazy_category` WHERE `pid` = 1  [ RunTime:0.0000s ]
NOTIC: [8] Use of undefined constant in - assumed 'in' F:\workplace\rongfei\Apps\Home\Controller\ListController.class.php 第 13 行.
SQL: SHOW COLUMNS FROM `lazy_news` [ RunTime:0.0020s ]
SQL: SELECT * FROM `lazy_news` ORDER BY pubtime desc LIMIT 0,15   [ RunTime:0.0000s ]
SQL: SHOW COLUMNS FROM `lazy_category` [ RunTime:0.0020s ]
SQL: SELECT `name` FROM `lazy_category` WHERE ( 1=1 AND cat_id='28' ) LIMIT 1   [ RunTime:0.0000s ]
SQL: SELECT `name` FROM `lazy_category` WHERE ( 1=1 AND cat_id='28' ) LIMIT 1   [ RunTime:0.0000s ]
SQL: SELECT `name` FROM `lazy_category` WHERE ( 1=1 AND cat_id='28' ) LIMIT 1   [ RunTime:0.0000s ]
SQL: SELECT COUNT(*) AS tp_count FROM `lazy_news` LIMIT 1   [ RunTime:0.0000s ]

[ 2016-05-09T00:11:51+08:00 ] ::1 /rongfei/Home/Index/index.html
INFO: [ app_init ] --START--
INFO: Run Behavior\BuildLiteBehavior [ RunTime:0.000000s ]
INFO: [ app_init ] --END-- [ RunTime:0.000000s ]
INFO: [ app_begin ] --START--
INFO: Run Behavior\ReadHtmlCacheBehavior [ RunTime:0.000000s ]
INFO: [ app_begin ] --END-- [ RunTime:0.000000s ]
SQL: SHOW COLUMNS FROM `lazy_category` [ RunTime:0.0020s ]
SQL: SELECT * FROM `lazy_category` ORDER BY sort asc  [ RunTime:0.0010s ]
SQL: SELECT * FROM `lazy_category` WHERE ( pid = 0 )  [ RunTime:0.0000s ]
INFO: [ view_parse ] --START--
INFO: [ template_filter ] --START--
INFO: Run Behavior\ContentReplaceBehavior [ RunTime:0.000000s ]
INFO: [ template_filter ] --END-- [ RunTime:0.000000s ]
INFO: Run Behavior\ParseTemplateBehavior [ RunTime:0.008001s ]
INFO: [ view_parse ] --END-- [ RunTime:0.008001s ]
INFO: [ view_filter ] --START--
INFO: Run Behavior\WriteHtmlCacheBehavior [ RunTime:0.001000s ]
INFO: [ view_filter ] --END-- [ RunTime:0.001000s ]
INFO: [ app_end ] --START--
INFO: Run Behavior\ShowPageTraceBehavior [ RunTime:0.000000s ]
INFO: [ app_end ] --END-- [ RunTime:0.000000s ]

[ 2016-05-09T00:11:51+08:00 ] ::1 /rongfei/Home/List/index/type/1.html
INFO: [ app_init ] --START--
INFO: Run Behavior\BuildLiteBehavior [ RunTime:0.000000s ]
INFO: [ app_init ] --END-- [ RunTime:0.000000s ]
INFO: [ app_begin ] --START--
INFO: Run Behavior\ReadHtmlCacheBehavior [ RunTime:0.001000s ]
INFO: [ app_begin ] --END-- [ RunTime:0.001000s ]
SQL: SHOW COLUMNS FROM `lazy_category` [ RunTime:0.0020s ]
SQL: SELECT `cat_id` FROM `lazy_category` WHERE `pid` = 1  [ RunTime:0.0000s ]
SQL: SELECT `cat_id` FROM `lazy_category` WHERE `pid` = 1  [ RunTime:0.0000s ]
NOTIC: [8] Use of undefined constant in - assumed 'in' F:\workplace\rongfei\Apps\Home\Controller\ListController.class.php 第 13 行.
SQL: SHOW COLUMNS FROM `lazy_news` [ RunTime:0.0020s ]
SQL: SELECT * FROM `lazy_news` ORDER BY pubtime desc LIMIT 0,15   [ RunTime:0.0010s ]
SQL: SHOW COLUMNS FROM `lazy_category` [ RunTime:0.0020s ]
SQL: SELECT `name` FROM `lazy_category` WHERE ( 1=1 AND cat_id='28' ) LIMIT 1   [ RunTime:0.0000s ]
SQL: SELECT `name` FROM `lazy_category` WHERE ( 1=1 AND cat_id='28' ) LIMIT 1   [ RunTime:0.0010s ]
SQL: SELECT `name` FROM `lazy_category` WHERE ( 1=1 AND cat_id='28' ) LIMIT 1   [ RunTime:0.0000s ]
SQL: SELECT COUNT(*) AS tp_count FROM `lazy_news` LIMIT 1   [ RunTime:0.0000s ]

[ 2016-05-09T00:12:23+08:00 ] ::1 /rongfei/Home/Index/index.html
INFO: [ app_init ] --START--
INFO: Run Behavior\BuildLiteBehavior [ RunTime:0.000000s ]
INFO: [ app_init ] --END-- [ RunTime:0.000000s ]
INFO: [ app_begin ] --START--
INFO: Run Behavior\ReadHtmlCacheBehavior [ RunTime:0.001000s ]
INFO: [ app_begin ] --END-- [ RunTime:0.001000s ]
SQL: SHOW COLUMNS FROM `lazy_category` [ RunTime:0.0050s ]
SQL: SELECT * FROM `lazy_category` ORDER BY sort asc  [ RunTime:0.0000s ]
SQL: SELECT * FROM `lazy_category` WHERE ( pid = 0 )  [ RunTime:0.0000s ]
INFO: [ view_parse ] --START--
INFO: [ template_filter ] --START--
INFO: Run Behavior\ContentReplaceBehavior [ RunTime:0.000000s ]
INFO: [ template_filter ] --END-- [ RunTime:0.001000s ]
INFO: Run Behavior\ParseTemplateBehavior [ RunTime:0.011001s ]
INFO: [ view_parse ] --END-- [ RunTime:0.011001s ]
INFO: [ view_filter ] --START--
INFO: Run Behavior\WriteHtmlCacheBehavior [ RunTime:0.001000s ]
INFO: [ view_filter ] --END-- [ RunTime:0.001000s ]
INFO: [ app_end ] --START--
INFO: Run Behavior\ShowPageTraceBehavior [ RunTime:0.001000s ]
INFO: [ app_end ] --END-- [ RunTime:0.001000s ]

[ 2016-05-09T00:12:23+08:00 ] ::1 /rongfei/Home/List/index/type/1.html
INFO: [ app_init ] --START--
INFO: Run Behavior\BuildLiteBehavior [ RunTime:0.000000s ]
INFO: [ app_init ] --END-- [ RunTime:0.000000s ]
INFO: [ app_begin ] --START--
INFO: Run Behavior\ReadHtmlCacheBehavior [ RunTime:0.001000s ]
INFO: [ app_begin ] --END-- [ RunTime:0.001000s ]
SQL: SHOW COLUMNS FROM `lazy_category` [ RunTime:0.0020s ]
SQL: SELECT `cat_id` FROM `lazy_category` WHERE `pid` = 1  [ RunTime:0.0000s ]
SQL: SELECT `cat_id` FROM `lazy_category` WHERE `pid` = 1  [ RunTime:0.0010s ]
NOTIC: [8] Use of undefined constant in - assumed 'in' F:\workplace\rongfei\Apps\Home\Controller\ListController.class.php 第 13 行.
SQL: SHOW COLUMNS FROM `lazy_news` [ RunTime:0.0030s ]
SQL: SELECT * FROM `lazy_news` ORDER BY pubtime desc LIMIT 0,15   [ RunTime:0.0000s ]
SQL: SHOW COLUMNS FROM `lazy_category` [ RunTime:0.0020s ]
SQL: SELECT `name` FROM `lazy_category` WHERE ( 1=1 AND cat_id='28' ) LIMIT 1   [ RunTime:0.0000s ]
SQL: SELECT `name` FROM `lazy_category` WHERE ( 1=1 AND cat_id='28' ) LIMIT 1   [ RunTime:0.0000s ]
SQL: SELECT `name` FROM `lazy_category` WHERE ( 1=1 AND cat_id='28' ) LIMIT 1   [ RunTime:0.0000s ]
SQL: SELECT COUNT(*) AS tp_count FROM `lazy_news` LIMIT 1   [ RunTime:0.0000s ]

[ 2016-05-09T00:12:43+08:00 ] ::1 /rongfei/Home/Index/index.html
INFO: [ app_init ] --START--
INFO: Run Behavior\BuildLiteBehavior [ RunTime:0.000000s ]
INFO: [ app_init ] --END-- [ RunTime:0.001001s ]
INFO: [ app_begin ] --START--
INFO: Run Behavior\ReadHtmlCacheBehavior [ RunTime:0.001000s ]
INFO: [ app_begin ] --END-- [ RunTime:0.001000s ]
SQL: SHOW COLUMNS FROM `lazy_category` [ RunTime:0.0020s ]
SQL: SELECT * FROM `lazy_category` ORDER BY sort asc  [ RunTime:0.0000s ]
SQL: SELECT * FROM `lazy_category` WHERE ( pid = 0 )  [ RunTime:0.0000s ]
INFO: [ view_parse ] --START--
INFO: [ template_filter ] --START--
INFO: Run Behavior\ContentReplaceBehavior [ RunTime:0.000000s ]
INFO: [ template_filter ] --END-- [ RunTime:0.000000s ]
INFO: Run Behavior\ParseTemplateBehavior [ RunTime:0.007001s ]
INFO: [ view_parse ] --END-- [ RunTime:0.007001s ]
INFO: [ view_filter ] --START--
INFO: Run Behavior\WriteHtmlCacheBehavior [ RunTime:0.000000s ]
INFO: [ view_filter ] --END-- [ RunTime:0.000000s ]
INFO: [ app_end ] --START--
INFO: Run Behavior\ShowPageTraceBehavior [ RunTime:0.001000s ]
INFO: [ app_end ] --END-- [ RunTime:0.001000s ]

[ 2016-05-09T00:12:43+08:00 ] ::1 /rongfei/Home/List/index/type/1.html
INFO: [ app_init ] --START--
INFO: Run Behavior\BuildLiteBehavior [ RunTime:0.000000s ]
INFO: [ app_init ] --END-- [ RunTime:0.000000s ]
INFO: [ app_begin ] --START--
INFO: Run Behavior\ReadHtmlCacheBehavior [ RunTime:0.000000s ]
INFO: [ app_begin ] --END-- [ RunTime:0.000000s ]
SQL: SHOW COLUMNS FROM `lazy_category` [ RunTime:0.0020s ]
SQL: SELECT `cat_id` FROM `lazy_category` WHERE `pid` = 1  [ RunTime:0.0010s ]
SQL: SELECT `cat_id` FROM `lazy_category` WHERE `pid` = 1  [ RunTime:0.0000s ]
NOTIC: [8] Use of undefined constant in - assumed 'in' F:\workplace\rongfei\Apps\Home\Controller\ListController.class.php 第 13 行.
SQL: SHOW COLUMNS FROM `lazy_news` [ RunTime:0.0030s ]
SQL: SELECT * FROM `lazy_news` ORDER BY pubtime desc LIMIT 0,15   [ RunTime:0.0000s ]
SQL: SHOW COLUMNS FROM `lazy_category` [ RunTime:0.0020s ]
SQL: SELECT `name` FROM `lazy_category` WHERE ( 1=1 AND cat_id='28' ) LIMIT 1   [ RunTime:0.0010s ]
SQL: SELECT `name` FROM `lazy_category` WHERE ( 1=1 AND cat_id='28' ) LIMIT 1   [ RunTime:0.0000s ]
SQL: SELECT `name` FROM `lazy_category` WHERE ( 1=1 AND cat_id='28' ) LIMIT 1   [ RunTime:0.0000s ]
SQL: SELECT COUNT(*) AS tp_count FROM `lazy_news` LIMIT 1   [ RunTime:0.0000s ]
INFO: [ view_parse ] --START--
INFO: [ template_filter ] --START--
INFO: Run Behavior\ContentReplaceBehavior [ RunTime:0.000000s ]
INFO: [ template_filter ] --END-- [ RunTime:0.000000s ]
INFO: Run Behavior\ParseTemplateBehavior [ RunTime:0.006000s ]
INFO: [ view_parse ] --END-- [ RunTime:0.006000s ]
INFO: [ view_filter ] --START--
INFO: Run Behavior\WriteHtmlCacheBehavior [ RunTime:0.001000s ]
INFO: [ view_filter ] --END-- [ RunTime:0.001000s ]
INFO: [ app_end ] --START--
INFO: Run Behavior\ShowPageTraceBehavior [ RunTime:0.000000s ]
INFO: [ app_end ] --END-- [ RunTime:0.000000s ]

[ 2016-05-09T00:13:27+08:00 ] ::1 /rongfei/Home/Index/index.html
INFO: [ app_init ] --START--
INFO: Run Behavior\BuildLiteBehavior [ RunTime:0.000000s ]
INFO: [ app_init ] --END-- [ RunTime:0.000000s ]
INFO: [ app_begin ] --START--
INFO: Run Behavior\ReadHtmlCacheBehavior [ RunTime:0.001000s ]
INFO: [ app_begin ] --END-- [ RunTime:0.001000s ]
SQL: SHOW COLUMNS FROM `lazy_category` [ RunTime:0.0020s ]
SQL: SELECT * FROM `lazy_category` ORDER BY sort asc  [ RunTime:0.0010s ]
SQL: SELECT * FROM `lazy_category` WHERE ( pid = 0 )  [ RunTime:0.0000s ]
INFO: [ view_parse ] --START--
INFO: [ template_filter ] --START--
INFO: Run Behavior\ContentReplaceBehavior [ RunTime:0.000000s ]
INFO: [ template_filter ] --END-- [ RunTime:0.000000s ]
INFO: Run Behavior\ParseTemplateBehavior [ RunTime:0.007000s ]
INFO: [ view_parse ] --END-- [ RunTime:0.007000s ]
INFO: [ view_filter ] --START--
INFO: Run Behavior\WriteHtmlCacheBehavior [ RunTime:0.000000s ]
INFO: [ view_filter ] --END-- [ RunTime:0.000000s ]
INFO: [ app_end ] --START--
INFO: Run Behavior\ShowPageTraceBehavior [ RunTime:0.001000s ]
INFO: [ app_end ] --END-- [ RunTime:0.001000s ]

[ 2016-05-09T00:13:27+08:00 ] ::1 /rongfei/Home/List/index/type/1.html
INFO: [ app_init ] --START--
INFO: Run Behavior\BuildLiteBehavior [ RunTime:0.000000s ]
INFO: [ app_init ] --END-- [ RunTime:0.000000s ]
INFO: [ app_begin ] --START--
INFO: Run Behavior\ReadHtmlCacheBehavior [ RunTime:0.000000s ]
INFO: [ app_begin ] --END-- [ RunTime:0.000000s ]
SQL: SHOW COLUMNS FROM `lazy_category` [ RunTime:0.0020s ]
SQL: SELECT `cat_id` FROM `lazy_category` WHERE `pid` = 1  [ RunTime:0.0000s ]
SQL: SELECT `cat_id` FROM `lazy_category` WHERE `pid` = 1  [ RunTime:0.0000s ]
NOTIC: [8] Use of undefined constant in - assumed 'in' F:\workplace\rongfei\Apps\Home\Controller\ListController.class.php 第 13 行.
SQL: SHOW COLUMNS FROM `lazy_news` [ RunTime:0.0030s ]
SQL: SELECT * FROM `lazy_news` ORDER BY pubtime desc LIMIT 0,15   [ RunTime:0.0010s ]
SQL: SHOW COLUMNS FROM `lazy_category` [ RunTime:0.0020s ]
SQL: SELECT `name` FROM `lazy_category` WHERE ( 1=1 AND cat_id='28' ) LIMIT 1   [ RunTime:0.0000s ]
SQL: SELECT `name` FROM `lazy_category` WHERE ( 1=1 AND cat_id='28' ) LIMIT 1   [ RunTime:0.0010s ]
SQL: SELECT `name` FROM `lazy_category` WHERE ( 1=1 AND cat_id='28' ) LIMIT 1   [ RunTime:0.0000s ]
SQL: SELECT COUNT(*) AS tp_count FROM `lazy_news` LIMIT 1   [ RunTime:0.0000s ]
INFO: [ view_parse ] --START--
INFO: [ template_filter ] --START--
INFO: Run Behavior\ContentReplaceBehavior [ RunTime:0.000000s ]
INFO: [ template_filter ] --END-- [ RunTime:0.000000s ]
INFO: Run Behavior\ParseTemplateBehavior [ RunTime:0.006001s ]
INFO: [ view_parse ] --END-- [ RunTime:0.006001s ]
INFO: [ view_filter ] --START--
INFO: Run Behavior\WriteHtmlCacheBehavior [ RunTime:0.001000s ]
INFO: [ view_filter ] --END-- [ RunTime:0.001000s ]
INFO: [ app_end ] --START--
INFO: Run Behavior\ShowPageTraceBehavior [ RunTime:0.000000s ]
INFO: [ app_end ] --END-- [ RunTime:0.000000s ]

[ 2016-05-09T00:13:57+08:00 ] ::1 /rongfei/Home/Index/index.html
INFO: [ app_init ] --START--
INFO: Run Behavior\BuildLiteBehavior [ RunTime:0.000000s ]
INFO: [ app_init ] --END-- [ RunTime:0.001000s ]
INFO: [ app_begin ] --START--
INFO: Run Behavior\ReadHtmlCacheBehavior [ RunTime:0.001000s ]
INFO: [ app_begin ] --END-- [ RunTime:0.001000s ]
SQL: SHOW COLUMNS FROM `lazy_category` [ RunTime:0.0020s ]
SQL: SELECT * FROM `lazy_category` ORDER BY sort asc  [ RunTime:0.0010s ]
SQL: SELECT * FROM `lazy_category` WHERE ( pid = 0 )  [ RunTime:0.0000s ]
INFO: [ view_parse ] --START--
INFO: [ template_filter ] --START--
INFO: Run Behavior\ContentReplaceBehavior [ RunTime:0.000000s ]
INFO: [ template_filter ] --END-- [ RunTime:0.000000s ]
INFO: Run Behavior\ParseTemplateBehavior [ RunTime:0.008000s ]
INFO: [ view_parse ] --END-- [ RunTime:0.008000s ]
INFO: [ view_filter ] --START--
INFO: Run Behavior\WriteHtmlCacheBehavior [ RunTime:0.000000s ]
INFO: [ view_filter ] --END-- [ RunTime:0.000000s ]
INFO: [ app_end ] --START--
INFO: Run Behavior\ShowPageTraceBehavior [ RunTime:0.001000s ]
INFO: [ app_end ] --END-- [ RunTime:0.001000s ]

[ 2016-05-09T00:13:58+08:00 ] ::1 /rongfei/Home/List/index/type/1.html
INFO: [ app_init ] --START--
INFO: Run Behavior\BuildLiteBehavior [ RunTime:0.000000s ]
INFO: [ app_init ] --END-- [ RunTime:0.000000s ]
INFO: [ app_begin ] --START--
INFO: Run Behavior\ReadHtmlCacheBehavior [ RunTime:0.000000s ]
INFO: [ app_begin ] --END-- [ RunTime:0.000000s ]
SQL: SHOW COLUMNS FROM `lazy_category` [ RunTime:0.0020s ]
SQL: SELECT `cat_id` FROM `lazy_category` WHERE `pid` = 1  [ RunTime:0.0000s ]
SQL: SELECT `cat_id` FROM `lazy_category` WHERE `pid` = 1  [ RunTime:0.0000s ]
NOTIC: [8] Use of undefined constant in - assumed 'in' F:\workplace\rongfei\Apps\Home\Controller\ListController.class.php 第 13 行.
SQL: SHOW COLUMNS FROM `lazy_news` [ RunTime:0.0020s ]
SQL: SELECT * FROM `lazy_news` ORDER BY pubtime desc LIMIT 0,15   [ RunTime:0.0000s ]
SQL: SHOW COLUMNS FROM `lazy_category` [ RunTime:0.0020s ]
SQL: SELECT `name` FROM `lazy_category` WHERE ( 1=1 AND cat_id='28' ) LIMIT 1   [ RunTime:0.0000s ]
SQL: SELECT `name` FROM `lazy_category` WHERE ( 1=1 AND cat_id='28' ) LIMIT 1   [ RunTime:0.0010s ]
SQL: SELECT `name` FROM `lazy_category` WHERE ( 1=1 AND cat_id='28' ) LIMIT 1   [ RunTime:0.0000s ]
SQL: SELECT COUNT(*) AS tp_count FROM `lazy_news` LIMIT 1   [ RunTime:0.0000s ]
INFO: [ view_parse ] --START--
INFO: [ template_filter ] --START--
INFO: Run Behavior\ContentReplaceBehavior [ RunTime:0.000000s ]
INFO: [ template_filter ] --END-- [ RunTime:0.000000s ]
INFO: Run Behavior\ParseTemplateBehavior [ RunTime:0.007000s ]
INFO: [ view_parse ] --END-- [ RunTime:0.007000s ]
INFO: [ view_filter ] --START--
INFO: Run Behavior\WriteHtmlCacheBehavior [ RunTime:0.000000s ]
INFO: [ view_filter ] --END-- [ RunTime:0.000000s ]
INFO: [ app_end ] --START--
INFO: Run Behavior\ShowPageTraceBehavior [ RunTime:0.001000s ]
INFO: [ app_end ] --END-- [ RunTime:0.001000s ]

[ 2016-05-09T00:18:55+08:00 ] ::1 /rongfei/Home/Index/index.html
INFO: [ app_init ] --START--
INFO: Run Behavior\BuildLiteBehavior [ RunTime:0.000000s ]
INFO: [ app_init ] --END-- [ RunTime:0.000000s ]
INFO: [ app_begin ] --START--
INFO: Run Behavior\ReadHtmlCacheBehavior [ RunTime:0.015600s ]
INFO: [ app_begin ] --END-- [ RunTime:0.015600s ]
SQL: SHOW COLUMNS FROM `lazy_category` [ RunTime:0.0020s ]
SQL: SELECT * FROM `lazy_category` ORDER BY sort asc  [ RunTime:0.0000s ]
SQL: SELECT * FROM `lazy_category` WHERE ( pid = 0 )  [ RunTime:0.0000s ]
INFO: [ view_parse ] --START--
INFO: [ template_filter ] --START--
INFO: Run Behavior\ContentReplaceBehavior [ RunTime:0.000000s ]
INFO: [ template_filter ] --END-- [ RunTime:0.000000s ]
INFO: Run Behavior\ParseTemplateBehavior [ RunTime:0.007001s ]
INFO: [ view_parse ] --END-- [ RunTime:0.007001s ]
INFO: [ view_filter ] --START--
INFO: Run Behavior\WriteHtmlCacheBehavior [ RunTime:0.001000s ]
INFO: [ view_filter ] --END-- [ RunTime:0.001000s ]
INFO: [ app_end ] --START--
INFO: Run Behavior\ShowPageTraceBehavior [ RunTime:0.000000s ]
INFO: [ app_end ] --END-- [ RunTime:0.000000s ]

[ 2016-05-09T00:18:55+08:00 ] ::1 /rongfei/Home/List/index/type/1.html
INFO: [ app_init ] --START--
INFO: Run Behavior\BuildLiteBehavior [ RunTime:0.000000s ]
INFO: [ app_init ] --END-- [ RunTime:0.001000s ]
INFO: [ app_begin ] --START--
INFO: Run Behavior\ReadHtmlCacheBehavior [ RunTime:0.000000s ]
INFO: [ app_begin ] --END-- [ RunTime:0.000000s ]
SQL: SHOW COLUMNS FROM `lazy_category` [ RunTime:0.0020s ]
SQL: SELECT `cat_id` FROM `lazy_category` WHERE `pid` = 1  [ RunTime:0.0000s ]
SQL: SELECT `cat_id` FROM `lazy_category` WHERE `pid` = 1  [ RunTime:0.0000s ]
NOTIC: [8] Use of undefined constant in - assumed 'in' F:\workplace\rongfei\Apps\Home\Controller\ListController.class.php 第 13 行.
SQL: SHOW COLUMNS FROM `lazy_news` [ RunTime:0.0020s ]
SQL: SELECT * FROM `lazy_news` ORDER BY pubtime desc LIMIT 0,15   [ RunTime:0.0000s ]
SQL: SHOW COLUMNS FROM `lazy_category` [ RunTime:0.0020s ]
SQL: SELECT `name` FROM `lazy_category` WHERE ( 1=1 AND cat_id='28' ) LIMIT 1   [ RunTime:0.0010s ]
SQL: SELECT `name` FROM `lazy_category` WHERE ( 1=1 AND cat_id='28' ) LIMIT 1   [ RunTime:0.0000s ]
SQL: SELECT `name` FROM `lazy_category` WHERE ( 1=1 AND cat_id='28' ) LIMIT 1   [ RunTime:0.0000s ]
SQL: SELECT COUNT(*) AS tp_count FROM `lazy_news` LIMIT 1   [ RunTime:0.0000s ]

[ 2016-05-09T00:19:58+08:00 ] ::1 /rongfei/Home/Index/index.html
INFO: [ app_init ] --START--
INFO: Run Behavior\BuildLiteBehavior [ RunTime:0.000000s ]
INFO: [ app_init ] --END-- [ RunTime:0.000000s ]
INFO: [ app_begin ] --START--
INFO: Run Behavior\ReadHtmlCacheBehavior [ RunTime:0.000000s ]
INFO: [ app_begin ] --END-- [ RunTime:0.000000s ]
SQL: SHOW COLUMNS FROM `lazy_category` [ RunTime:0.0156s ]
SQL: SELECT * FROM `lazy_category` ORDER BY sort asc  [ RunTime:0.0000s ]
SQL: SELECT * FROM `lazy_category` WHERE ( pid = 0 )  [ RunTime:0.0000s ]
INFO: [ view_parse ] --START--
INFO: [ template_filter ] --START--
INFO: Run Behavior\ContentReplaceBehavior [ RunTime:0.001000s ]
INFO: [ template_filter ] --END-- [ RunTime:0.001000s ]
INFO: Run Behavior\ParseTemplateBehavior [ RunTime:0.008000s ]
INFO: [ view_parse ] --END-- [ RunTime:0.008000s ]
INFO: [ view_filter ] --START--
INFO: Run Behavior\WriteHtmlCacheBehavior [ RunTime:0.000000s ]
INFO: [ view_filter ] --END-- [ RunTime:0.000000s ]
INFO: [ app_end ] --START--
INFO: Run Behavior\ShowPageTraceBehavior [ RunTime:0.001000s ]
INFO: [ app_end ] --END-- [ RunTime:0.001000s ]

[ 2016-05-09T00:19:58+08:00 ] ::1 /rongfei/Home/List/index/type/1.html
INFO: [ app_init ] --START--
INFO: Run Behavior\BuildLiteBehavior [ RunTime:0.000000s ]
INFO: [ app_init ] --END-- [ RunTime:0.000000s ]
INFO: [ app_begin ] --START--
INFO: Run Behavior\ReadHtmlCacheBehavior [ RunTime:0.000000s ]
INFO: [ app_begin ] --END-- [ RunTime:0.000000s ]
SQL: SHOW COLUMNS FROM `lazy_category` [ RunTime:0.0020s ]
SQL: SELECT `cat_id` FROM `lazy_category` WHERE `pid` = 1  [ RunTime:0.0000s ]
SQL: SELECT `cat_id` FROM `lazy_category` WHERE `pid` = 1  [ RunTime:0.0010s ]
NOTIC: [8] Use of undefined constant in - assumed 'in' F:\workplace\rongfei\Apps\Home\Controller\ListController.class.php 第 13 行.
SQL: SHOW COLUMNS FROM `lazy_news` [ RunTime:0.0020s ]
SQL: SELECT * FROM `lazy_news` ORDER BY pubtime desc LIMIT 0,15   [ RunTime:0.0010s ]
SQL: SHOW COLUMNS FROM `lazy_category` [ RunTime:0.0030s ]
SQL: SELECT `name` FROM `lazy_category` WHERE ( 1=1 AND cat_id='28' ) LIMIT 1   [ RunTime:0.0000s ]
SQL: SELECT `name` FROM `lazy_category` WHERE ( 1=1 AND cat_id='28' ) LIMIT 1   [ RunTime:0.0010s ]
SQL: SELECT `name` FROM `lazy_category` WHERE ( 1=1 AND cat_id='28' ) LIMIT 1   [ RunTime:0.0000s ]
SQL: SELECT COUNT(*) AS tp_count FROM `lazy_news` LIMIT 1   [ RunTime:0.0000s ]
INFO: [ view_parse ] --START--
INFO: [ template_filter ] --START--
INFO: Run Behavior\ContentReplaceBehavior [ RunTime:0.000000s ]
INFO: [ template_filter ] --END-- [ RunTime:0.000000s ]
INFO: Run Behavior\ParseTemplateBehavior [ RunTime:0.006001s ]
INFO: [ view_parse ] --END-- [ RunTime:0.006001s ]
INFO: [ view_filter ] --START--
INFO: Run Behavior\WriteHtmlCacheBehavior [ RunTime:0.000000s ]
INFO: [ view_filter ] --END-- [ RunTime:0.000000s ]
INFO: [ app_end ] --START--
INFO: Run Behavior\ShowPageTraceBehavior [ RunTime:0.000000s ]
INFO: [ app_end ] --END-- [ RunTime:0.000000s ]

[ 2016-05-09T00:38:48+08:00 ] ::1 /rongfei/Home/Index/index.html
INFO: [ app_init ] --START--
INFO: Run Behavior\BuildLiteBehavior [ RunTime:0.000000s ]
INFO: [ app_init ] --END-- [ RunTime:0.001000s ]
INFO: [ app_begin ] --START--
INFO: Run Behavior\ReadHtmlCacheBehavior [ RunTime:0.002000s ]
INFO: [ app_begin ] --END-- [ RunTime:0.002000s ]
SQL: SHOW COLUMNS FROM `lazy_category` [ RunTime:0.0060s ]
SQL: SELECT * FROM `lazy_category` ORDER BY sort asc  [ RunTime:0.0000s ]
SQL: SELECT * FROM `lazy_category` WHERE ( pid = 0 )  [ RunTime:0.0000s ]
INFO: [ view_parse ] --START--
INFO: [ template_filter ] --START--
INFO: Run Behavior\ContentReplaceBehavior [ RunTime:0.000000s ]
INFO: [ template_filter ] --END-- [ RunTime:0.000000s ]
INFO: Run Behavior\ParseTemplateBehavior [ RunTime:0.025001s ]
INFO: [ view_parse ] --END-- [ RunTime:0.025001s ]
INFO: [ view_filter ] --START--
INFO: Run Behavior\WriteHtmlCacheBehavior [ RunTime:0.001000s ]
INFO: [ view_filter ] --END-- [ RunTime:0.001000s ]
INFO: [ app_end ] --START--
INFO: Run Behavior\ShowPageTraceBehavior [ RunTime:0.001000s ]
INFO: [ app_end ] --END-- [ RunTime:0.001000s ]

[ 2016-05-09T00:38:48+08:00 ] ::1 /rongfei/Home/List/index/type/1.html
INFO: [ app_init ] --START--
INFO: Run Behavior\BuildLiteBehavior [ RunTime:0.000000s ]
INFO: [ app_init ] --END-- [ RunTime:0.000000s ]
INFO: [ app_begin ] --START--
INFO: Run Behavior\ReadHtmlCacheBehavior [ RunTime:0.001000s ]
INFO: [ app_begin ] --END-- [ RunTime:0.001000s ]
SQL: SHOW COLUMNS FROM `lazy_category` [ RunTime:0.0020s ]
SQL: SELECT `cat_id` FROM `lazy_category` WHERE `pid` = 1  [ RunTime:0.0000s ]
SQL: SELECT `cat_id` FROM `lazy_category` WHERE `pid` = 1  [ RunTime:0.0000s ]
NOTIC: [8] Use of undefined constant in - assumed 'in' F:\workplace\rongfei\Apps\Home\Controller\ListController.class.php 第 13 行.
SQL: SHOW COLUMNS FROM `lazy_news` [ RunTime:0.0030s ]
SQL: SELECT * FROM `lazy_news` ORDER BY pubtime desc LIMIT 0,15   [ RunTime:0.0000s ]
SQL: SHOW COLUMNS FROM `lazy_category` [ RunTime:0.0030s ]
SQL: SELECT `name` FROM `lazy_category` WHERE ( 1=1 AND cat_id='28' ) LIMIT 1   [ RunTime:0.0000s ]
SQL: SELECT `name` FROM `lazy_category` WHERE ( 1=1 AND cat_id='28' ) LIMIT 1   [ RunTime:0.0000s ]
SQL: SELECT `name` FROM `lazy_category` WHERE ( 1=1 AND cat_id='28' ) LIMIT 1   [ RunTime:0.0000s ]
SQL: SELECT COUNT(*) AS tp_count FROM `lazy_news` LIMIT 1   [ RunTime:0.0000s ]
INFO: [ view_parse ] --START--
INFO: [ template_filter ] --START--
INFO: Run Behavior\ContentReplaceBehavior [ RunTime:0.000000s ]
INFO: [ template_filter ] --END-- [ RunTime:0.000000s ]
INFO: Run Behavior\ParseTemplateBehavior [ RunTime:0.006001s ]
INFO: [ view_parse ] --END-- [ RunTime:0.006001s ]
INFO: [ view_filter ] --START--
INFO: Run Behavior\WriteHtmlCacheBehavior [ RunTime:0.000000s ]
INFO: [ view_filter ] --END-- [ RunTime:0.000000s ]
INFO: [ app_end ] --START--
INFO: Run Behavior\ShowPageTraceBehavior [ RunTime:0.001000s ]
INFO: [ app_end ] --END-- [ RunTime:0.001000s ]

[ 2016-05-09T00:39:31+08:00 ] ::1 /rongfei/Home/Index/index/cat_id/1.html
INFO: [ app_init ] --START--
INFO: Run Behavior\BuildLiteBehavior [ RunTime:0.000000s ]
INFO: [ app_init ] --END-- [ RunTime:0.001000s ]
INFO: [ app_begin ] --START--
INFO: Run Behavior\ReadHtmlCacheBehavior [ RunTime:0.001000s ]
INFO: [ app_begin ] --END-- [ RunTime:0.001000s ]
SQL: SHOW COLUMNS FROM `lazy_category` [ RunTime:0.0030s ]
SQL: SELECT * FROM `lazy_category` ORDER BY sort asc  [ RunTime:0.0000s ]
SQL: SELECT * FROM `lazy_category` WHERE ( pid = 0 )  [ RunTime:0.0010s ]
INFO: [ view_parse ] --START--
INFO: [ template_filter ] --START--
INFO: Run Behavior\ContentReplaceBehavior [ RunTime:0.001000s ]
INFO: [ template_filter ] --END-- [ RunTime:0.001000s ]
INFO: Run Behavior\ParseTemplateBehavior [ RunTime:0.012001s ]
INFO: [ view_parse ] --END-- [ RunTime:0.012001s ]
INFO: [ view_filter ] --START--
INFO: Run Behavior\WriteHtmlCacheBehavior [ RunTime:0.000000s ]
INFO: [ view_filter ] --END-- [ RunTime:0.000000s ]
INFO: [ app_end ] --START--
INFO: Run Behavior\ShowPageTraceBehavior [ RunTime:0.000000s ]
INFO: [ app_end ] --END-- [ RunTime:0.000000s ]

[ 2016-05-09T00:39:31+08:00 ] ::1 /rongfei/Home/List/index/type/1.html
INFO: [ app_init ] --START--
INFO: Run Behavior\BuildLiteBehavior [ RunTime:0.000000s ]
INFO: [ app_init ] --END-- [ RunTime:0.000000s ]
INFO: [ app_begin ] --START--
INFO: Run Behavior\ReadHtmlCacheBehavior [ RunTime:0.001000s ]
INFO: [ app_begin ] --END-- [ RunTime:0.001000s ]
SQL: SHOW COLUMNS FROM `lazy_category` [ RunTime:0.0020s ]
SQL: SELECT `cat_id` FROM `lazy_category` WHERE `pid` = 1  [ RunTime:0.0000s ]
SQL: SELECT `cat_id` FROM `lazy_category` WHERE `pid` = 1  [ RunTime:0.0000s ]
NOTIC: [8] Use of undefined constant in - assumed 'in' F:\workplace\rongfei\Apps\Home\Controller\ListController.class.php 第 13 行.
SQL: SHOW COLUMNS FROM `lazy_news` [ RunTime:0.0020s ]
SQL: SELECT * FROM `lazy_news` ORDER BY pubtime desc LIMIT 0,15   [ RunTime:0.0000s ]
SQL: SHOW COLUMNS FROM `lazy_category` [ RunTime:0.0020s ]
SQL: SELECT `name` FROM `lazy_category` WHERE ( 1=1 AND cat_id='28' ) LIMIT 1   [ RunTime:0.0000s ]
SQL: SELECT `name` FROM `lazy_category` WHERE ( 1=1 AND cat_id='28' ) LIMIT 1   [ RunTime:0.0000s ]
SQL: SELECT `name` FROM `lazy_category` WHERE ( 1=1 AND cat_id='28' ) LIMIT 1   [ RunTime:0.0000s ]
SQL: SELECT COUNT(*) AS tp_count FROM `lazy_news` LIMIT 1   [ RunTime:0.0000s ]
INFO: [ view_parse ] --START--
INFO: [ template_filter ] --START--
INFO: Run Behavior\ContentReplaceBehavior [ RunTime:0.000000s ]
INFO: [ template_filter ] --END-- [ RunTime:0.000000s ]
INFO: Run Behavior\ParseTemplateBehavior [ RunTime:0.005000s ]
INFO: [ view_parse ] --END-- [ RunTime:0.006000s ]
INFO: [ view_filter ] --START--
INFO: Run Behavior\WriteHtmlCacheBehavior [ RunTime:0.001000s ]
INFO: [ view_filter ] --END-- [ RunTime:0.001000s ]
INFO: [ app_end ] --START--
INFO: Run Behavior\ShowPageTraceBehavior [ RunTime:0.000000s ]
INFO: [ app_end ] --END-- [ RunTime:0.000000s ]

[ 2016-05-09T00:39:31+08:00 ] ::1 /rongfei/Home/Index/index/cat_id/3.html
INFO: [ app_init ] --START--
INFO: Run Behavior\BuildLiteBehavior [ RunTime:0.000000s ]
INFO: [ app_init ] --END-- [ RunTime:0.000000s ]
INFO: [ app_begin ] --START--
INFO: Run Behavior\ReadHtmlCacheBehavior [ RunTime:0.001000s ]
INFO: [ app_begin ] --END-- [ RunTime:0.001000s ]
SQL: SHOW COLUMNS FROM `lazy_category` [ RunTime:0.0030s ]
SQL: SELECT * FROM `lazy_category` ORDER BY sort asc  [ RunTime:0.0000s ]
SQL: SELECT * FROM `lazy_category` WHERE ( pid = 0 )  [ RunTime:0.0000s ]
INFO: [ view_parse ] --START--
INFO: [ template_filter ] --START--
INFO: Run Behavior\ContentReplaceBehavior [ RunTime:0.000000s ]
INFO: [ template_filter ] --END-- [ RunTime:0.000000s ]
INFO: Run Behavior\ParseTemplateBehavior [ RunTime:0.010001s ]
INFO: [ view_parse ] --END-- [ RunTime:0.010001s ]
INFO: [ view_filter ] --START--
INFO: Run Behavior\WriteHtmlCacheBehavior [ RunTime:0.001000s ]
INFO: [ view_filter ] --END-- [ RunTime:0.001000s ]
INFO: [ app_end ] --START--
INFO: Run Behavior\ShowPageTraceBehavior [ RunTime:0.001000s ]
INFO: [ app_end ] --END-- [ RunTime:0.001000s ]

[ 2016-05-09T00:39:31+08:00 ] ::1 /rongfei/Home/List/index/type/3.html
INFO: [ app_init ] --START--
INFO: Run Behavior\BuildLiteBehavior [ RunTime:0.000000s ]
INFO: [ app_init ] --END-- [ RunTime:0.001000s ]
INFO: [ app_begin ] --START--
INFO: Run Behavior\ReadHtmlCacheBehavior [ RunTime:0.001000s ]
INFO: [ app_begin ] --END-- [ RunTime:0.001000s ]
SQL: SHOW COLUMNS FROM `lazy_category` [ RunTime:0.0020s ]
SQL: SELECT `cat_id` FROM `lazy_category` WHERE `pid` = 1  [ RunTime:0.0000s ]
SQL: SELECT `cat_id` FROM `lazy_category` WHERE `pid` = 1  [ RunTime:0.0000s ]
NOTIC: [8] Use of undefined constant in - assumed 'in' F:\workplace\rongfei\Apps\Home\Controller\ListController.class.php 第 13 行.
SQL: SHOW COLUMNS FROM `lazy_wx` [ RunTime:0.0020s ]
ERR: Think\Model:relation方法不存在！

[ 2016-05-09T00:39:32+08:00 ] ::1 /rongfei/Home/Index/index/cat_id/2.html
INFO: [ app_init ] --START--
INFO: Run Behavior\BuildLiteBehavior [ RunTime:0.000000s ]
INFO: [ app_init ] --END-- [ RunTime:0.001000s ]
INFO: [ app_begin ] --START--
INFO: Run Behavior\ReadHtmlCacheBehavior [ RunTime:0.001000s ]
INFO: [ app_begin ] --END-- [ RunTime:0.001000s ]
SQL: SHOW COLUMNS FROM `lazy_category` [ RunTime:0.0030s ]
SQL: SELECT * FROM `lazy_category` ORDER BY sort asc  [ RunTime:0.0000s ]
SQL: SELECT * FROM `lazy_category` WHERE ( pid = 0 )  [ RunTime:0.0000s ]
INFO: [ view_parse ] --START--
INFO: [ template_filter ] --START--
INFO: Run Behavior\ContentReplaceBehavior [ RunTime:0.000000s ]
INFO: [ template_filter ] --END-- [ RunTime:0.001000s ]
INFO: Run Behavior\ParseTemplateBehavior [ RunTime:0.012001s ]
INFO: [ view_parse ] --END-- [ RunTime:0.012001s ]
INFO: [ view_filter ] --START--
INFO: Run Behavior\WriteHtmlCacheBehavior [ RunTime:0.001000s ]
INFO: [ view_filter ] --END-- [ RunTime:0.001000s ]
INFO: [ app_end ] --START--
INFO: Run Behavior\ShowPageTraceBehavior [ RunTime:0.000000s ]
INFO: [ app_end ] --END-- [ RunTime:0.000000s ]

[ 2016-05-09T00:39:32+08:00 ] ::1 /rongfei/Home/List/index/type/2.html
INFO: [ app_init ] --START--
INFO: Run Behavior\BuildLiteBehavior [ RunTime:0.000000s ]
INFO: [ app_init ] --END-- [ RunTime:0.001001s ]
INFO: [ app_begin ] --START--
INFO: Run Behavior\ReadHtmlCacheBehavior [ RunTime:0.001000s ]
INFO: [ app_begin ] --END-- [ RunTime:0.001000s ]
SQL: SHOW COLUMNS FROM `lazy_category` [ RunTime:0.0030s ]
SQL: SELECT `cat_id` FROM `lazy_category` WHERE `pid` = 1  [ RunTime:0.0000s ]
SQL: SELECT `cat_id` FROM `lazy_category` WHERE `pid` = 1  [ RunTime:0.0010s ]
NOTIC: [8] Use of undefined constant in - assumed 'in' F:\workplace\rongfei\Apps\Home\Controller\ListController.class.php 第 13 行.
SQL: SHOW COLUMNS FROM `lazy_wb` [ RunTime:0.0020s ]
ERR: Think\Model:relation方法不存在！

[ 2016-05-09T00:39:34+08:00 ] ::1 /rongfei/Home/Index/index/cat_id/1.html
INFO: [ app_init ] --START--
INFO: Run Behavior\BuildLiteBehavior [ RunTime:0.000000s ]
INFO: [ app_init ] --END-- [ RunTime:0.000000s ]
INFO: [ app_begin ] --START--
INFO: Run Behavior\ReadHtmlCacheBehavior [ RunTime:0.001000s ]
INFO: [ app_begin ] --END-- [ RunTime:0.001000s ]
SQL: SHOW COLUMNS FROM `lazy_category` [ RunTime:0.0030s ]
SQL: SELECT * FROM `lazy_category` ORDER BY sort asc  [ RunTime:0.0000s ]
SQL: SELECT * FROM `lazy_category` WHERE ( pid = 0 )  [ RunTime:0.0010s ]
INFO: [ view_parse ] --START--
INFO: [ template_filter ] --START--
INFO: Run Behavior\ContentReplaceBehavior [ RunTime:0.000000s ]
INFO: [ template_filter ] --END-- [ RunTime:0.000000s ]
INFO: Run Behavior\ParseTemplateBehavior [ RunTime:0.010000s ]
INFO: [ view_parse ] --END-- [ RunTime:0.010000s ]
INFO: [ view_filter ] --START--
INFO: Run Behavior\WriteHtmlCacheBehavior [ RunTime:0.000000s ]
INFO: [ view_filter ] --END-- [ RunTime:0.001000s ]
INFO: [ app_end ] --START--
INFO: Run Behavior\ShowPageTraceBehavior [ RunTime:0.001000s ]
INFO: [ app_end ] --END-- [ RunTime:0.001000s ]

[ 2016-05-09T00:39:34+08:00 ] ::1 /rongfei/Home/List/index/type/1.html
INFO: [ app_init ] --START--
INFO: Run Behavior\BuildLiteBehavior [ RunTime:0.000000s ]
INFO: [ app_init ] --END-- [ RunTime:0.000000s ]
INFO: [ app_begin ] --START--
INFO: Run Behavior\ReadHtmlCacheBehavior [ RunTime:0.000000s ]
INFO: [ app_begin ] --END-- [ RunTime:0.000000s ]
SQL: SHOW COLUMNS FROM `lazy_category` [ RunTime:0.0020s ]
SQL: SELECT `cat_id` FROM `lazy_category` WHERE `pid` = 1  [ RunTime:0.0000s ]
SQL: SELECT `cat_id` FROM `lazy_category` WHERE `pid` = 1  [ RunTime:0.0010s ]
NOTIC: [8] Use of undefined constant in - assumed 'in' F:\workplace\rongfei\Apps\Home\Controller\ListController.class.php 第 13 行.
SQL: SHOW COLUMNS FROM `lazy_news` [ RunTime:0.0020s ]
SQL: SELECT * FROM `lazy_news` ORDER BY pubtime desc LIMIT 0,15   [ RunTime:0.0000s ]
SQL: SHOW COLUMNS FROM `lazy_category` [ RunTime:0.0020s ]
SQL: SELECT `name` FROM `lazy_category` WHERE ( 1=1 AND cat_id='28' ) LIMIT 1   [ RunTime:0.0000s ]
SQL: SELECT `name` FROM `lazy_category` WHERE ( 1=1 AND cat_id='28' ) LIMIT 1   [ RunTime:0.0000s ]
SQL: SELECT `name` FROM `lazy_category` WHERE ( 1=1 AND cat_id='28' ) LIMIT 1   [ RunTime:0.0000s ]
SQL: SELECT COUNT(*) AS tp_count FROM `lazy_news` LIMIT 1   [ RunTime:0.0000s ]
INFO: [ view_parse ] --START--
INFO: [ template_filter ] --START--
INFO: Run Behavior\ContentReplaceBehavior [ RunTime:0.000000s ]
INFO: [ template_filter ] --END-- [ RunTime:0.000000s ]
INFO: Run Behavior\ParseTemplateBehavior [ RunTime:0.006001s ]
INFO: [ view_parse ] --END-- [ RunTime:0.006001s ]
INFO: [ view_filter ] --START--
INFO: Run Behavior\WriteHtmlCacheBehavior [ RunTime:0.000000s ]
INFO: [ view_filter ] --END-- [ RunTime:0.000000s ]
INFO: [ app_end ] --START--
INFO: Run Behavior\ShowPageTraceBehavior [ RunTime:0.001000s ]
INFO: [ app_end ] --END-- [ RunTime:0.001000s ]

[ 2016-05-09T00:39:35+08:00 ] ::1 /rongfei/Home/Index/index/cat_id/2.html
INFO: [ app_init ] --START--
INFO: Run Behavior\BuildLiteBehavior [ RunTime:0.000000s ]
INFO: [ app_init ] --END-- [ RunTime:0.000000s ]
INFO: [ app_begin ] --START--
INFO: Run Behavior\ReadHtmlCacheBehavior [ RunTime:0.001000s ]
INFO: [ app_begin ] --END-- [ RunTime:0.001000s ]
SQL: SHOW COLUMNS FROM `lazy_category` [ RunTime:0.0040s ]
SQL: SELECT * FROM `lazy_category` ORDER BY sort asc  [ RunTime:0.0000s ]
SQL: SELECT * FROM `lazy_category` WHERE ( pid = 0 )  [ RunTime:0.0010s ]
INFO: [ view_parse ] --START--
INFO: [ template_filter ] --START--
INFO: Run Behavior\ContentReplaceBehavior [ RunTime:0.000000s ]
INFO: [ template_filter ] --END-- [ RunTime:0.000000s ]
INFO: Run Behavior\ParseTemplateBehavior [ RunTime:0.015001s ]
INFO: [ view_parse ] --END-- [ RunTime:0.015001s ]
INFO: [ view_filter ] --START--
INFO: Run Behavior\WriteHtmlCacheBehavior [ RunTime:0.001000s ]
INFO: [ view_filter ] --END-- [ RunTime:0.001000s ]
INFO: [ app_end ] --START--
INFO: Run Behavior\ShowPageTraceBehavior [ RunTime:0.001000s ]
INFO: [ app_end ] --END-- [ RunTime:0.001000s ]

[ 2016-05-09T00:39:35+08:00 ] ::1 /rongfei/Home/List/index/type/2.html
INFO: [ app_init ] --START--
INFO: Run Behavior\BuildLiteBehavior [ RunTime:0.000000s ]
INFO: [ app_init ] --END-- [ RunTime:0.000000s ]
INFO: [ app_begin ] --START--
INFO: Run Behavior\ReadHtmlCacheBehavior [ RunTime:0.000000s ]
INFO: [ app_begin ] --END-- [ RunTime:0.000000s ]
SQL: SHOW COLUMNS FROM `lazy_category` [ RunTime:0.0030s ]
SQL: SELECT `cat_id` FROM `lazy_category` WHERE `pid` = 1  [ RunTime:0.0000s ]
SQL: SELECT `cat_id` FROM `lazy_category` WHERE `pid` = 1  [ RunTime:0.0010s ]
NOTIC: [8] Use of undefined constant in - assumed 'in' F:\workplace\rongfei\Apps\Home\Controller\ListController.class.php 第 13 行.
SQL: SHOW COLUMNS FROM `lazy_wb` [ RunTime:0.0030s ]
ERR: Think\Model:relation方法不存在！

[ 2016-05-09T00:39:37+08:00 ] ::1 /rongfei/Home/Index/index/cat_id/1.html
INFO: [ app_init ] --START--
INFO: Run Behavior\BuildLiteBehavior [ RunTime:0.000000s ]
INFO: [ app_init ] --END-- [ RunTime:0.000000s ]
INFO: [ app_begin ] --START--
INFO: Run Behavior\ReadHtmlCacheBehavior [ RunTime:0.001000s ]
INFO: [ app_begin ] --END-- [ RunTime:0.001000s ]
SQL: SHOW COLUMNS FROM `lazy_category` [ RunTime:0.0020s ]
SQL: SELECT * FROM `lazy_category` ORDER BY sort asc  [ RunTime:0.0000s ]
SQL: SELECT * FROM `lazy_category` WHERE ( pid = 0 )  [ RunTime:0.0000s ]
INFO: [ view_parse ] --START--
INFO: [ template_filter ] --START--
INFO: Run Behavior\ContentReplaceBehavior [ RunTime:0.000000s ]
INFO: [ template_filter ] --END-- [ RunTime:0.000000s ]
INFO: Run Behavior\ParseTemplateBehavior [ RunTime:0.009000s ]
INFO: [ view_parse ] --END-- [ RunTime:0.009000s ]
INFO: [ view_filter ] --START--
INFO: Run Behavior\WriteHtmlCacheBehavior [ RunTime:0.000000s ]
INFO: [ view_filter ] --END-- [ RunTime:0.000000s ]
INFO: [ app_end ] --START--
INFO: Run Behavior\ShowPageTraceBehavior [ RunTime:0.001000s ]
INFO: [ app_end ] --END-- [ RunTime:0.001000s ]

[ 2016-05-09T00:39:37+08:00 ] ::1 /rongfei/Home/List/index/type/1.html
INFO: [ app_init ] --START--
INFO: Run Behavior\BuildLiteBehavior [ RunTime:0.000000s ]
INFO: [ app_init ] --END-- [ RunTime:0.000000s ]
INFO: [ app_begin ] --START--
INFO: Run Behavior\ReadHtmlCacheBehavior [ RunTime:0.000000s ]
INFO: [ app_begin ] --END-- [ RunTime:0.000000s ]
SQL: SHOW COLUMNS FROM `lazy_category` [ RunTime:0.0040s ]
SQL: SELECT `cat_id` FROM `lazy_category` WHERE `pid` = 1  [ RunTime:0.0000s ]
SQL: SELECT `cat_id` FROM `lazy_category` WHERE `pid` = 1  [ RunTime:0.0000s ]
NOTIC: [8] Use of undefined constant in - assumed 'in' F:\workplace\rongfei\Apps\Home\Controller\ListController.class.php 第 13 行.
SQL: SHOW COLUMNS FROM `lazy_news` [ RunTime:0.0020s ]
SQL: SELECT * FROM `lazy_news` ORDER BY pubtime desc LIMIT 0,15   [ RunTime:0.0000s ]
SQL: SHOW COLUMNS FROM `lazy_category` [ RunTime:0.0020s ]
SQL: SELECT `name` FROM `lazy_category` WHERE ( 1=1 AND cat_id='28' ) LIMIT 1   [ RunTime:0.0000s ]
SQL: SELECT `name` FROM `lazy_category` WHERE ( 1=1 AND cat_id='28' ) LIMIT 1   [ RunTime:0.0000s ]
SQL: SELECT `name` FROM `lazy_category` WHERE ( 1=1 AND cat_id='28' ) LIMIT 1   [ RunTime:0.0010s ]
SQL: SELECT COUNT(*) AS tp_count FROM `lazy_news` LIMIT 1   [ RunTime:0.0000s ]
INFO: [ view_parse ] --START--
INFO: [ template_filter ] --START--
INFO: Run Behavior\ContentReplaceBehavior [ RunTime:0.000000s ]
INFO: [ template_filter ] --END-- [ RunTime:0.001000s ]
INFO: Run Behavior\ParseTemplateBehavior [ RunTime:0.006001s ]
INFO: [ view_parse ] --END-- [ RunTime:0.006001s ]
INFO: [ view_filter ] --START--
INFO: Run Behavior\WriteHtmlCacheBehavior [ RunTime:0.000000s ]
INFO: [ view_filter ] --END-- [ RunTime:0.000000s ]
INFO: [ app_end ] --START--
INFO: Run Behavior\ShowPageTraceBehavior [ RunTime:0.000000s ]
INFO: [ app_end ] --END-- [ RunTime:0.000000s ]

[ 2016-05-09T00:39:37+08:00 ] ::1 /rongfei/Home/Index/index.html
INFO: [ app_init ] --START--
INFO: Run Behavior\BuildLiteBehavior [ RunTime:0.000000s ]
INFO: [ app_init ] --END-- [ RunTime:0.001000s ]
INFO: [ app_begin ] --START--
INFO: Run Behavior\ReadHtmlCacheBehavior [ RunTime:0.000000s ]
INFO: [ app_begin ] --END-- [ RunTime:0.000000s ]
SQL: SHOW COLUMNS FROM `lazy_category` [ RunTime:0.0030s ]
SQL: SELECT * FROM `lazy_category` ORDER BY sort asc  [ RunTime:0.0010s ]
SQL: SELECT * FROM `lazy_category` WHERE ( pid = 0 )  [ RunTime:0.0000s ]
INFO: [ view_parse ] --START--
INFO: [ template_filter ] --START--
INFO: Run Behavior\ContentReplaceBehavior [ RunTime:0.000000s ]
INFO: [ template_filter ] --END-- [ RunTime:0.000000s ]
INFO: Run Behavior\ParseTemplateBehavior [ RunTime:0.011000s ]
INFO: [ view_parse ] --END-- [ RunTime:0.011000s ]
INFO: [ view_filter ] --START--
INFO: Run Behavior\WriteHtmlCacheBehavior [ RunTime:0.001000s ]
INFO: [ view_filter ] --END-- [ RunTime:0.001000s ]
INFO: [ app_end ] --START--
INFO: Run Behavior\ShowPageTraceBehavior [ RunTime:0.001000s ]
INFO: [ app_end ] --END-- [ RunTime:0.001000s ]

[ 2016-05-09T00:39:37+08:00 ] ::1 /rongfei/Home/List/index/type/1.html
INFO: [ app_init ] --START--
INFO: Run Behavior\BuildLiteBehavior [ RunTime:0.000000s ]
INFO: [ app_init ] --END-- [ RunTime:0.000000s ]
INFO: [ app_begin ] --START--
INFO: Run Behavior\ReadHtmlCacheBehavior [ RunTime:0.001000s ]
INFO: [ app_begin ] --END-- [ RunTime:0.001000s ]
SQL: SHOW COLUMNS FROM `lazy_category` [ RunTime:0.0030s ]
SQL: SELECT `cat_id` FROM `lazy_category` WHERE `pid` = 1  [ RunTime:0.0000s ]
SQL: SELECT `cat_id` FROM `lazy_category` WHERE `pid` = 1  [ RunTime:0.0000s ]
NOTIC: [8] Use of undefined constant in - assumed 'in' F:\workplace\rongfei\Apps\Home\Controller\ListController.class.php 第 13 行.
SQL: SHOW COLUMNS FROM `lazy_news` [ RunTime:0.0020s ]
SQL: SELECT * FROM `lazy_news` ORDER BY pubtime desc LIMIT 0,15   [ RunTime:0.0000s ]
SQL: SHOW COLUMNS FROM `lazy_category` [ RunTime:0.0020s ]
SQL: SELECT `name` FROM `lazy_category` WHERE ( 1=1 AND cat_id='28' ) LIMIT 1   [ RunTime:0.0010s ]
SQL: SELECT `name` FROM `lazy_category` WHERE ( 1=1 AND cat_id='28' ) LIMIT 1   [ RunTime:0.0000s ]
SQL: SELECT `name` FROM `lazy_category` WHERE ( 1=1 AND cat_id='28' ) LIMIT 1   [ RunTime:0.0000s ]
SQL: SELECT COUNT(*) AS tp_count FROM `lazy_news` LIMIT 1   [ RunTime:0.0000s ]
INFO: [ view_parse ] --START--
INFO: [ template_filter ] --START--
INFO: Run Behavior\ContentReplaceBehavior [ RunTime:0.000000s ]
INFO: [ template_filter ] --END-- [ RunTime:0.000000s ]
INFO: Run Behavior\ParseTemplateBehavior [ RunTime:0.005000s ]
INFO: [ view_parse ] --END-- [ RunTime:0.006000s ]
INFO: [ view_filter ] --START--
INFO: Run Behavior\WriteHtmlCacheBehavior [ RunTime:0.001000s ]
INFO: [ view_filter ] --END-- [ RunTime:0.001000s ]
INFO: [ app_end ] --START--
INFO: Run Behavior\ShowPageTraceBehavior [ RunTime:0.000000s ]
INFO: [ app_end ] --END-- [ RunTime:0.000000s ]

