[ 2016-05-08T17:53:49+08:00 ] ::1 /rongfei/
INFO: [ app_init ] --START--
INFO: Run Behavior\BuildLiteBehavior [ RunTime:0.000000s ]
INFO: [ app_init ] --END-- [ RunTime:0.001000s ]
INFO: [ app_begin ] --START--
INFO: Run Behavior\ReadHtmlCacheBehavior [ RunTime:0.000000s ]
INFO: [ app_begin ] --END-- [ RunTime:0.001000s ]
INFO: [ view_parse ] --START--
INFO: [ template_filter ] --START--
INFO: Run Behavior\ContentReplaceBehavior [ RunTime:0.000000s ]
INFO: [ template_filter ] --END-- [ RunTime:0.000000s ]
INFO: Run Behavior\ParseTemplateBehavior [ RunTime:0.006000s ]
INFO: [ view_parse ] --END-- [ RunTime:0.006000s ]
INFO: [ view_filter ] --START--
INFO: Run Behavior\WriteHtmlCacheBehavior [ RunTime:0.001000s ]
INFO: [ view_filter ] --END-- [ RunTime:0.001000s ]
INFO: [ app_end ] --START--
INFO: Run Behavior\ShowPageTraceBehavior [ RunTime:0.000000s ]
INFO: [ app_end ] --END-- [ RunTime:0.000000s ]

[ 2016-05-08T17:53:49+08:00 ] ::1 /rongfei/Home/News/index.html
INFO: [ app_init ] --START--
INFO: Run Behavior\BuildLiteBehavior [ RunTime:0.000000s ]
INFO: [ app_init ] --END-- [ RunTime:0.001000s ]
INFO: [ app_begin ] --START--
INFO: Run Behavior\ReadHtmlCacheBehavior [ RunTime:0.001000s ]
INFO: [ app_begin ] --END-- [ RunTime:0.001000s ]
SQL: SHOW COLUMNS FROM `lazy_news` [ RunTime:0.0020s ]
SQL: SELECT * FROM `lazy_news`  [ RunTime:0.0010s ]

[ 2016-05-08T23:31:33+08:00 ] ::1 /rongfei/
INFO: [ app_init ] --START--
INFO: Run Behavior\BuildLiteBehavior [ RunTime:0.000000s ]
INFO: [ app_init ] --END-- [ RunTime:0.001000s ]
INFO: [ app_begin ] --START--
INFO: Run Behavior\ReadHtmlCacheBehavior [ RunTime:0.001000s ]
INFO: [ app_begin ] --END-- [ RunTime:0.001000s ]
SQL: SHOW COLUMNS FROM `lazy_category` [ RunTime:0.0030s ]
ERR: 1054:Unknown column 'isverify' in 'where clause'
 [ SQL语句 ] : SELECT * FROM `lazy_category` WHERE ( isverify=1 ) ORDER BY sort asc 
ERR: 1054:Unknown column 'isverify' in 'where clause'
 [ SQL语句 ] : SELECT * FROM `lazy_category` WHERE ( isverify=1 ) ORDER BY sort asc 

[ 2016-05-08T23:33:13+08:00 ] ::1 /rongfei/
INFO: [ app_init ] --START--
INFO: Run Behavior\BuildLiteBehavior [ RunTime:0.000000s ]
INFO: [ app_init ] --END-- [ RunTime:0.000000s ]
INFO: [ app_begin ] --START--
INFO: Run Behavior\ReadHtmlCacheBehavior [ RunTime:0.001000s ]
INFO: [ app_begin ] --END-- [ RunTime:0.001000s ]
SQL: SHOW COLUMNS FROM `lazy_category` [ RunTime:0.0030s ]
ERR: 1054:Unknown column 'isverify' in 'where clause'
 [ SQL语句 ] : SELECT * FROM `lazy_category` WHERE ( isverify=1 ) ORDER BY sort asc 
ERR: 1054:Unknown column 'isverify' in 'where clause'
 [ SQL语句 ] : SELECT * FROM `lazy_category` WHERE ( isverify=1 ) ORDER BY sort asc 

[ 2016-05-08T23:33:14+08:00 ] ::1 /rongfei/
INFO: [ app_init ] --START--
INFO: Run Behavior\BuildLiteBehavior [ RunTime:0.000000s ]
INFO: [ app_init ] --END-- [ RunTime:0.001000s ]
INFO: [ app_begin ] --START--
INFO: Run Behavior\ReadHtmlCacheBehavior [ RunTime:0.001000s ]
INFO: [ app_begin ] --END-- [ RunTime:0.001000s ]
SQL: SHOW COLUMNS FROM `lazy_category` [ RunTime:0.0020s ]
ERR: 1054:Unknown column 'isverify' in 'where clause'
 [ SQL语句 ] : SELECT * FROM `lazy_category` WHERE ( isverify=1 ) ORDER BY sort asc 
ERR: 1054:Unknown column 'isverify' in 'where clause'
 [ SQL语句 ] : SELECT * FROM `lazy_category` WHERE ( isverify=1 ) ORDER BY sort asc 

[ 2016-05-08T23:34:22+08:00 ] ::1 /rongfei/
INFO: [ app_init ] --START--
INFO: Run Behavior\BuildLiteBehavior [ RunTime:0.000000s ]
INFO: [ app_init ] --END-- [ RunTime:0.000000s ]
INFO: [ app_begin ] --START--
INFO: Run Behavior\ReadHtmlCacheBehavior [ RunTime:0.000000s ]
INFO: [ app_begin ] --END-- [ RunTime:0.000000s ]
SQL: SHOW COLUMNS FROM `lazy_category` [ RunTime:0.0020s ]
ERR: 1054:Unknown column 'isverify' in 'where clause'
 [ SQL语句 ] : SELECT * FROM `lazy_category` WHERE ( isverify=1 ) ORDER BY sort asc 
ERR: 1054:Unknown column 'isverify' in 'where clause'
 [ SQL语句 ] : SELECT * FROM `lazy_category` WHERE ( isverify=1 ) ORDER BY sort asc 

[ 2016-05-08T23:35:06+08:00 ] ::1 /rongfei/
INFO: [ app_init ] --START--
INFO: Run Behavior\BuildLiteBehavior [ RunTime:0.000000s ]
INFO: [ app_init ] --END-- [ RunTime:0.001000s ]
INFO: [ app_begin ] --START--
INFO: Run Behavior\ReadHtmlCacheBehavior [ RunTime:0.001000s ]
INFO: [ app_begin ] --END-- [ RunTime:0.001000s ]
SQL: SHOW COLUMNS FROM `lazy_category` [ RunTime:0.0030s ]
SQL: SELECT * FROM `lazy_category` ORDER BY sort asc  [ RunTime:0.0000s ]
SQL: SELECT * FROM `lazy_category` WHERE ( pid = 0 )  [ RunTime:0.0000s ]
INFO: [ view_parse ] --START--
INFO: [ template_filter ] --START--
INFO: Run Behavior\ContentReplaceBehavior [ RunTime:0.001000s ]
INFO: [ template_filter ] --END-- [ RunTime:0.001000s ]
INFO: Run Behavior\ParseTemplateBehavior [ RunTime:0.008000s ]
INFO: [ view_parse ] --END-- [ RunTime:0.008000s ]
INFO: [ view_filter ] --START--
INFO: Run Behavior\WriteHtmlCacheBehavior [ RunTime:0.000000s ]
INFO: [ view_filter ] --END-- [ RunTime:0.000000s ]
INFO: [ app_end ] --START--
INFO: Run Behavior\ShowPageTraceBehavior [ RunTime:0.000000s ]
INFO: [ app_end ] --END-- [ RunTime:0.000000s ]

[ 2016-05-08T23:35:49+08:00 ] ::1 /rongfei/
INFO: [ app_init ] --START--
INFO: Run Behavior\BuildLiteBehavior [ RunTime:0.000000s ]
INFO: [ app_init ] --END-- [ RunTime:0.001000s ]
INFO: [ app_begin ] --START--
INFO: Run Behavior\ReadHtmlCacheBehavior [ RunTime:0.001000s ]
INFO: [ app_begin ] --END-- [ RunTime:0.001000s ]
SQL: SHOW COLUMNS FROM `lazy_category` [ RunTime:0.0040s ]
SQL: SELECT * FROM `lazy_category` ORDER BY sort asc  [ RunTime:0.0000s ]
SQL: SELECT * FROM `lazy_category` WHERE ( pid = 0 )  [ RunTime:0.0000s ]
INFO: [ view_parse ] --START--
INFO: [ template_filter ] --START--
INFO: Run Behavior\ContentReplaceBehavior [ RunTime:0.000000s ]
INFO: [ template_filter ] --END-- [ RunTime:0.000000s ]
INFO: Run Behavior\ParseTemplateBehavior [ RunTime:0.013000s ]
INFO: [ view_parse ] --END-- [ RunTime:0.013000s ]
INFO: [ view_filter ] --START--
INFO: Run Behavior\WriteHtmlCacheBehavior [ RunTime:0.001000s ]
INFO: [ view_filter ] --END-- [ RunTime:0.001000s ]
INFO: [ app_end ] --START--
INFO: Run Behavior\ShowPageTraceBehavior [ RunTime:0.000000s ]
INFO: [ app_end ] --END-- [ RunTime:0.000000s ]

[ 2016-05-08T23:36:04+08:00 ] ::1 /rongfei/
INFO: [ app_init ] --START--
INFO: Run Behavior\BuildLiteBehavior [ RunTime:0.000000s ]
INFO: [ app_init ] --END-- [ RunTime:0.001000s ]
INFO: [ app_begin ] --START--
INFO: Run Behavior\ReadHtmlCacheBehavior [ RunTime:0.002000s ]
INFO: [ app_begin ] --END-- [ RunTime:0.002000s ]
SQL: SHOW COLUMNS FROM `lazy_category` [ RunTime:0.0030s ]
SQL: SELECT * FROM `lazy_category` ORDER BY sort asc  [ RunTime:0.0000s ]
SQL: SELECT * FROM `lazy_category` WHERE ( pid = 0 )  [ RunTime:0.0000s ]
INFO: [ view_parse ] --START--
INFO: [ template_filter ] --START--
INFO: Run Behavior\ContentReplaceBehavior [ RunTime:0.000000s ]
INFO: [ template_filter ] --END-- [ RunTime:0.000000s ]
INFO: Run Behavior\ParseTemplateBehavior [ RunTime:0.011001s ]
INFO: [ view_parse ] --END-- [ RunTime:0.011001s ]
INFO: [ view_filter ] --START--
INFO: Run Behavior\WriteHtmlCacheBehavior [ RunTime:0.000000s ]
INFO: [ view_filter ] --END-- [ RunTime:0.000000s ]
INFO: [ app_end ] --START--
INFO: Run Behavior\ShowPageTraceBehavior [ RunTime:0.001000s ]
INFO: [ app_end ] --END-- [ RunTime:0.001000s ]

[ 2016-05-08T23:36:56+08:00 ] ::1 /rongfei/
INFO: [ app_init ] --START--
INFO: Run Behavior\BuildLiteBehavior [ RunTime:0.000000s ]
INFO: [ app_init ] --END-- [ RunTime:0.000000s ]
INFO: [ app_begin ] --START--
INFO: Run Behavior\ReadHtmlCacheBehavior [ RunTime:0.000000s ]
INFO: [ app_begin ] --END-- [ RunTime:0.000000s ]
SQL: SHOW COLUMNS FROM `lazy_category` [ RunTime:0.0030s ]
SQL: SELECT * FROM `lazy_category` ORDER BY sort asc  [ RunTime:0.0010s ]
SQL: SELECT * FROM `lazy_category` WHERE ( pid = 0 )  [ RunTime:0.0000s ]
INFO: [ view_parse ] --START--
INFO: [ template_filter ] --START--
INFO: Run Behavior\ContentReplaceBehavior [ RunTime:0.000000s ]
INFO: [ template_filter ] --END-- [ RunTime:0.000000s ]
INFO: Run Behavior\ParseTemplateBehavior [ RunTime:0.008001s ]
INFO: [ view_parse ] --END-- [ RunTime:0.008001s ]
INFO: [ view_filter ] --START--
INFO: Run Behavior\WriteHtmlCacheBehavior [ RunTime:0.000000s ]
INFO: [ view_filter ] --END-- [ RunTime:0.000000s ]
INFO: [ app_end ] --START--
INFO: Run Behavior\ShowPageTraceBehavior [ RunTime:0.000000s ]
INFO: [ app_end ] --END-- [ RunTime:0.000000s ]

[ 2016-05-08T23:37:45+08:00 ] ::1 /rongfei/
INFO: [ app_init ] --START--
INFO: Run Behavior\BuildLiteBehavior [ RunTime:0.000000s ]
INFO: [ app_init ] --END-- [ RunTime:0.001001s ]
INFO: [ app_begin ] --START--
INFO: Run Behavior\ReadHtmlCacheBehavior [ RunTime:0.000000s ]
INFO: [ app_begin ] --END-- [ RunTime:0.000000s ]
SQL: SHOW COLUMNS FROM `lazy_category` [ RunTime:0.0020s ]
SQL: SELECT * FROM `lazy_category` ORDER BY sort asc  [ RunTime:0.0000s ]
SQL: SELECT * FROM `lazy_category` WHERE ( pid = 0 )  [ RunTime:0.0000s ]
INFO: [ view_parse ] --START--
INFO: [ template_filter ] --START--
INFO: Run Behavior\ContentReplaceBehavior [ RunTime:0.000000s ]
INFO: [ template_filter ] --END-- [ RunTime:0.000000s ]
INFO: Run Behavior\ParseTemplateBehavior [ RunTime:0.007001s ]
INFO: [ view_parse ] --END-- [ RunTime:0.007001s ]
INFO: [ view_filter ] --START--
INFO: Run Behavior\WriteHtmlCacheBehavior [ RunTime:0.001000s ]
INFO: [ view_filter ] --END-- [ RunTime:0.001000s ]
INFO: [ app_end ] --START--
INFO: Run Behavior\ShowPageTraceBehavior [ RunTime:0.001000s ]
INFO: [ app_end ] --END-- [ RunTime:0.001000s ]

[ 2016-05-08T23:37:45+08:00 ] ::1 /rongfei/Home/List/index/type/1.html
INFO: [ app_init ] --START--
INFO: Run Behavior\BuildLiteBehavior [ RunTime:0.000000s ]
INFO: [ app_init ] --END-- [ RunTime:0.001000s ]
INFO: [ app_begin ] --START--
INFO: Run Behavior\ReadHtmlCacheBehavior [ RunTime:0.000000s ]
INFO: [ app_begin ] --END-- [ RunTime:0.000000s ]
SQL: SHOW COLUMNS FROM `lazy_category` [ RunTime:0.0020s ]
SQL: SELECT `cat_id` FROM `lazy_category` WHERE `pid` = 1  [ RunTime:0.0000s ]
SQL: SELECT `cat_id` FROM `lazy_category` WHERE `pid` = 1  [ RunTime:0.0000s ]
NOTIC: [8] Use of undefined constant in - assumed 'in' F:\workplace\rongfei\Apps\Home\Controller\ListController.class.php 第 13 行.
SQL: SHOW COLUMNS FROM `lazy_news` [ RunTime:0.0020s ]
ERR: Think\Model:relation方法不存在！

[ 2016-05-08T23:37:48+08:00 ] ::1 /rongfei/
INFO: [ app_init ] --START--
INFO: Run Behavior\BuildLiteBehavior [ RunTime:0.000000s ]
INFO: [ app_init ] --END-- [ RunTime:0.000000s ]
INFO: [ app_begin ] --START--
INFO: Run Behavior\ReadHtmlCacheBehavior [ RunTime:0.001000s ]
INFO: [ app_begin ] --END-- [ RunTime:0.001000s ]
SQL: SHOW COLUMNS FROM `lazy_category` [ RunTime:0.0020s ]
SQL: SELECT * FROM `lazy_category` ORDER BY sort asc  [ RunTime:0.0000s ]
SQL: SELECT * FROM `lazy_category` WHERE ( pid = 0 )  [ RunTime:0.0000s ]
INFO: [ view_parse ] --START--
INFO: [ template_filter ] --START--
INFO: Run Behavior\ContentReplaceBehavior [ RunTime:0.000000s ]
INFO: [ template_filter ] --END-- [ RunTime:0.000000s ]
INFO: Run Behavior\ParseTemplateBehavior [ RunTime:0.008001s ]
INFO: [ view_parse ] --END-- [ RunTime:0.008001s ]
INFO: [ view_filter ] --START--
INFO: Run Behavior\WriteHtmlCacheBehavior [ RunTime:0.001000s ]
INFO: [ view_filter ] --END-- [ RunTime:0.001000s ]
INFO: [ app_end ] --START--
INFO: Run Behavior\ShowPageTraceBehavior [ RunTime:0.000000s ]
INFO: [ app_end ] --END-- [ RunTime:0.001000s ]

[ 2016-05-08T23:37:48+08:00 ] ::1 /rongfei/Home/List/index/type/1.html
INFO: [ app_init ] --START--
INFO: Run Behavior\BuildLiteBehavior [ RunTime:0.000000s ]
INFO: [ app_init ] --END-- [ RunTime:0.001000s ]
INFO: [ app_begin ] --START--
INFO: Run Behavior\ReadHtmlCacheBehavior [ RunTime:0.001000s ]
INFO: [ app_begin ] --END-- [ RunTime:0.001000s ]
SQL: SHOW COLUMNS FROM `lazy_category` [ RunTime:0.0020s ]
SQL: SELECT `cat_id` FROM `lazy_category` WHERE `pid` = 1  [ RunTime:0.0000s ]
SQL: SELECT `cat_id` FROM `lazy_category` WHERE `pid` = 1  [ RunTime:0.0000s ]
NOTIC: [8] Use of undefined constant in - assumed 'in' F:\workplace\rongfei\Apps\Home\Controller\ListController.class.php 第 13 行.
SQL: SHOW COLUMNS FROM `lazy_news` [ RunTime:0.0020s ]
ERR: Think\Model:relation方法不存在！

[ 2016-05-08T23:37:50+08:00 ] ::1 /rongfei/
INFO: [ app_init ] --START--
INFO: Run Behavior\BuildLiteBehavior [ RunTime:0.000000s ]
INFO: [ app_init ] --END-- [ RunTime:0.001000s ]
INFO: [ app_begin ] --START--
INFO: Run Behavior\ReadHtmlCacheBehavior [ RunTime:0.001000s ]
INFO: [ app_begin ] --END-- [ RunTime:0.001000s ]
SQL: SHOW COLUMNS FROM `lazy_category` [ RunTime:0.0020s ]
SQL: SELECT * FROM `lazy_category` ORDER BY sort asc  [ RunTime:0.0000s ]
SQL: SELECT * FROM `lazy_category` WHERE ( pid = 0 )  [ RunTime:0.0000s ]
INFO: [ view_parse ] --START--
INFO: [ template_filter ] --START--
INFO: Run Behavior\ContentReplaceBehavior [ RunTime:0.000000s ]
INFO: [ template_filter ] --END-- [ RunTime:0.000000s ]
INFO: Run Behavior\ParseTemplateBehavior [ RunTime:0.008001s ]
INFO: [ view_parse ] --END-- [ RunTime:0.008001s ]
INFO: [ view_filter ] --START--
INFO: Run Behavior\WriteHtmlCacheBehavior [ RunTime:0.000000s ]
INFO: [ view_filter ] --END-- [ RunTime:0.000000s ]
INFO: [ app_end ] --START--
INFO: Run Behavior\ShowPageTraceBehavior [ RunTime:0.001000s ]
INFO: [ app_end ] --END-- [ RunTime:0.001000s ]

[ 2016-05-08T23:37:50+08:00 ] ::1 /rongfei/Home/List/index/type/1.html
INFO: [ app_init ] --START--
INFO: Run Behavior\BuildLiteBehavior [ RunTime:0.000000s ]
INFO: [ app_init ] --END-- [ RunTime:0.000000s ]
INFO: [ app_begin ] --START--
INFO: Run Behavior\ReadHtmlCacheBehavior [ RunTime:0.000000s ]
INFO: [ app_begin ] --END-- [ RunTime:0.000000s ]
SQL: SHOW COLUMNS FROM `lazy_category` [ RunTime:0.0020s ]
SQL: SELECT `cat_id` FROM `lazy_category` WHERE `pid` = 1  [ RunTime:0.0000s ]
SQL: SELECT `cat_id` FROM `lazy_category` WHERE `pid` = 1  [ RunTime:0.0000s ]
NOTIC: [8] Use of undefined constant in - assumed 'in' F:\workplace\rongfei\Apps\Home\Controller\ListController.class.php 第 13 行.
SQL: SHOW COLUMNS FROM `lazy_news` [ RunTime:0.0030s ]
ERR: Think\Model:relation方法不存在！

[ 2016-05-08T23:38:27+08:00 ] ::1 /rongfei/
INFO: [ app_init ] --START--
INFO: Run Behavior\BuildLiteBehavior [ RunTime:0.000000s ]
INFO: [ app_init ] --END-- [ RunTime:0.001000s ]
INFO: [ app_begin ] --START--
INFO: Run Behavior\ReadHtmlCacheBehavior [ RunTime:0.000000s ]
INFO: [ app_begin ] --END-- [ RunTime:0.000000s ]
SQL: SHOW COLUMNS FROM `lazy_category` [ RunTime:0.0030s ]
SQL: SELECT * FROM `lazy_category` ORDER BY sort asc  [ RunTime:0.0010s ]
SQL: SELECT * FROM `lazy_category` WHERE ( pid = 0 )  [ RunTime:0.0000s ]
INFO: [ view_parse ] --START--
INFO: [ template_filter ] --START--
INFO: Run Behavior\ContentReplaceBehavior [ RunTime:0.001000s ]
INFO: [ template_filter ] --END-- [ RunTime:0.001000s ]
INFO: Run Behavior\ParseTemplateBehavior [ RunTime:0.011000s ]
INFO: [ view_parse ] --END-- [ RunTime:0.012001s ]
INFO: [ view_filter ] --START--
INFO: Run Behavior\WriteHtmlCacheBehavior [ RunTime:0.000000s ]
INFO: [ view_filter ] --END-- [ RunTime:0.000000s ]
INFO: [ app_end ] --START--
INFO: Run Behavior\ShowPageTraceBehavior [ RunTime:0.001000s ]
INFO: [ app_end ] --END-- [ RunTime:0.001000s ]

[ 2016-05-08T23:38:27+08:00 ] ::1 /rongfei/Home/List/index/type/1.html
INFO: [ app_init ] --START--
INFO: Run Behavior\BuildLiteBehavior [ RunTime:0.000000s ]
INFO: [ app_init ] --END-- [ RunTime:0.000000s ]
INFO: [ app_begin ] --START--
INFO: Run Behavior\ReadHtmlCacheBehavior [ RunTime:0.001000s ]
INFO: [ app_begin ] --END-- [ RunTime:0.001000s ]
SQL: SHOW COLUMNS FROM `lazy_category` [ RunTime:0.0020s ]
SQL: SELECT `cat_id` FROM `lazy_category` WHERE `pid` = 1  [ RunTime:0.0000s ]
SQL: SELECT `cat_id` FROM `lazy_category` WHERE `pid` = 1  [ RunTime:0.0010s ]
NOTIC: [8] Use of undefined constant in - assumed 'in' F:\workplace\rongfei\Apps\Home\Controller\ListController.class.php 第 13 行.
SQL: SHOW COLUMNS FROM `lazy_news` [ RunTime:0.0020s ]
ERR: Think\Model:relation方法不存在！

[ 2016-05-08T23:38:31+08:00 ] ::1 /rongfei/Home/Index/index/cat_id/1.html
INFO: [ app_init ] --START--
INFO: Run Behavior\BuildLiteBehavior [ RunTime:0.000000s ]
INFO: [ app_init ] --END-- [ RunTime:0.001000s ]
INFO: [ app_begin ] --START--
INFO: Run Behavior\ReadHtmlCacheBehavior [ RunTime:0.001000s ]
INFO: [ app_begin ] --END-- [ RunTime:0.001000s ]
SQL: SHOW COLUMNS FROM `lazy_category` [ RunTime:0.0020s ]
SQL: SELECT * FROM `lazy_category` ORDER BY sort asc  [ RunTime:0.0000s ]
SQL: SELECT * FROM `lazy_category` WHERE ( pid = 0 )  [ RunTime:0.0000s ]
INFO: [ view_parse ] --START--
INFO: [ template_filter ] --START--
INFO: Run Behavior\ContentReplaceBehavior [ RunTime:0.000000s ]
INFO: [ template_filter ] --END-- [ RunTime:0.000000s ]
INFO: Run Behavior\ParseTemplateBehavior [ RunTime:0.008000s ]
INFO: [ view_parse ] --END-- [ RunTime:0.008000s ]
INFO: [ view_filter ] --START--
INFO: Run Behavior\WriteHtmlCacheBehavior [ RunTime:0.000000s ]
INFO: [ view_filter ] --END-- [ RunTime:0.000000s ]
INFO: [ app_end ] --START--
INFO: Run Behavior\ShowPageTraceBehavior [ RunTime:0.001000s ]
INFO: [ app_end ] --END-- [ RunTime:0.001000s ]

[ 2016-05-08T23:38:31+08:00 ] ::1 /rongfei/Home/List/index/type/1.html
INFO: [ app_init ] --START--
INFO: Run Behavior\BuildLiteBehavior [ RunTime:0.000000s ]
INFO: [ app_init ] --END-- [ RunTime:0.000000s ]
INFO: [ app_begin ] --START--
INFO: Run Behavior\ReadHtmlCacheBehavior [ RunTime:0.000000s ]
INFO: [ app_begin ] --END-- [ RunTime:0.000000s ]
SQL: SHOW COLUMNS FROM `lazy_category` [ RunTime:0.0030s ]
SQL: SELECT `cat_id` FROM `lazy_category` WHERE `pid` = 1  [ RunTime:0.0000s ]
SQL: SELECT `cat_id` FROM `lazy_category` WHERE `pid` = 1  [ RunTime:0.0000s ]
NOTIC: [8] Use of undefined constant in - assumed 'in' F:\workplace\rongfei\Apps\Home\Controller\ListController.class.php 第 13 行.
SQL: SHOW COLUMNS FROM `lazy_news` [ RunTime:0.0030s ]
ERR: Think\Model:relation方法不存在！

[ 2016-05-08T23:38:32+08:00 ] ::1 /rongfei/Home/Index/index/cat_id/1.html
INFO: [ app_init ] --START--
INFO: Run Behavior\BuildLiteBehavior [ RunTime:0.001000s ]
INFO: [ app_init ] --END-- [ RunTime:0.001000s ]
INFO: [ app_begin ] --START--
INFO: Run Behavior\ReadHtmlCacheBehavior [ RunTime:0.001000s ]
INFO: [ app_begin ] --END-- [ RunTime:0.001000s ]
SQL: SHOW COLUMNS FROM `lazy_category` [ RunTime:0.0040s ]
SQL: SELECT * FROM `lazy_category` ORDER BY sort asc  [ RunTime:0.0000s ]
SQL: SELECT * FROM `lazy_category` WHERE ( pid = 0 )  [ RunTime:0.0010s ]
INFO: [ view_parse ] --START--
INFO: [ template_filter ] --START--
INFO: Run Behavior\ContentReplaceBehavior [ RunTime:0.000000s ]
INFO: [ template_filter ] --END-- [ RunTime:0.000000s ]
INFO: Run Behavior\ParseTemplateBehavior [ RunTime:0.012000s ]
INFO: [ view_parse ] --END-- [ RunTime:0.012000s ]
INFO: [ view_filter ] --START--
INFO: Run Behavior\WriteHtmlCacheBehavior [ RunTime:0.001000s ]
INFO: [ view_filter ] --END-- [ RunTime:0.001000s ]
INFO: [ app_end ] --START--
INFO: Run Behavior\ShowPageTraceBehavior [ RunTime:0.001000s ]
INFO: [ app_end ] --END-- [ RunTime:0.001000s ]

[ 2016-05-08T23:38:32+08:00 ] ::1 /rongfei/Home/List/index/type/1.html
INFO: [ app_init ] --START--
INFO: Run Behavior\BuildLiteBehavior [ RunTime:0.000000s ]
INFO: [ app_init ] --END-- [ RunTime:0.001000s ]
INFO: [ app_begin ] --START--
INFO: Run Behavior\ReadHtmlCacheBehavior [ RunTime:0.001001s ]
INFO: [ app_begin ] --END-- [ RunTime:0.001001s ]
SQL: SHOW COLUMNS FROM `lazy_category` [ RunTime:0.0030s ]
SQL: SELECT `cat_id` FROM `lazy_category` WHERE `pid` = 1  [ RunTime:0.0000s ]
SQL: SELECT `cat_id` FROM `lazy_category` WHERE `pid` = 1  [ RunTime:0.0000s ]
NOTIC: [8] Use of undefined constant in - assumed 'in' F:\workplace\rongfei\Apps\Home\Controller\ListController.class.php 第 13 行.
SQL: SHOW COLUMNS FROM `lazy_news` [ RunTime:0.0030s ]
ERR: Think\Model:relation方法不存在！

[ 2016-05-08T23:38:33+08:00 ] ::1 /rongfei/Home/List/index/cat_id/25/type/1.html
INFO: [ app_init ] --START--
INFO: Run Behavior\BuildLiteBehavior [ RunTime:0.000000s ]
INFO: [ app_init ] --END-- [ RunTime:0.001000s ]
INFO: [ app_begin ] --START--
INFO: Run Behavior\ReadHtmlCacheBehavior [ RunTime:0.001000s ]
INFO: [ app_begin ] --END-- [ RunTime:0.001000s ]
SQL: SHOW COLUMNS FROM `lazy_category` [ RunTime:0.0030s ]
SQL: SELECT `cat_id` FROM `lazy_category` WHERE `pid` = 25  [ RunTime:0.0000s ]
SQL: SELECT `cat_id` FROM `lazy_category` WHERE `pid` = 25  [ RunTime:0.0000s ]
NOTIC: [8] Use of undefined constant in - assumed 'in' F:\workplace\rongfei\Apps\Home\Controller\ListController.class.php 第 13 行.
SQL: SHOW COLUMNS FROM `lazy_news` [ RunTime:0.0020s ]
ERR: Think\Model:relation方法不存在！

[ 2016-05-08T23:38:33+08:00 ] ::1 /rongfei/Home/List/index/cat_id/28/type/1.html
INFO: [ app_init ] --START--
INFO: Run Behavior\BuildLiteBehavior [ RunTime:0.000000s ]
INFO: [ app_init ] --END-- [ RunTime:0.001000s ]
INFO: [ app_begin ] --START--
INFO: Run Behavior\ReadHtmlCacheBehavior [ RunTime:0.001000s ]
INFO: [ app_begin ] --END-- [ RunTime:0.001000s ]
SQL: SHOW COLUMNS FROM `lazy_category` [ RunTime:0.0020s ]
SQL: SELECT `cat_id` FROM `lazy_category` WHERE `pid` = 28  [ RunTime:0.0010s ]
SQL: SHOW COLUMNS FROM `lazy_news` [ RunTime:0.0020s ]
ERR: Think\Model:relation方法不存在！

[ 2016-05-08T23:38:34+08:00 ] ::1 /rongfei/Home/List/index/cat_id/28/type/1.html
INFO: [ app_init ] --START--
INFO: Run Behavior\BuildLiteBehavior [ RunTime:0.000000s ]
INFO: [ app_init ] --END-- [ RunTime:0.001000s ]
INFO: [ app_begin ] --START--
INFO: Run Behavior\ReadHtmlCacheBehavior [ RunTime:0.001000s ]
INFO: [ app_begin ] --END-- [ RunTime:0.001000s ]
SQL: SHOW COLUMNS FROM `lazy_category` [ RunTime:0.0030s ]
SQL: SELECT `cat_id` FROM `lazy_category` WHERE `pid` = 28  [ RunTime:0.0000s ]
SQL: SHOW COLUMNS FROM `lazy_news` [ RunTime:0.0020s ]
ERR: Think\Model:relation方法不存在！

[ 2016-05-08T23:38:36+08:00 ] ::1 /rongfei/Home/List/index/cat_id/25/type/1.html
INFO: [ app_init ] --START--
INFO: Run Behavior\BuildLiteBehavior [ RunTime:0.000000s ]
INFO: [ app_init ] --END-- [ RunTime:0.001000s ]
INFO: [ app_begin ] --START--
INFO: Run Behavior\ReadHtmlCacheBehavior [ RunTime:0.001000s ]
INFO: [ app_begin ] --END-- [ RunTime:0.001000s ]
SQL: SHOW COLUMNS FROM `lazy_category` [ RunTime:0.0030s ]
SQL: SELECT `cat_id` FROM `lazy_category` WHERE `pid` = 25  [ RunTime:0.0000s ]
SQL: SELECT `cat_id` FROM `lazy_category` WHERE `pid` = 25  [ RunTime:0.0000s ]
NOTIC: [8] Use of undefined constant in - assumed 'in' F:\workplace\rongfei\Apps\Home\Controller\ListController.class.php 第 13 行.
SQL: SHOW COLUMNS FROM `lazy_news` [ RunTime:0.0020s ]
ERR: Think\Model:relation方法不存在！

[ 2016-05-08T23:38:36+08:00 ] ::1 /rongfei/Home/List/index/cat_id/28/type/1.html
INFO: [ app_init ] --START--
INFO: Run Behavior\BuildLiteBehavior [ RunTime:0.000000s ]
INFO: [ app_init ] --END-- [ RunTime:0.001000s ]
INFO: [ app_begin ] --START--
INFO: Run Behavior\ReadHtmlCacheBehavior [ RunTime:0.000000s ]
INFO: [ app_begin ] --END-- [ RunTime:0.000000s ]
SQL: SHOW COLUMNS FROM `lazy_category` [ RunTime:0.0020s ]
SQL: SELECT `cat_id` FROM `lazy_category` WHERE `pid` = 28  [ RunTime:0.0010s ]
SQL: SHOW COLUMNS FROM `lazy_news` [ RunTime:0.0020s ]
ERR: Think\Model:relation方法不存在！

[ 2016-05-08T23:38:46+08:00 ] ::1 /rongfei/Home/List/index/cat_id/28/type/1.html
INFO: [ app_init ] --START--
INFO: Run Behavior\BuildLiteBehavior [ RunTime:0.000000s ]
INFO: [ app_init ] --END-- [ RunTime:0.001000s ]
INFO: [ app_begin ] --START--
INFO: Run Behavior\ReadHtmlCacheBehavior [ RunTime:0.001000s ]
INFO: [ app_begin ] --END-- [ RunTime:0.001000s ]
SQL: SHOW COLUMNS FROM `lazy_category` [ RunTime:0.0020s ]
SQL: SELECT `cat_id` FROM `lazy_category` WHERE `pid` = 28  [ RunTime:0.0010s ]
SQL: SHOW COLUMNS FROM `lazy_news` [ RunTime:0.0020s ]
ERR: Think\Model:relation方法不存在！

[ 2016-05-08T23:39:32+08:00 ] ::1 /rongfei/Home/Index/index/cat_id/1.html
INFO: [ app_init ] --START--
INFO: Run Behavior\BuildLiteBehavior [ RunTime:0.000000s ]
INFO: [ app_init ] --END-- [ RunTime:0.001000s ]
INFO: [ app_begin ] --START--
INFO: Run Behavior\ReadHtmlCacheBehavior [ RunTime:0.001000s ]
INFO: [ app_begin ] --END-- [ RunTime:0.001000s ]
SQL: SHOW COLUMNS FROM `lazy_category` [ RunTime:0.0020s ]
SQL: SELECT * FROM `lazy_category` ORDER BY sort asc  [ RunTime:0.0010s ]
SQL: SELECT * FROM `lazy_category` WHERE ( pid = 0 )  [ RunTime:0.0000s ]
INFO: [ view_parse ] --START--
INFO: [ template_filter ] --START--
INFO: Run Behavior\ContentReplaceBehavior [ RunTime:0.000000s ]
INFO: [ template_filter ] --END-- [ RunTime:0.000000s ]
INFO: Run Behavior\ParseTemplateBehavior [ RunTime:0.007000s ]
INFO: [ view_parse ] --END-- [ RunTime:0.007000s ]
INFO: [ view_filter ] --START--
INFO: Run Behavior\WriteHtmlCacheBehavior [ RunTime:0.001000s ]
INFO: [ view_filter ] --END-- [ RunTime:0.001000s ]
INFO: [ app_end ] --START--
INFO: Run Behavior\ShowPageTraceBehavior [ RunTime:0.000000s ]
INFO: [ app_end ] --END-- [ RunTime:0.000000s ]

[ 2016-05-08T23:39:32+08:00 ] ::1 /rongfei/Home/List/index/type/1.html
INFO: [ app_init ] --START--
INFO: Run Behavior\BuildLiteBehavior [ RunTime:0.000000s ]
INFO: [ app_init ] --END-- [ RunTime:0.001000s ]
INFO: [ app_begin ] --START--
INFO: Run Behavior\ReadHtmlCacheBehavior [ RunTime:0.000000s ]
INFO: [ app_begin ] --END-- [ RunTime:0.001000s ]
SQL: SHOW COLUMNS FROM `lazy_category` [ RunTime:0.0020s ]
SQL: SELECT `cat_id` FROM `lazy_category` WHERE `pid` = 1  [ RunTime:0.0000s ]
SQL: SELECT `cat_id` FROM `lazy_category` WHERE `pid` = 1  [ RunTime:0.0000s ]
NOTIC: [8] Use of undefined constant in - assumed 'in' F:\workplace\rongfei\Apps\Home\Controller\ListController.class.php 第 13 行.
SQL: SHOW COLUMNS FROM `lazy_news` [ RunTime:0.0020s ]
ERR: Think\Model:relation方法不存在！

[ 2016-05-08T23:39:51+08:00 ] ::1 /rongfei/Home/Index/index/cat_id/1.html
INFO: [ app_init ] --START--
INFO: Run Behavior\BuildLiteBehavior [ RunTime:0.000000s ]
INFO: [ app_init ] --END-- [ RunTime:0.001000s ]
INFO: [ app_begin ] --START--
INFO: Run Behavior\ReadHtmlCacheBehavior [ RunTime:0.001000s ]
INFO: [ app_begin ] --END-- [ RunTime:0.001000s ]
SQL: SHOW COLUMNS FROM `lazy_category` [ RunTime:0.0020s ]
SQL: SELECT * FROM `lazy_category` ORDER BY sort asc  [ RunTime:0.0010s ]
SQL: SELECT * FROM `lazy_category` WHERE ( pid = 0 )  [ RunTime:0.0000s ]
INFO: [ view_parse ] --START--
INFO: [ template_filter ] --START--
INFO: Run Behavior\ContentReplaceBehavior [ RunTime:0.000000s ]
INFO: [ template_filter ] --END-- [ RunTime:0.001000s ]
INFO: Run Behavior\ParseTemplateBehavior [ RunTime:0.008000s ]
INFO: [ view_parse ] --END-- [ RunTime:0.008000s ]
INFO: [ view_filter ] --START--
INFO: Run Behavior\WriteHtmlCacheBehavior [ RunTime:0.000000s ]
INFO: [ view_filter ] --END-- [ RunTime:0.000000s ]
INFO: [ app_end ] --START--
INFO: Run Behavior\ShowPageTraceBehavior [ RunTime:0.001000s ]
INFO: [ app_end ] --END-- [ RunTime:0.001000s ]

[ 2016-05-08T23:39:51+08:00 ] ::1 /rongfei/Home/List/index/type/1.html
INFO: [ app_init ] --START--
INFO: Run Behavior\BuildLiteBehavior [ RunTime:0.000000s ]
INFO: [ app_init ] --END-- [ RunTime:0.001000s ]
INFO: [ app_begin ] --START--
INFO: Run Behavior\ReadHtmlCacheBehavior [ RunTime:0.001000s ]
INFO: [ app_begin ] --END-- [ RunTime:0.001000s ]
SQL: SHOW COLUMNS FROM `lazy_category` [ RunTime:0.0020s ]
SQL: SELECT `cat_id` FROM `lazy_category` WHERE `pid` = 1  [ RunTime:0.0010s ]
SQL: SELECT `cat_id` FROM `lazy_category` WHERE `pid` = 1  [ RunTime:0.0000s ]
NOTIC: [8] Use of undefined constant in - assumed 'in' F:\workplace\rongfei\Apps\Home\Controller\ListController.class.php 第 13 行.
SQL: SHOW COLUMNS FROM `lazy_news` [ RunTime:0.0020s ]
SQL: SELECT * FROM `lazy_news` ORDER BY pubtime desc LIMIT 0,15   [ RunTime:0.0010s ]
SQL: SHOW COLUMNS FROM `lazy_category` [ RunTime:0.0020s ]
SQL: SELECT `name` FROM `lazy_category` WHERE ( 1=1 AND cat_id='28' ) LIMIT 1   [ RunTime:0.0010s ]
SQL: SELECT `name` FROM `lazy_category` WHERE ( 1=1 AND cat_id='28' ) LIMIT 1   [ RunTime:0.0000s ]
SQL: SELECT `name` FROM `lazy_category` WHERE ( 1=1 AND cat_id='28' ) LIMIT 1   [ RunTime:0.0000s ]
SQL: SELECT COUNT(*) AS tp_count FROM `lazy_news` LIMIT 1   [ RunTime:0.0000s ]
INFO: [ view_parse ] --START--
INFO: [ template_filter ] --START--
INFO: Run Behavior\ContentReplaceBehavior [ RunTime:0.000000s ]
INFO: [ template_filter ] --END-- [ RunTime:0.000000s ]
INFO: Run Behavior\ParseTemplateBehavior [ RunTime:0.010000s ]
INFO: [ view_parse ] --END-- [ RunTime:0.010000s ]
INFO: [ view_filter ] --START--
INFO: Run Behavior\WriteHtmlCacheBehavior [ RunTime:0.000000s ]
INFO: [ view_filter ] --END-- [ RunTime:0.000000s ]
INFO: [ app_end ] --START--
INFO: Run Behavior\ShowPageTraceBehavior [ RunTime:0.001000s ]
INFO: [ app_end ] --END-- [ RunTime:0.001000s ]

[ 2016-05-08T23:39:52+08:00 ] ::1 /rongfei/Home/List/index/cat_id/25/type/1.html
INFO: [ app_init ] --START--
INFO: Run Behavior\BuildLiteBehavior [ RunTime:0.000000s ]
INFO: [ app_init ] --END-- [ RunTime:0.001000s ]
INFO: [ app_begin ] --START--
INFO: Run Behavior\ReadHtmlCacheBehavior [ RunTime:0.001001s ]
INFO: [ app_begin ] --END-- [ RunTime:0.001001s ]
SQL: SHOW COLUMNS FROM `lazy_category` [ RunTime:0.0030s ]
SQL: SELECT `cat_id` FROM `lazy_category` WHERE `pid` = 25  [ RunTime:0.0000s ]
SQL: SELECT `cat_id` FROM `lazy_category` WHERE `pid` = 25  [ RunTime:0.0010s ]
NOTIC: [8] Use of undefined constant in - assumed 'in' F:\workplace\rongfei\Apps\Home\Controller\ListController.class.php 第 13 行.
SQL: SHOW COLUMNS FROM `lazy_news` [ RunTime:0.0020s ]
SQL: SELECT * FROM `lazy_news` WHERE `cat_id` IN ('28') ORDER BY pubtime desc LIMIT 0,15   [ RunTime:0.0000s ]
SQL: SHOW COLUMNS FROM `lazy_category` [ RunTime:0.0030s ]
SQL: SELECT `name` FROM `lazy_category` WHERE ( 1=1 AND cat_id='28' ) LIMIT 1   [ RunTime:0.0000s ]
SQL: SELECT `name` FROM `lazy_category` WHERE ( 1=1 AND cat_id='28' ) LIMIT 1   [ RunTime:0.0000s ]
SQL: SELECT `name` FROM `lazy_category` WHERE ( 1=1 AND cat_id='28' ) LIMIT 1   [ RunTime:0.0010s ]
SQL: SELECT COUNT(*) AS tp_count FROM `lazy_news` WHERE `cat_id` IN ('28') LIMIT 1   [ RunTime:0.0000s ]
INFO: [ view_parse ] --START--
INFO: [ template_filter ] --START--
INFO: Run Behavior\ContentReplaceBehavior [ RunTime:0.000000s ]
INFO: [ template_filter ] --END-- [ RunTime:0.000000s ]
INFO: Run Behavior\ParseTemplateBehavior [ RunTime:0.008001s ]
INFO: [ view_parse ] --END-- [ RunTime:0.008001s ]
INFO: [ view_filter ] --START--
INFO: Run Behavior\WriteHtmlCacheBehavior [ RunTime:0.000000s ]
INFO: [ view_filter ] --END-- [ RunTime:0.000000s ]
INFO: [ app_end ] --START--
INFO: Run Behavior\ShowPageTraceBehavior [ RunTime:0.001000s ]
INFO: [ app_end ] --END-- [ RunTime:0.001000s ]

[ 2016-05-08T23:39:53+08:00 ] ::1 /rongfei/Home/List/index/cat_id/28/type/1.html
INFO: [ app_init ] --START--
INFO: Run Behavior\BuildLiteBehavior [ RunTime:0.000000s ]
INFO: [ app_init ] --END-- [ RunTime:0.001001s ]
INFO: [ app_begin ] --START--
INFO: Run Behavior\ReadHtmlCacheBehavior [ RunTime:0.001000s ]
INFO: [ app_begin ] --END-- [ RunTime:0.001000s ]
SQL: SHOW COLUMNS FROM `lazy_category` [ RunTime:0.0020s ]
SQL: SELECT `cat_id` FROM `lazy_category` WHERE `pid` = 28  [ RunTime:0.0000s ]
SQL: SHOW COLUMNS FROM `lazy_news` [ RunTime:0.0030s ]
SQL: SELECT * FROM `lazy_news` WHERE `cat_id` = 28 ORDER BY pubtime desc LIMIT 0,15   [ RunTime:0.0000s ]
SQL: SHOW COLUMNS FROM `lazy_category` [ RunTime:0.0020s ]
SQL: SELECT `name` FROM `lazy_category` WHERE ( 1=1 AND cat_id='28' ) LIMIT 1   [ RunTime:0.0000s ]
SQL: SELECT `name` FROM `lazy_category` WHERE ( 1=1 AND cat_id='28' ) LIMIT 1   [ RunTime:0.0000s ]
SQL: SELECT `name` FROM `lazy_category` WHERE ( 1=1 AND cat_id='28' ) LIMIT 1   [ RunTime:0.0000s ]
SQL: SELECT COUNT(*) AS tp_count FROM `lazy_news` WHERE `cat_id` = 28 LIMIT 1   [ RunTime:0.0010s ]
INFO: [ view_parse ] --START--
INFO: [ template_filter ] --START--
INFO: Run Behavior\ContentReplaceBehavior [ RunTime:0.000000s ]
INFO: [ template_filter ] --END-- [ RunTime:0.000000s ]
INFO: Run Behavior\ParseTemplateBehavior [ RunTime:0.006001s ]
INFO: [ view_parse ] --END-- [ RunTime:0.006001s ]
INFO: [ view_filter ] --START--
INFO: Run Behavior\WriteHtmlCacheBehavior [ RunTime:0.001000s ]
INFO: [ view_filter ] --END-- [ RunTime:0.001000s ]
INFO: [ app_end ] --START--
INFO: Run Behavior\ShowPageTraceBehavior [ RunTime:0.000000s ]
INFO: [ app_end ] --END-- [ RunTime:0.000000s ]

[ 2016-05-08T23:39:54+08:00 ] ::1 /rongfei/Home/Index/index/cat_id/1.html
INFO: [ app_init ] --START--
INFO: Run Behavior\BuildLiteBehavior [ RunTime:0.000000s ]
INFO: [ app_init ] --END-- [ RunTime:0.000000s ]
INFO: [ app_begin ] --START--
INFO: Run Behavior\ReadHtmlCacheBehavior [ RunTime:0.001000s ]
INFO: [ app_begin ] --END-- [ RunTime:0.001000s ]
SQL: SHOW COLUMNS FROM `lazy_category` [ RunTime:0.0030s ]
SQL: SELECT * FROM `lazy_category` ORDER BY sort asc  [ RunTime:0.0010s ]
SQL: SELECT * FROM `lazy_category` WHERE ( pid = 0 )  [ RunTime:0.0000s ]
INFO: [ view_parse ] --START--
INFO: [ template_filter ] --START--
INFO: Run Behavior\ContentReplaceBehavior [ RunTime:0.000000s ]
INFO: [ template_filter ] --END-- [ RunTime:0.000000s ]
INFO: Run Behavior\ParseTemplateBehavior [ RunTime:0.007001s ]
INFO: [ view_parse ] --END-- [ RunTime:0.007001s ]
INFO: [ view_filter ] --START--
INFO: Run Behavior\WriteHtmlCacheBehavior [ RunTime:0.001000s ]
INFO: [ view_filter ] --END-- [ RunTime:0.001000s ]
INFO: [ app_end ] --START--
INFO: Run Behavior\ShowPageTraceBehavior [ RunTime:0.000000s ]
INFO: [ app_end ] --END-- [ RunTime:0.000000s ]

[ 2016-05-08T23:39:54+08:00 ] ::1 /rongfei/Home/List/index/type/1.html
INFO: [ app_init ] --START--
INFO: Run Behavior\BuildLiteBehavior [ RunTime:0.000000s ]
INFO: [ app_init ] --END-- [ RunTime:0.001000s ]
INFO: [ app_begin ] --START--
INFO: Run Behavior\ReadHtmlCacheBehavior [ RunTime:0.001000s ]
INFO: [ app_begin ] --END-- [ RunTime:0.001000s ]
SQL: SHOW COLUMNS FROM `lazy_category` [ RunTime:0.0030s ]
SQL: SELECT `cat_id` FROM `lazy_category` WHERE `pid` = 1  [ RunTime:0.0000s ]
SQL: SELECT `cat_id` FROM `lazy_category` WHERE `pid` = 1  [ RunTime:0.0010s ]
NOTIC: [8] Use of undefined constant in - assumed 'in' F:\workplace\rongfei\Apps\Home\Controller\ListController.class.php 第 13 行.
SQL: SHOW COLUMNS FROM `lazy_news` [ RunTime:0.0020s ]
SQL: SELECT * FROM `lazy_news` ORDER BY pubtime desc LIMIT 0,15   [ RunTime:0.0000s ]
SQL: SHOW COLUMNS FROM `lazy_category` [ RunTime:0.0020s ]
SQL: SELECT `name` FROM `lazy_category` WHERE ( 1=1 AND cat_id='28' ) LIMIT 1   [ RunTime:0.0000s ]
SQL: SELECT `name` FROM `lazy_category` WHERE ( 1=1 AND cat_id='28' ) LIMIT 1   [ RunTime:0.0000s ]
SQL: SELECT `name` FROM `lazy_category` WHERE ( 1=1 AND cat_id='28' ) LIMIT 1   [ RunTime:0.0010s ]
SQL: SELECT COUNT(*) AS tp_count FROM `lazy_news` LIMIT 1   [ RunTime:0.0000s ]
INFO: [ view_parse ] --START--
INFO: [ template_filter ] --START--
INFO: Run Behavior\ContentReplaceBehavior [ RunTime:0.000000s ]
INFO: [ template_filter ] --END-- [ RunTime:0.000000s ]
INFO: Run Behavior\ParseTemplateBehavior [ RunTime:0.005000s ]
INFO: [ view_parse ] --END-- [ RunTime:0.005000s ]
INFO: [ view_filter ] --START--
INFO: Run Behavior\WriteHtmlCacheBehavior [ RunTime:0.001000s ]
INFO: [ view_filter ] --END-- [ RunTime:0.001000s ]
INFO: [ app_end ] --START--
INFO: Run Behavior\ShowPageTraceBehavior [ RunTime:0.000000s ]
INFO: [ app_end ] --END-- [ RunTime:0.000000s ]

[ 2016-05-08T23:39:54+08:00 ] ::1 /rongfei/Home/Index/index.html
INFO: [ app_init ] --START--
INFO: Run Behavior\BuildLiteBehavior [ RunTime:0.000000s ]
INFO: [ app_init ] --END-- [ RunTime:0.001000s ]
INFO: [ app_begin ] --START--
INFO: Run Behavior\ReadHtmlCacheBehavior [ RunTime:0.000000s ]
INFO: [ app_begin ] --END-- [ RunTime:0.000000s ]
SQL: SHOW COLUMNS FROM `lazy_category` [ RunTime:0.0030s ]
SQL: SELECT * FROM `lazy_category` ORDER BY sort asc  [ RunTime:0.0010s ]
SQL: SELECT * FROM `lazy_category` WHERE ( pid = 0 )  [ RunTime:0.0000s ]
INFO: [ view_parse ] --START--
INFO: [ template_filter ] --START--
INFO: Run Behavior\ContentReplaceBehavior [ RunTime:0.000000s ]
INFO: [ template_filter ] --END-- [ RunTime:0.000000s ]
INFO: Run Behavior\ParseTemplateBehavior [ RunTime:0.011001s ]
INFO: [ view_parse ] --END-- [ RunTime:0.011001s ]
INFO: [ view_filter ] --START--
INFO: Run Behavior\WriteHtmlCacheBehavior [ RunTime:0.000000s ]
INFO: [ view_filter ] --END-- [ RunTime:0.000000s ]
INFO: [ app_end ] --START--
INFO: Run Behavior\ShowPageTraceBehavior [ RunTime:0.000000s ]
INFO: [ app_end ] --END-- [ RunTime:0.000000s ]

[ 2016-05-08T23:39:55+08:00 ] ::1 /rongfei/Home/List/index/type/1.html
INFO: [ app_init ] --START--
INFO: Run Behavior\BuildLiteBehavior [ RunTime:0.000000s ]
INFO: [ app_init ] --END-- [ RunTime:0.000000s ]
INFO: [ app_begin ] --START--
INFO: Run Behavior\ReadHtmlCacheBehavior [ RunTime:0.000000s ]
INFO: [ app_begin ] --END-- [ RunTime:0.001000s ]
SQL: SHOW COLUMNS FROM `lazy_category` [ RunTime:0.0020s ]
SQL: SELECT `cat_id` FROM `lazy_category` WHERE `pid` = 1  [ RunTime:0.0000s ]
SQL: SELECT `cat_id` FROM `lazy_category` WHERE `pid` = 1  [ RunTime:0.0000s ]
NOTIC: [8] Use of undefined constant in - assumed 'in' F:\workplace\rongfei\Apps\Home\Controller\ListController.class.php 第 13 行.
SQL: SHOW COLUMNS FROM `lazy_news` [ RunTime:0.0020s ]
SQL: SELECT * FROM `lazy_news` ORDER BY pubtime desc LIMIT 0,15   [ RunTime:0.0000s ]
SQL: SHOW COLUMNS FROM `lazy_category` [ RunTime:0.0020s ]
SQL: SELECT `name` FROM `lazy_category` WHERE ( 1=1 AND cat_id='28' ) LIMIT 1   [ RunTime:0.0010s ]
SQL: SELECT `name` FROM `lazy_category` WHERE ( 1=1 AND cat_id='28' ) LIMIT 1   [ RunTime:0.0000s ]
SQL: SELECT `name` FROM `lazy_category` WHERE ( 1=1 AND cat_id='28' ) LIMIT 1   [ RunTime:0.0000s ]
SQL: SELECT COUNT(*) AS tp_count FROM `lazy_news` LIMIT 1   [ RunTime:0.0000s ]
INFO: [ view_parse ] --START--
INFO: [ template_filter ] --START--
INFO: Run Behavior\ContentReplaceBehavior [ RunTime:0.000000s ]
INFO: [ template_filter ] --END-- [ RunTime:0.000000s ]
INFO: Run Behavior\ParseTemplateBehavior [ RunTime:0.006001s ]
INFO: [ view_parse ] --END-- [ RunTime:0.006001s ]
INFO: [ view_filter ] --START--
INFO: Run Behavior\WriteHtmlCacheBehavior [ RunTime:0.000000s ]
INFO: [ view_filter ] --END-- [ RunTime:0.000000s ]
INFO: [ app_end ] --START--
INFO: Run Behavior\ShowPageTraceBehavior [ RunTime:0.001000s ]
INFO: [ app_end ] --END-- [ RunTime:0.001000s ]

[ 2016-05-08T23:39:55+08:00 ] ::1 /rongfei/Home/Index/index/cat_id/1.html
INFO: [ app_init ] --START--
INFO: Run Behavior\BuildLiteBehavior [ RunTime:0.000000s ]
INFO: [ app_init ] --END-- [ RunTime:0.001000s ]
INFO: [ app_begin ] --START--
INFO: Run Behavior\ReadHtmlCacheBehavior [ RunTime:0.001000s ]
INFO: [ app_begin ] --END-- [ RunTime:0.001000s ]
SQL: SHOW COLUMNS FROM `lazy_category` [ RunTime:0.0030s ]
SQL: SELECT * FROM `lazy_category` ORDER BY sort asc  [ RunTime:0.0000s ]
SQL: SELECT * FROM `lazy_category` WHERE ( pid = 0 )  [ RunTime:0.0000s ]
INFO: [ view_parse ] --START--
INFO: [ template_filter ] --START--
INFO: Run Behavior\ContentReplaceBehavior [ RunTime:0.000000s ]
INFO: [ template_filter ] --END-- [ RunTime:0.000000s ]
INFO: Run Behavior\ParseTemplateBehavior [ RunTime:0.010001s ]
INFO: [ view_parse ] --END-- [ RunTime:0.010001s ]
INFO: [ view_filter ] --START--
INFO: Run Behavior\WriteHtmlCacheBehavior [ RunTime:0.001000s ]
INFO: [ view_filter ] --END-- [ RunTime:0.001000s ]
INFO: [ app_end ] --START--
INFO: Run Behavior\ShowPageTraceBehavior [ RunTime:0.000000s ]
INFO: [ app_end ] --END-- [ RunTime:0.000000s ]

[ 2016-05-08T23:39:55+08:00 ] ::1 /rongfei/Home/List/index/type/1.html
INFO: [ app_init ] --START--
INFO: Run Behavior\BuildLiteBehavior [ RunTime:0.000000s ]
INFO: [ app_init ] --END-- [ RunTime:0.000000s ]
INFO: [ app_begin ] --START--
INFO: Run Behavior\ReadHtmlCacheBehavior [ RunTime:0.000000s ]
INFO: [ app_begin ] --END-- [ RunTime:0.001000s ]
SQL: SHOW COLUMNS FROM `lazy_category` [ RunTime:0.0030s ]
SQL: SELECT `cat_id` FROM `lazy_category` WHERE `pid` = 1  [ RunTime:0.0000s ]
SQL: SELECT `cat_id` FROM `lazy_category` WHERE `pid` = 1  [ RunTime:0.0000s ]
NOTIC: [8] Use of undefined constant in - assumed 'in' F:\workplace\rongfei\Apps\Home\Controller\ListController.class.php 第 13 行.
SQL: SHOW COLUMNS FROM `lazy_news` [ RunTime:0.0020s ]
SQL: SELECT * FROM `lazy_news` ORDER BY pubtime desc LIMIT 0,15   [ RunTime:0.0010s ]
SQL: SHOW COLUMNS FROM `lazy_category` [ RunTime:0.0030s ]
SQL: SELECT `name` FROM `lazy_category` WHERE ( 1=1 AND cat_id='28' ) LIMIT 1   [ RunTime:0.0000s ]
SQL: SELECT `name` FROM `lazy_category` WHERE ( 1=1 AND cat_id='28' ) LIMIT 1   [ RunTime:0.0000s ]
SQL: SELECT `name` FROM `lazy_category` WHERE ( 1=1 AND cat_id='28' ) LIMIT 1   [ RunTime:0.0000s ]
SQL: SELECT COUNT(*) AS tp_count FROM `lazy_news` LIMIT 1   [ RunTime:0.0000s ]
INFO: [ view_parse ] --START--
INFO: [ template_filter ] --START--
INFO: Run Behavior\ContentReplaceBehavior [ RunTime:0.000000s ]
INFO: [ template_filter ] --END-- [ RunTime:0.000000s ]
INFO: Run Behavior\ParseTemplateBehavior [ RunTime:0.006000s ]
INFO: [ view_parse ] --END-- [ RunTime:0.006000s ]
INFO: [ view_filter ] --START--
INFO: Run Behavior\WriteHtmlCacheBehavior [ RunTime:0.001000s ]
INFO: [ view_filter ] --END-- [ RunTime:0.001000s ]
INFO: [ app_end ] --START--
INFO: Run Behavior\ShowPageTraceBehavior [ RunTime:0.000000s ]
INFO: [ app_end ] --END-- [ RunTime:0.000000s ]

[ 2016-05-08T23:41:36+08:00 ] ::1 /rongfei/Home/Index/index.html
INFO: [ app_init ] --START--
INFO: Run Behavior\BuildLiteBehavior [ RunTime:0.000000s ]
INFO: [ app_init ] --END-- [ RunTime:0.000000s ]
INFO: [ app_begin ] --START--
INFO: Run Behavior\ReadHtmlCacheBehavior [ RunTime:0.001000s ]
INFO: [ app_begin ] --END-- [ RunTime:0.001000s ]
SQL: SHOW COLUMNS FROM `lazy_category` [ RunTime:0.0020s ]
SQL: SELECT * FROM `lazy_category` ORDER BY sort asc  [ RunTime:0.0000s ]
SQL: SELECT * FROM `lazy_category` WHERE ( pid = 0 )  [ RunTime:0.0000s ]
INFO: [ view_parse ] --START--
INFO: [ template_filter ] --START--
INFO: Run Behavior\ContentReplaceBehavior [ RunTime:0.000000s ]
INFO: [ template_filter ] --END-- [ RunTime:0.000000s ]
INFO: Run Behavior\ParseTemplateBehavior [ RunTime:0.007001s ]
INFO: [ view_parse ] --END-- [ RunTime:0.007001s ]
INFO: [ view_filter ] --START--
INFO: Run Behavior\WriteHtmlCacheBehavior [ RunTime:0.000000s ]
INFO: [ view_filter ] --END-- [ RunTime:0.000000s ]
INFO: [ app_end ] --START--
INFO: Run Behavior\ShowPageTraceBehavior [ RunTime:0.001000s ]
INFO: [ app_end ] --END-- [ RunTime:0.001000s ]

[ 2016-05-08T23:41:36+08:00 ] ::1 /rongfei/Home/List/index/type/1.html
INFO: [ app_init ] --START--
INFO: Run Behavior\BuildLiteBehavior [ RunTime:0.000000s ]
INFO: [ app_init ] --END-- [ RunTime:0.000000s ]
INFO: [ app_begin ] --START--
INFO: Run Behavior\ReadHtmlCacheBehavior [ RunTime:0.001000s ]
INFO: [ app_begin ] --END-- [ RunTime:0.001000s ]
SQL: SHOW COLUMNS FROM `lazy_category` [ RunTime:0.0020s ]
SQL: SELECT `cat_id` FROM `lazy_category` WHERE `pid` = 1  [ RunTime:0.0000s ]
SQL: SELECT `cat_id` FROM `lazy_category` WHERE `pid` = 1  [ RunTime:0.0000s ]
NOTIC: [8] Use of undefined constant in - assumed 'in' F:\workplace\rongfei\Apps\Home\Controller\ListController.class.php 第 13 行.
SQL: SHOW COLUMNS FROM `lazy_news` [ RunTime:0.0020s ]
SQL: SELECT * FROM `lazy_news` ORDER BY pubtime desc LIMIT 0,15   [ RunTime:0.0000s ]
SQL: SHOW COLUMNS FROM `lazy_category` [ RunTime:0.0010s ]
SQL: SELECT `name` FROM `lazy_category` WHERE ( 1=1 AND cat_id='28' ) LIMIT 1   [ RunTime:0.0000s ]
SQL: SELECT COUNT(*) AS tp_count FROM `lazy_news` LIMIT 1   [ RunTime:0.0000s ]
INFO: [ view_parse ] --START--
INFO: [ template_filter ] --START--
INFO: Run Behavior\ContentReplaceBehavior [ RunTime:0.000000s ]
INFO: [ template_filter ] --END-- [ RunTime:0.000000s ]
INFO: Run Behavior\ParseTemplateBehavior [ RunTime:0.005001s ]
INFO: [ view_parse ] --END-- [ RunTime:0.005001s ]
INFO: [ view_filter ] --START--
INFO: Run Behavior\WriteHtmlCacheBehavior [ RunTime:0.001000s ]
INFO: [ view_filter ] --END-- [ RunTime:0.001000s ]
INFO: [ app_end ] --START--
INFO: Run Behavior\ShowPageTraceBehavior [ RunTime:0.000000s ]
INFO: [ app_end ] --END-- [ RunTime:0.000000s ]

[ 2016-05-08T23:41:37+08:00 ] ::1 /rongfei/Home/Index/index/cat_id/1.html
INFO: [ app_init ] --START--
INFO: Run Behavior\BuildLiteBehavior [ RunTime:0.000000s ]
INFO: [ app_init ] --END-- [ RunTime:0.001000s ]
INFO: [ app_begin ] --START--
INFO: Run Behavior\ReadHtmlCacheBehavior [ RunTime:0.001000s ]
INFO: [ app_begin ] --END-- [ RunTime:0.001000s ]
SQL: SHOW COLUMNS FROM `lazy_category` [ RunTime:0.0020s ]
SQL: SELECT * FROM `lazy_category` ORDER BY sort asc  [ RunTime:0.0000s ]
SQL: SELECT * FROM `lazy_category` WHERE ( pid = 0 )  [ RunTime:0.0000s ]
INFO: [ view_parse ] --START--
INFO: [ template_filter ] --START--
INFO: Run Behavior\ContentReplaceBehavior [ RunTime:0.000000s ]
INFO: [ template_filter ] --END-- [ RunTime:0.000000s ]
INFO: Run Behavior\ParseTemplateBehavior [ RunTime:0.008000s ]
INFO: [ view_parse ] --END-- [ RunTime:0.008000s ]
INFO: [ view_filter ] --START--
INFO: Run Behavior\WriteHtmlCacheBehavior [ RunTime:0.000000s ]
INFO: [ view_filter ] --END-- [ RunTime:0.000000s ]
INFO: [ app_end ] --START--
INFO: Run Behavior\ShowPageTraceBehavior [ RunTime:0.001000s ]
INFO: [ app_end ] --END-- [ RunTime:0.001000s ]

[ 2016-05-08T23:41:37+08:00 ] ::1 /rongfei/Home/List/index/type/1.html
INFO: [ app_init ] --START--
INFO: Run Behavior\BuildLiteBehavior [ RunTime:0.000000s ]
INFO: [ app_init ] --END-- [ RunTime:0.000000s ]
INFO: [ app_begin ] --START--
INFO: Run Behavior\ReadHtmlCacheBehavior [ RunTime:0.000000s ]
INFO: [ app_begin ] --END-- [ RunTime:0.000000s ]
SQL: SHOW COLUMNS FROM `lazy_category` [ RunTime:0.0020s ]
SQL: SELECT `cat_id` FROM `lazy_category` WHERE `pid` = 1  [ RunTime:0.0010s ]
SQL: SELECT `cat_id` FROM `lazy_category` WHERE `pid` = 1  [ RunTime:0.0000s ]
NOTIC: [8] Use of undefined constant in - assumed 'in' F:\workplace\rongfei\Apps\Home\Controller\ListController.class.php 第 13 行.
SQL: SHOW COLUMNS FROM `lazy_news` [ RunTime:0.0030s ]
SQL: SELECT * FROM `lazy_news` ORDER BY pubtime desc LIMIT 0,15   [ RunTime:0.0000s ]
SQL: SHOW COLUMNS FROM `lazy_category` [ RunTime:0.0020s ]
SQL: SELECT `name` FROM `lazy_category` WHERE ( 1=1 AND cat_id='28' ) LIMIT 1   [ RunTime:0.0000s ]
SQL: SELECT COUNT(*) AS tp_count FROM `lazy_news` LIMIT 1   [ RunTime:0.0000s ]
INFO: [ view_parse ] --START--
INFO: [ template_filter ] --START--
INFO: Run Behavior\ContentReplaceBehavior [ RunTime:0.000000s ]
INFO: [ template_filter ] --END-- [ RunTime:0.000000s ]
INFO: Run Behavior\ParseTemplateBehavior [ RunTime:0.006001s ]
INFO: [ view_parse ] --END-- [ RunTime:0.006001s ]
INFO: [ view_filter ] --START--
INFO: Run Behavior\WriteHtmlCacheBehavior [ RunTime:0.000000s ]
INFO: [ view_filter ] --END-- [ RunTime:0.000000s ]
INFO: [ app_end ] --START--
INFO: Run Behavior\ShowPageTraceBehavior [ RunTime:0.001000s ]
INFO: [ app_end ] --END-- [ RunTime:0.001000s ]

[ 2016-05-08T23:41:39+08:00 ] ::1 /rongfei/Home/Index/index/cat_id/1.html
INFO: [ app_init ] --START--
INFO: Run Behavior\BuildLiteBehavior [ RunTime:0.000000s ]
INFO: [ app_init ] --END-- [ RunTime:0.000000s ]
INFO: [ app_begin ] --START--
INFO: Run Behavior\ReadHtmlCacheBehavior [ RunTime:0.000000s ]
INFO: [ app_begin ] --END-- [ RunTime:0.000000s ]
SQL: SHOW COLUMNS FROM `lazy_category` [ RunTime:0.0020s ]
SQL: SELECT * FROM `lazy_category` ORDER BY sort asc  [ RunTime:0.0000s ]
SQL: SELECT * FROM `lazy_category` WHERE ( pid = 0 )  [ RunTime:0.0010s ]
INFO: [ view_parse ] --START--
INFO: [ template_filter ] --START--
INFO: Run Behavior\ContentReplaceBehavior [ RunTime:0.000000s ]
INFO: [ template_filter ] --END-- [ RunTime:0.000000s ]
INFO: Run Behavior\ParseTemplateBehavior [ RunTime:0.007001s ]
INFO: [ view_parse ] --END-- [ RunTime:0.007001s ]
INFO: [ view_filter ] --START--
INFO: Run Behavior\WriteHtmlCacheBehavior [ RunTime:0.000000s ]
INFO: [ view_filter ] --END-- [ RunTime:0.000000s ]
INFO: [ app_end ] --START--
INFO: Run Behavior\ShowPageTraceBehavior [ RunTime:0.000000s ]
INFO: [ app_end ] --END-- [ RunTime:0.000000s ]

[ 2016-05-08T23:41:39+08:00 ] ::1 /rongfei/Home/List/index/type/1.html
INFO: [ app_init ] --START--
INFO: Run Behavior\BuildLiteBehavior [ RunTime:0.000000s ]
INFO: [ app_init ] --END-- [ RunTime:0.000000s ]
INFO: [ app_begin ] --START--
INFO: Run Behavior\ReadHtmlCacheBehavior [ RunTime:0.001000s ]
INFO: [ app_begin ] --END-- [ RunTime:0.001000s ]
SQL: SHOW COLUMNS FROM `lazy_category` [ RunTime:0.0020s ]
SQL: SELECT `cat_id` FROM `lazy_category` WHERE `pid` = 1  [ RunTime:0.0000s ]
SQL: SELECT `cat_id` FROM `lazy_category` WHERE `pid` = 1  [ RunTime:0.0000s ]
NOTIC: [8] Use of undefined constant in - assumed 'in' F:\workplace\rongfei\Apps\Home\Controller\ListController.class.php 第 13 行.
SQL: SHOW COLUMNS FROM `lazy_news` [ RunTime:0.0010s ]
SQL: SELECT * FROM `lazy_news` ORDER BY pubtime desc LIMIT 0,15   [ RunTime:0.0000s ]
SQL: SHOW COLUMNS FROM `lazy_category` [ RunTime:0.0020s ]
SQL: SELECT `name` FROM `lazy_category` WHERE ( 1=1 AND cat_id='28' ) LIMIT 1   [ RunTime:0.0000s ]
SQL: SELECT COUNT(*) AS tp_count FROM `lazy_news` LIMIT 1   [ RunTime:0.0000s ]
INFO: [ view_parse ] --START--
INFO: [ template_filter ] --START--
INFO: Run Behavior\ContentReplaceBehavior [ RunTime:0.000000s ]
INFO: [ template_filter ] --END-- [ RunTime:0.000000s ]
INFO: Run Behavior\ParseTemplateBehavior [ RunTime:0.005000s ]
INFO: [ view_parse ] --END-- [ RunTime:0.005000s ]
INFO: [ view_filter ] --START--
INFO: Run Behavior\WriteHtmlCacheBehavior [ RunTime:0.000000s ]
INFO: [ view_filter ] --END-- [ RunTime:0.000000s ]
INFO: [ app_end ] --START--
INFO: Run Behavior\ShowPageTraceBehavior [ RunTime:0.001000s ]
INFO: [ app_end ] --END-- [ RunTime:0.001000s ]

[ 2016-05-08T23:41:55+08:00 ] ::1 /rongfei/Home/Index/index.html
INFO: [ app_init ] --START--
INFO: Run Behavior\BuildLiteBehavior [ RunTime:0.000000s ]
INFO: [ app_init ] --END-- [ RunTime:0.000000s ]
INFO: [ app_begin ] --START--
INFO: Run Behavior\ReadHtmlCacheBehavior [ RunTime:0.001000s ]
INFO: [ app_begin ] --END-- [ RunTime:0.001000s ]
SQL: SHOW COLUMNS FROM `lazy_category` [ RunTime:0.0030s ]
SQL: SELECT * FROM `lazy_category` ORDER BY sort asc  [ RunTime:0.0000s ]
SQL: SELECT * FROM `lazy_category` WHERE ( pid = 0 )  [ RunTime:0.0000s ]
INFO: [ view_parse ] --START--
INFO: [ template_filter ] --START--
INFO: Run Behavior\ContentReplaceBehavior [ RunTime:0.000000s ]
INFO: [ template_filter ] --END-- [ RunTime:0.000000s ]
INFO: Run Behavior\ParseTemplateBehavior [ RunTime:0.012001s ]
INFO: [ view_parse ] --END-- [ RunTime:0.012001s ]
INFO: [ view_filter ] --START--
INFO: Run Behavior\WriteHtmlCacheBehavior [ RunTime:0.000000s ]
INFO: [ view_filter ] --END-- [ RunTime:0.000000s ]
INFO: [ app_end ] --START--
INFO: Run Behavior\ShowPageTraceBehavior [ RunTime:0.001000s ]
INFO: [ app_end ] --END-- [ RunTime:0.001000s ]

[ 2016-05-08T23:41:55+08:00 ] ::1 /rongfei/Home/List/index/type/1.html
INFO: [ app_init ] --START--
INFO: Run Behavior\BuildLiteBehavior [ RunTime:0.000000s ]
INFO: [ app_init ] --END-- [ RunTime:0.001000s ]
INFO: [ app_begin ] --START--
INFO: Run Behavior\ReadHtmlCacheBehavior [ RunTime:0.001000s ]
INFO: [ app_begin ] --END-- [ RunTime:0.001000s ]
SQL: SHOW COLUMNS FROM `lazy_category` [ RunTime:0.0020s ]
SQL: SELECT `cat_id` FROM `lazy_category` WHERE `pid` = 1  [ RunTime:0.0000s ]
SQL: SELECT `cat_id` FROM `lazy_category` WHERE `pid` = 1  [ RunTime:0.0000s ]
NOTIC: [8] Use of undefined constant in - assumed 'in' F:\workplace\rongfei\Apps\Home\Controller\ListController.class.php 第 13 行.
SQL: SHOW COLUMNS FROM `lazy_news` [ RunTime:0.0020s ]
SQL: SELECT * FROM `lazy_news` ORDER BY pubtime desc LIMIT 0,15   [ RunTime:0.0010s ]
SQL: SHOW COLUMNS FROM `lazy_category` [ RunTime:0.0020s ]
SQL: SELECT `name` FROM `lazy_category` WHERE ( 1=1 AND cat_id='28' ) LIMIT 1   [ RunTime:0.0000s ]
SQL: SELECT COUNT(*) AS tp_count FROM `lazy_news` LIMIT 1   [ RunTime:0.0010s ]
INFO: [ view_parse ] --START--
INFO: [ template_filter ] --START--
INFO: Run Behavior\ContentReplaceBehavior [ RunTime:0.001000s ]
INFO: [ template_filter ] --END-- [ RunTime:0.001000s ]
INFO: Run Behavior\ParseTemplateBehavior [ RunTime:0.006000s ]
INFO: [ view_parse ] --END-- [ RunTime:0.006000s ]
INFO: [ view_filter ] --START--
INFO: Run Behavior\WriteHtmlCacheBehavior [ RunTime:0.000000s ]
INFO: [ view_filter ] --END-- [ RunTime:0.000000s ]
INFO: [ app_end ] --START--
INFO: Run Behavior\ShowPageTraceBehavior [ RunTime:0.001000s ]
INFO: [ app_end ] --END-- [ RunTime:0.001000s ]

[ 2016-05-08T23:43:42+08:00 ] ::1 /rongfei/Home/Index/index.html
INFO: [ app_init ] --START--
INFO: Run Behavior\BuildLiteBehavior [ RunTime:0.000000s ]
INFO: [ app_init ] --END-- [ RunTime:0.000000s ]
INFO: [ app_begin ] --START--
INFO: Run Behavior\ReadHtmlCacheBehavior [ RunTime:0.001000s ]
INFO: [ app_begin ] --END-- [ RunTime:0.001000s ]
SQL: SHOW COLUMNS FROM `lazy_category` [ RunTime:0.0020s ]
SQL: SELECT * FROM `lazy_category` ORDER BY sort asc  [ RunTime:0.0000s ]
SQL: SELECT * FROM `lazy_category` WHERE ( pid = 0 )  [ RunTime:0.0000s ]
INFO: [ view_parse ] --START--
INFO: [ template_filter ] --START--
INFO: Run Behavior\ContentReplaceBehavior [ RunTime:0.000000s ]
INFO: [ template_filter ] --END-- [ RunTime:0.000000s ]
INFO: Run Behavior\ParseTemplateBehavior [ RunTime:0.008000s ]
INFO: [ view_parse ] --END-- [ RunTime:0.008000s ]
INFO: [ view_filter ] --START--
INFO: Run Behavior\WriteHtmlCacheBehavior [ RunTime:0.001000s ]
INFO: [ view_filter ] --END-- [ RunTime:0.001000s ]
INFO: [ app_end ] --START--
INFO: Run Behavior\ShowPageTraceBehavior [ RunTime:0.000000s ]
INFO: [ app_end ] --END-- [ RunTime:0.000000s ]

[ 2016-05-08T23:43:42+08:00 ] ::1 /rongfei/Home/List/index/type/1.html
INFO: [ app_init ] --START--
INFO: Run Behavior\BuildLiteBehavior [ RunTime:0.000000s ]
INFO: [ app_init ] --END-- [ RunTime:0.000000s ]
INFO: [ app_begin ] --START--
INFO: Run Behavior\ReadHtmlCacheBehavior [ RunTime:0.000000s ]
INFO: [ app_begin ] --END-- [ RunTime:0.000000s ]
SQL: SHOW COLUMNS FROM `lazy_category` [ RunTime:0.0020s ]
SQL: SELECT `cat_id` FROM `lazy_category` WHERE `pid` = 1  [ RunTime:0.0010s ]
SQL: SELECT `cat_id` FROM `lazy_category` WHERE `pid` = 1  [ RunTime:0.0000s ]
NOTIC: [8] Use of undefined constant in - assumed 'in' F:\workplace\rongfei\Apps\Home\Controller\ListController.class.php 第 13 行.
SQL: SHOW COLUMNS FROM `lazy_news` [ RunTime:0.0020s ]
SQL: SELECT * FROM `lazy_news` ORDER BY pubtime desc LIMIT 0,15   [ RunTime:0.0000s ]
SQL: SHOW COLUMNS FROM `lazy_category` [ RunTime:0.0020s ]
SQL: SELECT `name` FROM `lazy_category` WHERE ( 1=1 AND cat_id='28' ) LIMIT 1   [ RunTime:0.0000s ]
SQL: SELECT COUNT(*) AS tp_count FROM `lazy_news` LIMIT 1   [ RunTime:0.0000s ]
INFO: [ view_parse ] --START--
INFO: [ template_filter ] --START--
INFO: Run Behavior\ContentReplaceBehavior [ RunTime:0.000000s ]
INFO: [ template_filter ] --END-- [ RunTime:0.000000s ]
INFO: Run Behavior\ParseTemplateBehavior [ RunTime:0.006001s ]
INFO: [ view_parse ] --END-- [ RunTime:0.006001s ]
INFO: [ view_filter ] --START--
INFO: Run Behavior\WriteHtmlCacheBehavior [ RunTime:0.001000s ]
INFO: [ view_filter ] --END-- [ RunTime:0.001000s ]
INFO: [ app_end ] --START--
INFO: Run Behavior\ShowPageTraceBehavior [ RunTime:0.000000s ]
INFO: [ app_end ] --END-- [ RunTime:0.000000s ]

[ 2016-05-08T23:48:04+08:00 ] ::1 /rongfei/Home/Index/index.html
INFO: [ app_init ] --START--
INFO: Run Behavior\BuildLiteBehavior [ RunTime:0.000000s ]
INFO: [ app_init ] --END-- [ RunTime:0.001000s ]
INFO: [ app_begin ] --START--
INFO: Run Behavior\ReadHtmlCacheBehavior [ RunTime:0.001000s ]
INFO: [ app_begin ] --END-- [ RunTime:0.001000s ]
SQL: SHOW COLUMNS FROM `lazy_category` [ RunTime:0.0030s ]
SQL: SELECT * FROM `lazy_category` ORDER BY sort asc  [ RunTime:0.0000s ]
SQL: SELECT * FROM `lazy_category` WHERE ( pid = 0 )  [ RunTime:0.0000s ]
INFO: [ view_parse ] --START--
INFO: [ template_filter ] --START--
INFO: Run Behavior\ContentReplaceBehavior [ RunTime:0.000000s ]
INFO: [ template_filter ] --END-- [ RunTime:0.000000s ]
INFO: Run Behavior\ParseTemplateBehavior [ RunTime:0.007000s ]
INFO: [ view_parse ] --END-- [ RunTime:0.007000s ]
INFO: [ view_filter ] --START--
INFO: Run Behavior\WriteHtmlCacheBehavior [ RunTime:0.001000s ]
INFO: [ view_filter ] --END-- [ RunTime:0.001000s ]
INFO: [ app_end ] --START--
INFO: Run Behavior\ShowPageTraceBehavior [ RunTime:0.000000s ]
INFO: [ app_end ] --END-- [ RunTime:0.000000s ]

[ 2016-05-08T23:48:04+08:00 ] ::1 /rongfei/Home/List/index/type/1.html
INFO: [ app_init ] --START--
INFO: Run Behavior\BuildLiteBehavior [ RunTime:0.000000s ]
INFO: [ app_init ] --END-- [ RunTime:0.000000s ]
INFO: [ app_begin ] --START--
INFO: Run Behavior\ReadHtmlCacheBehavior [ RunTime:0.001000s ]
INFO: [ app_begin ] --END-- [ RunTime:0.001000s ]
SQL: SHOW COLUMNS FROM `lazy_category` [ RunTime:0.0020s ]
SQL: SELECT `cat_id` FROM `lazy_category` WHERE `pid` = 1  [ RunTime:0.0010s ]
SQL: SELECT `cat_id` FROM `lazy_category` WHERE `pid` = 1  [ RunTime:0.0000s ]
NOTIC: [8] Use of undefined constant in - assumed 'in' F:\workplace\rongfei\Apps\Home\Controller\ListController.class.php 第 13 行.
SQL: SHOW COLUMNS FROM `lazy_news` [ RunTime:0.0020s ]
SQL: SELECT * FROM `lazy_news` ORDER BY pubtime desc LIMIT 0,15   [ RunTime:0.0000s ]
SQL: SHOW COLUMNS FROM `lazy_category` [ RunTime:0.0020s ]
SQL: SELECT `name` FROM `lazy_category` WHERE ( 1=1 AND cat_id='28' ) LIMIT 1   [ RunTime:0.0010s ]
SQL: SELECT `name` FROM `lazy_category` WHERE ( 1=1 AND cat_id='28' ) LIMIT 1   [ RunTime:0.0000s ]
SQL: SELECT COUNT(*) AS tp_count FROM `lazy_news` LIMIT 1   [ RunTime:0.0000s ]
INFO: [ view_parse ] --START--
INFO: [ template_filter ] --START--
INFO: Run Behavior\ContentReplaceBehavior [ RunTime:0.000000s ]
INFO: [ template_filter ] --END-- [ RunTime:0.000000s ]
INFO: Run Behavior\ParseTemplateBehavior [ RunTime:0.006000s ]
INFO: [ view_parse ] --END-- [ RunTime:0.006000s ]
INFO: [ view_filter ] --START--
INFO: Run Behavior\WriteHtmlCacheBehavior [ RunTime:0.000000s ]
INFO: [ view_filter ] --END-- [ RunTime:0.001000s ]
INFO: [ app_end ] --START--
INFO: Run Behavior\ShowPageTraceBehavior [ RunTime:0.000000s ]
INFO: [ app_end ] --END-- [ RunTime:0.000000s ]

[ 2016-05-08T23:48:52+08:00 ] ::1 /rongfei/Home/Index/index.html
INFO: [ app_init ] --START--
INFO: Run Behavior\BuildLiteBehavior [ RunTime:0.000000s ]
INFO: [ app_init ] --END-- [ RunTime:0.001000s ]
INFO: [ app_begin ] --START--
INFO: Run Behavior\ReadHtmlCacheBehavior [ RunTime:0.001000s ]
INFO: [ app_begin ] --END-- [ RunTime:0.001000s ]
SQL: SHOW COLUMNS FROM `lazy_category` [ RunTime:0.0040s ]
SQL: SELECT * FROM `lazy_category` ORDER BY sort asc  [ RunTime:0.0000s ]
SQL: SELECT * FROM `lazy_category` WHERE ( pid = 0 )  [ RunTime:0.0000s ]
INFO: [ view_parse ] --START--
INFO: [ template_filter ] --START--
INFO: Run Behavior\ContentReplaceBehavior [ RunTime:0.000000s ]
INFO: [ template_filter ] --END-- [ RunTime:0.000000s ]
INFO: Run Behavior\ParseTemplateBehavior [ RunTime:0.013001s ]
INFO: [ view_parse ] --END-- [ RunTime:0.013001s ]
INFO: [ view_filter ] --START--
INFO: Run Behavior\WriteHtmlCacheBehavior [ RunTime:0.001000s ]
INFO: [ view_filter ] --END-- [ RunTime:0.001000s ]
INFO: [ app_end ] --START--
INFO: Run Behavior\ShowPageTraceBehavior [ RunTime:0.001000s ]
INFO: [ app_end ] --END-- [ RunTime:0.001000s ]

[ 2016-05-08T23:48:52+08:00 ] ::1 /rongfei/Home/List/index/type/1.html
INFO: [ app_init ] --START--
INFO: Run Behavior\BuildLiteBehavior [ RunTime:0.000000s ]
INFO: [ app_init ] --END-- [ RunTime:0.001000s ]
INFO: [ app_begin ] --START--
INFO: Run Behavior\ReadHtmlCacheBehavior [ RunTime:0.001000s ]
INFO: [ app_begin ] --END-- [ RunTime:0.001000s ]
SQL: SHOW COLUMNS FROM `lazy_category` [ RunTime:0.0020s ]
SQL: SELECT `cat_id` FROM `lazy_category` WHERE `pid` = 1  [ RunTime:0.0000s ]
SQL: SELECT `cat_id` FROM `lazy_category` WHERE `pid` = 1  [ RunTime:0.0010s ]
NOTIC: [8] Use of undefined constant in - assumed 'in' F:\workplace\rongfei\Apps\Home\Controller\ListController.class.php 第 13 行.
SQL: SHOW COLUMNS FROM `lazy_news` [ RunTime:0.0030s ]
SQL: SELECT * FROM `lazy_news` ORDER BY pubtime desc LIMIT 0,15   [ RunTime:0.0010s ]
SQL: SHOW COLUMNS FROM `lazy_category` [ RunTime:0.0020s ]
SQL: SELECT `name` FROM `lazy_category` WHERE ( 1=1 AND cat_id='28' ) LIMIT 1   [ RunTime:0.0000s ]
SQL: SELECT `name` FROM `lazy_category` WHERE ( 1=1 AND cat_id='28' ) LIMIT 1   [ RunTime:0.0010s ]
SQL: SELECT COUNT(*) AS tp_count FROM `lazy_news` LIMIT 1   [ RunTime:0.0000s ]
INFO: [ view_parse ] --START--
INFO: [ template_filter ] --START--
INFO: Run Behavior\ContentReplaceBehavior [ RunTime:0.000000s ]
INFO: [ template_filter ] --END-- [ RunTime:0.000000s ]
INFO: Run Behavior\ParseTemplateBehavior [ RunTime:0.006000s ]
INFO: [ view_parse ] --END-- [ RunTime:0.006000s ]
INFO: [ view_filter ] --START--
INFO: Run Behavior\WriteHtmlCacheBehavior [ RunTime:0.001000s ]
INFO: [ view_filter ] --END-- [ RunTime:0.001000s ]
INFO: [ app_end ] --START--
INFO: Run Behavior\ShowPageTraceBehavior [ RunTime:0.000000s ]
INFO: [ app_end ] --END-- [ RunTime:0.000000s ]

