[ 2016-05-05T15:06:34+08:00 ] ::1 /rongfei/Admin/view/public/css/style.css
ERR: 非法操作:public

[ 2016-05-05T15:06:34+08:00 ] ::1 /rongfei/Admin/view/public/css/animate.css
ERR: 非法操作:public

[ 2016-05-05T15:07:01+08:00 ] 127.0.0.1 /rongfei/Admin/view/public/css/style.css
ERR: 非法操作:public

[ 2016-05-05T15:07:01+08:00 ] 127.0.0.1 /rongfei/Admin/view/public/css/animate.css
ERR: 非法操作:public

[ 2016-05-05T15:08:17+08:00 ] ::1 /rongfei/Admin/view/public/css/style.css
ERR: 非法操作:public

[ 2016-05-05T15:08:17+08:00 ] ::1 /rongfei/Admin/view/public/css/animate.css
ERR: 非法操作:public

[ 2016-05-05T15:08:18+08:00 ] ::1 /rongfei/Admin/view/public/css/style.css
ERR: 非法操作:public

[ 2016-05-05T15:08:18+08:00 ] ::1 /rongfei/Admin/view/public/css/animate.css
ERR: 非法操作:public

[ 2016-05-05T15:08:49+08:00 ] ::1 /rongfei/Admin/view/public/css/animate.css
ERR: 非法操作:public

[ 2016-05-05T15:08:49+08:00 ] ::1 /rongfei/Admin/view/public/css/style.css
ERR: 非法操作:public

[ 2016-05-05T15:08:50+08:00 ] ::1 /rongfei/Admin/view/public/css/style.css
ERR: 非法操作:public

[ 2016-05-05T15:08:50+08:00 ] ::1 /rongfei/Admin/view/public/css/animate.css
ERR: 非法操作:public

[ 2016-05-05T15:10:58+08:00 ] ::1 /rongfei/Admin/view/public/css/style.css
ERR: 非法操作:public

[ 2016-05-05T15:10:58+08:00 ] ::1 /rongfei/Admin/view/public/css/animate.css
ERR: 非法操作:public

[ 2016-05-05T15:13:43+08:00 ] ::1 /rongfei/Admin/view/public/css/style.css
ERR: 非法操作:public

[ 2016-05-05T15:13:43+08:00 ] ::1 /rongfei/Admin/view/public/css/animate.css
ERR: 非法操作:public

[ 2016-05-05T15:14:08+08:00 ] ::1 /rongfei/Admin/view/public/css/style.css
ERR: 非法操作:public

[ 2016-05-05T15:14:08+08:00 ] ::1 /rongfei/Admin/view/public/css/animate.css
ERR: 非法操作:public

[ 2016-05-05T15:14:38+08:00 ] ::1 /rongfei/Admin/view/public/css/animate.css
ERR: 非法操作:public

[ 2016-05-05T15:14:38+08:00 ] ::1 /rongfei/Admin/view/public/css/style.css
ERR: 非法操作:public

[ 2016-05-05T15:14:49+08:00 ] ::1 /rongfei/Admin/view/public/css/animate.css
ERR: 非法操作:public

[ 2016-05-05T15:14:49+08:00 ] ::1 /rongfei/Admin/view/public/css/style.css
ERR: 非法操作:public

[ 2016-05-05T15:15:31+08:00 ] ::1 /rongfei/Admin/view/public/css/animate.css
ERR: 非法操作:public

[ 2016-05-05T15:15:31+08:00 ] ::1 /rongfei/Admin/view/public/css/style.css
ERR: 非法操作:public

[ 2016-05-05T15:16:09+08:00 ] ::1 /rongfei/Admin/view/public/css/style.css
ERR: 非法操作:public

[ 2016-05-05T15:16:09+08:00 ] ::1 /rongfei/Admin/view/public/css/animate.css
ERR: 非法操作:public

[ 2016-05-05T15:16:25+08:00 ] ::1 /rongfei/Admin/view/public/css/style.css
ERR: 非法操作:public

[ 2016-05-05T15:16:25+08:00 ] ::1 /rongfei/Admin/view/public/css/animate.css
ERR: 非法操作:public

[ 2016-05-05T15:17:01+08:00 ] ::1 /rongfei/Admin/view/public/css/animate.css
ERR: 非法操作:public

[ 2016-05-05T15:17:01+08:00 ] ::1 /rongfei/Admin/view/public/css/style.css
ERR: 非法操作:public

[ 2016-05-05T15:17:11+08:00 ] ::1 /rongfei/Admin/view/public/css/style.css
ERR: 非法操作:public

[ 2016-05-05T15:17:11+08:00 ] ::1 /rongfei/Admin/view/public/css/animate.css
ERR: 非法操作:public

[ 2016-05-05T15:24:41+08:00 ] ::1 /rongfei/Admin/view/public/css/style.css
ERR: 非法操作:public

[ 2016-05-05T15:24:41+08:00 ] ::1 /rongfei/Admin/view/public/css/animate.css
ERR: 非法操作:public

[ 2016-05-05T15:25:54+08:00 ] ::1 /rongfei/Admin/view/public/css/style.css
ERR: 非法操作:public

[ 2016-05-05T15:25:54+08:00 ] ::1 /rongfei/Admin/view/public/css/animate.css
ERR: 非法操作:public

[ 2016-05-05T15:26:34+08:00 ] ::1 /rongfei/Admin/view/public/css/style.css
ERR: 非法操作:public

[ 2016-05-05T15:26:34+08:00 ] ::1 /rongfei/Admin/view/public/css/animate.css
ERR: 非法操作:public

[ 2016-05-05T15:26:39+08:00 ] ::1 /rongfei/Admin/view/public/css/animate.css
ERR: 非法操作:public

[ 2016-05-05T15:26:39+08:00 ] ::1 /rongfei/Admin/view/public/css/style.css
ERR: 非法操作:public

[ 2016-05-05T15:26:44+08:00 ] ::1 /rongfei/Admin/view/public/css/animate.css
ERR: 非法操作:public

[ 2016-05-05T15:26:44+08:00 ] ::1 /rongfei/Admin/view/public/css/style.css
ERR: 非法操作:public

[ 2016-05-05T15:27:18+08:00 ] ::1 /rongfei/Admin/view/public/css/animate.css
ERR: 非法操作:public

[ 2016-05-05T15:27:18+08:00 ] ::1 /rongfei/Admin/view/public/css/style.css
ERR: 非法操作:public

[ 2016-05-05T15:27:28+08:00 ] ::1 /rongfei/Admin/view/public/css/style.css
ERR: 非法操作:public

[ 2016-05-05T15:27:28+08:00 ] ::1 /rongfei/Admin/view/public/css/animate.css
ERR: 非法操作:public

[ 2016-05-05T15:28:15+08:00 ] ::1 /rongfei/Admin/view/public/css/style.css
ERR: 非法操作:public

[ 2016-05-05T15:28:15+08:00 ] ::1 /rongfei/Admin/view/public/css/animate.css
ERR: 非法操作:public

[ 2016-05-05T15:28:38+08:00 ] ::1 /rongfei/Admin/view/public/css/animate.css
ERR: 非法操作:public

[ 2016-05-05T15:28:38+08:00 ] ::1 /rongfei/Admin/view/public/css/style.css
ERR: 非法操作:public

[ 2016-05-05T15:30:29+08:00 ] ::1 /rongfei/Admin/view/public/css/animate.css
ERR: 非法操作:public

[ 2016-05-05T15:30:29+08:00 ] ::1 /rongfei/Admin/view/public/css/style.css
ERR: 非法操作:public

[ 2016-05-05T15:32:10+08:00 ] ::1 /rongfei/Admin/view/public/css/animate.css
ERR: 非法操作:public

[ 2016-05-05T15:32:10+08:00 ] ::1 /rongfei/Admin/view/public/css/style.css
ERR: 非法操作:public

[ 2016-05-05T15:33:32+08:00 ] ::1 /rongfei/Admin/view/public/css/style.css
ERR: 非法操作:public

[ 2016-05-05T15:33:32+08:00 ] ::1 /rongfei/Admin/view/public/css/animate.css
ERR: 非法操作:public

[ 2016-05-05T15:34:15+08:00 ] ::1 /rongfei/Admin/view/public/css/style.css
ERR: 非法操作:public

[ 2016-05-05T15:34:15+08:00 ] ::1 /rongfei/Admin/view/public/css/animate.css
ERR: 非法操作:public

[ 2016-05-05T15:35:09+08:00 ] ::1 /rongfei/Admin/view/public/css/animate.css
ERR: 非法操作:public

[ 2016-05-05T15:35:09+08:00 ] ::1 /rongfei/Admin/view/public/css/style.css
ERR: 非法操作:public

[ 2016-05-05T15:40:03+08:00 ] ::1 /rongfei/Admin/view/public/css/style.css
ERR: 非法操作:public

[ 2016-05-05T15:40:04+08:00 ] ::1 /rongfei/Admin/view/public/css/animate.css
ERR: 非法操作:public

[ 2016-05-05T15:40:30+08:00 ] ::1 /rongfei/Admin/view/public/css/style.css
ERR: 非法操作:public

[ 2016-05-05T15:40:30+08:00 ] ::1 /rongfei/Admin/view/public/css/animate.css
ERR: 非法操作:public

[ 2016-05-05T15:40:51+08:00 ] ::1 /rongfei/Admin/view/public/css/style.css
ERR: 非法操作:public

[ 2016-05-05T15:40:51+08:00 ] ::1 /rongfei/Admin/view/public/css/animate.css
ERR: 非法操作:public

[ 2016-05-05T15:41:06+08:00 ] ::1 /rongfei/Admin/view/public/css/style.css
ERR: 非法操作:public

[ 2016-05-05T15:41:06+08:00 ] ::1 /rongfei/Admin/view/public/css/animate.css
ERR: 非法操作:public

[ 2016-05-05T15:41:47+08:00 ] ::1 /rongfei/Admin/view/public/css/style.css
ERR: 非法操作:public

[ 2016-05-05T15:41:47+08:00 ] ::1 /rongfei/Admin/view/public/css/animate.css
ERR: 非法操作:public

[ 2016-05-05T15:42:12+08:00 ] ::1 /rongfei/Admin/view/public/css/animate.css
ERR: 非法操作:public

[ 2016-05-05T15:42:12+08:00 ] ::1 /rongfei/Admin/view/public/css/style.css
ERR: 非法操作:public

[ 2016-05-05T15:42:16+08:00 ] ::1 /rongfei/Admin/view/public/css/style.css
ERR: 非法操作:public

[ 2016-05-05T15:42:16+08:00 ] ::1 /rongfei/Admin/view/public/css/animate.css
ERR: 非法操作:public

[ 2016-05-05T15:43:10+08:00 ] ::1 /rongfei/Admin/view/public/css/style.css
ERR: 非法操作:public

[ 2016-05-05T15:43:10+08:00 ] ::1 /rongfei/Admin/view/public/css/animate.css
ERR: 非法操作:public

[ 2016-05-05T15:43:25+08:00 ] ::1 /rongfei/Admin/view/public/css/animate.css
ERR: 非法操作:public

[ 2016-05-05T15:43:25+08:00 ] ::1 /rongfei/Admin/view/public/css/style.css
ERR: 非法操作:public

[ 2016-05-05T15:43:31+08:00 ] ::1 /rongfei/Admin/view/public/css/style.css
ERR: 非法操作:public

[ 2016-05-05T15:43:31+08:00 ] ::1 /rongfei/Admin/view/public/css/animate.css
ERR: 非法操作:public

[ 2016-05-05T16:03:05+08:00 ] ::1 /rongfei/Admin/view/public/css/style.css
ERR: 非法操作:public

[ 2016-05-05T16:03:05+08:00 ] ::1 /rongfei/Admin/view/public/css/animate.css
ERR: 非法操作:public

[ 2016-05-05T16:03:07+08:00 ] ::1 /rongfei/Admin/view/public/css/animate.css
ERR: 非法操作:public

[ 2016-05-05T16:03:07+08:00 ] ::1 /rongfei/Admin/view/public/css/style.css
ERR: 非法操作:public

[ 2016-05-05T16:04:00+08:00 ] ::1 /rongfei/Admin/view/public/css/animate.css
ERR: 非法操作:public

[ 2016-05-05T16:04:00+08:00 ] ::1 /rongfei/Admin/view/public/css/style.css
ERR: 非法操作:public

[ 2016-05-05T16:04:01+08:00 ] ::1 /rongfei/Admin/view/public/css/animate.css
ERR: 非法操作:public

[ 2016-05-05T16:04:01+08:00 ] ::1 /rongfei/Admin/view/public/css/style.css
ERR: 非法操作:public

[ 2016-05-05T16:04:17+08:00 ] ::1 /rongfei/Admin/view/public/css/style.css
ERR: 非法操作:public

[ 2016-05-05T16:04:17+08:00 ] ::1 /rongfei/Admin/view/public/css/animate.css
ERR: 非法操作:public

[ 2016-05-05T16:04:18+08:00 ] ::1 /rongfei/Admin/view/public/css/style.css
ERR: 非法操作:public

[ 2016-05-05T16:04:18+08:00 ] ::1 /rongfei/Admin/view/public/css/animate.css
ERR: 非法操作:public

[ 2016-05-05T16:04:44+08:00 ] ::1 /rongfei/Admin/view/public/css/style.css
ERR: 非法操作:public

[ 2016-05-05T16:04:44+08:00 ] ::1 /rongfei/Admin/view/public/css/animate.css
ERR: 非法操作:public

[ 2016-05-05T16:04:44+08:00 ] ::1 /rongfei/Admin/view/public/css/style.css
ERR: 非法操作:public

[ 2016-05-05T16:04:44+08:00 ] ::1 /rongfei/Admin/view/public/css/animate.css
ERR: 非法操作:public

[ 2016-05-05T16:04:56+08:00 ] ::1 /rongfei/Admin/view/public/css/style.css
ERR: 非法操作:public

[ 2016-05-05T16:04:56+08:00 ] ::1 /rongfei/Admin/view/public/css/animate.css
ERR: 非法操作:public

[ 2016-05-05T16:05:48+08:00 ] ::1 /rongfei/Admin/view/public/css/animate.css
ERR: 非法操作:public

[ 2016-05-05T16:05:48+08:00 ] ::1 /rongfei/Admin/view/public/css/style.css
ERR: 非法操作:public

[ 2016-05-05T16:05:49+08:00 ] ::1 /rongfei/Admin/view/public/css/style.css
ERR: 非法操作:public

[ 2016-05-05T16:05:49+08:00 ] ::1 /rongfei/Admin/view/public/css/animate.css
ERR: 非法操作:public

[ 2016-05-05T16:05:58+08:00 ] ::1 /rongfei/Admin/view/public/css/animate.css
ERR: 非法操作:public

[ 2016-05-05T16:05:58+08:00 ] ::1 /rongfei/Admin/view/public/css/style.css
ERR: 非法操作:public

[ 2016-05-05T16:05:59+08:00 ] ::1 /rongfei/Admin/view/public/css/style.css
ERR: 非法操作:public

[ 2016-05-05T16:05:59+08:00 ] ::1 /rongfei/Admin/view/public/css/animate.css
ERR: 非法操作:public

[ 2016-05-05T16:17:11+08:00 ] ::1 /rongfei/Admin/view/public/css/style.css
ERR: 非法操作:public

[ 2016-05-05T16:17:11+08:00 ] ::1 /rongfei/Admin/view/public/css/animate.css
ERR: 非法操作:public

[ 2016-05-05T16:17:12+08:00 ] ::1 /rongfei/Admin/view/public/css/style.css
ERR: 非法操作:public

[ 2016-05-05T16:17:12+08:00 ] ::1 /rongfei/Admin/view/public/css/animate.css
ERR: 非法操作:public

[ 2016-05-05T16:17:29+08:00 ] ::1 /rongfei/Admin/view/public/css/animate.css
ERR: 非法操作:public

[ 2016-05-05T16:17:29+08:00 ] ::1 /rongfei/Admin/view/public/css/style.css
ERR: 非法操作:public

[ 2016-05-05T16:17:34+08:00 ] ::1 /rongfei/Admin/view/public/css/style.css
ERR: 非法操作:public

[ 2016-05-05T16:17:34+08:00 ] ::1 /rongfei/Admin/view/public/css/animate.css
ERR: 非法操作:public

[ 2016-05-05T16:17:39+08:00 ] ::1 /rongfei/Admin/view/public/css/style.css
ERR: 非法操作:public

[ 2016-05-05T16:17:39+08:00 ] ::1 /rongfei/Admin/view/public/css/animate.css
ERR: 非法操作:public

[ 2016-05-05T16:18:39+08:00 ] ::1 /rongfei/Admin/view/public/css/style.css
ERR: 非法操作:public

[ 2016-05-05T16:18:39+08:00 ] ::1 /rongfei/Admin/view/public/css/animate.css
ERR: 非法操作:public

[ 2016-05-05T16:18:41+08:00 ] ::1 /rongfei/Admin/view/public/css/style.css
ERR: 非法操作:public

[ 2016-05-05T16:18:41+08:00 ] ::1 /rongfei/Admin/view/public/css/animate.css
ERR: 非法操作:public

[ 2016-05-05T16:18:47+08:00 ] ::1 /rongfei/Admin/view/public/css/style.css
ERR: 非法操作:public

[ 2016-05-05T16:18:47+08:00 ] ::1 /rongfei/Admin/view/public/css/animate.css
ERR: 非法操作:public

[ 2016-05-05T16:18:50+08:00 ] ::1 /rongfei/Admin/view/public/css/style.css
ERR: 非法操作:public

[ 2016-05-05T16:18:50+08:00 ] ::1 /rongfei/Admin/view/public/css/animate.css
ERR: 非法操作:public

[ 2016-05-05T16:20:01+08:00 ] ::1 /rongfei/Admin/view/public/css/style.css
ERR: 非法操作:public

[ 2016-05-05T16:20:01+08:00 ] ::1 /rongfei/Admin/view/public/css/animate.css
ERR: 非法操作:public

[ 2016-05-05T16:20:14+08:00 ] ::1 /rongfei/Admin/view/public/css/animate.css
ERR: 非法操作:public

[ 2016-05-05T16:20:14+08:00 ] ::1 /rongfei/Admin/view/public/css/style.css
ERR: 非法操作:public

[ 2016-05-05T16:20:18+08:00 ] ::1 /rongfei/Admin/view/public/css/style.css
ERR: 非法操作:public

[ 2016-05-05T16:20:18+08:00 ] ::1 /rongfei/Admin/view/public/css/animate.css
ERR: 非法操作:public

[ 2016-05-05T16:23:38+08:00 ] ::1 /rongfei/Admin/view/public/css/style.css
ERR: 非法操作:public

[ 2016-05-05T16:23:38+08:00 ] ::1 /rongfei/Admin/view/public/css/animate.css
ERR: 非法操作:public

[ 2016-05-05T16:23:39+08:00 ] ::1 /rongfei/Admin/view/public/css/animate.css
ERR: 非法操作:public

[ 2016-05-05T16:23:39+08:00 ] ::1 /rongfei/Admin/view/public/css/style.css
ERR: 非法操作:public

[ 2016-05-05T16:24:05+08:00 ] ::1 /rongfei/Admin/view/public/css/style.css
ERR: 非法操作:public

[ 2016-05-05T16:24:05+08:00 ] ::1 /rongfei/Admin/view/public/css/animate.css
ERR: 非法操作:public

[ 2016-05-05T16:24:24+08:00 ] ::1 /rongfei/Admin/view/public/css/style.css
ERR: 非法操作:public

[ 2016-05-05T16:24:24+08:00 ] ::1 /rongfei/Admin/view/public/css/animate.css
ERR: 非法操作:public

[ 2016-05-05T16:24:29+08:00 ] ::1 /rongfei/Admin/view/public/css/style.css
ERR: 非法操作:public

[ 2016-05-05T16:24:29+08:00 ] ::1 /rongfei/Admin/view/public/css/animate.css
ERR: 非法操作:public

[ 2016-05-05T16:25:38+08:00 ] ::1 /rongfei/Admin/view/public/css/style.css
ERR: 非法操作:public

[ 2016-05-05T16:25:38+08:00 ] ::1 /rongfei/Admin/view/public/css/animate.css
ERR: 非法操作:public

[ 2016-05-05T16:25:39+08:00 ] ::1 /rongfei/Admin/view/public/css/animate.css
ERR: 非法操作:public

[ 2016-05-05T16:25:39+08:00 ] ::1 /rongfei/Admin/view/public/css/style.css
ERR: 非法操作:public

[ 2016-05-05T16:26:48+08:00 ] ::1 /rongfei/Admin/view/public/css/style.css
ERR: 非法操作:public

[ 2016-05-05T16:26:48+08:00 ] ::1 /rongfei/Admin/view/public/css/animate.css
ERR: 非法操作:public

[ 2016-05-05T16:26:49+08:00 ] ::1 /rongfei/Admin/view/public/css/style.css
ERR: 非法操作:public

[ 2016-05-05T16:26:49+08:00 ] ::1 /rongfei/Admin/view/public/css/animate.css
ERR: 非法操作:public

[ 2016-05-05T16:30:08+08:00 ] ::1 /rongfei/Admin/view/public/css/animate.css
ERR: 非法操作:public

[ 2016-05-05T16:30:08+08:00 ] ::1 /rongfei/Admin/view/public/css/style.css
ERR: 非法操作:public

[ 2016-05-05T16:30:09+08:00 ] ::1 /rongfei/Admin/view/public/css/style.css
ERR: 非法操作:public

[ 2016-05-05T16:30:09+08:00 ] ::1 /rongfei/Admin/view/public/css/animate.css
ERR: 非法操作:public

[ 2016-05-05T16:30:17+08:00 ] ::1 /rongfei/Admin/view/public/css/style.css
ERR: 非法操作:public

[ 2016-05-05T16:30:17+08:00 ] ::1 /rongfei/Admin/view/public/css/animate.css
ERR: 非法操作:public

[ 2016-05-05T16:32:16+08:00 ] ::1 /rongfei/Admin/view/public/css/animate.css
ERR: 非法操作:public

[ 2016-05-05T16:32:16+08:00 ] ::1 /rongfei/Admin/view/public/css/style.css
ERR: 非法操作:public

[ 2016-05-05T16:32:17+08:00 ] ::1 /rongfei/Admin/view/public/css/style.css
ERR: 非法操作:public

[ 2016-05-05T16:32:17+08:00 ] ::1 /rongfei/Admin/view/public/css/animate.css
ERR: 非法操作:public

[ 2016-05-05T16:32:26+08:00 ] ::1 /rongfei/Admin/view/public/css/style.css
ERR: 非法操作:public

[ 2016-05-05T16:32:26+08:00 ] ::1 /rongfei/Admin/view/public/css/animate.css
ERR: 非法操作:public

[ 2016-05-05T18:03:11+08:00 ] ::1 /rongfei/Admin/view/public/css/style.css
ERR: 非法操作:public

[ 2016-05-05T18:03:11+08:00 ] ::1 /rongfei/Admin/view/public/css/animate.css
ERR: 非法操作:public

[ 2016-05-05T18:03:12+08:00 ] ::1 /rongfei/Admin/view/public/css/animate.css
ERR: 非法操作:public

[ 2016-05-05T18:03:12+08:00 ] ::1 /rongfei/Admin/view/public/css/style.css
ERR: 非法操作:public

[ 2016-05-05T18:05:50+08:00 ] ::1 /rongfei/Admin/view/public/css/style.css
ERR: 非法操作:public

[ 2016-05-05T18:05:50+08:00 ] ::1 /rongfei/Admin/view/public/css/animate.css
ERR: 非法操作:public

[ 2016-05-05T18:05:51+08:00 ] ::1 /rongfei/Admin/view/public/css/animate.css
ERR: 非法操作:public

[ 2016-05-05T18:05:51+08:00 ] ::1 /rongfei/Admin/view/public/css/style.css
ERR: 非法操作:public

