[ 2016-05-12T12:21:43+08:00 ] 127.0.0.1 /rongfei/admin
INFO: [ app_init ] --START--
INFO: Run Behavior\BuildLiteBehavior [ RunTime:0.000000s ]
INFO: [ app_init ] --END-- [ RunTime:0.001000s ]
INFO: [ app_begin ] --START--
INFO: Run Behavior\ReadHtmlCacheBehavior [ RunTime:0.000000s ]
INFO: [ app_begin ] --END-- [ RunTime:0.000000s ]

[ 2016-05-12T12:21:44+08:00 ] 127.0.0.1 /rongfei/Admin/Login/login.html
INFO: [ app_init ] --START--
INFO: Run Behavior\BuildLiteBehavior [ RunTime:0.001000s ]
INFO: [ app_init ] --END-- [ RunTime:0.001000s ]
INFO: [ app_begin ] --START--
INFO: Run Behavior\ReadHtmlCacheBehavior [ RunTime:0.000000s ]
INFO: [ app_begin ] --END-- [ RunTime:0.000000s ]
INFO: [ view_parse ] --START--
INFO: [ template_filter ] --START--
INFO: Run Behavior\ContentReplaceBehavior [ RunTime:0.000000s ]
INFO: [ template_filter ] --END-- [ RunTime:0.000000s ]
INFO: Run Behavior\ParseTemplateBehavior [ RunTime:0.092005s ]
INFO: [ view_parse ] --END-- [ RunTime:0.092005s ]
INFO: [ view_filter ] --START--
INFO: Run Behavior\WriteHtmlCacheBehavior [ RunTime:0.000000s ]
INFO: [ view_filter ] --END-- [ RunTime:0.000000s ]
INFO: [ app_end ] --START--
INFO: Run Behavior\ShowPageTraceBehavior [ RunTime:0.001000s ]
INFO: [ app_end ] --END-- [ RunTime:0.001000s ]

[ 2016-05-12T12:21:48+08:00 ] 127.0.0.1 /rongfei/Admin/Login/checkLogin.html
INFO: [ app_init ] --START--
INFO: Run Behavior\BuildLiteBehavior [ RunTime:0.000000s ]
INFO: [ app_init ] --END-- [ RunTime:0.001000s ]
INFO: [ app_begin ] --START--
INFO: Run Behavior\ReadHtmlCacheBehavior [ RunTime:0.001000s ]
INFO: [ app_begin ] --END-- [ RunTime:0.001000s ]

[ 2016-05-12T12:21:48+08:00 ] 127.0.0.1 /rongfei/Admin/Index/index.html
INFO: [ app_init ] --START--
INFO: Run Behavior\BuildLiteBehavior [ RunTime:0.000000s ]
INFO: [ app_init ] --END-- [ RunTime:0.000000s ]
INFO: [ app_begin ] --START--
INFO: Run Behavior\ReadHtmlCacheBehavior [ RunTime:0.000000s ]
INFO: [ app_begin ] --END-- [ RunTime:0.001000s ]
SQL: SHOW COLUMNS FROM `lazy_category` [ RunTime:0.1170s ]
SQL: SELECT * FROM `lazy_category` ORDER BY sort asc  [ RunTime:0.0010s ]
SQL: SELECT * FROM `lazy_category` WHERE ( pid = 0 )  [ RunTime:0.0010s ]
SQL: SELECT `type` FROM `lazy_category` WHERE ( cat_id =1 ) LIMIT 1   [ RunTime:0.0010s ]
INFO: [ view_parse ] --START--
INFO: [ template_filter ] --START--
INFO: Run Behavior\ContentReplaceBehavior [ RunTime:0.000000s ]
INFO: [ template_filter ] --END-- [ RunTime:0.000000s ]
INFO: Run Behavior\ParseTemplateBehavior [ RunTime:0.020001s ]
INFO: [ view_parse ] --END-- [ RunTime:0.020001s ]
INFO: [ view_filter ] --START--
INFO: Run Behavior\WriteHtmlCacheBehavior [ RunTime:0.000000s ]
INFO: [ view_filter ] --END-- [ RunTime:0.000000s ]
INFO: [ app_end ] --START--
INFO: Run Behavior\ShowPageTraceBehavior [ RunTime:0.001000s ]
INFO: [ app_end ] --END-- [ RunTime:0.001000s ]

[ 2016-05-12T12:21:48+08:00 ] 127.0.0.1 /rongfei/Admin/List/index/cat_id/1.html
INFO: [ app_init ] --START--
INFO: Run Behavior\BuildLiteBehavior [ RunTime:0.000000s ]
INFO: [ app_init ] --END-- [ RunTime:0.001000s ]
INFO: [ app_begin ] --START--
INFO: Run Behavior\ReadHtmlCacheBehavior [ RunTime:0.001000s ]
INFO: [ app_begin ] --END-- [ RunTime:0.001000s ]
SQL: SHOW COLUMNS FROM `lazy_category` [ RunTime:0.0030s ]
SQL: SELECT `cat_id` FROM `lazy_category` WHERE `pid` = 1  [ RunTime:0.0010s ]
SQL: SELECT `cat_id` FROM `lazy_category` WHERE `pid` = 1  [ RunTime:0.0060s ]
SQL: SELECT `pid` FROM `lazy_category` WHERE ( cat_id =1 ) LIMIT 1   [ RunTime:0.0010s ]
NOTIC: [8] Use of undefined constant in - assumed 'in' F:\workplace\rongfei\Apps\Admin\Controller\ListController.class.php 第 29 行.
SQL: SELECT * FROM `lazy_category` WHERE `pid` IN ('5','10')  [ RunTime:0.0010s ]
SQL: SELECT `type` FROM `lazy_category` WHERE ( cat_id =1 ) LIMIT 1   [ RunTime:0.0010s ]
SQL: SHOW COLUMNS FROM `lazy_news` [ RunTime:0.1020s ]
NOTIC: [8] Undefined variable: condition F:\workplace\rongfei\Apps\Admin\Controller\ListController.class.php 第 69 行.
SQL: SELECT * FROM `lazy_news` ORDER BY pubtime desc LIMIT 0,2   [ RunTime:0.0010s ]
SQL: SHOW COLUMNS FROM `lazy_category` [ RunTime:0.0030s ]
SQL: SELECT `name` FROM `lazy_category` WHERE ( 1=1 AND cat_id='8' ) LIMIT 1   [ RunTime:0.0000s ]
SQL: SELECT `name` FROM `lazy_category` WHERE ( 1=1 AND cat_id='8' ) LIMIT 1   [ RunTime:0.0010s ]
NOTIC: [8] Undefined variable: condition F:\workplace\rongfei\Apps\Admin\Controller\ListController.class.php 第 70 行.
SQL: SELECT COUNT(*) AS tp_count FROM `lazy_news` LIMIT 1   [ RunTime:0.0000s ]
INFO: [ view_parse ] --START--
INFO: [ template_filter ] --START--
INFO: Run Behavior\ContentReplaceBehavior [ RunTime:0.000000s ]
INFO: [ template_filter ] --END-- [ RunTime:0.000000s ]
NOTIC: [8] Use of undefined constant news_id - assumed 'news_id' F:\workplace\rongfei\Apps\Runtime\Cache\Admin\d83b80fb61b6619d8ebccd0d063e225c.php 第 165 行.
NOTIC: [8] Use of undefined constant news_id - assumed 'news_id' F:\workplace\rongfei\Apps\Runtime\Cache\Admin\d83b80fb61b6619d8ebccd0d063e225c.php 第 165 行.
INFO: Run Behavior\ParseTemplateBehavior [ RunTime:0.008001s ]
INFO: [ view_parse ] --END-- [ RunTime:0.008001s ]
INFO: [ view_filter ] --START--
INFO: Run Behavior\WriteHtmlCacheBehavior [ RunTime:0.000000s ]
INFO: [ view_filter ] --END-- [ RunTime:0.000000s ]
INFO: [ app_end ] --START--
INFO: Run Behavior\ShowPageTraceBehavior [ RunTime:0.000000s ]
INFO: [ app_end ] --END-- [ RunTime:0.000000s ]

[ 2016-05-12T12:22:01+08:00 ] 127.0.0.1 /rongfei/Admin/List/index/cat_id/1.html
INFO: [ app_init ] --START--
INFO: Run Behavior\BuildLiteBehavior [ RunTime:0.000000s ]
INFO: [ app_init ] --END-- [ RunTime:0.000000s ]
INFO: [ app_begin ] --START--
INFO: Run Behavior\ReadHtmlCacheBehavior [ RunTime:0.001000s ]
INFO: [ app_begin ] --END-- [ RunTime:0.001000s ]
SQL: SHOW COLUMNS FROM `lazy_category` [ RunTime:0.0020s ]
SQL: SELECT `cat_id` FROM `lazy_category` WHERE `pid` = 1  [ RunTime:0.0010s ]
SQL: SELECT `cat_id` FROM `lazy_category` WHERE `pid` = 1  [ RunTime:0.0000s ]
SQL: SELECT `pid` FROM `lazy_category` WHERE ( cat_id =1 ) LIMIT 1   [ RunTime:0.0010s ]
NOTIC: [8] Use of undefined constant in - assumed 'in' F:\workplace\rongfei\Apps\Admin\Controller\ListController.class.php 第 29 行.
SQL: SELECT * FROM `lazy_category` WHERE `pid` IN ('5','10')  [ RunTime:0.0000s ]
SQL: SELECT `type` FROM `lazy_category` WHERE ( cat_id =1 ) LIMIT 1   [ RunTime:0.0010s ]
SQL: SHOW COLUMNS FROM `lazy_news` [ RunTime:0.0030s ]
NOTIC: [8] Undefined variable: condition F:\workplace\rongfei\Apps\Admin\Controller\ListController.class.php 第 69 行.
SQL: SELECT * FROM `lazy_news` ORDER BY pubtime desc LIMIT 0,2   [ RunTime:0.0010s ]
SQL: SHOW COLUMNS FROM `lazy_category` [ RunTime:0.0030s ]
SQL: SELECT `name` FROM `lazy_category` WHERE ( 1=1 AND cat_id='8' ) LIMIT 1   [ RunTime:0.0000s ]
SQL: SELECT `name` FROM `lazy_category` WHERE ( 1=1 AND cat_id='8' ) LIMIT 1   [ RunTime:0.0010s ]
NOTIC: [8] Undefined variable: condition F:\workplace\rongfei\Apps\Admin\Controller\ListController.class.php 第 70 行.
SQL: SELECT COUNT(*) AS tp_count FROM `lazy_news` LIMIT 1   [ RunTime:0.0000s ]
INFO: [ view_parse ] --START--
INFO: [ template_filter ] --START--
INFO: Run Behavior\ContentReplaceBehavior [ RunTime:0.000000s ]
INFO: [ template_filter ] --END-- [ RunTime:0.000000s ]
NOTIC: [8] Use of undefined constant news_id - assumed 'news_id' F:\workplace\rongfei\Apps\Runtime\Cache\Admin\d83b80fb61b6619d8ebccd0d063e225c.php 第 165 行.
NOTIC: [8] Use of undefined constant news_id - assumed 'news_id' F:\workplace\rongfei\Apps\Runtime\Cache\Admin\d83b80fb61b6619d8ebccd0d063e225c.php 第 165 行.
INFO: Run Behavior\ParseTemplateBehavior [ RunTime:0.008000s ]
INFO: [ view_parse ] --END-- [ RunTime:0.008000s ]
INFO: [ view_filter ] --START--
INFO: Run Behavior\WriteHtmlCacheBehavior [ RunTime:0.000000s ]
INFO: [ view_filter ] --END-- [ RunTime:0.000000s ]
INFO: [ app_end ] --START--
INFO: Run Behavior\ShowPageTraceBehavior [ RunTime:0.002001s ]
INFO: [ app_end ] --END-- [ RunTime:0.002001s ]

[ 2016-05-12T12:22:02+08:00 ] 127.0.0.1 /rongfei/Admin/List/index/cat_id/1/startPrice/100/endPrice/200.html
INFO: [ app_init ] --START--
INFO: Run Behavior\BuildLiteBehavior [ RunTime:0.000000s ]
INFO: [ app_init ] --END-- [ RunTime:0.000000s ]
INFO: [ app_begin ] --START--
INFO: Run Behavior\ReadHtmlCacheBehavior [ RunTime:0.001000s ]
INFO: [ app_begin ] --END-- [ RunTime:0.001000s ]
SQL: SHOW COLUMNS FROM `lazy_category` [ RunTime:0.0030s ]
SQL: SELECT `cat_id` FROM `lazy_category` WHERE `pid` = 1  [ RunTime:0.0000s ]
SQL: SELECT `cat_id` FROM `lazy_category` WHERE `pid` = 1  [ RunTime:0.0000s ]
SQL: SELECT `pid` FROM `lazy_category` WHERE ( cat_id =1 ) LIMIT 1   [ RunTime:0.0000s ]
NOTIC: [8] Use of undefined constant in - assumed 'in' F:\workplace\rongfei\Apps\Admin\Controller\ListController.class.php 第 29 行.
SQL: SELECT * FROM `lazy_category` WHERE `pid` IN ('5','10')  [ RunTime:0.0000s ]
SQL: SELECT `type` FROM `lazy_category` WHERE ( cat_id =1 ) LIMIT 1   [ RunTime:0.0000s ]
SQL: SHOW COLUMNS FROM `lazy_news` [ RunTime:0.0020s ]
SQL: SELECT * FROM `lazy_news` WHERE ( `price` > '100' AND `price` < '200'  ) ORDER BY pubtime desc LIMIT 0,2   [ RunTime:0.0000s ]
SQL: SHOW COLUMNS FROM `lazy_category` [ RunTime:0.0020s ]
SQL: SELECT `name` FROM `lazy_category` WHERE ( 1=1 AND cat_id='8' ) LIMIT 1   [ RunTime:0.0000s ]
SQL: SELECT COUNT(*) AS tp_count FROM `lazy_news` WHERE ( `price` > '100' AND `price` < '200'  ) LIMIT 1   [ RunTime:0.0000s ]
INFO: [ view_parse ] --START--
INFO: [ template_filter ] --START--
INFO: Run Behavior\ContentReplaceBehavior [ RunTime:0.001000s ]
INFO: [ template_filter ] --END-- [ RunTime:0.001000s ]
NOTIC: [8] Use of undefined constant news_id - assumed 'news_id' F:\workplace\rongfei\Apps\Runtime\Cache\Admin\d83b80fb61b6619d8ebccd0d063e225c.php 第 165 行.
INFO: Run Behavior\ParseTemplateBehavior [ RunTime:0.007000s ]
INFO: [ view_parse ] --END-- [ RunTime:0.007000s ]
INFO: [ view_filter ] --START--
INFO: Run Behavior\WriteHtmlCacheBehavior [ RunTime:0.000000s ]
INFO: [ view_filter ] --END-- [ RunTime:0.000000s ]
INFO: [ app_end ] --START--
INFO: Run Behavior\ShowPageTraceBehavior [ RunTime:0.000000s ]
INFO: [ app_end ] --END-- [ RunTime:0.000000s ]

[ 2016-05-12T12:22:07+08:00 ] 127.0.0.1 /rongfei/Admin/List/index/cat_id/1/startPrice/200.html
INFO: [ app_init ] --START--
INFO: Run Behavior\BuildLiteBehavior [ RunTime:0.000000s ]
INFO: [ app_init ] --END-- [ RunTime:0.001000s ]
INFO: [ app_begin ] --START--
INFO: Run Behavior\ReadHtmlCacheBehavior [ RunTime:0.001000s ]
INFO: [ app_begin ] --END-- [ RunTime:0.001000s ]
SQL: SHOW COLUMNS FROM `lazy_category` [ RunTime:0.0030s ]
SQL: SELECT `cat_id` FROM `lazy_category` WHERE `pid` = 1  [ RunTime:0.0000s ]
SQL: SELECT `cat_id` FROM `lazy_category` WHERE `pid` = 1  [ RunTime:0.0010s ]
SQL: SELECT `pid` FROM `lazy_category` WHERE ( cat_id =1 ) LIMIT 1   [ RunTime:0.0000s ]
NOTIC: [8] Use of undefined constant in - assumed 'in' F:\workplace\rongfei\Apps\Admin\Controller\ListController.class.php 第 29 行.
SQL: SELECT * FROM `lazy_category` WHERE `pid` IN ('5','10')  [ RunTime:0.0000s ]
SQL: SELECT `type` FROM `lazy_category` WHERE ( cat_id =1 ) LIMIT 1   [ RunTime:0.0010s ]
SQL: SHOW COLUMNS FROM `lazy_news` [ RunTime:0.0030s ]
SQL: SELECT * FROM `lazy_news` WHERE ( `price` > '200'  ) ORDER BY pubtime desc LIMIT 0,2   [ RunTime:0.0000s ]
SQL: SHOW COLUMNS FROM `lazy_category` [ RunTime:0.0020s ]
SQL: SELECT `name` FROM `lazy_category` WHERE ( 1=1 AND cat_id='8' ) LIMIT 1   [ RunTime:0.0010s ]
SQL: SELECT COUNT(*) AS tp_count FROM `lazy_news` WHERE ( `price` > '200'  ) LIMIT 1   [ RunTime:0.0000s ]
INFO: [ view_parse ] --START--
INFO: [ template_filter ] --START--
INFO: Run Behavior\ContentReplaceBehavior [ RunTime:0.000000s ]
INFO: [ template_filter ] --END-- [ RunTime:0.000000s ]
NOTIC: [8] Use of undefined constant news_id - assumed 'news_id' F:\workplace\rongfei\Apps\Runtime\Cache\Admin\d83b80fb61b6619d8ebccd0d063e225c.php 第 165 行.
INFO: Run Behavior\ParseTemplateBehavior [ RunTime:0.006001s ]
INFO: [ view_parse ] --END-- [ RunTime:0.007001s ]
INFO: [ view_filter ] --START--
INFO: Run Behavior\WriteHtmlCacheBehavior [ RunTime:0.000000s ]
INFO: [ view_filter ] --END-- [ RunTime:0.000000s ]
INFO: [ app_end ] --START--
INFO: Run Behavior\ShowPageTraceBehavior [ RunTime:0.000000s ]
INFO: [ app_end ] --END-- [ RunTime:0.000000s ]

[ 2016-05-12T12:22:08+08:00 ] 127.0.0.1 /rongfei/Admin/List/index/cat_id/1.html
INFO: [ app_init ] --START--
INFO: Run Behavior\BuildLiteBehavior [ RunTime:0.001000s ]
INFO: [ app_init ] --END-- [ RunTime:0.001000s ]
INFO: [ app_begin ] --START--
INFO: Run Behavior\ReadHtmlCacheBehavior [ RunTime:0.000000s ]
INFO: [ app_begin ] --END-- [ RunTime:0.000000s ]
SQL: SHOW COLUMNS FROM `lazy_category` [ RunTime:0.0020s ]
SQL: SELECT `cat_id` FROM `lazy_category` WHERE `pid` = 1  [ RunTime:0.0010s ]
SQL: SELECT `cat_id` FROM `lazy_category` WHERE `pid` = 1  [ RunTime:0.0010s ]
SQL: SELECT `pid` FROM `lazy_category` WHERE ( cat_id =1 ) LIMIT 1   [ RunTime:0.0000s ]
NOTIC: [8] Use of undefined constant in - assumed 'in' F:\workplace\rongfei\Apps\Admin\Controller\ListController.class.php 第 29 行.
SQL: SELECT * FROM `lazy_category` WHERE `pid` IN ('5','10')  [ RunTime:0.0000s ]
SQL: SELECT `type` FROM `lazy_category` WHERE ( cat_id =1 ) LIMIT 1   [ RunTime:0.0010s ]
SQL: SHOW COLUMNS FROM `lazy_news` [ RunTime:0.0040s ]
NOTIC: [8] Undefined variable: condition F:\workplace\rongfei\Apps\Admin\Controller\ListController.class.php 第 69 行.
SQL: SELECT * FROM `lazy_news` ORDER BY pubtime desc LIMIT 0,2   [ RunTime:0.0000s ]
SQL: SHOW COLUMNS FROM `lazy_category` [ RunTime:0.0030s ]
SQL: SELECT `name` FROM `lazy_category` WHERE ( 1=1 AND cat_id='8' ) LIMIT 1   [ RunTime:0.0010s ]
SQL: SELECT `name` FROM `lazy_category` WHERE ( 1=1 AND cat_id='8' ) LIMIT 1   [ RunTime:0.0000s ]
NOTIC: [8] Undefined variable: condition F:\workplace\rongfei\Apps\Admin\Controller\ListController.class.php 第 70 行.
SQL: SELECT COUNT(*) AS tp_count FROM `lazy_news` LIMIT 1   [ RunTime:0.0000s ]
INFO: [ view_parse ] --START--
INFO: [ template_filter ] --START--
INFO: Run Behavior\ContentReplaceBehavior [ RunTime:0.000000s ]
INFO: [ template_filter ] --END-- [ RunTime:0.000000s ]
NOTIC: [8] Use of undefined constant news_id - assumed 'news_id' F:\workplace\rongfei\Apps\Runtime\Cache\Admin\d83b80fb61b6619d8ebccd0d063e225c.php 第 165 行.
NOTIC: [8] Use of undefined constant news_id - assumed 'news_id' F:\workplace\rongfei\Apps\Runtime\Cache\Admin\d83b80fb61b6619d8ebccd0d063e225c.php 第 165 行.
INFO: Run Behavior\ParseTemplateBehavior [ RunTime:0.009001s ]
INFO: [ view_parse ] --END-- [ RunTime:0.009001s ]
INFO: [ view_filter ] --START--
INFO: Run Behavior\WriteHtmlCacheBehavior [ RunTime:0.000000s ]
INFO: [ view_filter ] --END-- [ RunTime:0.000000s ]
INFO: [ app_end ] --START--
INFO: Run Behavior\ShowPageTraceBehavior [ RunTime:0.001000s ]
INFO: [ app_end ] --END-- [ RunTime:0.001000s ]

