[ 2016-05-06T09:04:43+08:00 ] ::1 /rongfei/Admin/view/public/css/style.css
ERR: 非法操作:public

[ 2016-05-06T09:04:43+08:00 ] ::1 /rongfei/Admin/view/public/css/animate.css
ERR: 非法操作:public

[ 2016-05-06T10:52:05+08:00 ] ::1 /rongfei/Admin/view/public/css/style.css
ERR: 非法操作:public

[ 2016-05-06T10:52:05+08:00 ] ::1 /rongfei/Admin/view/public/css/animate.css
ERR: 非法操作:public

[ 2016-05-06T10:52:11+08:00 ] ::1 /rongfei/Admin/view/public/css/style.css
ERR: 非法操作:public

[ 2016-05-06T10:52:11+08:00 ] ::1 /rongfei/Admin/view/public/css/animate.css
ERR: 非法操作:public

[ 2016-05-06T10:52:12+08:00 ] ::1 /rongfei/Admin/view/public/css/style.css
ERR: 非法操作:public

[ 2016-05-06T10:52:13+08:00 ] ::1 /rongfei/Admin/view/public/css/animate.css
ERR: 非法操作:public

[ 2016-05-06T10:54:47+08:00 ] ::1 /rongfei/Admin/view/public/css/style.css
ERR: 非法操作:public

[ 2016-05-06T10:54:47+08:00 ] ::1 /rongfei/Admin/view/public/css/animate.css
ERR: 非法操作:public

[ 2016-05-06T10:54:48+08:00 ] ::1 /rongfei/Admin/view/public/css/style.css
ERR: 非法操作:public

[ 2016-05-06T10:54:48+08:00 ] ::1 /rongfei/Admin/view/public/css/animate.css
ERR: 非法操作:public

[ 2016-05-06T10:54:51+08:00 ] ::1 /rongfei/Admin/view/public/css/style.css
ERR: 非法操作:public

[ 2016-05-06T10:54:51+08:00 ] ::1 /rongfei/Admin/view/public/css/animate.css
ERR: 非法操作:public

[ 2016-05-06T11:04:40+08:00 ] ::1 /rongfei/Admin/view/public/css/style.css
ERR: 非法操作:public

[ 2016-05-06T11:04:40+08:00 ] ::1 /rongfei/Admin/view/public/css/animate.css
ERR: 非法操作:public

[ 2016-05-06T11:04:43+08:00 ] ::1 /rongfei/Admin/view/public/css/style.css
ERR: 非法操作:public

[ 2016-05-06T11:04:43+08:00 ] ::1 /rongfei/Admin/view/public/css/animate.css
ERR: 非法操作:public

[ 2016-05-06T11:04:45+08:00 ] ::1 /rongfei/Admin/News/test.php
INFO: [ app_begin ] --START--
INFO: Run Behavior\ReadHtmlCacheBehavior [ RunTime:0.000000s ]
INFO: [ app_begin ] --END-- [ RunTime:0.001000s ]

[ 2016-05-06T11:04:45+08:00 ] ::1 /rongfei/Admin/Index/index.html
INFO: [ app_begin ] --START--
INFO: Run Behavior\ReadHtmlCacheBehavior [ RunTime:0.000000s ]
INFO: [ app_begin ] --END-- [ RunTime:0.000000s ]
INFO: [ view_parse ] --START--
INFO: [ template_filter ] --START--
INFO: Run Behavior\ContentReplaceBehavior [ RunTime:0.000000s ]
INFO: [ template_filter ] --END-- [ RunTime:0.000000s ]
INFO: Run Behavior\ParseTemplateBehavior [ RunTime:0.010001s ]
INFO: [ view_parse ] --END-- [ RunTime:0.010001s ]
INFO: [ view_filter ] --START--
INFO: Run Behavior\WriteHtmlCacheBehavior [ RunTime:0.000000s ]
INFO: [ view_filter ] --END-- [ RunTime:0.000000s ]
INFO: [ app_end ] --START--
INFO: Run Behavior\ShowPageTraceBehavior [ RunTime:0.001000s ]
INFO: [ app_end ] --END-- [ RunTime:0.001000s ]

[ 2016-05-06T11:04:45+08:00 ] ::1 /rongfei/Admin/view/public/css/style.css
ERR: 非法操作:public

[ 2016-05-06T11:04:45+08:00 ] ::1 /rongfei/Admin/view/public/css/animate.css
ERR: 非法操作:public

[ 2016-05-06T11:12:31+08:00 ] ::1 /rongfei/Admin/News/test.php
INFO: [ app_begin ] --START--
INFO: Run Behavior\ReadHtmlCacheBehavior [ RunTime:0.001000s ]
INFO: [ app_begin ] --END-- [ RunTime:0.001000s ]

[ 2016-05-06T11:12:31+08:00 ] ::1 /rongfei/Admin/Index/index.html
INFO: [ app_begin ] --START--
INFO: Run Behavior\ReadHtmlCacheBehavior [ RunTime:0.000000s ]
INFO: [ app_begin ] --END-- [ RunTime:0.001000s ]
INFO: [ view_parse ] --START--
INFO: [ template_filter ] --START--
INFO: Run Behavior\ContentReplaceBehavior [ RunTime:0.001000s ]
INFO: [ template_filter ] --END-- [ RunTime:0.001000s ]
INFO: Run Behavior\ParseTemplateBehavior [ RunTime:0.008000s ]
INFO: [ view_parse ] --END-- [ RunTime:0.008000s ]
INFO: [ view_filter ] --START--
INFO: Run Behavior\WriteHtmlCacheBehavior [ RunTime:0.000000s ]
INFO: [ view_filter ] --END-- [ RunTime:0.000000s ]
INFO: [ app_end ] --START--
INFO: Run Behavior\ShowPageTraceBehavior [ RunTime:0.001000s ]
INFO: [ app_end ] --END-- [ RunTime:0.001000s ]

[ 2016-05-06T11:12:43+08:00 ] ::1 /rongfei/Admin/view/public/css/style.css
ERR: 非法操作:public

[ 2016-05-06T11:12:43+08:00 ] ::1 /rongfei/Admin/view/public/css/animate.css
ERR: 非法操作:public

[ 2016-05-06T11:12:49+08:00 ] ::1 /rongfei/Admin/News/test.php
INFO: [ app_begin ] --START--
INFO: Run Behavior\ReadHtmlCacheBehavior [ RunTime:0.000000s ]
INFO: [ app_begin ] --END-- [ RunTime:0.001000s ]

[ 2016-05-06T11:12:49+08:00 ] ::1 /rongfei/Admin/Index/index.html
INFO: [ app_begin ] --START--
INFO: Run Behavior\ReadHtmlCacheBehavior [ RunTime:0.001000s ]
INFO: [ app_begin ] --END-- [ RunTime:0.001000s ]
INFO: [ view_parse ] --START--
INFO: [ template_filter ] --START--
INFO: Run Behavior\ContentReplaceBehavior [ RunTime:0.000000s ]
INFO: [ template_filter ] --END-- [ RunTime:0.000000s ]
INFO: Run Behavior\ParseTemplateBehavior [ RunTime:0.007001s ]
INFO: [ view_parse ] --END-- [ RunTime:0.007001s ]
INFO: [ view_filter ] --START--
INFO: Run Behavior\WriteHtmlCacheBehavior [ RunTime:0.000000s ]
INFO: [ view_filter ] --END-- [ RunTime:0.000000s ]
INFO: [ app_end ] --START--
INFO: Run Behavior\ShowPageTraceBehavior [ RunTime:0.000000s ]
INFO: [ app_end ] --END-- [ RunTime:0.001000s ]

[ 2016-05-06T11:12:54+08:00 ] ::1 /rongfei/Admin/view/public/css/animate.css
ERR: 非法操作:public

[ 2016-05-06T11:12:54+08:00 ] ::1 /rongfei/Admin/view/public/css/style.css
ERR: 非法操作:public

[ 2016-05-06T11:13:30+08:00 ] ::1 /rongfei/Admin/view/public/css/style.css
ERR: 非法操作:public

[ 2016-05-06T11:13:30+08:00 ] ::1 /rongfei/Admin/view/public/css/animate.css
ERR: 非法操作:public

[ 2016-05-06T11:13:31+08:00 ] ::1 /rongfei/Admin/view/public/css/style.css
ERR: 非法操作:public

[ 2016-05-06T11:13:31+08:00 ] ::1 /rongfei/Admin/view/public/css/animate.css
ERR: 非法操作:public

[ 2016-05-06T11:13:39+08:00 ] ::1 /rongfei/Admin/News/add.html
INFO: [ app_begin ] --START--
INFO: Run Behavior\ReadHtmlCacheBehavior [ RunTime:0.000000s ]
INFO: [ app_begin ] --END-- [ RunTime:0.000000s ]
SQL: SHOW COLUMNS FROM `lazy_news` [ RunTime:0.0040s ]
NOTIC: [8] Undefined index: validate F:\workplace\rongfei\ThinkPHP\Library\Think\Model.class.php 第 1185 行.
NOTIC: [8] Undefined index: auto F:\workplace\rongfei\ThinkPHP\Library\Think\Model.class.php 第 1128 行.
SQL: INSERT INTO `lazy_news` (`name`,`news_url`,`price`,`link_type`,`sl_type`,`remark`,`buy_link`,`cat_id`) VALUES ('123','http://news.qq.com/a/20160505/003523.htm123','123','0','0','','','1') [ RunTime:0.0850s ]

[ 2016-05-06T11:13:41+08:00 ] ::1 /rongfei/Admin/view/public/css/animate.css
ERR: 非法操作:public

[ 2016-05-06T11:13:41+08:00 ] ::1 /rongfei/Admin/view/public/css/style.css
ERR: 非法操作:public

[ 2016-05-06T11:14:20+08:00 ] ::1 /rongfei/Admin/News/add.html
INFO: [ app_begin ] --START--
INFO: Run Behavior\ReadHtmlCacheBehavior [ RunTime:0.001000s ]
INFO: [ app_begin ] --END-- [ RunTime:0.001000s ]
SQL: SHOW COLUMNS FROM `lazy_news` [ RunTime:0.0030s ]
NOTIC: [8] Undefined index: validate F:\workplace\rongfei\ThinkPHP\Library\Think\Model.class.php 第 1185 行.
NOTIC: [8] Undefined index: auto F:\workplace\rongfei\ThinkPHP\Library\Think\Model.class.php 第 1128 行.
SQL: INSERT INTO `lazy_news` (`name`,`news_url`,`price`,`link_type`,`sl_type`,`remark`,`buy_link`,`cat_id`) VALUES ('1','12321','123','0','0','','','1') [ RunTime:0.0010s ]

[ 2016-05-06T11:14:21+08:00 ] ::1 /rongfei/Admin/view/public/css/style.css
ERR: 非法操作:public

[ 2016-05-06T11:14:21+08:00 ] ::1 /rongfei/Admin/view/public/css/animate.css
ERR: 非法操作:public

[ 2016-05-06T11:14:24+08:00 ] ::1 /rongfei/Admin/view/public/css/animate.css
ERR: 非法操作:public

[ 2016-05-06T11:14:24+08:00 ] ::1 /rongfei/Admin/view/public/css/style.css
ERR: 非法操作:public

[ 2016-05-06T11:14:24+08:00 ] ::1 /rongfei/Admin/view/public/css/animate.css
ERR: 非法操作:public

[ 2016-05-06T11:14:24+08:00 ] ::1 /rongfei/Admin/view/public/css/style.css
ERR: 非法操作:public

[ 2016-05-06T11:14:28+08:00 ] ::1 /rongfei/Admin/view/public/css/style.css
ERR: 非法操作:public

[ 2016-05-06T11:14:28+08:00 ] ::1 /rongfei/Admin/view/public/css/animate.css
ERR: 非法操作:public

[ 2016-05-06T11:14:28+08:00 ] ::1 /rongfei/Admin/News/add.html
INFO: [ app_begin ] --START--
INFO: Run Behavior\ReadHtmlCacheBehavior [ RunTime:0.001000s ]
INFO: [ app_begin ] --END-- [ RunTime:0.002000s ]
SQL: SHOW COLUMNS FROM `lazy_news` [ RunTime:0.0030s ]
NOTIC: [8] Undefined index: validate F:\workplace\rongfei\ThinkPHP\Library\Think\Model.class.php 第 1185 行.
NOTIC: [8] Undefined index: auto F:\workplace\rongfei\ThinkPHP\Library\Think\Model.class.php 第 1128 行.
SQL: INSERT INTO `lazy_news` (`name`,`news_url`,`price`,`link_type`,`sl_type`,`remark`,`buy_link`,`cat_id`) VALUES ('123','123','123','0','0','','','1') [ RunTime:0.0010s ]

[ 2016-05-06T11:15:21+08:00 ] ::1 /rongfei/Admin/view/public/css/style.css
ERR: 非法操作:public

[ 2016-05-06T11:15:21+08:00 ] ::1 /rongfei/Admin/view/public/css/animate.css
ERR: 非法操作:public

[ 2016-05-06T11:15:22+08:00 ] ::1 /rongfei/Admin/view/public/css/animate.css
ERR: 非法操作:public

[ 2016-05-06T11:15:22+08:00 ] ::1 /rongfei/Admin/view/public/css/style.css
ERR: 非法操作:public

[ 2016-05-06T11:15:28+08:00 ] ::1 /rongfei/Admin/News/add.html
INFO: [ app_begin ] --START--
INFO: Run Behavior\ReadHtmlCacheBehavior [ RunTime:0.001000s ]
INFO: [ app_begin ] --END-- [ RunTime:0.001000s ]
SQL: SHOW COLUMNS FROM `lazy_news` [ RunTime:0.0040s ]
NOTIC: [8] Undefined index: validate F:\workplace\rongfei\ThinkPHP\Library\Think\Model.class.php 第 1185 行.
NOTIC: [8] Undefined index: auto F:\workplace\rongfei\ThinkPHP\Library\Think\Model.class.php 第 1128 行.
SQL: INSERT INTO `lazy_news` (`name`,`news_url`,`price`,`link_type`,`sl_type`,`remark`,`buy_link`,`cat_id`) VALUES ('腾讯新闻123','21','1231','0','0','','','1') [ RunTime:0.0010s ]

[ 2016-05-06T11:15:29+08:00 ] ::1 /rongfei/Admin/view/public/css/style.css
ERR: 非法操作:public

[ 2016-05-06T11:15:29+08:00 ] ::1 /rongfei/Admin/view/public/css/animate.css
ERR: 非法操作:public

[ 2016-05-06T11:17:34+08:00 ] ::1 /rongfei/Admin/view/public/css/style.css
ERR: 非法操作:public

[ 2016-05-06T11:17:34+08:00 ] ::1 /rongfei/Admin/view/public/css/animate.css
ERR: 非法操作:public

[ 2016-05-06T11:17:35+08:00 ] ::1 /rongfei/Admin/view/public/css/style.css
ERR: 非法操作:public

[ 2016-05-06T11:17:35+08:00 ] ::1 /rongfei/Admin/view/public/css/animate.css
ERR: 非法操作:public

[ 2016-05-06T11:17:36+08:00 ] ::1 /rongfei/Admin/News/add.html
INFO: [ app_begin ] --START--
INFO: Run Behavior\ReadHtmlCacheBehavior [ RunTime:0.000000s ]
INFO: [ app_begin ] --END-- [ RunTime:0.003000s ]
SQL: SHOW COLUMNS FROM `lazy_news` [ RunTime:0.0050s ]
NOTIC: [8] Undefined index: validate F:\workplace\rongfei\ThinkPHP\Library\Think\Model.class.php 第 1185 行.
NOTIC: [8] Undefined index: auto F:\workplace\rongfei\ThinkPHP\Library\Think\Model.class.php 第 1128 行.
SQL: INSERT INTO `lazy_news` (`name`,`news_url`,`price`,`link_type`,`sl_type`,`remark`,`buy_link`,`cat_id`) VALUES ('','','0','0','0','','','1') [ RunTime:0.0010s ]

[ 2016-05-06T11:17:36+08:00 ] ::1 /rongfei/Admin/view/public/css/style.css
ERR: 非法操作:public

[ 2016-05-06T11:17:36+08:00 ] ::1 /rongfei/Admin/view/public/css/animate.css
ERR: 非法操作:public

[ 2016-05-06T11:17:40+08:00 ] ::1 /rongfei/Admin/News/add.html
INFO: [ app_begin ] --START--
INFO: Run Behavior\ReadHtmlCacheBehavior [ RunTime:0.000000s ]
INFO: [ app_begin ] --END-- [ RunTime:0.001000s ]
SQL: SHOW COLUMNS FROM `lazy_news` [ RunTime:0.0030s ]
NOTIC: [8] Undefined index: validate F:\workplace\rongfei\ThinkPHP\Library\Think\Model.class.php 第 1185 行.
NOTIC: [8] Undefined index: auto F:\workplace\rongfei\ThinkPHP\Library\Think\Model.class.php 第 1128 行.
SQL: INSERT INTO `lazy_news` (`name`,`news_url`,`price`,`link_type`,`sl_type`,`remark`,`buy_link`,`cat_id`) VALUES ('11','22','33','0','0','','','1') [ RunTime:0.0020s ]

[ 2016-05-06T11:17:41+08:00 ] ::1 /rongfei/Admin/view/public/css/animate.css
ERR: 非法操作:public

[ 2016-05-06T11:17:41+08:00 ] ::1 /rongfei/Admin/view/public/css/style.css
ERR: 非法操作:public

[ 2016-05-06T11:17:41+08:00 ] ::1 /rongfei/Admin/view/public/css/style.css
ERR: 非法操作:public

[ 2016-05-06T11:17:41+08:00 ] ::1 /rongfei/Admin/view/public/css/animate.css
ERR: 非法操作:public

[ 2016-05-06T11:18:12+08:00 ] ::1 /rongfei/Admin/view/public/css/animate.css
ERR: 非法操作:public

[ 2016-05-06T11:18:12+08:00 ] ::1 /rongfei/Admin/view/public/css/style.css
ERR: 非法操作:public

[ 2016-05-06T11:18:12+08:00 ] ::1 /rongfei/Admin/view/public/css/style.css
ERR: 非法操作:public

[ 2016-05-06T11:18:12+08:00 ] ::1 /rongfei/Admin/view/public/css/animate.css
ERR: 非法操作:public

[ 2016-05-06T11:18:18+08:00 ] ::1 /rongfei/Admin/News/add.html
INFO: [ app_begin ] --START--
INFO: Run Behavior\ReadHtmlCacheBehavior [ RunTime:0.000000s ]
INFO: [ app_begin ] --END-- [ RunTime:0.001000s ]
SQL: SHOW COLUMNS FROM `lazy_news` [ RunTime:0.0040s ]
NOTIC: [8] Undefined index: validate F:\workplace\rongfei\ThinkPHP\Library\Think\Model.class.php 第 1185 行.
NOTIC: [8] Undefined index: auto F:\workplace\rongfei\ThinkPHP\Library\Think\Model.class.php 第 1128 行.
SQL: INSERT INTO `lazy_news` (`name`,`news_url`,`price`,`link_type`,`sl_type`,`remark`,`buy_link`,`cat_id`) VALUES ('123','12321','23','0','0','','','1') [ RunTime:0.0010s ]

[ 2016-05-06T11:18:18+08:00 ] ::1 /rongfei/Admin/view/public/css/animate.css
ERR: 非法操作:public

[ 2016-05-06T11:18:18+08:00 ] ::1 /rongfei/Admin/view/public/css/style.css
ERR: 非法操作:public

[ 2016-05-06T11:18:18+08:00 ] ::1 /rongfei/Admin/view/public/css/style.css
ERR: 非法操作:public

[ 2016-05-06T11:18:18+08:00 ] ::1 /rongfei/Admin/view/public/css/animate.css
ERR: 非法操作:public

[ 2016-05-06T11:20:16+08:00 ] ::1 /rongfei/Admin/view/public/css/style.css
ERR: 非法操作:public

[ 2016-05-06T11:20:16+08:00 ] ::1 /rongfei/Admin/view/public/css/animate.css
ERR: 非法操作:public

[ 2016-05-06T11:20:17+08:00 ] ::1 /rongfei/Admin/view/public/css/animate.css
ERR: 非法操作:public

[ 2016-05-06T11:20:17+08:00 ] ::1 /rongfei/Admin/view/public/css/style.css
ERR: 非法操作:public

[ 2016-05-06T11:20:26+08:00 ] ::1 /rongfei/Admin/News/add.html
INFO: [ app_begin ] --START--
INFO: Run Behavior\ReadHtmlCacheBehavior [ RunTime:0.001000s ]
INFO: [ app_begin ] --END-- [ RunTime:0.001000s ]
SQL: SHOW COLUMNS FROM `lazy_news` [ RunTime:0.0050s ]
NOTIC: [8] Undefined index: validate F:\workplace\rongfei\ThinkPHP\Library\Think\Model.class.php 第 1185 行.
NOTIC: [8] Undefined index: auto F:\workplace\rongfei\ThinkPHP\Library\Think\Model.class.php 第 1128 行.
SQL: INSERT INTO `lazy_news` (`name`,`news_url`,`price`,`link_type`,`sl_type`,`remark`,`buy_link`,`cat_id`) VALUES ('格式化','12321','123','0','0','','','1') [ RunTime:0.0010s ]

[ 2016-05-06T11:20:26+08:00 ] ::1 /rongfei/Admin/view/public/css/style.css
ERR: 非法操作:public

[ 2016-05-06T11:20:26+08:00 ] ::1 /rongfei/Admin/view/public/css/animate.css
ERR: 非法操作:public

[ 2016-05-06T11:20:36+08:00 ] ::1 /rongfei/Admin/News/add.html
INFO: [ app_begin ] --START--
INFO: Run Behavior\ReadHtmlCacheBehavior [ RunTime:0.001000s ]
INFO: [ app_begin ] --END-- [ RunTime:0.002000s ]
SQL: SHOW COLUMNS FROM `lazy_news` [ RunTime:0.0030s ]
NOTIC: [8] Undefined index: validate F:\workplace\rongfei\ThinkPHP\Library\Think\Model.class.php 第 1185 行.
NOTIC: [8] Undefined index: auto F:\workplace\rongfei\ThinkPHP\Library\Think\Model.class.php 第 1128 行.
SQL: INSERT INTO `lazy_news` (`name`,`news_url`,`price`,`link_type`,`sl_type`,`remark`,`buy_link`,`cat_id`) VALUES ('腾讯新闻123','12321','123123','3','1','','','1') [ RunTime:0.0010s ]

[ 2016-05-06T11:20:36+08:00 ] ::1 /rongfei/Admin/view/public/css/animate.css
ERR: 非法操作:public

[ 2016-05-06T11:20:36+08:00 ] ::1 /rongfei/Admin/view/public/css/style.css
ERR: 非法操作:public

[ 2016-05-06T11:20:40+08:00 ] ::1 /rongfei/Admin/view/public/css/style.css
ERR: 非法操作:public

[ 2016-05-06T11:20:40+08:00 ] ::1 /rongfei/Admin/view/public/css/animate.css
ERR: 非法操作:public

[ 2016-05-06T11:20:47+08:00 ] ::1 /rongfei/Admin/view/public/css/animate.css
ERR: 非法操作:public

[ 2016-05-06T11:20:47+08:00 ] ::1 /rongfei/Admin/view/public/css/style.css
ERR: 非法操作:public

[ 2016-05-06T11:20:48+08:00 ] ::1 /rongfei/Admin/view/public/css/style.css
ERR: 非法操作:public

[ 2016-05-06T11:20:48+08:00 ] ::1 /rongfei/Admin/view/public/css/animate.css
ERR: 非法操作:public

[ 2016-05-06T11:20:57+08:00 ] ::1 /rongfei/Admin/News/add.html
INFO: [ app_begin ] --START--
INFO: Run Behavior\ReadHtmlCacheBehavior [ RunTime:0.001000s ]
INFO: [ app_begin ] --END-- [ RunTime:0.002000s ]
SQL: SHOW COLUMNS FROM `lazy_news` [ RunTime:0.0040s ]
NOTIC: [8] Undefined index: validate F:\workplace\rongfei\ThinkPHP\Library\Think\Model.class.php 第 1185 行.
NOTIC: [8] Undefined index: auto F:\workplace\rongfei\ThinkPHP\Library\Think\Model.class.php 第 1128 行.
SQL: INSERT INTO `lazy_news` (`name`,`news_url`,`price`,`link_type`,`sl_type`,`remark`,`buy_link`,`cat_id`) VALUES ('1232asd','sfsdf','0','3','2','sdf','','1') [ RunTime:0.0020s ]

[ 2016-05-06T11:20:57+08:00 ] ::1 /rongfei/Admin/view/public/css/animate.css
ERR: 非法操作:public

[ 2016-05-06T11:20:57+08:00 ] ::1 /rongfei/Admin/view/public/css/style.css
ERR: 非法操作:public

[ 2016-05-06T11:20:57+08:00 ] ::1 /rongfei/Admin/view/public/css/animate.css
ERR: 非法操作:public

[ 2016-05-06T11:20:57+08:00 ] ::1 /rongfei/Admin/view/public/css/style.css
ERR: 非法操作:public

[ 2016-05-06T11:21:16+08:00 ] ::1 /rongfei/Admin/view/public/css/animate.css
ERR: 非法操作:public

[ 2016-05-06T11:21:16+08:00 ] ::1 /rongfei/Admin/view/public/css/style.css
ERR: 非法操作:public

[ 2016-05-06T11:21:17+08:00 ] ::1 /rongfei/Admin/view/public/css/style.css
ERR: 非法操作:public

[ 2016-05-06T11:21:17+08:00 ] ::1 /rongfei/Admin/view/public/css/animate.css
ERR: 非法操作:public

[ 2016-05-06T11:21:25+08:00 ] ::1 /rongfei/Admin/News/add.html
INFO: [ app_begin ] --START--
INFO: Run Behavior\ReadHtmlCacheBehavior [ RunTime:0.000000s ]
INFO: [ app_begin ] --END-- [ RunTime:0.001000s ]
SQL: SHOW COLUMNS FROM `lazy_news` [ RunTime:0.0040s ]
NOTIC: [8] Undefined index: validate F:\workplace\rongfei\ThinkPHP\Library\Think\Model.class.php 第 1185 行.
NOTIC: [8] Undefined index: auto F:\workplace\rongfei\ThinkPHP\Library\Think\Model.class.php 第 1128 行.
SQL: INSERT INTO `lazy_news` (`name`,`news_url`,`price`,`link_type`,`sl_type`,`remark`,`buy_link`,`cat_id`) VALUES ('根深蒂固','gdsgdg','123','0','0','','','1') [ RunTime:0.0010s ]

[ 2016-05-06T11:21:25+08:00 ] ::1 /rongfei/Admin/view/public/css/animate.css
ERR: 非法操作:public

[ 2016-05-06T11:21:25+08:00 ] ::1 /rongfei/Admin/view/public/css/style.css
ERR: 非法操作:public

[ 2016-05-06T11:22:17+08:00 ] ::1 /rongfei/Admin/view/public/css/style.css
ERR: 非法操作:public

[ 2016-05-06T11:22:17+08:00 ] ::1 /rongfei/Admin/view/public/css/animate.css
ERR: 非法操作:public

[ 2016-05-06T11:22:23+08:00 ] ::1 /rongfei/Admin/News/add.html
INFO: [ app_begin ] --START--
INFO: Run Behavior\ReadHtmlCacheBehavior [ RunTime:0.000000s ]
INFO: [ app_begin ] --END-- [ RunTime:0.001000s ]
SQL: SHOW COLUMNS FROM `lazy_news` [ RunTime:0.0050s ]
NOTIC: [8] Undefined index: validate F:\workplace\rongfei\ThinkPHP\Library\Think\Model.class.php 第 1185 行.
NOTIC: [8] Undefined index: auto F:\workplace\rongfei\ThinkPHP\Library\Think\Model.class.php 第 1128 行.
SQL: INSERT INTO `lazy_news` (`name`,`news_url`,`price`,`link_type`,`sl_type`,`remark`,`buy_link`,`cat_id`) VALUES ('123','12321','123','0','0','','','1') [ RunTime:0.0010s ]

[ 2016-05-06T11:22:23+08:00 ] ::1 /rongfei/Admin/view/public/css/animate.css
ERR: 非法操作:public

[ 2016-05-06T11:22:23+08:00 ] ::1 /rongfei/Admin/view/public/css/style.css
ERR: 非法操作:public

[ 2016-05-06T11:23:32+08:00 ] ::1 /rongfei/Admin/view/public/css/style.css
ERR: 非法操作:public

[ 2016-05-06T11:23:32+08:00 ] ::1 /rongfei/Admin/view/public/css/animate.css
ERR: 非法操作:public

[ 2016-05-06T11:23:36+08:00 ] ::1 /rongfei/Admin/News/add.html
INFO: [ app_begin ] --START--
INFO: Run Behavior\ReadHtmlCacheBehavior [ RunTime:0.000000s ]
INFO: [ app_begin ] --END-- [ RunTime:0.001000s ]
SQL: SHOW COLUMNS FROM `lazy_news` [ RunTime:0.0070s ]
NOTIC: [8] Undefined index: validate F:\workplace\rongfei\ThinkPHP\Library\Think\Model.class.php 第 1185 行.
NOTIC: [8] Undefined index: auto F:\workplace\rongfei\ThinkPHP\Library\Think\Model.class.php 第 1128 行.
SQL: INSERT INTO `lazy_news` (`name`,`news_url`,`price`,`link_type`,`sl_type`,`remark`,`buy_link`,`cat_id`) VALUES ('dsf','sdf','0','0','0','','','1') [ RunTime:0.0000s ]

[ 2016-05-06T11:23:36+08:00 ] ::1 /rongfei/Admin/view/public/css/style.css
ERR: 非法操作:public

[ 2016-05-06T11:23:36+08:00 ] ::1 /rongfei/Admin/view/public/css/animate.css
ERR: 非法操作:public

[ 2016-05-06T11:23:53+08:00 ] ::1 /rongfei/Admin/view/public/css/style.css
ERR: 非法操作:public

[ 2016-05-06T11:23:54+08:00 ] ::1 /rongfei/Admin/view/public/css/animate.css
ERR: 非法操作:public

[ 2016-05-06T11:23:54+08:00 ] ::1 /rongfei/Admin/view/public/css/animate.css
ERR: 非法操作:public

[ 2016-05-06T11:23:54+08:00 ] ::1 /rongfei/Admin/view/public/css/style.css
ERR: 非法操作:public

[ 2016-05-06T11:24:01+08:00 ] ::1 /rongfei/Admin/News/add.html
INFO: [ app_begin ] --START--
INFO: Run Behavior\ReadHtmlCacheBehavior [ RunTime:0.001000s ]
INFO: [ app_begin ] --END-- [ RunTime:0.002000s ]
SQL: SHOW COLUMNS FROM `lazy_news` [ RunTime:0.0040s ]
NOTIC: [8] Undefined index: validate F:\workplace\rongfei\ThinkPHP\Library\Think\Model.class.php 第 1185 行.
NOTIC: [8] Undefined index: auto F:\workplace\rongfei\ThinkPHP\Library\Think\Model.class.php 第 1128 行.
SQL: INSERT INTO `lazy_news` (`name`,`news_url`,`price`,`link_type`,`sl_type`,`remark`,`buy_link`,`cat_id`) VALUES ('1','wr','0','0','0','','','1') [ RunTime:0.0000s ]

[ 2016-05-06T11:24:02+08:00 ] ::1 /rongfei/Admin/view/public/css/style.css
ERR: 非法操作:public

[ 2016-05-06T11:24:02+08:00 ] ::1 /rongfei/Admin/view/public/css/animate.css
ERR: 非法操作:public

[ 2016-05-06T11:24:02+08:00 ] ::1 /rongfei/Admin/view/public/css/animate.css
ERR: 非法操作:public

[ 2016-05-06T11:24:49+08:00 ] ::1 /rongfei/Admin/view/public/css/animate.css
ERR: 非法操作:public

[ 2016-05-06T11:24:50+08:00 ] ::1 /rongfei/Admin/view/public/css/animate.css
ERR: 非法操作:public

[ 2016-05-06T11:24:54+08:00 ] ::1 /rongfei/Admin/News/add.html
INFO: [ app_begin ] --START--
INFO: Run Behavior\ReadHtmlCacheBehavior [ RunTime:0.001000s ]
INFO: [ app_begin ] --END-- [ RunTime:0.001000s ]
SQL: SHOW COLUMNS FROM `lazy_news` [ RunTime:0.0030s ]
NOTIC: [8] Undefined index: validate F:\workplace\rongfei\ThinkPHP\Library\Think\Model.class.php 第 1185 行.
NOTIC: [8] Undefined index: auto F:\workplace\rongfei\ThinkPHP\Library\Think\Model.class.php 第 1128 行.
SQL: INSERT INTO `lazy_news` (`name`,`news_url`,`price`,`link_type`,`sl_type`,`remark`,`buy_link`,`cat_id`) VALUES ('ew','qwe','0','0','0','','','1') [ RunTime:0.0000s ]

[ 2016-05-06T11:24:54+08:00 ] ::1 /rongfei/Admin/view/public/css/animate.css
ERR: 非法操作:public

[ 2016-05-06T11:24:54+08:00 ] ::1 /rongfei/Admin/view/public/css/style.css
ERR: 非法操作:public

[ 2016-05-06T11:26:37+08:00 ] ::1 /rongfei/Admin/view/public/css/animate.css
ERR: 非法操作:public

[ 2016-05-06T11:26:37+08:00 ] ::1 /rongfei/Admin/view/public/css/style.css
ERR: 非法操作:public

[ 2016-05-06T11:26:42+08:00 ] ::1 /rongfei/Admin/News/add.html
INFO: [ app_begin ] --START--
INFO: Run Behavior\ReadHtmlCacheBehavior [ RunTime:0.000000s ]
INFO: [ app_begin ] --END-- [ RunTime:0.001000s ]
SQL: SHOW COLUMNS FROM `lazy_news` [ RunTime:0.0030s ]
NOTIC: [8] Undefined index: validate F:\workplace\rongfei\ThinkPHP\Library\Think\Model.class.php 第 1185 行.
NOTIC: [8] Undefined index: auto F:\workplace\rongfei\ThinkPHP\Library\Think\Model.class.php 第 1128 行.
SQL: INSERT INTO `lazy_news` (`name`,`news_url`,`price`,`link_type`,`sl_type`,`remark`,`buy_link`,`cat_id`) VALUES ('ffs','sfsdf','0','0','0','','','1') [ RunTime:0.0000s ]

[ 2016-05-06T11:26:42+08:00 ] ::1 /rongfei/Admin/view/public/css/animate.css
ERR: 非法操作:public

[ 2016-05-06T11:26:42+08:00 ] ::1 /rongfei/Admin/view/public/css/style.css
ERR: 非法操作:public

[ 2016-05-06T11:26:53+08:00 ] ::1 /rongfei/Admin/view/public/css/animate.css
ERR: 非法操作:public

[ 2016-05-06T11:26:53+08:00 ] ::1 /rongfei/Admin/view/public/css/style.css
ERR: 非法操作:public

[ 2016-05-06T11:26:53+08:00 ] ::1 /rongfei/Admin/view/public/css/style.css
ERR: 非法操作:public

[ 2016-05-06T11:26:53+08:00 ] ::1 /rongfei/Admin/view/public/css/animate.css
ERR: 非法操作:public

[ 2016-05-06T11:26:57+08:00 ] ::1 /rongfei/Admin/News/add.html
INFO: [ app_begin ] --START--
INFO: Run Behavior\ReadHtmlCacheBehavior [ RunTime:0.000000s ]
INFO: [ app_begin ] --END-- [ RunTime:0.001000s ]
SQL: SHOW COLUMNS FROM `lazy_news` [ RunTime:0.0040s ]
NOTIC: [8] Undefined index: validate F:\workplace\rongfei\ThinkPHP\Library\Think\Model.class.php 第 1185 行.
NOTIC: [8] Undefined index: auto F:\workplace\rongfei\ThinkPHP\Library\Think\Model.class.php 第 1128 行.
SQL: INSERT INTO `lazy_news` (`name`,`news_url`,`price`,`link_type`,`sl_type`,`remark`,`buy_link`,`cat_id`) VALUES ('asdfsa','sadf','0','0','0','','','1') [ RunTime:0.0010s ]

[ 2016-05-06T11:26:57+08:00 ] ::1 /rongfei/Admin/view/public/css/style.css
ERR: 非法操作:public

[ 2016-05-06T11:26:57+08:00 ] ::1 /rongfei/Admin/view/public/css/animate.css
ERR: 非法操作:public

[ 2016-05-06T11:27:13+08:00 ] ::1 /rongfei/Admin/view/public/css/animate.css
ERR: 非法操作:public

[ 2016-05-06T11:27:13+08:00 ] ::1 /rongfei/Admin/view/public/css/style.css
ERR: 非法操作:public

[ 2016-05-06T11:27:14+08:00 ] ::1 /rongfei/Admin/view/public/css/animate.css
ERR: 非法操作:public

[ 2016-05-06T11:27:14+08:00 ] ::1 /rongfei/Admin/view/public/css/style.css
ERR: 非法操作:public

[ 2016-05-06T11:27:22+08:00 ] ::1 /rongfei/Admin/News/add.html
INFO: [ app_begin ] --START--
INFO: Run Behavior\ReadHtmlCacheBehavior [ RunTime:0.001000s ]
INFO: [ app_begin ] --END-- [ RunTime:0.002000s ]
SQL: SHOW COLUMNS FROM `lazy_news` [ RunTime:0.0060s ]
NOTIC: [8] Undefined index: validate F:\workplace\rongfei\ThinkPHP\Library\Think\Model.class.php 第 1185 行.
NOTIC: [8] Undefined index: auto F:\workplace\rongfei\ThinkPHP\Library\Think\Model.class.php 第 1128 行.
SQL: INSERT INTO `lazy_news` (`name`,`news_url`,`price`,`link_type`,`sl_type`,`remark`,`buy_link`,`cat_id`) VALUES ('last','last','123','0','0','','','1') [ RunTime:0.0000s ]

[ 2016-05-06T11:27:22+08:00 ] ::1 /rongfei/Admin/view/public/css/animate.css
ERR: 非法操作:public

[ 2016-05-06T11:27:22+08:00 ] ::1 /rongfei/Admin/view/public/css/style.css
ERR: 非法操作:public

[ 2016-05-06T11:27:36+08:00 ] ::1 /rongfei/Admin/view/public/css/style.css
ERR: 非法操作:public

[ 2016-05-06T11:27:36+08:00 ] ::1 /rongfei/Admin/view/public/css/animate.css
ERR: 非法操作:public

[ 2016-05-06T11:28:34+08:00 ] ::1 /rongfei/Admin/view/public/css/animate.css
ERR: 非法操作:public

[ 2016-05-06T11:28:34+08:00 ] ::1 /rongfei/Admin/view/public/css/style.css
ERR: 非法操作:public

[ 2016-05-06T11:28:35+08:00 ] ::1 /rongfei/Admin/view/public/css/animate.css
ERR: 非法操作:public

[ 2016-05-06T11:28:35+08:00 ] ::1 /rongfei/Admin/view/public/css/style.css
ERR: 非法操作:public

[ 2016-05-06T11:28:41+08:00 ] ::1 /rongfei/Admin/News/add.html
INFO: [ app_begin ] --START--
INFO: Run Behavior\ReadHtmlCacheBehavior [ RunTime:0.001000s ]
INFO: [ app_begin ] --END-- [ RunTime:0.002000s ]
SQL: SHOW COLUMNS FROM `lazy_news` [ RunTime:0.0040s ]
NOTIC: [8] Undefined index: validate F:\workplace\rongfei\ThinkPHP\Library\Think\Model.class.php 第 1185 行.
NOTIC: [8] Undefined index: auto F:\workplace\rongfei\ThinkPHP\Library\Think\Model.class.php 第 1128 行.
SQL: INSERT INTO `lazy_news` (`name`,`news_url`,`price`,`link_type`,`sl_type`,`remark`,`buy_link`,`cat_id`) VALUES ('123','123','123123','0','0','','','1') [ RunTime:0.0000s ]

[ 2016-05-06T11:28:41+08:00 ] ::1 /rongfei/Admin/view/public/css/style.css
ERR: 非法操作:public

[ 2016-05-06T11:28:41+08:00 ] ::1 /rongfei/Admin/view/public/css/animate.css
ERR: 非法操作:public

[ 2016-05-06T11:28:45+08:00 ] ::1 /rongfei/Admin/view/public/css/style.css
ERR: 非法操作:public

[ 2016-05-06T11:28:45+08:00 ] ::1 /rongfei/Admin/view/public/css/animate.css
ERR: 非法操作:public

[ 2016-05-06T11:29:37+08:00 ] ::1 /rongfei/Admin/view/public/css/style.css
ERR: 非法操作:public

[ 2016-05-06T11:29:37+08:00 ] ::1 /rongfei/Admin/view/public/css/animate.css
ERR: 非法操作:public

[ 2016-05-06T11:29:38+08:00 ] ::1 /rongfei/Admin/view/public/css/style.css
ERR: 非法操作:public

[ 2016-05-06T11:29:38+08:00 ] ::1 /rongfei/Admin/view/public/css/animate.css
ERR: 非法操作:public

[ 2016-05-06T11:29:43+08:00 ] ::1 /rongfei/Admin/News/add.html
INFO: [ app_begin ] --START--
INFO: Run Behavior\ReadHtmlCacheBehavior [ RunTime:0.000000s ]
INFO: [ app_begin ] --END-- [ RunTime:0.001000s ]
SQL: SHOW COLUMNS FROM `lazy_news` [ RunTime:0.0050s ]
NOTIC: [8] Undefined index: validate F:\workplace\rongfei\ThinkPHP\Library\Think\Model.class.php 第 1185 行.
NOTIC: [8] Undefined index: auto F:\workplace\rongfei\ThinkPHP\Library\Think\Model.class.php 第 1128 行.
SQL: INSERT INTO `lazy_news` (`name`,`news_url`,`price`,`link_type`,`sl_type`,`remark`,`buy_link`,`cat_id`) VALUES ('11111','1111','111','0','0','','','1') [ RunTime:0.0010s ]

[ 2016-05-06T11:29:43+08:00 ] ::1 /rongfei/Admin/view/public/css/style.css
ERR: 非法操作:public

[ 2016-05-06T11:29:43+08:00 ] ::1 /rongfei/Admin/view/public/css/animate.css
ERR: 非法操作:public

[ 2016-05-06T11:29:43+08:00 ] ::1 /rongfei/Admin/view/public/css/style.css
ERR: 非法操作:public

[ 2016-05-06T11:29:43+08:00 ] ::1 /rongfei/Admin/view/public/css/animate.css
ERR: 非法操作:public

[ 2016-05-06T11:29:51+08:00 ] ::1 /rongfei/Admin/view/public/css/style.css
ERR: 非法操作:public

[ 2016-05-06T11:29:51+08:00 ] ::1 /rongfei/Admin/view/public/css/animate.css
ERR: 非法操作:public

[ 2016-05-06T11:29:52+08:00 ] ::1 /rongfei/Admin/view/public/css/style.css
ERR: 非法操作:public

[ 2016-05-06T11:29:52+08:00 ] ::1 /rongfei/Admin/view/public/css/animate.css
ERR: 非法操作:public

[ 2016-05-06T11:29:56+08:00 ] ::1 /rongfei/Admin/News/add.html
INFO: [ app_begin ] --START--
INFO: Run Behavior\ReadHtmlCacheBehavior [ RunTime:0.001000s ]
INFO: [ app_begin ] --END-- [ RunTime:0.001000s ]
SQL: SHOW COLUMNS FROM `lazy_news` [ RunTime:0.0050s ]
NOTIC: [8] Undefined index: validate F:\workplace\rongfei\ThinkPHP\Library\Think\Model.class.php 第 1185 行.
NOTIC: [8] Undefined index: auto F:\workplace\rongfei\ThinkPHP\Library\Think\Model.class.php 第 1128 行.
SQL: INSERT INTO `lazy_news` (`name`,`news_url`,`price`,`link_type`,`sl_type`,`remark`,`buy_link`,`cat_id`) VALUES ('ad','asd','0','0','0','','','1') [ RunTime:0.0040s ]

[ 2016-05-06T11:29:56+08:00 ] ::1 /rongfei/Admin/view/public/css/animate.css
ERR: 非法操作:public

[ 2016-05-06T11:29:56+08:00 ] ::1 /rongfei/Admin/view/public/css/style.css
ERR: 非法操作:public

[ 2016-05-06T11:29:56+08:00 ] ::1 /rongfei/Admin/view/public/css/style.css
ERR: 非法操作:public

[ 2016-05-06T11:29:56+08:00 ] ::1 /rongfei/Admin/view/public/css/animate.css
ERR: 非法操作:public

[ 2016-05-06T11:30:06+08:00 ] ::1 /rongfei/Admin/view/public/css/style.css
ERR: 非法操作:public

[ 2016-05-06T11:30:06+08:00 ] ::1 /rongfei/Admin/view/public/css/animate.css
ERR: 非法操作:public

[ 2016-05-06T11:30:07+08:00 ] ::1 /rongfei/Admin/view/public/css/animate.css
ERR: 非法操作:public

[ 2016-05-06T11:30:07+08:00 ] ::1 /rongfei/Admin/view/public/css/style.css
ERR: 非法操作:public

[ 2016-05-06T11:30:12+08:00 ] ::1 /rongfei/Admin/News/add.html
INFO: [ app_begin ] --START--
INFO: Run Behavior\ReadHtmlCacheBehavior [ RunTime:0.001000s ]
INFO: [ app_begin ] --END-- [ RunTime:0.001000s ]
SQL: SHOW COLUMNS FROM `lazy_news` [ RunTime:0.0030s ]
NOTIC: [8] Undefined index: validate F:\workplace\rongfei\ThinkPHP\Library\Think\Model.class.php 第 1185 行.
NOTIC: [8] Undefined index: auto F:\workplace\rongfei\ThinkPHP\Library\Think\Model.class.php 第 1128 行.
SQL: INSERT INTO `lazy_news` (`name`,`news_url`,`price`,`link_type`,`sl_type`,`remark`,`buy_link`,`cat_id`) VALUES ('11','11','11','0','0','','','1') [ RunTime:0.0000s ]

[ 2016-05-06T11:30:13+08:00 ] ::1 /rongfei/Admin/view/public/css/style.css
ERR: 非法操作:public

[ 2016-05-06T11:30:13+08:00 ] ::1 /rongfei/Admin/view/public/css/animate.css
ERR: 非法操作:public

[ 2016-05-06T11:30:14+08:00 ] ::1 /rongfei/Admin/view/public/css/style.css
ERR: 非法操作:public

[ 2016-05-06T11:30:14+08:00 ] ::1 /rongfei/Admin/view/public/css/animate.css
ERR: 非法操作:public

[ 2016-05-06T11:30:34+08:00 ] ::1 /rongfei/Admin/view/public/css/animate.css
ERR: 非法操作:public

[ 2016-05-06T11:30:34+08:00 ] ::1 /rongfei/Admin/view/public/css/style.css
ERR: 非法操作:public

[ 2016-05-06T11:30:35+08:00 ] ::1 /rongfei/Admin/view/public/css/style.css
ERR: 非法操作:public

[ 2016-05-06T11:30:35+08:00 ] ::1 /rongfei/Admin/view/public/css/animate.css
ERR: 非法操作:public

[ 2016-05-06T11:30:40+08:00 ] ::1 /rongfei/Admin/News/add.html
INFO: [ app_begin ] --START--
INFO: Run Behavior\ReadHtmlCacheBehavior [ RunTime:0.000000s ]
INFO: [ app_begin ] --END-- [ RunTime:0.001000s ]
SQL: SHOW COLUMNS FROM `lazy_news` [ RunTime:0.0040s ]
NOTIC: [8] Undefined index: validate F:\workplace\rongfei\ThinkPHP\Library\Think\Model.class.php 第 1185 行.
NOTIC: [8] Undefined index: auto F:\workplace\rongfei\ThinkPHP\Library\Think\Model.class.php 第 1128 行.
SQL: INSERT INTO `lazy_news` (`name`,`news_url`,`price`,`link_type`,`sl_type`,`remark`,`buy_link`,`cat_id`) VALUES ('12','12','12','0','0','','','1') [ RunTime:0.0010s ]

[ 2016-05-06T11:30:40+08:00 ] ::1 /rongfei/Admin/view/public/css/style.css
ERR: 非法操作:public

[ 2016-05-06T11:30:40+08:00 ] ::1 /rongfei/Admin/view/public/css/animate.css
ERR: 非法操作:public

[ 2016-05-06T11:31:53+08:00 ] ::1 /rongfei/Admin/view/public/css/style.css
ERR: 非法操作:public

[ 2016-05-06T11:31:53+08:00 ] ::1 /rongfei/Admin/view/public/css/animate.css
ERR: 非法操作:public

[ 2016-05-06T11:31:57+08:00 ] ::1 /rongfei/Admin/News/add.html
INFO: [ app_begin ] --START--
INFO: Run Behavior\ReadHtmlCacheBehavior [ RunTime:0.000000s ]
INFO: [ app_begin ] --END-- [ RunTime:0.001000s ]
SQL: SHOW COLUMNS FROM `lazy_news` [ RunTime:0.0040s ]
NOTIC: [8] Undefined index: validate F:\workplace\rongfei\ThinkPHP\Library\Think\Model.class.php 第 1185 行.
NOTIC: [8] Undefined index: auto F:\workplace\rongfei\ThinkPHP\Library\Think\Model.class.php 第 1128 行.
SQL: INSERT INTO `lazy_news` (`name`,`news_url`,`price`,`link_type`,`sl_type`,`remark`,`buy_link`,`cat_id`) VALUES ('1','1','1','0','0','','','1') [ RunTime:0.0010s ]

[ 2016-05-06T11:31:57+08:00 ] ::1 /rongfei/Admin/view/public/css/style.css
ERR: 非法操作:public

[ 2016-05-06T11:31:57+08:00 ] ::1 /rongfei/Admin/view/public/css/animate.css
ERR: 非法操作:public

[ 2016-05-06T11:31:57+08:00 ] ::1 /rongfei/Admin/view/public/css/animate.css
ERR: 非法操作:public

[ 2016-05-06T11:32:37+08:00 ] ::1 /rongfei/Admin/view/public/css/animate.css
ERR: 非法操作:public

[ 2016-05-06T11:32:37+08:00 ] ::1 /rongfei/Admin/view/public/css/style.css
ERR: 非法操作:public

[ 2016-05-06T11:32:37+08:00 ] ::1 /rongfei/Admin/view/public/css/animate.css
ERR: 非法操作:public

[ 2016-05-06T11:32:42+08:00 ] ::1 /rongfei/Admin/News/add.html
INFO: [ app_begin ] --START--
INFO: Run Behavior\ReadHtmlCacheBehavior [ RunTime:0.000000s ]
INFO: [ app_begin ] --END-- [ RunTime:0.000000s ]
SQL: SHOW COLUMNS FROM `lazy_news` [ RunTime:0.0040s ]
NOTIC: [8] Undefined index: validate F:\workplace\rongfei\ThinkPHP\Library\Think\Model.class.php 第 1185 行.
NOTIC: [8] Undefined index: auto F:\workplace\rongfei\ThinkPHP\Library\Think\Model.class.php 第 1128 行.
SQL: INSERT INTO `lazy_news` (`name`,`news_url`,`price`,`link_type`,`sl_type`,`remark`,`buy_link`,`cat_id`) VALUES ('123','1','1','0','0','','','1') [ RunTime:0.0000s ]

[ 2016-05-06T11:32:42+08:00 ] ::1 /rongfei/Admin/view/public/css/style.css
ERR: 非法操作:public

[ 2016-05-06T11:32:42+08:00 ] ::1 /rongfei/Admin/view/public/css/animate.css
ERR: 非法操作:public

[ 2016-05-06T11:32:42+08:00 ] ::1 /rongfei/Admin/view/public/css/animate.css
ERR: 非法操作:public

[ 2016-05-06T11:32:42+08:00 ] ::1 /rongfei/Admin/view/public/css/style.css
ERR: 非法操作:public

[ 2016-05-06T11:33:00+08:00 ] ::1 /rongfei/Admin/view/public/css/animate.css
ERR: 非法操作:public

[ 2016-05-06T11:33:00+08:00 ] ::1 /rongfei/Admin/view/public/css/style.css
ERR: 非法操作:public

[ 2016-05-06T11:34:14+08:00 ] ::1 /rongfei/Admin/view/public/css/animate.css
ERR: 非法操作:public

[ 2016-05-06T11:34:14+08:00 ] ::1 /rongfei/Admin/view/public/css/style.css
ERR: 非法操作:public

[ 2016-05-06T11:34:51+08:00 ] ::1 /rongfei/Admin/view/public/css/style.css
ERR: 非法操作:public

[ 2016-05-06T11:34:51+08:00 ] ::1 /rongfei/Admin/view/public/css/animate.css
ERR: 非法操作:public

[ 2016-05-06T11:34:52+08:00 ] ::1 /rongfei/Admin/view/public/css/animate.css
ERR: 非法操作:public

[ 2016-05-06T11:34:52+08:00 ] ::1 /rongfei/Admin/view/public/css/style.css
ERR: 非法操作:public

[ 2016-05-06T11:34:54+08:00 ] ::1 /rongfei/Admin/News/add.html
INFO: [ app_begin ] --START--
INFO: Run Behavior\ReadHtmlCacheBehavior [ RunTime:0.000000s ]
INFO: [ app_begin ] --END-- [ RunTime:0.000000s ]
SQL: SHOW COLUMNS FROM `lazy_news` [ RunTime:0.0060s ]
NOTIC: [8] Undefined index: validate F:\workplace\rongfei\ThinkPHP\Library\Think\Model.class.php 第 1185 行.
NOTIC: [8] Undefined index: auto F:\workplace\rongfei\ThinkPHP\Library\Think\Model.class.php 第 1128 行.
SQL: INSERT INTO `lazy_news` (`name`,`news_url`,`price`,`link_type`,`sl_type`,`remark`,`buy_link`,`cat_id`) VALUES ('1','','0','0','0','','','1') [ RunTime:0.0010s ]

[ 2016-05-06T11:34:55+08:00 ] ::1 /rongfei/Admin/view/public/css/style.css
ERR: 非法操作:public

[ 2016-05-06T11:34:55+08:00 ] ::1 /rongfei/Admin/view/public/css/animate.css
ERR: 非法操作:public

[ 2016-05-06T11:34:55+08:00 ] ::1 /rongfei/Admin/view/public/css/style.css
ERR: 非法操作:public

[ 2016-05-06T11:34:55+08:00 ] ::1 /rongfei/Admin/view/public/css/animate.css
ERR: 非法操作:public

[ 2016-05-06T11:35:20+08:00 ] ::1 /rongfei/Admin/view/public/css/animate.css
ERR: 非法操作:public

[ 2016-05-06T11:35:20+08:00 ] ::1 /rongfei/Admin/view/public/css/style.css
ERR: 非法操作:public

[ 2016-05-06T11:35:21+08:00 ] ::1 /rongfei/Admin/view/public/css/style.css
ERR: 非法操作:public

[ 2016-05-06T11:35:21+08:00 ] ::1 /rongfei/Admin/view/public/css/animate.css
ERR: 非法操作:public

[ 2016-05-06T11:35:23+08:00 ] ::1 /rongfei/Admin/News/add.html
INFO: [ app_begin ] --START--
INFO: Run Behavior\ReadHtmlCacheBehavior [ RunTime:0.000000s ]
INFO: [ app_begin ] --END-- [ RunTime:0.000000s ]
SQL: SHOW COLUMNS FROM `lazy_news` [ RunTime:0.0030s ]
NOTIC: [8] Undefined index: validate F:\workplace\rongfei\ThinkPHP\Library\Think\Model.class.php 第 1185 行.
NOTIC: [8] Undefined index: auto F:\workplace\rongfei\ThinkPHP\Library\Think\Model.class.php 第 1128 行.
SQL: INSERT INTO `lazy_news` (`name`,`news_url`,`price`,`link_type`,`sl_type`,`remark`,`buy_link`,`cat_id`) VALUES ('1','','0','0','0','','','1') [ RunTime:0.0010s ]

[ 2016-05-06T11:35:23+08:00 ] ::1 /rongfei/Admin/view/public/css/style.css
ERR: 非法操作:public

[ 2016-05-06T11:35:23+08:00 ] ::1 /rongfei/Admin/view/public/css/animate.css
ERR: 非法操作:public

[ 2016-05-06T11:35:30+08:00 ] ::1 /rongfei/Admin/view/public/css/style.css
ERR: 非法操作:public

[ 2016-05-06T11:35:30+08:00 ] ::1 /rongfei/Admin/view/public/css/animate.css
ERR: 非法操作:public

[ 2016-05-06T11:35:30+08:00 ] ::1 /rongfei/Admin/view/public/css/animate.css
ERR: 非法操作:public

[ 2016-05-06T11:35:30+08:00 ] ::1 /rongfei/Admin/view/public/css/style.css
ERR: 非法操作:public

[ 2016-05-06T11:35:33+08:00 ] ::1 /rongfei/Admin/News/add.html
INFO: [ app_begin ] --START--
INFO: Run Behavior\ReadHtmlCacheBehavior [ RunTime:0.000000s ]
INFO: [ app_begin ] --END-- [ RunTime:0.001000s ]
SQL: SHOW COLUMNS FROM `lazy_news` [ RunTime:0.0070s ]
NOTIC: [8] Undefined index: validate F:\workplace\rongfei\ThinkPHP\Library\Think\Model.class.php 第 1185 行.
NOTIC: [8] Undefined index: auto F:\workplace\rongfei\ThinkPHP\Library\Think\Model.class.php 第 1128 行.
SQL: INSERT INTO `lazy_news` (`name`,`news_url`,`price`,`link_type`,`sl_type`,`remark`,`buy_link`,`cat_id`) VALUES ('1','','0','0','0','','','1') [ RunTime:0.0000s ]

[ 2016-05-06T11:35:33+08:00 ] ::1 /rongfei/Admin/view/public/css/style.css
ERR: 非法操作:public

[ 2016-05-06T11:35:33+08:00 ] ::1 /rongfei/Admin/view/public/css/animate.css
ERR: 非法操作:public

[ 2016-05-06T11:35:46+08:00 ] ::1 /rongfei/Admin/view/public/css/style.css
ERR: 非法操作:public

[ 2016-05-06T11:35:46+08:00 ] ::1 /rongfei/Admin/view/public/css/animate.css
ERR: 非法操作:public

[ 2016-05-06T11:35:47+08:00 ] ::1 /rongfei/Admin/view/public/css/animate.css
ERR: 非法操作:public

[ 2016-05-06T11:35:47+08:00 ] ::1 /rongfei/Admin/view/public/css/style.css
ERR: 非法操作:public

[ 2016-05-06T11:35:50+08:00 ] ::1 /rongfei/Admin/News/add.html
INFO: [ app_begin ] --START--
INFO: Run Behavior\ReadHtmlCacheBehavior [ RunTime:0.001000s ]
INFO: [ app_begin ] --END-- [ RunTime:0.001000s ]
SQL: SHOW COLUMNS FROM `lazy_news` [ RunTime:0.0030s ]
NOTIC: [8] Undefined index: validate F:\workplace\rongfei\ThinkPHP\Library\Think\Model.class.php 第 1185 行.
NOTIC: [8] Undefined index: auto F:\workplace\rongfei\ThinkPHP\Library\Think\Model.class.php 第 1128 行.
SQL: INSERT INTO `lazy_news` (`name`,`news_url`,`price`,`link_type`,`sl_type`,`remark`,`buy_link`,`cat_id`) VALUES ('123','123','0','0','0','','','1') [ RunTime:0.0010s ]

[ 2016-05-06T11:35:50+08:00 ] ::1 /rongfei/Admin/view/public/css/style.css
ERR: 非法操作:public

[ 2016-05-06T11:35:50+08:00 ] ::1 /rongfei/Admin/view/public/css/animate.css
ERR: 非法操作:public

[ 2016-05-06T11:35:57+08:00 ] ::1 /rongfei/Admin/view/public/css/style.css
ERR: 非法操作:public

[ 2016-05-06T11:35:57+08:00 ] ::1 /rongfei/Admin/view/public/css/animate.css
ERR: 非法操作:public

[ 2016-05-06T11:35:58+08:00 ] ::1 /rongfei/Admin/view/public/css/style.css
ERR: 非法操作:public

[ 2016-05-06T11:35:58+08:00 ] ::1 /rongfei/Admin/view/public/css/animate.css
ERR: 非法操作:public

[ 2016-05-06T11:36:01+08:00 ] ::1 /rongfei/Admin/view/public/css/animate.css
ERR: 非法操作:public

[ 2016-05-06T11:36:01+08:00 ] ::1 /rongfei/Admin/view/public/css/style.css
ERR: 非法操作:public

[ 2016-05-06T11:43:06+08:00 ] ::1 /rongfei/Admin/view/public/css/animate.css
ERR: 非法操作:public

[ 2016-05-06T11:43:06+08:00 ] ::1 /rongfei/Admin/view/public/css/style.css
ERR: 非法操作:public

[ 2016-05-06T11:43:06+08:00 ] ::1 /rongfei/Admin/view/public/css/style.css
ERR: 非法操作:public

[ 2016-05-06T11:43:06+08:00 ] ::1 /rongfei/Admin/view/public/css/animate.css
ERR: 非法操作:public

[ 2016-05-06T11:43:09+08:00 ] ::1 /rongfei/Admin/News/add.html
INFO: [ app_begin ] --START--
INFO: Run Behavior\ReadHtmlCacheBehavior [ RunTime:0.000000s ]
INFO: [ app_begin ] --END-- [ RunTime:0.001000s ]
SQL: SHOW COLUMNS FROM `lazy_news` [ RunTime:0.0040s ]
NOTIC: [8] Undefined index: validate F:\workplace\rongfei\ThinkPHP\Library\Think\Model.class.php 第 1185 行.
NOTIC: [8] Undefined index: auto F:\workplace\rongfei\ThinkPHP\Library\Think\Model.class.php 第 1128 行.
SQL: INSERT INTO `lazy_news` (`name`,`news_url`,`price`,`link_type`,`sl_type`,`remark`,`buy_link`,`cat_id`) VALUES ('1','','0','0','0','','','1') [ RunTime:0.0010s ]

[ 2016-05-06T11:43:09+08:00 ] ::1 /rongfei/Admin/view/public/css/animate.css
ERR: 非法操作:public

[ 2016-05-06T11:43:09+08:00 ] ::1 /rongfei/Admin/view/public/css/style.css
ERR: 非法操作:public

[ 2016-05-06T11:43:09+08:00 ] ::1 /rongfei/Admin/view/public/css/style.css
ERR: 非法操作:public

[ 2016-05-06T11:43:09+08:00 ] ::1 /rongfei/Admin/view/public/css/animate.css
ERR: 非法操作:public

[ 2016-05-06T11:43:39+08:00 ] ::1 /rongfei/Admin/view/public/css/animate.css
ERR: 非法操作:public

[ 2016-05-06T11:43:39+08:00 ] ::1 /rongfei/Admin/view/public/css/style.css
ERR: 非法操作:public

[ 2016-05-06T11:43:39+08:00 ] ::1 /rongfei/Admin/view/public/css/animate.css
ERR: 非法操作:public

[ 2016-05-06T11:43:39+08:00 ] ::1 /rongfei/Admin/view/public/css/style.css
ERR: 非法操作:public

[ 2016-05-06T11:43:42+08:00 ] ::1 /rongfei/Admin/News/add.html
INFO: [ app_begin ] --START--
INFO: Run Behavior\ReadHtmlCacheBehavior [ RunTime:0.000000s ]
INFO: [ app_begin ] --END-- [ RunTime:0.000000s ]
SQL: SHOW COLUMNS FROM `lazy_news` [ RunTime:0.0030s ]
NOTIC: [8] Undefined index: validate F:\workplace\rongfei\ThinkPHP\Library\Think\Model.class.php 第 1185 行.
NOTIC: [8] Undefined index: auto F:\workplace\rongfei\ThinkPHP\Library\Think\Model.class.php 第 1128 行.
SQL: INSERT INTO `lazy_news` (`name`,`news_url`,`price`,`link_type`,`sl_type`,`remark`,`buy_link`,`cat_id`) VALUES ('123','','0','0','0','','','1') [ RunTime:0.0010s ]

[ 2016-05-06T11:43:42+08:00 ] ::1 /rongfei/Admin/view/public/css/animate.css
ERR: 非法操作:public

[ 2016-05-06T11:43:42+08:00 ] ::1 /rongfei/Admin/view/public/css/style.css
ERR: 非法操作:public

[ 2016-05-06T11:44:05+08:00 ] ::1 /rongfei/Admin/view/public/css/animate.css
ERR: 非法操作:public

[ 2016-05-06T11:44:05+08:00 ] ::1 /rongfei/Admin/view/public/css/style.css
ERR: 非法操作:public

[ 2016-05-06T11:44:07+08:00 ] ::1 /rongfei/Admin/view/public/css/animate.css
ERR: 非法操作:public

[ 2016-05-06T11:44:07+08:00 ] ::1 /rongfei/Admin/view/public/css/style.css
ERR: 非法操作:public

[ 2016-05-06T11:44:09+08:00 ] ::1 /rongfei/Admin/News/add.html
INFO: [ app_begin ] --START--
INFO: Run Behavior\ReadHtmlCacheBehavior [ RunTime:0.001001s ]
INFO: [ app_begin ] --END-- [ RunTime:0.001001s ]
SQL: SHOW COLUMNS FROM `lazy_news` [ RunTime:0.0080s ]
NOTIC: [8] Undefined index: validate F:\workplace\rongfei\ThinkPHP\Library\Think\Model.class.php 第 1185 行.
NOTIC: [8] Undefined index: auto F:\workplace\rongfei\ThinkPHP\Library\Think\Model.class.php 第 1128 行.
SQL: INSERT INTO `lazy_news` (`name`,`news_url`,`price`,`link_type`,`sl_type`,`remark`,`buy_link`,`cat_id`) VALUES ('3','','0','0','0','','','1') [ RunTime:0.0010s ]

[ 2016-05-06T11:44:09+08:00 ] ::1 /rongfei/Admin/view/public/css/animate.css
ERR: 非法操作:public

[ 2016-05-06T11:44:09+08:00 ] ::1 /rongfei/Admin/view/public/css/style.css
ERR: 非法操作:public

[ 2016-05-06T11:44:09+08:00 ] ::1 /rongfei/Admin/view/public/css/style.css
ERR: 非法操作:public

[ 2016-05-06T11:45:55+08:00 ] ::1 /rongfei/Admin/view/public/css/style.css
ERR: 非法操作:public

[ 2016-05-06T11:45:56+08:00 ] ::1 /rongfei/Admin/view/public/css/style.css
ERR: 非法操作:public

[ 2016-05-06T11:45:56+08:00 ] ::1 /rongfei/Admin/view/public/css/animate.css
ERR: 非法操作:public

[ 2016-05-06T11:45:58+08:00 ] ::1 /rongfei/Admin/News/add.html
INFO: [ app_begin ] --START--
INFO: Run Behavior\ReadHtmlCacheBehavior [ RunTime:0.000000s ]
INFO: [ app_begin ] --END-- [ RunTime:0.000000s ]
SQL: SHOW COLUMNS FROM `lazy_news` [ RunTime:0.0030s ]
NOTIC: [8] Undefined index: validate F:\workplace\rongfei\ThinkPHP\Library\Think\Model.class.php 第 1185 行.
NOTIC: [8] Undefined index: auto F:\workplace\rongfei\ThinkPHP\Library\Think\Model.class.php 第 1128 行.
SQL: INSERT INTO `lazy_news` (`name`,`news_url`,`price`,`link_type`,`sl_type`,`remark`,`buy_link`,`cat_id`) VALUES ('4','','0','0','0','','','1') [ RunTime:0.0000s ]

[ 2016-05-06T11:45:58+08:00 ] ::1 /rongfei/Admin/view/public/css/style.css
ERR: 非法操作:public

[ 2016-05-06T11:45:58+08:00 ] ::1 /rongfei/Admin/view/public/css/animate.css
ERR: 非法操作:public

[ 2016-05-06T11:50:07+08:00 ] ::1 /rongfei/Admin/view/public/css/animate.css
ERR: 非法操作:public

[ 2016-05-06T11:50:07+08:00 ] ::1 /rongfei/Admin/view/public/css/style.css
ERR: 非法操作:public

[ 2016-05-06T11:50:08+08:00 ] ::1 /rongfei/Admin/view/public/css/style.css
ERR: 非法操作:public

[ 2016-05-06T11:50:08+08:00 ] ::1 /rongfei/Admin/view/public/css/animate.css
ERR: 非法操作:public

[ 2016-05-06T11:50:10+08:00 ] ::1 /rongfei/Admin/News/add.html
INFO: [ app_begin ] --START--
INFO: Run Behavior\ReadHtmlCacheBehavior [ RunTime:0.001000s ]
INFO: [ app_begin ] --END-- [ RunTime:0.001000s ]
SQL: SHOW COLUMNS FROM `lazy_news` [ RunTime:0.0040s ]
NOTIC: [8] Undefined index: validate F:\workplace\rongfei\ThinkPHP\Library\Think\Model.class.php 第 1185 行.
NOTIC: [8] Undefined index: auto F:\workplace\rongfei\ThinkPHP\Library\Think\Model.class.php 第 1128 行.
SQL: INSERT INTO `lazy_news` (`name`,`news_url`,`price`,`link_type`,`sl_type`,`remark`,`buy_link`,`cat_id`) VALUES ('1','','0','0','0','','','1') [ RunTime:0.0010s ]

[ 2016-05-06T11:50:10+08:00 ] ::1 /rongfei/Admin/view/public/css/style.css
ERR: 非法操作:public

[ 2016-05-06T11:50:10+08:00 ] ::1 /rongfei/Admin/view/public/css/animate.css
ERR: 非法操作:public

[ 2016-05-06T11:50:13+08:00 ] ::1 /rongfei/Admin/view/public/css/animate.css
ERR: 非法操作:public

[ 2016-05-06T11:50:13+08:00 ] ::1 /rongfei/Admin/view/public/css/style.css
ERR: 非法操作:public

[ 2016-05-06T11:50:24+08:00 ] ::1 /rongfei/Admin/News/add.html
INFO: [ app_begin ] --START--
INFO: Run Behavior\ReadHtmlCacheBehavior [ RunTime:0.000000s ]
INFO: [ app_begin ] --END-- [ RunTime:0.000000s ]
SQL: SHOW COLUMNS FROM `lazy_news` [ RunTime:0.0030s ]
NOTIC: [8] Undefined index: validate F:\workplace\rongfei\ThinkPHP\Library\Think\Model.class.php 第 1185 行.
NOTIC: [8] Undefined index: auto F:\workplace\rongfei\ThinkPHP\Library\Think\Model.class.php 第 1128 行.
SQL: INSERT INTO `lazy_news` (`name`,`news_url`,`price`,`link_type`,`sl_type`,`remark`,`buy_link`,`cat_id`) VALUES ('3','','0','0','0','','','1') [ RunTime:0.0010s ]

[ 2016-05-06T11:50:24+08:00 ] ::1 /rongfei/Admin/view/public/css/animate.css
ERR: 非法操作:public

[ 2016-05-06T11:50:24+08:00 ] ::1 /rongfei/Admin/view/public/css/style.css
ERR: 非法操作:public

[ 2016-05-06T11:51:48+08:00 ] ::1 /rongfei/Admin/News/add.html
INFO: [ app_begin ] --START--
INFO: Run Behavior\ReadHtmlCacheBehavior [ RunTime:0.001000s ]
INFO: [ app_begin ] --END-- [ RunTime:0.001000s ]
SQL: SHOW COLUMNS FROM `lazy_news` [ RunTime:0.0030s ]
NOTIC: [8] Undefined index: validate F:\workplace\rongfei\ThinkPHP\Library\Think\Model.class.php 第 1185 行.
NOTIC: [8] Undefined index: auto F:\workplace\rongfei\ThinkPHP\Library\Think\Model.class.php 第 1128 行.
SQL: INSERT INTO `lazy_news` (`name`,`news_url`,`price`,`link_type`,`sl_type`,`remark`,`buy_link`,`cat_id`) VALUES ('23','','0','0','0','','','1') [ RunTime:0.0010s ]

[ 2016-05-06T11:52:00+08:00 ] ::1 /rongfei/Admin/view/public/css/style.css
ERR: 非法操作:public

[ 2016-05-06T11:52:00+08:00 ] ::1 /rongfei/Admin/view/public/css/animate.css
ERR: 非法操作:public

[ 2016-05-06T11:52:03+08:00 ] ::1 /rongfei/Admin/News/add.html
INFO: [ app_begin ] --START--
INFO: Run Behavior\ReadHtmlCacheBehavior [ RunTime:0.000000s ]
INFO: [ app_begin ] --END-- [ RunTime:0.000000s ]
SQL: SHOW COLUMNS FROM `lazy_news` [ RunTime:0.0040s ]
NOTIC: [8] Undefined index: validate F:\workplace\rongfei\ThinkPHP\Library\Think\Model.class.php 第 1185 行.
NOTIC: [8] Undefined index: auto F:\workplace\rongfei\ThinkPHP\Library\Think\Model.class.php 第 1128 行.
SQL: INSERT INTO `lazy_news` (`name`,`news_url`,`price`,`link_type`,`sl_type`,`remark`,`buy_link`,`cat_id`) VALUES ('3','','0','0','0','','','1') [ RunTime:0.0010s ]

[ 2016-05-06T11:52:25+08:00 ] ::1 /rongfei/Admin/view/public/css/animate.css
ERR: 非法操作:public

[ 2016-05-06T11:52:25+08:00 ] ::1 /rongfei/Admin/view/public/css/style.css
ERR: 非法操作:public

[ 2016-05-06T11:52:29+08:00 ] ::1 /rongfei/Admin/News/add.html
INFO: [ app_begin ] --START--
INFO: Run Behavior\ReadHtmlCacheBehavior [ RunTime:0.001000s ]
INFO: [ app_begin ] --END-- [ RunTime:0.001000s ]
SQL: SHOW COLUMNS FROM `lazy_news` [ RunTime:0.0040s ]
NOTIC: [8] Undefined index: validate F:\workplace\rongfei\ThinkPHP\Library\Think\Model.class.php 第 1185 行.
NOTIC: [8] Undefined index: auto F:\workplace\rongfei\ThinkPHP\Library\Think\Model.class.php 第 1128 行.
SQL: INSERT INTO `lazy_news` (`name`,`news_url`,`price`,`link_type`,`sl_type`,`remark`,`buy_link`,`cat_id`) VALUES ('9','','0','0','0','','','1') [ RunTime:0.0010s ]

[ 2016-05-06T11:52:29+08:00 ] ::1 /rongfei/Admin/view/public/css/style.css
ERR: 非法操作:public

[ 2016-05-06T11:52:29+08:00 ] ::1 /rongfei/Admin/view/public/css/animate.css
ERR: 非法操作:public

[ 2016-05-06T11:52:49+08:00 ] ::1 /rongfei/Admin/News/add.html
INFO: [ app_begin ] --START--
INFO: Run Behavior\ReadHtmlCacheBehavior [ RunTime:0.001000s ]
INFO: [ app_begin ] --END-- [ RunTime:0.002001s ]
SQL: SHOW COLUMNS FROM `lazy_news` [ RunTime:0.0040s ]
NOTIC: [8] Undefined index: validate F:\workplace\rongfei\ThinkPHP\Library\Think\Model.class.php 第 1185 行.
NOTIC: [8] Undefined index: auto F:\workplace\rongfei\ThinkPHP\Library\Think\Model.class.php 第 1128 行.
SQL: INSERT INTO `lazy_news` (`name`,`news_url`,`price`,`link_type`,`sl_type`,`remark`,`buy_link`,`cat_id`) VALUES ('','','0','0','0','','','1') [ RunTime:0.0010s ]

[ 2016-05-06T11:52:49+08:00 ] ::1 /rongfei/Admin/view/public/css/style.css
ERR: 非法操作:public

[ 2016-05-06T11:52:49+08:00 ] ::1 /rongfei/Admin/view/public/css/animate.css
ERR: 非法操作:public

[ 2016-05-06T11:55:00+08:00 ] ::1 /rongfei/Admin/view/public/css/style.css
ERR: 非法操作:public

[ 2016-05-06T11:55:00+08:00 ] ::1 /rongfei/Admin/view/public/css/animate.css
ERR: 非法操作:public

[ 2016-05-06T11:56:50+08:00 ] ::1 /rongfei/Admin/view/public/css/animate.css
ERR: 非法操作:public

[ 2016-05-06T11:56:50+08:00 ] ::1 /rongfei/Admin/view/public/css/style.css
ERR: 非法操作:public

[ 2016-05-06T11:57:52+08:00 ] ::1 /rongfei/Admin/view/public/css/style.css
ERR: 非法操作:public

[ 2016-05-06T11:57:52+08:00 ] ::1 /rongfei/Admin/view/public/css/animate.css
ERR: 非法操作:public

[ 2016-05-06T11:57:57+08:00 ] ::1 /rongfei/Admin/view/public/css/style.css
ERR: 非法操作:public

[ 2016-05-06T11:57:57+08:00 ] ::1 /rongfei/Admin/view/public/css/animate.css
ERR: 非法操作:public

[ 2016-05-06T12:03:44+08:00 ] ::1 /rongfei/Admin/view/public/css/animate.css
ERR: 非法操作:public

[ 2016-05-06T12:03:44+08:00 ] ::1 /rongfei/Admin/view/public/css/style.css
ERR: 非法操作:public

[ 2016-05-06T12:09:04+08:00 ] ::1 /rongfei/Admin/view/public/css/style.css
ERR: 非法操作:public

[ 2016-05-06T12:09:04+08:00 ] ::1 /rongfei/Admin/view/public/css/animate.css
ERR: 非法操作:public

[ 2016-05-06T12:09:21+08:00 ] ::1 /rongfei/Admin/view/public/css/style.css
ERR: 非法操作:public

[ 2016-05-06T12:09:21+08:00 ] ::1 /rongfei/Admin/view/public/css/animate.css
ERR: 非法操作:public

[ 2016-05-06T12:09:32+08:00 ] ::1 /rongfei/Admin/view/public/css/animate.css
ERR: 非法操作:public

[ 2016-05-06T12:09:32+08:00 ] ::1 /rongfei/Admin/view/public/css/style.css
ERR: 非法操作:public

[ 2016-05-06T12:10:56+08:00 ] ::1 /rongfei/Admin/view/public/css/animate.css
ERR: 非法操作:public

[ 2016-05-06T12:10:56+08:00 ] ::1 /rongfei/Admin/view/public/css/style.css
ERR: 非法操作:public

[ 2016-05-06T12:10:58+08:00 ] ::1 /rongfei/Admin/view/public/css/style.css
ERR: 非法操作:public

[ 2016-05-06T12:10:58+08:00 ] ::1 /rongfei/Admin/view/public/css/animate.css
ERR: 非法操作:public

[ 2016-05-06T12:11:12+08:00 ] ::1 /rongfei/Admin/view/public/css/style.css
ERR: 非法操作:public

[ 2016-05-06T12:11:12+08:00 ] ::1 /rongfei/Admin/view/public/css/animate.css
ERR: 非法操作:public

[ 2016-05-06T12:11:15+08:00 ] ::1 /rongfei/Admin/view/public/css/style.css
ERR: 非法操作:public

[ 2016-05-06T12:11:15+08:00 ] ::1 /rongfei/Admin/view/public/css/animate.css
ERR: 非法操作:public

[ 2016-05-06T12:11:16+08:00 ] ::1 /rongfei/Admin/view/public/css/animate.css
ERR: 非法操作:public

[ 2016-05-06T12:11:16+08:00 ] ::1 /rongfei/Admin/view/public/css/style.css
ERR: 非法操作:public

[ 2016-05-06T12:11:21+08:00 ] ::1 /rongfei/Admin/view/public/css/animate.css
ERR: 非法操作:public

[ 2016-05-06T12:11:21+08:00 ] ::1 /rongfei/Admin/view/public/css/style.css
ERR: 非法操作:public

[ 2016-05-06T12:11:22+08:00 ] ::1 /rongfei/Admin/view/public/css/style.css
ERR: 非法操作:public

[ 2016-05-06T12:11:22+08:00 ] ::1 /rongfei/Admin/view/public/css/animate.css
ERR: 非法操作:public

[ 2016-05-06T12:11:23+08:00 ] ::1 /rongfei/Admin/view/public/css/style.css
ERR: 非法操作:public

[ 2016-05-06T12:11:23+08:00 ] ::1 /rongfei/Admin/view/public/css/animate.css
ERR: 非法操作:public

[ 2016-05-06T12:30:15+08:00 ] ::1 /rongfei/Admin/News/add.html
INFO: [ app_begin ] --START--
INFO: Run Behavior\ReadHtmlCacheBehavior [ RunTime:0.001000s ]
INFO: [ app_begin ] --END-- [ RunTime:0.001000s ]
SQL: SHOW COLUMNS FROM `lazy_news` [ RunTime:0.0030s ]
NOTIC: [8] Undefined index: validate F:\workplace\rongfei\ThinkPHP\Library\Think\Model.class.php 第 1185 行.
NOTIC: [8] Undefined index: auto F:\workplace\rongfei\ThinkPHP\Library\Think\Model.class.php 第 1128 行.
SQL: INSERT INTO `lazy_news` (`name`,`news_url`,`case_url`,`price`,`link_type`,`sl_type`,`remark`,`buy_link`,`cat_id`) VALUES ('4','23','34','0','0','0','','','1') [ RunTime:0.0010s ]

[ 2016-05-06T12:35:32+08:00 ] ::1 /rongfei/Admin/view/public/css/style.css
ERR: 非法操作:public

[ 2016-05-06T12:35:32+08:00 ] ::1 /rongfei/Admin/view/public/css/animate.css
ERR: 非法操作:public

[ 2016-05-06T12:37:31+08:00 ] ::1 /rongfei/Admin/view/public/css/style.css
ERR: 非法操作:public

[ 2016-05-06T12:37:31+08:00 ] ::1 /rongfei/Admin/view/public/css/animate.css
ERR: 非法操作:public

[ 2016-05-06T12:37:53+08:00 ] ::1 /rongfei/Admin/view/public/css/animate.css
ERR: 非法操作:public

[ 2016-05-06T12:37:53+08:00 ] ::1 /rongfei/Admin/view/public/css/style.css
ERR: 非法操作:public

[ 2016-05-06T12:38:05+08:00 ] ::1 /rongfei/Admin/view/public/css/style.css
ERR: 非法操作:public

[ 2016-05-06T12:38:05+08:00 ] ::1 /rongfei/Admin/view/public/css/animate.css
ERR: 非法操作:public

[ 2016-05-06T12:38:08+08:00 ] ::1 /rongfei/Admin/view/public/css/style.css
ERR: 非法操作:public

[ 2016-05-06T12:38:08+08:00 ] ::1 /rongfei/Admin/view/public/css/animate.css
ERR: 非法操作:public

[ 2016-05-06T12:38:10+08:00 ] ::1 /rongfei/Admin/view/public/css/animate.css
ERR: 非法操作:public

[ 2016-05-06T12:38:10+08:00 ] ::1 /rongfei/Admin/view/public/css/style.css
ERR: 非法操作:public

[ 2016-05-06T12:41:26+08:00 ] ::1 /rongfei/Admin/view/public/css/style.css
ERR: 非法操作:public

[ 2016-05-06T12:41:26+08:00 ] ::1 /rongfei/Admin/view/public/css/animate.css
ERR: 非法操作:public

[ 2016-05-06T12:45:00+08:00 ] ::1 /rongfei/Admin/view/public/css/animate.css
ERR: 非法操作:public

[ 2016-05-06T12:45:00+08:00 ] ::1 /rongfei/Admin/view/public/css/style.css
ERR: 非法操作:public

[ 2016-05-06T12:45:14+08:00 ] ::1 /rongfei/Admin/view/public/css/style.css
ERR: 非法操作:public

[ 2016-05-06T12:45:14+08:00 ] ::1 /rongfei/Admin/view/public/css/animate.css
ERR: 非法操作:public

[ 2016-05-06T12:45:17+08:00 ] ::1 /rongfei/Admin/view/public/css/style.css
ERR: 非法操作:public

[ 2016-05-06T12:45:17+08:00 ] ::1 /rongfei/Admin/view/public/css/animate.css
ERR: 非法操作:public

[ 2016-05-06T12:45:22+08:00 ] ::1 /rongfei/Admin/view/public/css/style.css
ERR: 非法操作:public

[ 2016-05-06T12:45:22+08:00 ] ::1 /rongfei/Admin/view/public/css/animate.css
ERR: 非法操作:public

[ 2016-05-06T12:46:34+08:00 ] ::1 /rongfei/Admin/view/public/css/animate.css
ERR: 非法操作:public

[ 2016-05-06T12:46:34+08:00 ] ::1 /rongfei/Admin/view/public/css/style.css
ERR: 非法操作:public

[ 2016-05-06T12:46:44+08:00 ] ::1 /rongfei/Admin/view/public/css/style.css
ERR: 非法操作:public

[ 2016-05-06T12:46:44+08:00 ] ::1 /rongfei/Admin/view/public/css/animate.css
ERR: 非法操作:public

[ 2016-05-06T12:46:48+08:00 ] ::1 /rongfei/Admin/view/public/css/style.css
ERR: 非法操作:public

[ 2016-05-06T12:46:48+08:00 ] ::1 /rongfei/Admin/view/public/css/animate.css
ERR: 非法操作:public

[ 2016-05-06T12:47:24+08:00 ] ::1 /rongfei/Admin/view/public/css/animate.css
ERR: 非法操作:public

[ 2016-05-06T12:47:24+08:00 ] ::1 /rongfei/Admin/view/public/css/style.css
ERR: 非法操作:public

[ 2016-05-06T12:47:26+08:00 ] ::1 /rongfei/Admin/view/public/css/style.css
ERR: 非法操作:public

[ 2016-05-06T12:47:26+08:00 ] ::1 /rongfei/Admin/view/public/css/animate.css
ERR: 非法操作:public

[ 2016-05-06T12:52:21+08:00 ] ::1 /rongfei/Admin/view/public/css/animate.css
ERR: 非法操作:public

[ 2016-05-06T12:52:21+08:00 ] ::1 /rongfei/Admin/view/public/css/style.css
ERR: 非法操作:public

[ 2016-05-06T12:52:36+08:00 ] ::1 /rongfei/Admin/view/public/css/style.css
ERR: 非法操作:public

[ 2016-05-06T12:52:36+08:00 ] ::1 /rongfei/Admin/view/public/css/animate.css
ERR: 非法操作:public

[ 2016-05-06T12:54:09+08:00 ] ::1 /rongfei/Admin/view/public/css/style.css
ERR: 非法操作:public

[ 2016-05-06T12:54:09+08:00 ] ::1 /rongfei/Admin/view/public/css/animate.css
ERR: 非法操作:public

[ 2016-05-06T12:54:32+08:00 ] ::1 /rongfei/Admin/view/public/css/animate.css
ERR: 非法操作:public

[ 2016-05-06T12:54:32+08:00 ] ::1 /rongfei/Admin/view/public/css/style.css
ERR: 非法操作:public

[ 2016-05-06T12:54:53+08:00 ] ::1 /rongfei/Admin/view/public/css/animate.css
ERR: 非法操作:public

[ 2016-05-06T12:54:53+08:00 ] ::1 /rongfei/Admin/view/public/css/style.css
ERR: 非法操作:public

[ 2016-05-06T12:55:05+08:00 ] ::1 /rongfei/Admin/view/public/css/style.css
ERR: 非法操作:public

[ 2016-05-06T12:55:05+08:00 ] ::1 /rongfei/Admin/view/public/css/animate.css
ERR: 非法操作:public

[ 2016-05-06T12:55:50+08:00 ] ::1 /rongfei/Admin/view/public/css/style.css
ERR: 非法操作:public

[ 2016-05-06T12:55:50+08:00 ] ::1 /rongfei/Admin/view/public/css/animate.css
ERR: 非法操作:public

[ 2016-05-06T12:56:45+08:00 ] ::1 /rongfei/Admin/view/public/css/animate.css
ERR: 非法操作:public

[ 2016-05-06T12:56:45+08:00 ] ::1 /rongfei/Admin/view/public/css/style.css
ERR: 非法操作:public

[ 2016-05-06T12:58:15+08:00 ] ::1 /rongfei/Admin/view/public/css/style.css
ERR: 非法操作:public

[ 2016-05-06T12:58:15+08:00 ] ::1 /rongfei/Admin/view/public/css/animate.css
ERR: 非法操作:public

[ 2016-05-06T12:58:39+08:00 ] ::1 /rongfei/Admin/view/public/css/animate.css
ERR: 非法操作:public

[ 2016-05-06T12:58:39+08:00 ] ::1 /rongfei/Admin/view/public/css/style.css
ERR: 非法操作:public

[ 2016-05-06T12:58:45+08:00 ] ::1 /rongfei/Admin/Admin/News/newsid/1.html
ERR: 非法操作:News

[ 2016-05-06T12:59:01+08:00 ] ::1 /rongfei/Admin/view/public/css/animate.css
ERR: 非法操作:public

[ 2016-05-06T12:59:01+08:00 ] ::1 /rongfei/Admin/view/public/css/style.css
ERR: 非法操作:public

[ 2016-05-06T12:59:06+08:00 ] ::1 /rongfei/Admin/view/public/css/style.css
ERR: 非法操作:public

[ 2016-05-06T12:59:06+08:00 ] ::1 /rongfei/Admin/view/public/css/animate.css
ERR: 非法操作:public

[ 2016-05-06T12:59:11+08:00 ] ::1 /rongfei/Admin/view/public/css/animate.css
ERR: 非法操作:public

[ 2016-05-06T12:59:11+08:00 ] ::1 /rongfei/Admin/view/public/css/style.css
ERR: 非法操作:public

[ 2016-05-06T13:00:52+08:00 ] ::1 /rongfei/Admin/view/public/css/style.css
ERR: 非法操作:public

[ 2016-05-06T13:00:52+08:00 ] ::1 /rongfei/Admin/view/public/css/animate.css
ERR: 非法操作:public

[ 2016-05-06T13:00:55+08:00 ] ::1 /rongfei/Admin/view/public/css/style.css
ERR: 非法操作:public

[ 2016-05-06T13:00:55+08:00 ] ::1 /rongfei/Admin/view/public/css/animate.css
ERR: 非法操作:public

[ 2016-05-06T13:00:58+08:00 ] ::1 /rongfei/Admin/view/public/css/style.css
ERR: 非法操作:public

[ 2016-05-06T13:00:58+08:00 ] ::1 /rongfei/Admin/view/public/css/animate.css
ERR: 非法操作:public

[ 2016-05-06T13:02:58+08:00 ] ::1 /rongfei/Admin/view/public/css/style.css
ERR: 非法操作:public

[ 2016-05-06T13:02:58+08:00 ] ::1 /rongfei/Admin/view/public/css/animate.css
ERR: 非法操作:public

[ 2016-05-06T13:03:00+08:00 ] ::1 /rongfei/Admin/News/del/newsid/6.html
ERR: 1064:You have an error in your SQL syntax; check the manual that corresponds to your MySQL server version for the right syntax to use near ')' at line 1
 [ SQL语句 ] : DELETE FROM `lazy_news` WHERE ( news_id = )

[ 2016-05-06T13:04:24+08:00 ] ::1 /rongfei/Admin/view/public/css/style.css
ERR: 非法操作:public

[ 2016-05-06T13:04:24+08:00 ] ::1 /rongfei/Admin/view/public/css/animate.css
ERR: 非法操作:public

[ 2016-05-06T13:04:27+08:00 ] ::1 /rongfei/Admin/view/public/css/animate.css
ERR: 非法操作:public

[ 2016-05-06T13:04:27+08:00 ] ::1 /rongfei/Admin/view/public/css/style.css
ERR: 非法操作:public

[ 2016-05-06T13:04:52+08:00 ] ::1 /rongfei/Admin/view/public/css/animate.css
ERR: 非法操作:public

[ 2016-05-06T13:04:52+08:00 ] ::1 /rongfei/Admin/view/public/css/style.css
ERR: 非法操作:public

[ 2016-05-06T13:04:54+08:00 ] ::1 /rongfei/Admin/view/public/css/style.css
ERR: 非法操作:public

[ 2016-05-06T13:04:54+08:00 ] ::1 /rongfei/Admin/view/public/css/animate.css
ERR: 非法操作:public

[ 2016-05-06T13:10:10+08:00 ] ::1 /rongfei/Admin/view/public/css/animate.css
ERR: 非法操作:public

[ 2016-05-06T13:10:10+08:00 ] ::1 /rongfei/Admin/view/public/css/style.css
ERR: 非法操作:public

[ 2016-05-06T13:11:02+08:00 ] ::1 /rongfei/Admin/view/public/css/style.css
ERR: 非法操作:public

[ 2016-05-06T13:11:03+08:00 ] ::1 /rongfei/Admin/view/public/css/animate.css
ERR: 非法操作:public

[ 2016-05-06T13:11:18+08:00 ] ::1 /rongfei/Admin/view/public/css/style.css
ERR: 非法操作:public

[ 2016-05-06T13:11:18+08:00 ] ::1 /rongfei/Admin/view/public/css/animate.css
ERR: 非法操作:public

[ 2016-05-06T13:12:00+08:00 ] ::1 /rongfei/Admin/view/public/css/animate.css
ERR: 非法操作:public

[ 2016-05-06T13:12:00+08:00 ] ::1 /rongfei/Admin/view/public/css/style.css
ERR: 非法操作:public

[ 2016-05-06T13:12:17+08:00 ] ::1 /rongfei/Admin/view/public/css/animate.css
ERR: 非法操作:public

[ 2016-05-06T13:12:17+08:00 ] ::1 /rongfei/Admin/view/public/css/style.css
ERR: 非法操作:public

[ 2016-05-06T13:12:19+08:00 ] ::1 /rongfei/Admin/News/editNews/view/public/css/style.css
ERR: 1064:You have an error in your SQL syntax; check the manual that corresponds to your MySQL server version for the right syntax to use near ')' at line 1
 [ SQL语句 ] : SELECT * FROM `lazy_news` WHERE ( news_id = ) 

[ 2016-05-06T13:12:19+08:00 ] ::1 /rongfei/Admin/News/editNews/view/public/css/animate.css
ERR: 1064:You have an error in your SQL syntax; check the manual that corresponds to your MySQL server version for the right syntax to use near ')' at line 1
 [ SQL语句 ] : SELECT * FROM `lazy_news` WHERE ( news_id = ) 

[ 2016-05-06T13:13:22+08:00 ] ::1 /rongfei/Admin/view/public/css/style.css
ERR: 非法操作:public

[ 2016-05-06T13:13:22+08:00 ] ::1 /rongfei/Admin/view/public/css/animate.css
ERR: 非法操作:public

[ 2016-05-06T13:13:30+08:00 ] ::1 /rongfei/Admin/News/add.html
INFO: [ app_begin ] --START--
INFO: Run Behavior\ReadHtmlCacheBehavior [ RunTime:0.001000s ]
INFO: [ app_begin ] --END-- [ RunTime:0.001000s ]
SQL: SHOW COLUMNS FROM `lazy_news` [ RunTime:0.0040s ]
NOTIC: [8] Undefined index: validate F:\workplace\rongfei\ThinkPHP\Library\Think\Model.class.php 第 1185 行.
NOTIC: [8] Undefined index: auto F:\workplace\rongfei\ThinkPHP\Library\Think\Model.class.php 第 1128 行.
SQL: INSERT INTO `lazy_news` (`name`,`news_url`,`case_url`,`price`,`link_type`,`sl_type`,`remark`,`buy_link`,`cat_id`) VALUES ('','','','0','0','0','','','1') [ RunTime:0.0010s ]

[ 2016-05-06T13:13:30+08:00 ] ::1 /rongfei/Admin/view/public/css/style.css
ERR: 非法操作:public

[ 2016-05-06T13:13:30+08:00 ] ::1 /rongfei/Admin/view/public/css/animate.css
ERR: 非法操作:public

[ 2016-05-06T13:14:38+08:00 ] ::1 /rongfei/Admin/view/public/css/animate.css
ERR: 非法操作:public

[ 2016-05-06T13:14:38+08:00 ] ::1 /rongfei/Admin/view/public/css/style.css
ERR: 非法操作:public

[ 2016-05-06T13:14:41+08:00 ] ::1 /rongfei/Admin/News/add.html
INFO: [ app_begin ] --START--
INFO: Run Behavior\ReadHtmlCacheBehavior [ RunTime:0.001000s ]
INFO: [ app_begin ] --END-- [ RunTime:0.001000s ]
SQL: SHOW COLUMNS FROM `lazy_news` [ RunTime:0.0040s ]
NOTIC: [8] Undefined index: validate F:\workplace\rongfei\ThinkPHP\Library\Think\Model.class.php 第 1185 行.
NOTIC: [8] Undefined index: auto F:\workplace\rongfei\ThinkPHP\Library\Think\Model.class.php 第 1128 行.
SQL: INSERT INTO `lazy_news` (`name`,`news_url`,`case_url`,`price`,`link_type`,`sl_type`,`remark`,`buy_link`,`cat_id`) VALUES ('','','','0','0','0','','','1') [ RunTime:0.0010s ]

[ 2016-05-06T13:14:42+08:00 ] ::1 /rongfei/Admin/News/add.html
INFO: [ app_begin ] --START--
INFO: Run Behavior\ReadHtmlCacheBehavior [ RunTime:0.001000s ]
INFO: [ app_begin ] --END-- [ RunTime:0.001000s ]
SQL: SHOW COLUMNS FROM `lazy_news` [ RunTime:0.0020s ]
NOTIC: [8] Undefined index: validate F:\workplace\rongfei\ThinkPHP\Library\Think\Model.class.php 第 1185 行.
NOTIC: [8] Undefined index: auto F:\workplace\rongfei\ThinkPHP\Library\Think\Model.class.php 第 1128 行.
SQL: INSERT INTO `lazy_news` (`name`,`news_url`,`case_url`,`price`,`link_type`,`sl_type`,`remark`,`buy_link`,`cat_id`) VALUES ('','','','0','0','0','','','1') [ RunTime:0.0000s ]

[ 2016-05-06T13:15:03+08:00 ] ::1 /rongfei/Admin/News/add.html
INFO: [ app_begin ] --START--
INFO: Run Behavior\ReadHtmlCacheBehavior [ RunTime:0.001000s ]
INFO: [ app_begin ] --END-- [ RunTime:0.001000s ]
SQL: SHOW COLUMNS FROM `lazy_news` [ RunTime:0.0030s ]
NOTIC: [8] Undefined index: validate F:\workplace\rongfei\ThinkPHP\Library\Think\Model.class.php 第 1185 行.
NOTIC: [8] Undefined index: auto F:\workplace\rongfei\ThinkPHP\Library\Think\Model.class.php 第 1128 行.
SQL: INSERT INTO `lazy_news` (`name`,`news_url`,`case_url`,`price`,`link_type`,`sl_type`,`remark`,`buy_link`,`cat_id`) VALUES ('123','2','3','0','0','0','','','1') [ RunTime:0.0000s ]

[ 2016-05-06T13:16:27+08:00 ] ::1 /rongfei/Admin/view/public/css/animate.css
ERR: 非法操作:public

[ 2016-05-06T13:16:27+08:00 ] ::1 /rongfei/Admin/view/public/css/style.css
ERR: 非法操作:public

[ 2016-05-06T13:16:55+08:00 ] ::1 /rongfei/Admin/view/public/css/animate.css
ERR: 非法操作:public

[ 2016-05-06T13:16:55+08:00 ] ::1 /rongfei/Admin/view/public/css/style.css
ERR: 非法操作:public

[ 2016-05-06T13:17:19+08:00 ] ::1 /rongfei/Admin/view/public/css/style.css
ERR: 非法操作:public

[ 2016-05-06T13:17:19+08:00 ] ::1 /rongfei/Admin/view/public/css/animate.css
ERR: 非法操作:public

[ 2016-05-06T13:18:14+08:00 ] ::1 /rongfei/Admin/view/public/css/animate.css
ERR: 非法操作:public

[ 2016-05-06T13:18:14+08:00 ] ::1 /rongfei/Admin/view/public/css/style.css
ERR: 非法操作:public

[ 2016-05-06T13:18:17+08:00 ] ::1 /rongfei/Admin/view/public/css/animate.css
ERR: 非法操作:public

[ 2016-05-06T13:18:17+08:00 ] ::1 /rongfei/Admin/view/public/css/style.css
ERR: 非法操作:public

[ 2016-05-06T13:18:20+08:00 ] ::1 /rongfei/Admin/view/public/css/style.css
ERR: 非法操作:public

[ 2016-05-06T13:18:20+08:00 ] ::1 /rongfei/Admin/view/public/css/animate.css
ERR: 非法操作:public

[ 2016-05-06T13:18:22+08:00 ] ::1 /rongfei/Admin/view/public/css/style.css
ERR: 非法操作:public

[ 2016-05-06T13:18:22+08:00 ] ::1 /rongfei/Admin/view/public/css/animate.css
ERR: 非法操作:public

[ 2016-05-06T13:18:23+08:00 ] ::1 /rongfei/Admin/view/public/css/style.css
ERR: 非法操作:public

[ 2016-05-06T13:18:23+08:00 ] ::1 /rongfei/Admin/view/public/css/animate.css
ERR: 非法操作:public

[ 2016-05-06T13:18:25+08:00 ] ::1 /rongfei/Admin/view/public/css/style.css
ERR: 非法操作:public

[ 2016-05-06T13:18:25+08:00 ] ::1 /rongfei/Admin/view/public/css/animate.css
ERR: 非法操作:public

[ 2016-05-06T13:18:28+08:00 ] ::1 /rongfei/Admin/view/public/css/animate.css
ERR: 非法操作:public

[ 2016-05-06T13:18:28+08:00 ] ::1 /rongfei/Admin/view/public/css/style.css
ERR: 非法操作:public

[ 2016-05-06T13:18:34+08:00 ] ::1 /rongfei/Admin/view/public/css/style.css
ERR: 非法操作:public

[ 2016-05-06T13:18:34+08:00 ] ::1 /rongfei/Admin/view/public/css/animate.css
ERR: 非法操作:public

[ 2016-05-06T13:19:41+08:00 ] ::1 /rongfei/Admin/view/public/css/style.css
ERR: 非法操作:public

[ 2016-05-06T13:19:41+08:00 ] ::1 /rongfei/Admin/view/public/css/animate.css
ERR: 非法操作:public

[ 2016-05-06T13:19:57+08:00 ] ::1 /rongfei/Admin/view/public/css/animate.css
ERR: 非法操作:public

[ 2016-05-06T13:19:57+08:00 ] ::1 /rongfei/Admin/view/public/css/style.css
ERR: 非法操作:public

[ 2016-05-06T13:20:00+08:00 ] ::1 /rongfei/Admin/view/public/css/style.css
ERR: 非法操作:public

[ 2016-05-06T13:20:00+08:00 ] ::1 /rongfei/Admin/view/public/css/animate.css
ERR: 非法操作:public

[ 2016-05-06T13:20:20+08:00 ] ::1 /rongfei/Admin/view/public/css/style.css
ERR: 非法操作:public

[ 2016-05-06T13:20:20+08:00 ] ::1 /rongfei/Admin/view/public/css/animate.css
ERR: 非法操作:public

[ 2016-05-06T13:20:32+08:00 ] ::1 /rongfei/Admin/view/public/css/style.css
ERR: 非法操作:public

[ 2016-05-06T13:20:32+08:00 ] ::1 /rongfei/Admin/view/public/css/animate.css
ERR: 非法操作:public

[ 2016-05-06T13:20:56+08:00 ] ::1 /rongfei/Admin/view/public/css/animate.css
ERR: 非法操作:public

[ 2016-05-06T13:20:56+08:00 ] ::1 /rongfei/Admin/view/public/css/style.css
ERR: 非法操作:public

[ 2016-05-06T13:21:17+08:00 ] ::1 /rongfei/Admin/view/public/css/animate.css
ERR: 非法操作:public

[ 2016-05-06T13:21:17+08:00 ] ::1 /rongfei/Admin/view/public/css/style.css
ERR: 非法操作:public

[ 2016-05-06T13:21:23+08:00 ] ::1 /rongfei/Admin/News/add.html
INFO: [ app_begin ] --START--
INFO: Run Behavior\ReadHtmlCacheBehavior [ RunTime:0.000000s ]
INFO: [ app_begin ] --END-- [ RunTime:0.001000s ]
SQL: SHOW COLUMNS FROM `lazy_news` [ RunTime:0.0040s ]
NOTIC: [8] Undefined index: validate F:\workplace\rongfei\ThinkPHP\Library\Think\Model.class.php 第 1185 行.
NOTIC: [8] Undefined index: auto F:\workplace\rongfei\ThinkPHP\Library\Think\Model.class.php 第 1128 行.
SQL: INSERT INTO `lazy_news` (`name`,`news_url`,`case_url`,`price`,`link_type`,`sl_type`,`remark`,`buy_link`,`cat_id`) VALUES ('123','123','123','123','0','0','','','1') [ RunTime:0.0000s ]

[ 2016-05-06T13:21:23+08:00 ] ::1 /rongfei/Admin/view/public/css/style.css
ERR: 非法操作:public

[ 2016-05-06T13:21:23+08:00 ] ::1 /rongfei/Admin/view/public/css/animate.css
ERR: 非法操作:public

[ 2016-05-06T13:21:35+08:00 ] ::1 /rongfei/Admin/News/editNews/view/public/css/style.css
ERR: 1064:You have an error in your SQL syntax; check the manual that corresponds to your MySQL server version for the right syntax to use near ')' at line 1
 [ SQL语句 ] : SELECT * FROM `lazy_news` WHERE ( news_id = ) 

[ 2016-05-06T13:21:35+08:00 ] ::1 /rongfei/Admin/News/editNews/view/public/css/animate.css
ERR: 1064:You have an error in your SQL syntax; check the manual that corresponds to your MySQL server version for the right syntax to use near ')' at line 1
 [ SQL语句 ] : SELECT * FROM `lazy_news` WHERE ( news_id = ) 

[ 2016-05-06T13:21:41+08:00 ] ::1 /rongfei/Admin/News/editNews/view/public/css/style.css
ERR: 1064:You have an error in your SQL syntax; check the manual that corresponds to your MySQL server version for the right syntax to use near ')' at line 1
 [ SQL语句 ] : SELECT * FROM `lazy_news` WHERE ( news_id = ) 

[ 2016-05-06T13:21:41+08:00 ] ::1 /rongfei/Admin/News/editNews/view/public/css/animate.css
ERR: 1064:You have an error in your SQL syntax; check the manual that corresponds to your MySQL server version for the right syntax to use near ')' at line 1
 [ SQL语句 ] : SELECT * FROM `lazy_news` WHERE ( news_id = ) 

[ 2016-05-06T13:21:50+08:00 ] ::1 /rongfei/Admin/view/public/css/style.css
ERR: 非法操作:public

[ 2016-05-06T13:21:50+08:00 ] ::1 /rongfei/Admin/view/public/css/animate.css
ERR: 非法操作:public

[ 2016-05-06T13:21:51+08:00 ] ::1 /rongfei/Admin/view/public/css/style.css
ERR: 非法操作:public

[ 2016-05-06T13:21:51+08:00 ] ::1 /rongfei/Admin/view/public/css/animate.css
ERR: 非法操作:public

[ 2016-05-06T13:21:52+08:00 ] ::1 /rongfei/Admin/view/public/css/animate.css
ERR: 非法操作:public

[ 2016-05-06T13:21:52+08:00 ] ::1 /rongfei/Admin/view/public/css/style.css
ERR: 非法操作:public

[ 2016-05-06T13:21:52+08:00 ] ::1 /rongfei/Admin/view/public/css/animate.css
ERR: 非法操作:public

[ 2016-05-06T13:21:52+08:00 ] ::1 /rongfei/Admin/view/public/css/style.css
ERR: 非法操作:public

[ 2016-05-06T13:22:08+08:00 ] ::1 /rongfei/Admin/News/editNews.html
ERR: 1064:You have an error in your SQL syntax; check the manual that corresponds to your MySQL server version for the right syntax to use near ')' at line 1
 [ SQL语句 ] : SELECT * FROM `lazy_news` WHERE ( news_id = ) 

[ 2016-05-06T13:22:26+08:00 ] ::1 /rongfei/Admin/News/editNews/view/public/css/style.css
ERR: 1064:You have an error in your SQL syntax; check the manual that corresponds to your MySQL server version for the right syntax to use near ')' at line 1
 [ SQL语句 ] : SELECT * FROM `lazy_news` WHERE ( news_id = ) 

[ 2016-05-06T13:22:26+08:00 ] ::1 /rongfei/Admin/News/editNews/view/public/css/animate.css
ERR: 1064:You have an error in your SQL syntax; check the manual that corresponds to your MySQL server version for the right syntax to use near ')' at line 1
 [ SQL语句 ] : SELECT * FROM `lazy_news` WHERE ( news_id = ) 

[ 2016-05-06T13:23:18+08:00 ] ::1 /rongfei/Admin/view/public/css/style.css
ERR: 非法操作:public

[ 2016-05-06T13:23:18+08:00 ] ::1 /rongfei/Admin/view/public/css/animate.css
ERR: 非法操作:public

[ 2016-05-06T13:23:31+08:00 ] ::1 /rongfei/Admin/News/editNews/view/public/css/style.css
ERR: 1064:You have an error in your SQL syntax; check the manual that corresponds to your MySQL server version for the right syntax to use near ')' at line 1
 [ SQL语句 ] : SELECT * FROM `lazy_news` WHERE ( news_id = ) 

[ 2016-05-06T13:23:31+08:00 ] ::1 /rongfei/Admin/News/editNews/view/public/css/animate.css
ERR: 1064:You have an error in your SQL syntax; check the manual that corresponds to your MySQL server version for the right syntax to use near ')' at line 1
 [ SQL语句 ] : SELECT * FROM `lazy_news` WHERE ( news_id = ) 

[ 2016-05-06T13:24:09+08:00 ] ::1 /rongfei/Admin/view/public/css/style.css
ERR: 非法操作:public

[ 2016-05-06T13:24:09+08:00 ] ::1 /rongfei/Admin/view/public/css/animate.css
ERR: 非法操作:public

[ 2016-05-06T13:24:11+08:00 ] ::1 /rongfei/Admin/News/editNews/view/public/css/animate.css
ERR: 1064:You have an error in your SQL syntax; check the manual that corresponds to your MySQL server version for the right syntax to use near ')' at line 1
 [ SQL语句 ] : SELECT * FROM `lazy_news` WHERE ( news_id = ) 

[ 2016-05-06T13:24:11+08:00 ] ::1 /rongfei/Admin/News/editNews/view/public/css/style.css
ERR: 1064:You have an error in your SQL syntax; check the manual that corresponds to your MySQL server version for the right syntax to use near ')' at line 1
 [ SQL语句 ] : SELECT * FROM `lazy_news` WHERE ( news_id = ) 

[ 2016-05-06T13:24:39+08:00 ] ::1 /rongfei/Admin/view/public/css/animate.css
ERR: 非法操作:public

[ 2016-05-06T13:24:39+08:00 ] ::1 /rongfei/Admin/view/public/css/style.css
ERR: 非法操作:public

[ 2016-05-06T13:25:36+08:00 ] ::1 /rongfei/Admin/view/public/css/animate.css
ERR: 非法操作:public

[ 2016-05-06T13:25:36+08:00 ] ::1 /rongfei/Admin/view/public/css/style.css
ERR: 非法操作:public

[ 2016-05-06T13:25:39+08:00 ] ::1 /rongfei/Admin/News/editNews/view/public/css/style.css
ERR: 1064:You have an error in your SQL syntax; check the manual that corresponds to your MySQL server version for the right syntax to use near ')' at line 1
 [ SQL语句 ] : SELECT * FROM `lazy_news` WHERE ( news_id = ) 

[ 2016-05-06T13:25:39+08:00 ] ::1 /rongfei/Admin/News/editNews/view/public/css/animate.css
ERR: 1064:You have an error in your SQL syntax; check the manual that corresponds to your MySQL server version for the right syntax to use near ')' at line 1
 [ SQL语句 ] : SELECT * FROM `lazy_news` WHERE ( news_id = ) 

[ 2016-05-06T13:25:40+08:00 ] ::1 /rongfei/Admin/News/update.html
ERR: 1064:You have an error in your SQL syntax; check the manual that corresponds to your MySQL server version for the right syntax to use near ')' at line 1
 [ SQL语句 ] : DELETE FROM `lazy_news` WHERE ( news_id = )

[ 2016-05-06T13:25:47+08:00 ] ::1 /rongfei/Admin/News/add.html
INFO: [ app_begin ] --START--
INFO: Run Behavior\ReadHtmlCacheBehavior [ RunTime:0.001000s ]
INFO: [ app_begin ] --END-- [ RunTime:0.002000s ]
SQL: SHOW COLUMNS FROM `lazy_news` [ RunTime:0.0030s ]
NOTIC: [8] Undefined index: validate F:\workplace\rongfei\ThinkPHP\Library\Think\Model.class.php 第 1185 行.
NOTIC: [8] Undefined index: auto F:\workplace\rongfei\ThinkPHP\Library\Think\Model.class.php 第 1128 行.
SQL: INSERT INTO `lazy_news` (`name`,`news_url`,`case_url`,`price`,`link_type`,`sl_type`,`remark`,`buy_link`,`cat_id`) VALUES ('123','','','0','0','0','123123123','','1') [ RunTime:0.0010s ]

[ 2016-05-06T13:25:47+08:00 ] ::1 /rongfei/Admin/view/public/css/animate.css
ERR: 非法操作:public

[ 2016-05-06T13:25:47+08:00 ] ::1 /rongfei/Admin/view/public/css/style.css
ERR: 非法操作:public

[ 2016-05-06T13:25:48+08:00 ] ::1 /rongfei/Admin/News/editNews/view/public/css/style.css
ERR: 1064:You have an error in your SQL syntax; check the manual that corresponds to your MySQL server version for the right syntax to use near ')' at line 1
 [ SQL语句 ] : SELECT * FROM `lazy_news` WHERE ( news_id = ) 

[ 2016-05-06T13:25:48+08:00 ] ::1 /rongfei/Admin/News/editNews/view/public/css/animate.css
ERR: 1064:You have an error in your SQL syntax; check the manual that corresponds to your MySQL server version for the right syntax to use near ')' at line 1
 [ SQL语句 ] : SELECT * FROM `lazy_news` WHERE ( news_id = ) 

[ 2016-05-06T13:25:53+08:00 ] ::1 /rongfei/Admin/News/editNews/view/public/css/animate.css
ERR: 1064:You have an error in your SQL syntax; check the manual that corresponds to your MySQL server version for the right syntax to use near ')' at line 1
 [ SQL语句 ] : SELECT * FROM `lazy_news` WHERE ( news_id = ) 

[ 2016-05-06T13:25:53+08:00 ] ::1 /rongfei/Admin/News/editNews/view/public/css/style.css
ERR: 1064:You have an error in your SQL syntax; check the manual that corresponds to your MySQL server version for the right syntax to use near ')' at line 1
 [ SQL语句 ] : SELECT * FROM `lazy_news` WHERE ( news_id = ) 

[ 2016-05-06T13:34:35+08:00 ] ::1 /rongfei/Admin/view/public/css/animate.css
ERR: 非法操作:public

[ 2016-05-06T13:34:35+08:00 ] ::1 /rongfei/Admin/view/public/css/style.css
ERR: 非法操作:public

[ 2016-05-06T13:34:40+08:00 ] ::1 /rongfei/Admin/News/editNews/view/public/css/animate.css
ERR: 1064:You have an error in your SQL syntax; check the manual that corresponds to your MySQL server version for the right syntax to use near ')' at line 1
 [ SQL语句 ] : SELECT * FROM `lazy_news` WHERE ( news_id = ) 

[ 2016-05-06T13:34:40+08:00 ] ::1 /rongfei/Admin/News/editNews/view/public/css/style.css
ERR: 1064:You have an error in your SQL syntax; check the manual that corresponds to your MySQL server version for the right syntax to use near ')' at line 1
 [ SQL语句 ] : SELECT * FROM `lazy_news` WHERE ( news_id = ) 

[ 2016-05-06T13:34:45+08:00 ] ::1 /rongfei/Admin/News/editNews/view/public/css/style.css
ERR: 1064:You have an error in your SQL syntax; check the manual that corresponds to your MySQL server version for the right syntax to use near ')' at line 1
 [ SQL语句 ] : SELECT * FROM `lazy_news` WHERE ( news_id = ) 

[ 2016-05-06T13:34:45+08:00 ] ::1 /rongfei/Admin/News/editNews/view/public/css/animate.css
ERR: 1064:You have an error in your SQL syntax; check the manual that corresponds to your MySQL server version for the right syntax to use near ')' at line 1
 [ SQL语句 ] : SELECT * FROM `lazy_news` WHERE ( news_id = ) 

[ 2016-05-06T13:41:45+08:00 ] ::1 /rongfei/Admin/view/public/css/style.css
ERR: 非法操作:public

[ 2016-05-06T13:41:45+08:00 ] ::1 /rongfei/Admin/view/public/css/animate.css
ERR: 非法操作:public

[ 2016-05-06T13:42:44+08:00 ] ::1 /rongfei/Admin/view/public/css/animate.css
ERR: 非法操作:public

[ 2016-05-06T13:42:44+08:00 ] ::1 /rongfei/Admin/view/public/css/style.css
ERR: 非法操作:public

[ 2016-05-06T13:42:47+08:00 ] ::1 /rongfei/Admin/view/public/css/style.css
ERR: 非法操作:public

[ 2016-05-06T13:42:47+08:00 ] ::1 /rongfei/Admin/view/public/css/animate.css
ERR: 非法操作:public

[ 2016-05-06T13:45:15+08:00 ] ::1 /rongfei/Admin/view/public/css/style.css
ERR: 非法操作:public

[ 2016-05-06T13:45:15+08:00 ] ::1 /rongfei/Admin/view/public/css/animate.css
ERR: 非法操作:public

[ 2016-05-06T13:45:38+08:00 ] ::1 /rongfei/Admin/view/public/css/style.css
ERR: 非法操作:public

[ 2016-05-06T13:45:38+08:00 ] ::1 /rongfei/Admin/view/public/css/animate.css
ERR: 非法操作:public

[ 2016-05-06T13:45:58+08:00 ] ::1 /rongfei/Admin/News/add.html
INFO: [ app_begin ] --START--
INFO: Run Behavior\ReadHtmlCacheBehavior [ RunTime:0.001000s ]
INFO: [ app_begin ] --END-- [ RunTime:0.001000s ]
SQL: SHOW COLUMNS FROM `lazy_news` [ RunTime:0.0030s ]
NOTIC: [8] Undefined index: validate F:\workplace\rongfei\ThinkPHP\Library\Think\Model.class.php 第 1185 行.
NOTIC: [8] Undefined index: auto F:\workplace\rongfei\ThinkPHP\Library\Think\Model.class.php 第 1128 行.
SQL: INSERT INTO `lazy_news` (`name`,`news_url`,`case_url`,`price`,`link_type`,`sl_type`,`remark`,`buy_link`,`cat_id`) VALUES ('123','','','0','2','2','','','1') [ RunTime:0.0010s ]

[ 2016-05-06T13:45:58+08:00 ] ::1 /rongfei/Admin/view/public/css/animate.css
ERR: 非法操作:public

[ 2016-05-06T13:45:58+08:00 ] ::1 /rongfei/Admin/view/public/css/style.css
ERR: 非法操作:public

[ 2016-05-06T13:47:01+08:00 ] ::1 /rongfei/Admin/view/public/css/style.css
ERR: 非法操作:public

[ 2016-05-06T13:47:01+08:00 ] ::1 /rongfei/Admin/view/public/css/animate.css
ERR: 非法操作:public

[ 2016-05-06T13:48:08+08:00 ] ::1 /rongfei/Admin/view/public/css/style.css
ERR: 非法操作:public

[ 2016-05-06T13:48:08+08:00 ] ::1 /rongfei/Admin/view/public/css/animate.css
ERR: 非法操作:public

[ 2016-05-06T13:49:30+08:00 ] ::1 /rongfei/Admin/view/public/css/style.css
ERR: 非法操作:public

[ 2016-05-06T13:49:30+08:00 ] ::1 /rongfei/Admin/view/public/css/animate.css
ERR: 非法操作:public

[ 2016-05-06T13:49:59+08:00 ] ::1 /rongfei/Admin/view/public/css/animate.css
ERR: 非法操作:public

[ 2016-05-06T13:49:59+08:00 ] ::1 /rongfei/Admin/view/public/css/style.css
ERR: 非法操作:public

[ 2016-05-06T13:51:18+08:00 ] ::1 /rongfei/Admin/view/public/css/style.css
ERR: 非法操作:public

[ 2016-05-06T13:51:18+08:00 ] ::1 /rongfei/Admin/view/public/css/animate.css
ERR: 非法操作:public

[ 2016-05-06T13:51:24+08:00 ] ::1 /rongfei/Admin/view/public/css/style.css
ERR: 非法操作:public

[ 2016-05-06T13:51:24+08:00 ] ::1 /rongfei/Admin/view/public/css/animate.css
ERR: 非法操作:public

[ 2016-05-06T13:51:49+08:00 ] ::1 /rongfei/Admin/view/public/css/animate.css
ERR: 非法操作:public

[ 2016-05-06T13:51:49+08:00 ] ::1 /rongfei/Admin/view/public/css/style.css
ERR: 非法操作:public

[ 2016-05-06T13:53:17+08:00 ] ::1 /rongfei/Admin/view/public/css/style.css
ERR: 非法操作:public

[ 2016-05-06T13:53:17+08:00 ] ::1 /rongfei/Admin/view/public/css/animate.css
ERR: 非法操作:public

[ 2016-05-06T13:53:22+08:00 ] ::1 /rongfei/Admin/News/update.html
ERR: 1064:You have an error in your SQL syntax; check the manual that corresponds to your MySQL server version for the right syntax to use near ')' at line 1
 [ SQL语句 ] : DELETE FROM `lazy_news` WHERE ( news_id = )

[ 2016-05-06T14:02:38+08:00 ] ::1 /rongfei/Admin/view/public/css/animate.css
ERR: 非法操作:public

[ 2016-05-06T14:02:38+08:00 ] ::1 /rongfei/Admin/view/public/css/style.css
ERR: 非法操作:public

[ 2016-05-06T14:02:51+08:00 ] ::1 /rongfei/Admin/view/public/css/animate.css
ERR: 非法操作:public

[ 2016-05-06T14:02:51+08:00 ] ::1 /rongfei/Admin/view/public/css/style.css
ERR: 非法操作:public

[ 2016-05-06T14:03:39+08:00 ] ::1 /rongfei/Admin/view/public/css/style.css
ERR: 非法操作:public

[ 2016-05-06T14:03:39+08:00 ] ::1 /rongfei/Admin/view/public/css/animate.css
ERR: 非法操作:public

[ 2016-05-06T14:03:44+08:00 ] ::1 /rongfei/Admin/view/public/css/animate.css
ERR: 非法操作:public

[ 2016-05-06T14:03:44+08:00 ] ::1 /rongfei/Admin/view/public/css/style.css
ERR: 非法操作:public

[ 2016-05-06T14:03:50+08:00 ] ::1 /rongfei/Admin/view/public/css/style.css
ERR: 非法操作:public

[ 2016-05-06T14:03:50+08:00 ] ::1 /rongfei/Admin/view/public/css/animate.css
ERR: 非法操作:public

[ 2016-05-06T14:03:57+08:00 ] ::1 /rongfei/Admin/view/public/css/style.css
ERR: 非法操作:public

[ 2016-05-06T14:03:57+08:00 ] ::1 /rongfei/Admin/view/public/css/animate.css
ERR: 非法操作:public

[ 2016-05-06T14:04:03+08:00 ] ::1 /rongfei/Admin/view/public/css/style.css
ERR: 非法操作:public

[ 2016-05-06T14:04:03+08:00 ] ::1 /rongfei/Admin/view/public/css/animate.css
ERR: 非法操作:public

[ 2016-05-06T14:04:10+08:00 ] ::1 /rongfei/Admin/view/public/css/style.css
ERR: 非法操作:public

[ 2016-05-06T14:04:10+08:00 ] ::1 /rongfei/Admin/view/public/css/animate.css
ERR: 非法操作:public

[ 2016-05-06T14:05:25+08:00 ] ::1 /rongfei/Admin/view/public/css/style.css
ERR: 非法操作:public

[ 2016-05-06T14:05:25+08:00 ] ::1 /rongfei/Admin/view/public/css/animate.css
ERR: 非法操作:public

[ 2016-05-06T14:05:28+08:00 ] ::1 /rongfei/Admin/News/update.html
ERR: 1064:You have an error in your SQL syntax; check the manual that corresponds to your MySQL server version for the right syntax to use near 'WHERE `news_id` = 0' at line 1
 [ SQL语句 ] : UPDATE `lazy_news` SET  WHERE `news_id` = 0

[ 2016-05-06T14:06:35+08:00 ] ::1 /rongfei/Admin/view/public/css/style.css
ERR: 非法操作:public

[ 2016-05-06T14:06:35+08:00 ] ::1 /rongfei/Admin/view/public/css/animate.css
ERR: 非法操作:public

[ 2016-05-06T14:06:38+08:00 ] ::1 /rongfei/Admin/News/update.html
ERR: 1064:You have an error in your SQL syntax; check the manual that corresponds to your MySQL server version for the right syntax to use near 'WHERE `news_id` = 0' at line 1
 [ SQL语句 ] : UPDATE `lazy_news` SET  WHERE `news_id` = 0

[ 2016-05-06T15:01:56+08:00 ] ::1 /rongfei/Admin/view/public/css/style.css
ERR: 非法操作:public

[ 2016-05-06T15:01:56+08:00 ] ::1 /rongfei/Admin/view/public/css/animate.css
ERR: 非法操作:public

[ 2016-05-06T15:01:59+08:00 ] ::1 /rongfei/Admin/News/update.html
ERR: 1064:You have an error in your SQL syntax; check the manual that corresponds to your MySQL server version for the right syntax to use near 'WHERE `news_id` = 0' at line 1
 [ SQL语句 ] : UPDATE `lazy_news` SET  WHERE `news_id` = 0

[ 2016-05-06T15:02:15+08:00 ] ::1 /rongfei/Admin/view/public/css/style.css
ERR: 非法操作:public

[ 2016-05-06T15:02:15+08:00 ] ::1 /rongfei/Admin/view/public/css/animate.css
ERR: 非法操作:public

[ 2016-05-06T15:02:31+08:00 ] ::1 /rongfei/Admin/view/public/css/style.css
ERR: 非法操作:public

[ 2016-05-06T15:02:31+08:00 ] ::1 /rongfei/Admin/view/public/css/animate.css
ERR: 非法操作:public

[ 2016-05-06T15:02:41+08:00 ] ::1 /rongfei/Admin/News/update.html
ERR: 1064:You have an error in your SQL syntax; check the manual that corresponds to your MySQL server version for the right syntax to use near 'WHERE `news_id` = 0' at line 1
 [ SQL语句 ] : UPDATE `lazy_news` SET  WHERE `news_id` = 0

[ 2016-05-06T15:04:21+08:00 ] ::1 /rongfei/Admin/view/public/css/animate.css
ERR: 非法操作:public

[ 2016-05-06T15:04:21+08:00 ] ::1 /rongfei/Admin/view/public/css/style.css
ERR: 非法操作:public

[ 2016-05-06T15:05:49+08:00 ] ::1 /rongfei/Admin/view/public/css/animate.css
ERR: 非法操作:public

[ 2016-05-06T15:05:49+08:00 ] ::1 /rongfei/Admin/view/public/css/style.css
ERR: 非法操作:public

[ 2016-05-06T15:05:58+08:00 ] ::1 /rongfei/Admin/News/update/news_id/55.html
ERR: 1064:You have an error in your SQL syntax; check the manual that corresponds to your MySQL server version for the right syntax to use near 'WHERE `news_id` = 0' at line 1
 [ SQL语句 ] : UPDATE `lazy_news` SET  WHERE `news_id` = 0

[ 2016-05-06T15:06:08+08:00 ] ::1 /rongfei/Admin/view/public/css/animate.css
ERR: 非法操作:public

[ 2016-05-06T15:06:08+08:00 ] ::1 /rongfei/Admin/view/public/css/style.css
ERR: 非法操作:public

[ 2016-05-06T15:06:14+08:00 ] ::1 /rongfei/Admin/News/update/news_id/55.html
ERR: 1064:You have an error in your SQL syntax; check the manual that corresponds to your MySQL server version for the right syntax to use near 'WHERE `news_id` = 0' at line 1
 [ SQL语句 ] : UPDATE `lazy_news` SET  WHERE `news_id` = 0

[ 2016-05-06T15:12:02+08:00 ] ::1 /rongfei/Admin/view/public/css/animate.css
ERR: 非法操作:public

[ 2016-05-06T15:12:02+08:00 ] ::1 /rongfei/Admin/view/public/css/style.css
ERR: 非法操作:public

[ 2016-05-06T15:12:11+08:00 ] ::1 /rongfei/Admin/view/public/css/animate.css
ERR: 非法操作:public

[ 2016-05-06T15:12:11+08:00 ] ::1 /rongfei/Admin/view/public/css/style.css
ERR: 非法操作:public

[ 2016-05-06T15:12:41+08:00 ] ::1 /rongfei/Admin/view/public/css/style.css
ERR: 非法操作:public

[ 2016-05-06T15:12:41+08:00 ] ::1 /rongfei/Admin/view/public/css/animate.css
ERR: 非法操作:public

[ 2016-05-06T15:12:43+08:00 ] ::1 /rongfei/Admin/News/editNews/news_id/55.html
ERR: 1064:You have an error in your SQL syntax; check the manual that corresponds to your MySQL server version for the right syntax to use near ') LIMIT 1' at line 1
 [ SQL语句 ] : SELECT * FROM `lazy_news` WHERE ( news_id = ) LIMIT 1  

[ 2016-05-06T15:12:45+08:00 ] ::1 /rongfei/Admin/view/public/css/style.css
ERR: 非法操作:public

[ 2016-05-06T15:12:45+08:00 ] ::1 /rongfei/Admin/view/public/css/animate.css
ERR: 非法操作:public

[ 2016-05-06T15:12:59+08:00 ] ::1 /rongfei/Admin/view/public/css/animate.css
ERR: 非法操作:public

[ 2016-05-06T15:12:59+08:00 ] ::1 /rongfei/Admin/view/public/css/style.css
ERR: 非法操作:public

[ 2016-05-06T15:13:06+08:00 ] ::1 /rongfei/Admin/view/public/css/style.css
ERR: 非法操作:public

[ 2016-05-06T15:13:06+08:00 ] ::1 /rongfei/Admin/view/public/css/animate.css
ERR: 非法操作:public

[ 2016-05-06T15:13:34+08:00 ] ::1 /rongfei/Admin/view/public/css/animate.css
ERR: 非法操作:public

[ 2016-05-06T15:13:34+08:00 ] ::1 /rongfei/Admin/view/public/css/style.css
ERR: 非法操作:public

[ 2016-05-06T15:13:38+08:00 ] ::1 /rongfei/Admin/News/update/news_id/55.html
ERR: 1064:You have an error in your SQL syntax; check the manual that corresponds to your MySQL server version for the right syntax to use near 'WHERE `news_id` = 0' at line 1
 [ SQL语句 ] : UPDATE `lazy_news` SET  WHERE `news_id` = 0

[ 2016-05-06T15:14:48+08:00 ] ::1 /rongfei/Admin/view/public/css/style.css
ERR: 非法操作:public

[ 2016-05-06T15:14:48+08:00 ] ::1 /rongfei/Admin/view/public/css/animate.css
ERR: 非法操作:public

[ 2016-05-06T15:15:39+08:00 ] ::1 /rongfei/Admin/view/public/css/style.css
ERR: 非法操作:public

[ 2016-05-06T15:15:39+08:00 ] ::1 /rongfei/Admin/view/public/css/animate.css
ERR: 非法操作:public

[ 2016-05-06T15:15:56+08:00 ] ::1 /rongfei/Admin/view/public/css/style.css
ERR: 非法操作:public

[ 2016-05-06T15:15:56+08:00 ] ::1 /rongfei/Admin/view/public/css/animate.css
ERR: 非法操作:public

[ 2016-05-06T15:17:54+08:00 ] ::1 /rongfei/Admin/view/public/css/style.css
ERR: 非法操作:public

[ 2016-05-06T15:17:54+08:00 ] ::1 /rongfei/Admin/view/public/css/animate.css
ERR: 非法操作:public

[ 2016-05-06T15:18:36+08:00 ] ::1 /rongfei/Admin/view/public/css/animate.css
ERR: 非法操作:public

[ 2016-05-06T15:18:36+08:00 ] ::1 /rongfei/Admin/view/public/css/style.css
ERR: 非法操作:public

[ 2016-05-06T15:18:40+08:00 ] ::1 /rongfei/Admin/News/update.html
ERR: 1064:You have an error in your SQL syntax; check the manual that corresponds to your MySQL server version for the right syntax to use near 'WHERE `news_id` = 55' at line 1
 [ SQL语句 ] : UPDATE `lazy_news` SET  WHERE `news_id` = 55

[ 2016-05-06T15:20:33+08:00 ] ::1 /rongfei/Admin/view/public/css/style.css
ERR: 非法操作:public

[ 2016-05-06T15:20:33+08:00 ] ::1 /rongfei/Admin/view/public/css/animate.css
ERR: 非法操作:public

[ 2016-05-06T15:20:41+08:00 ] ::1 /rongfei/Admin/view/public/css/animate.css
ERR: 非法操作:public

[ 2016-05-06T15:20:41+08:00 ] ::1 /rongfei/Admin/view/public/css/style.css
ERR: 非法操作:public

[ 2016-05-06T15:22:07+08:00 ] ::1 /rongfei/Admin/view/public/css/animate.css
ERR: 非法操作:public

[ 2016-05-06T15:22:07+08:00 ] ::1 /rongfei/Admin/view/public/css/style.css
ERR: 非法操作:public

[ 2016-05-06T15:22:10+08:00 ] ::1 /rongfei/Admin/News/update.html
ERR: 1064:You have an error in your SQL syntax; check the manual that corresponds to your MySQL server version for the right syntax to use near '=55 )' at line 1
 [ SQL语句 ] : UPDATE `lazy_news` SET `news_id`='55',`name`='123',`news_url`='',`case_url`='',`price`='0',`link_type`='2',`sl_type`='2',`remark`='是否',`buy_link`='' WHERE (  =55 )

[ 2016-05-06T15:23:14+08:00 ] ::1 /rongfei/Admin/view/public/css/style.css
ERR: 非法操作:public

[ 2016-05-06T15:23:14+08:00 ] ::1 /rongfei/Admin/view/public/css/animate.css
ERR: 非法操作:public

[ 2016-05-06T15:23:18+08:00 ] ::1 /rongfei/Admin/view/public/css/style.css
ERR: 非法操作:public

[ 2016-05-06T15:23:18+08:00 ] ::1 /rongfei/Admin/view/public/css/animate.css
ERR: 非法操作:public

[ 2016-05-06T15:23:35+08:00 ] ::1 /rongfei/Admin/view/public/css/animate.css
ERR: 非法操作:public

[ 2016-05-06T15:23:35+08:00 ] ::1 /rongfei/Admin/view/public/css/style.css
ERR: 非法操作:public

[ 2016-05-06T15:23:40+08:00 ] ::1 /rongfei/Admin/view/public/css/animate.css
ERR: 非法操作:public

[ 2016-05-06T15:23:40+08:00 ] ::1 /rongfei/Admin/view/public/css/style.css
ERR: 非法操作:public

[ 2016-05-06T15:23:53+08:00 ] ::1 /rongfei/Admin/view/public/css/style.css
ERR: 非法操作:public

[ 2016-05-06T15:23:53+08:00 ] ::1 /rongfei/Admin/view/public/css/animate.css
ERR: 非法操作:public

[ 2016-05-06T15:24:01+08:00 ] ::1 /rongfei/Admin/view/public/css/animate.css
ERR: 非法操作:public

[ 2016-05-06T15:24:01+08:00 ] ::1 /rongfei/Admin/view/public/css/style.css
ERR: 非法操作:public

[ 2016-05-06T15:25:13+08:00 ] ::1 /rongfei/Admin/view/public/css/animate.css
ERR: 非法操作:public

[ 2016-05-06T15:25:13+08:00 ] ::1 /rongfei/Admin/view/public/css/style.css
ERR: 非法操作:public

[ 2016-05-06T15:25:25+08:00 ] ::1 /rongfei/Admin/view/public/css/animate.css
ERR: 非法操作:public

[ 2016-05-06T15:25:25+08:00 ] ::1 /rongfei/Admin/view/public/css/style.css
ERR: 非法操作:public

[ 2016-05-06T15:25:54+08:00 ] ::1 /rongfei/Admin/view/public/css/animate.css
ERR: 非法操作:public

[ 2016-05-06T15:25:54+08:00 ] ::1 /rongfei/Admin/view/public/css/style.css
ERR: 非法操作:public

[ 2016-05-06T15:26:23+08:00 ] ::1 /rongfei/Admin/view/public/css/style.css
ERR: 非法操作:public

[ 2016-05-06T15:26:23+08:00 ] ::1 /rongfei/Admin/view/public/css/animate.css
ERR: 非法操作:public

[ 2016-05-06T15:26:36+08:00 ] ::1 /rongfei/Admin/view/public/css/style.css
ERR: 非法操作:public

[ 2016-05-06T15:26:36+08:00 ] ::1 /rongfei/Admin/view/public/css/animate.css
ERR: 非法操作:public

[ 2016-05-06T15:26:55+08:00 ] ::1 /rongfei/Admin/view/public/css/style.css
ERR: 非法操作:public

[ 2016-05-06T15:26:55+08:00 ] ::1 /rongfei/Admin/view/public/css/animate.css
ERR: 非法操作:public

[ 2016-05-06T15:27:30+08:00 ] ::1 /rongfei/Admin/view/public/css/style.css
ERR: 非法操作:public

[ 2016-05-06T15:27:30+08:00 ] ::1 /rongfei/Admin/view/public/css/animate.css
ERR: 非法操作:public

[ 2016-05-06T15:28:03+08:00 ] ::1 /rongfei/Admin/News/add.html
INFO: [ app_begin ] --START--
INFO: Run Behavior\ReadHtmlCacheBehavior [ RunTime:0.000000s ]
INFO: [ app_begin ] --END-- [ RunTime:0.002000s ]
SQL: SHOW COLUMNS FROM `lazy_news` [ RunTime:0.0050s ]
NOTIC: [8] Undefined index: validate F:\workplace\rongfei\ThinkPHP\Library\Think\Model.class.php 第 1185 行.
NOTIC: [8] Undefined index: auto F:\workplace\rongfei\ThinkPHP\Library\Think\Model.class.php 第 1128 行.
SQL: INSERT INTO `lazy_news` (`name`,`news_url`,`case_url`,`price`,`link_type`,`sl_type`,`remark`,`buy_link`,`cat_id`) VALUES ('十多个','受到广泛','撒旦法','0','2','2','是的法规的身份','','1') [ RunTime:0.0010s ]

[ 2016-05-06T15:28:03+08:00 ] ::1 /rongfei/Admin/view/public/css/animate.css
ERR: 非法操作:public

[ 2016-05-06T15:28:03+08:00 ] ::1 /rongfei/Admin/view/public/css/style.css
ERR: 非法操作:public

[ 2016-05-06T15:28:23+08:00 ] ::1 /rongfei/Admin/view/public/css/animate.css
ERR: 非法操作:public

[ 2016-05-06T15:28:23+08:00 ] ::1 /rongfei/Admin/view/public/css/style.css
ERR: 非法操作:public

[ 2016-05-06T15:28:32+08:00 ] ::1 /rongfei/Admin/view/public/css/style.css
ERR: 非法操作:public

[ 2016-05-06T15:28:32+08:00 ] ::1 /rongfei/Admin/view/public/css/animate.css
ERR: 非法操作:public

[ 2016-05-06T15:29:06+08:00 ] ::1 /rongfei/Admin/view/public/css/animate.css
ERR: 非法操作:public

[ 2016-05-06T15:29:06+08:00 ] ::1 /rongfei/Admin/view/public/css/style.css
ERR: 非法操作:public

[ 2016-05-06T15:29:12+08:00 ] ::1 /rongfei/Admin/view/public/css/style.css
ERR: 非法操作:public

[ 2016-05-06T15:29:12+08:00 ] ::1 /rongfei/Admin/view/public/css/animate.css
ERR: 非法操作:public

[ 2016-05-06T15:29:32+08:00 ] ::1 /rongfei/Admin/view/public/css/style.css
ERR: 非法操作:public

[ 2016-05-06T15:29:32+08:00 ] ::1 /rongfei/Admin/view/public/css/animate.css
ERR: 非法操作:public

[ 2016-05-06T15:29:37+08:00 ] ::1 /rongfei/Admin/view/public/css/style.css
ERR: 非法操作:public

[ 2016-05-06T15:29:37+08:00 ] ::1 /rongfei/Admin/view/public/css/animate.css
ERR: 非法操作:public

[ 2016-05-06T15:29:42+08:00 ] ::1 /rongfei/Admin/view/public/css/style.css
ERR: 非法操作:public

[ 2016-05-06T15:29:42+08:00 ] ::1 /rongfei/Admin/view/public/css/animate.css
ERR: 非法操作:public

[ 2016-05-06T15:30:00+08:00 ] ::1 /rongfei/Admin/view/public/css/style.css
ERR: 非法操作:public

[ 2016-05-06T15:30:00+08:00 ] ::1 /rongfei/Admin/view/public/css/animate.css
ERR: 非法操作:public

[ 2016-05-06T15:30:10+08:00 ] ::1 /rongfei/Admin/view/public/css/style.css
ERR: 非法操作:public

[ 2016-05-06T15:30:10+08:00 ] ::1 /rongfei/Admin/view/public/css/animate.css
ERR: 非法操作:public

[ 2016-05-06T15:41:13+08:00 ] ::1 /rongfei/Admin/view/public/css/style.css
ERR: 非法操作:public

[ 2016-05-06T15:41:13+08:00 ] ::1 /rongfei/Admin/view/public/css/animate.css
ERR: 非法操作:public

